[2024-11-20 10:26:12.733504] [0x000084a8] [trace]   Embedded OCIO configuration file: 'C:\Users\Avidh Bavkar\Downloads\Meshroom-2023.3.0-win64\Meshroom-2023.3.0\aliceVision/share/aliceVision/config.ocio' found.
Program called with the following parameters:
 * autoAdjustSmallImage = 1
 * chooseTCamsPerTile = 1
 * colorOptimizationEnabled = 1
 * colorOptimizationNbIterations = 100
 * customPatchPatternGroupSubpartsPerLevel = 0 (default)
 * customPatchPatternSubparts =  Unknown Type "class std::vector<struct aliceVision::depthMap::CustomPatchPatternParams::SubpartParams,class std::allocator<struct aliceVision::depthMap::CustomPatchPatternParams::SubpartParams> >" (default)
 * downscale = 2
 * exportIntermediateCrossVolumes = 0
 * exportIntermediateDepthSimMaps = 0
 * exportIntermediateNormalMaps = 0
 * exportIntermediateTopographicCutVolumes = 0
 * exportIntermediateVolume9pCsv = 0
 * exportIntermediateVolumes = 0
 * exportTilePattern = 0
 * imagesFolder = "C:/Users/Avidh Bavkar/OneDrive - purdue.edu/PETAL/PETAL_Photogrammetry/Scripts/Camera_Experiments/meshroom/MeshroomCache/PrepareDenseScene/8e3c0b2966564921603602656d4b9e6c70aa60ff"
 * input = "C:/Users/Avidh Bavkar/OneDrive - purdue.edu/PETAL/PETAL_Photogrammetry/Scripts/Camera_Experiments/meshroom/MeshroomCache/StructureFromMotion/6134e9e839f7223d14819e2da1cf90cf3a999ebe/sfm.abc"
 * maxCoresAvailable =  Unknown Type "unsigned int" (default)
 * maxMemoryAvailable = 18446744073709551615 (default)
 * maxTCams = 10
 * maxViewAngle = 70
 * minViewAngle = 2
 * nbGPUs = 0
 * output = "C:/Users/Avidh Bavkar/OneDrive - purdue.edu/PETAL/PETAL_Photogrammetry/Scripts/Camera_Experiments/meshroom/MeshroomCache/DepthMap/b4c331b9d680327a3c19c76ed2cf1434735bb201"
 * rangeSize = 12
 * rangeStart = 12
 * refineEnabled = 1
 * refineGammaC = 15.5
 * refineGammaP = 8
 * refineHalfNbDepths = 15
 * refineInterpolateMiddleDepth = 0
 * refineMaxTCamsPerTile = 4
 * refineScale = 1
 * refineSigma = 15
 * refineStepXY = 1
 * refineSubsampling = 10
 * refineUseConsistentScale = 0
 * refineUseCustomPatchPattern = 0
 * refineWSH = 3
 * sgmDepthListPerTile = 1
 * sgmDepthThicknessInflate = 0
 * sgmFilteringAxes = "YX"
 * sgmGammaC = 5.5
 * sgmGammaP = 8
 * sgmMaxDepths = 1500
 * sgmMaxSimilarity = 1
 * sgmMaxTCamsPerTile = 4
 * sgmP1 = 10
 * sgmP2Weighting = 100
 * sgmScale = 2
 * sgmSeedsRangeInflate = 0.2
 * sgmStepXY = 2
 * sgmStepZ = -1
 * sgmUseConsistentScale = 0
 * sgmUseCustomPatchPattern = 0
 * sgmUseSfmSeeds = 1
 * sgmWSH = 4
 * tileBufferHeight = 1024
 * tileBufferWidth = 1024
 * tilePadding = 64
 * verboseLevel = "info"

Hardware : 
	Detected core count : 20
	OpenMP will use 20 cores
	Detected available memory : 12283 Mo

[10:26:12.744579][info] CUDA-Enabled GPU.
Device information:
	- id:                      0
	- name:                    NVIDIA GeForce RTX 3050 Ti Laptop GPU
	- compute capability:      8.6
	- clock frequency (kHz):   1035000
	- total device memory:     4095 MB 
	- device memory available: 3282 MB 
	- per-block shared memory: 49152
	- warp size:               32
	- max threads per block:   1024
	- max threads per SM(X):   1536
	- max block sizes:         {1024,1024,64}
	- max grid sizes:          {2147483647,65535,65535}
	- max 2D array texture:    {131072,65536}
	- max 3D array texture:    {16384,16384,16384}
	- max 2D linear texture:   {131072,65000,2097120}
	- max 2D layered texture:  {32768,32768,2048}
	- number of SM(x)s:        20
	- registers per SM(x):     65536
	- registers per block:     65536
	- concurrent kernels:      yes
	- mapping host memory:     yes
	- unified addressing:      yes
	- texture alignment:       512 byte
	- pitch alignment:         32 byte
CUDA build version: 11.6
[10:26:12.991879][info] Supported CUDA-Enabled GPU detected.
[10:26:27.881855][info] Found 1 image dimension(s): 
[10:26:27.881855][info] 	- [816x624]
[10:26:29.071620][info] Overall maximum dimension: [816x624]
[10:26:29.071620][warning] Tile buffer size (width: 1024, height: 1024) is larger than the maximum image size (width: 408, height: 312).
[10:26:29.072654][warning] Single tile computation, override SGM maximum number of T cameras per tile (before: 4, now: 10).
[10:26:29.072654][warning] Single tile computation, override Refine maximum number of T cameras per tile (before: 4, now: 10).
[10:26:29.072654][warning] Single tile computation, override SGM step XY (before: 2, now: 1).
[10:26:29.072654][info] Tiling information: 
	- parameters: 
	      - buffer width:  1024 px
	      - buffer height: 1024 px
	      - padding: 64 px
	- maximum downscale:  2
	- maximum image width:  408 px
	- maximum image height: 312 px
[10:26:29.072654][info] Maximum image size is smaller than one tile, use only one tile.
[10:26:29.072654][info] SGM parameters:
	- scale: 2
	- stepXY: 1
[10:26:29.072654][info] Refine parameters:
	- scale: 1
	- stepXY: 1
[10:26:29.072654][info] Number of GPU devices: 1, number of CPU threads: 20
[10:26:29.541822][info] Device memory:
	- available: 2625.8 MB
	- requirement for the first tile: 867.892 MB
	- # computation buffers per tile: 851.867 MB (Sgm: 757.867 MB, Refine: 94 MB)
	- # input images (R + 10 Ts): 16.0247 MB (single mipmap image size: 1.45679 MB)
[10:26:29.541822][info] Parallelization:
	- # tiles per image: 1
	- # simultaneous depth maps computation: 3
	- # simultaneous tiles computation: 3
[10:26:29.602544][info] Device memory (device id: 0):
	- used: 3383.31 MB
	- available: 712.25 MB
	- total: 4095.56 MB
[10:26:32.400118][info] (rc: 12, tile: 1/1) Camera / Depth information: 
	- R camera:
	   - id: 12
	   - view id: 61160750
	   - depth planes: 24
	   - depths range: [1.49433-1.73049]
	- T cameras:
	   - T camera (1/10):
	      - id: 221
	      - view id: 1055152894
	      - depth planes: 24
	      - depths range: [1.49433-1.73049]
	      - depth indexes range: [0-24]
	   - T camera (2/10):
	      - id: 117
	      - view id: 544771410
	      - depth planes: 24
	      - depths range: [1.49433-1.73049]
	      - depth indexes range: [0-24]
	   - T camera (3/10):
	      - id: 115
	      - view id: 539532734
	      - depth planes: 24
	      - depths range: [1.49433-1.73049]
	      - depth indexes range: [0-24]
	   - T camera (4/10):
	      - id: 127
	      - view id: 598485424
	      - depth planes: 24
	      - depths range: [1.49433-1.73049]
	      - depth indexes range: [0-24]
	   - T camera (5/10):
	      - id: 126
	      - view id: 597631376
	      - depth planes: 24
	      - depths range: [1.49433-1.73049]
	      - depth indexes range: [0-24]
	   - T camera (6/10):
	      - id: 347
	      - view id: 1721573006
	      - depth planes: 24
	      - depths range: [1.49433-1.73049]
	      - depth indexes range: [0-24]
	   - T camera (7/10):
	      - id: 9
	      - view id: 52866373
	      - depth planes: 24
	      - depths range: [1.49433-1.73049]
	      - depth indexes range: [0-24]
	   - T camera (8/10):
	      - id: 311
	      - view id: 1524782970
	      - depth planes: 24
	      - depths range: [1.49433-1.73049]
	      - depth indexes range: [0-24]
	   - T camera (9/10):
	      - id: 318
	      - view id: 1553341877
	      - depth planes: 24
	      - depths range: [1.49433-1.73049]
	      - depth indexes range: [0-24]
	   - T camera (10/10):
	      - id: 313
	      - view id: 1528455296
	      - depth planes: 24
	      - depths range: [1.49433-1.73049]
	      - depth indexes range: [0-24]
[10:26:32.400118][info] (rc: 12, tile: 1/1) SGM depth/thickness map of view id: 61160750, rc: 12 (13 / 471).
[10:26:32.400118][info] (rc: 12, tile: 1/1) SGM Compute similarity volume.
[10:26:32.401477][info] (rc: 12, tile: 1/1) SGM Compute similarity volume done.
[10:26:32.401477][info] (rc: 12, tile: 1/1) SGM Optimizing volume (filtering axes: YX).
[10:26:32.970363][info] (rc: 12, tile: 1/1) SGM Optimizing volume done.
[10:26:32.970363][info] (rc: 12, tile: 1/1) SGM Retrieve best depth in volume.
[10:26:32.971362][info] (rc: 12, tile: 1/1) SGM Retrieve best depth in volume done.
[10:26:32.971362][info] (rc: 12, tile: 1/1) SGM depth/thickness map done.
[10:26:32.972364][info] (rc: 12, tile: 1/1) SGM Smooth thickness map.
[10:26:32.972364][info] (rc: 12, tile: 1/1) SGM Smooth thickness map done.
[10:26:32.972364][info] (rc: 12, tile: 1/1) Refine depth/sim map of view id: 61160750, rc: 12 (13 / 471).
[10:26:32.973361][info] (rc: 12, tile: 1/1) Refine and fuse depth/sim map volume.
[10:26:32.974365][info] (rc: 12, tile: 1/1) Refine and fuse depth/sim map volume done.
[10:26:32.974365][info] (rc: 12, tile: 1/1) Color optimize depth/sim map.
[10:26:32.978361][info] (rc: 12, tile: 1/1) Color optimize depth/sim map done.
[10:26:32.978361][info] (rc: 12, tile: 1/1) Refine depth/sim map done.
[10:26:32.996367][info] (rc: 13, tile: 1/1) Camera / Depth information: 
	- R camera:
	   - id: 13
	   - view id: 65799229
	   - depth planes: 89
	   - depths range: [1.08076-1.74228]
	- T cameras:
	   - T camera (1/10):
	      - id: 221
	      - view id: 1055152894
	      - depth planes: 89
	      - depths range: [1.08076-1.74228]
	      - depth indexes range: [0-89]
	   - T camera (2/10):
	      - id: 117
	      - view id: 544771410
	      - depth planes: 89
	      - depths range: [1.08076-1.74228]
	      - depth indexes range: [0-89]
	   - T camera (3/10):
	      - id: 115
	      - view id: 539532734
	      - depth planes: 89
	      - depths range: [1.08076-1.74228]
	      - depth indexes range: [0-89]
	   - T camera (4/10):
	      - id: 116
	      - view id: 543043803
	      - depth planes: 89
	      - depths range: [1.08076-1.74228]
	      - depth indexes range: [0-89]
	   - T camera (5/10):
	      - id: 126
	      - view id: 597631376
	      - depth planes: 89
	      - depths range: [1.08076-1.74228]
	      - depth indexes range: [0-89]
	   - T camera (6/10):
	      - id: 127
	      - view id: 598485424
	      - depth planes: 89
	      - depths range: [1.08076-1.74228]
	      - depth indexes range: [0-89]
	   - T camera (7/10):
	      - id: 9
	      - view id: 52866373
	      - depth planes: 89
	      - depths range: [1.08076-1.74228]
	      - depth indexes range: [0-89]
	   - T camera (8/10):
	      - id: 311
	      - view id: 1524782970
	      - depth planes: 89
	      - depths range: [1.08076-1.74228]
	      - depth indexes range: [0-89]
	   - T camera (9/10):
	      - id: 318
	      - view id: 1553341877
	      - depth planes: 89
	      - depths range: [1.08076-1.74228]
	      - depth indexes range: [0-89]
	   - T camera (10/10):
	      - id: 313
	      - view id: 1528455296
	      - depth planes: 89
	      - depths range: [1.08076-1.74228]
	      - depth indexes range: [0-89]
[10:26:32.997363][info] (rc: 13, tile: 1/1) SGM depth/thickness map of view id: 65799229, rc: 13 (14 / 471).
[10:26:32.997363][info] (rc: 13, tile: 1/1) SGM Compute similarity volume.
[10:26:32.997363][info] (rc: 13, tile: 1/1) SGM Compute similarity volume done.
[10:26:32.997363][info] (rc: 13, tile: 1/1) SGM Optimizing volume (filtering axes: YX).
[10:26:33.656232][info] (rc: 13, tile: 1/1) SGM Optimizing volume done.
[10:26:33.656232][info] (rc: 13, tile: 1/1) SGM Retrieve best depth in volume.
[10:26:33.656232][info] (rc: 13, tile: 1/1) SGM Retrieve best depth in volume done.
[10:26:33.656232][info] (rc: 13, tile: 1/1) SGM depth/thickness map done.
[10:26:33.656748][info] (rc: 13, tile: 1/1) SGM Smooth thickness map.
[10:26:33.656748][info] (rc: 13, tile: 1/1) SGM Smooth thickness map done.
[10:26:33.656748][info] (rc: 13, tile: 1/1) Refine depth/sim map of view id: 65799229, rc: 13 (14 / 471).
[10:26:33.656748][info] (rc: 13, tile: 1/1) Refine and fuse depth/sim map volume.
[10:26:33.656748][info] (rc: 13, tile: 1/1) Refine and fuse depth/sim map volume done.
[10:26:33.656748][info] (rc: 13, tile: 1/1) Color optimize depth/sim map.
[10:26:33.661769][info] (rc: 13, tile: 1/1) Color optimize depth/sim map done.
[10:26:33.661769][info] (rc: 13, tile: 1/1) Refine depth/sim map done.
[10:26:33.683769][info] (rc: 14, tile: 1/1) Camera / Depth information: 
	- R camera:
	   - id: 14
	   - view id: 67171753
	   - depth planes: 22
	   - depths range: [1.55182-1.72873]
	- T cameras:
	   - T camera (1/10):
	      - id: 168
	      - view id: 810198300
	      - depth planes: 22
	      - depths range: [1.55182-1.72873]
	      - depth indexes range: [0-22]
	   - T camera (2/10):
	      - id: 376
	      - view id: 1773692128
	      - depth planes: 22
	      - depths range: [1.55182-1.72873]
	      - depth indexes range: [0-22]
	   - T camera (3/10):
	      - id: 192
	      - view id: 934531524
	      - depth planes: 22
	      - depths range: [1.55182-1.72873]
	      - depth indexes range: [0-22]
	   - T camera (4/10):
	      - id: 379
	      - view id: 1775276919
	      - depth planes: 22
	      - depths range: [1.55182-1.72873]
	      - depth indexes range: [0-22]
	   - T camera (5/10):
	      - id: 110
	      - view id: 518285018
	      - depth planes: 22
	      - depths range: [1.55182-1.72873]
	      - depth indexes range: [0-22]
	   - T camera (6/10):
	      - id: 23
	      - view id: 90586369
	      - depth planes: 22
	      - depths range: [1.55182-1.72873]
	      - depth indexes range: [0-22]
	   - T camera (7/10):
	      - id: 380
	      - view id: 1775441569
	      - depth planes: 22
	      - depths range: [1.55182-1.72873]
	      - depth indexes range: [0-22]
	   - T camera (8/10):
	      - id: 20
	      - view id: 77316084
	      - depth planes: 22
	      - depths range: [1.55182-1.72873]
	      - depth indexes range: [0-22]
	   - T camera (9/10):
	      - id: 19
	      - view id: 75994757
	      - depth planes: 22
	      - depths range: [1.55182-1.72873]
	      - depth indexes range: [0-22]
	   - T camera (10/10):
	      - id: 372
	      - view id: 1764792200
	      - depth planes: 22
	      - depths range: [1.55182-1.72873]
	      - depth indexes range: [0-22]
[10:26:33.683769][info] (rc: 14, tile: 1/1) SGM depth/thickness map of view id: 67171753, rc: 14 (15 / 471).
[10:26:33.683769][info] (rc: 14, tile: 1/1) SGM Compute similarity volume.
[10:26:33.684769][info] (rc: 14, tile: 1/1) SGM Compute similarity volume done.
[10:26:33.684769][info] (rc: 14, tile: 1/1) SGM Optimizing volume (filtering axes: YX).
[10:26:34.232630][info] (rc: 14, tile: 1/1) SGM Optimizing volume done.
[10:26:34.232630][info] (rc: 14, tile: 1/1) SGM Retrieve best depth in volume.
[10:26:34.233144][info] (rc: 14, tile: 1/1) SGM Retrieve best depth in volume done.
[10:26:34.233222][info] (rc: 14, tile: 1/1) SGM depth/thickness map done.
[10:26:34.233349][info] (rc: 14, tile: 1/1) SGM Smooth thickness map.
[10:26:34.233401][info] (rc: 14, tile: 1/1) SGM Smooth thickness map done.
[10:26:34.233401][info] (rc: 14, tile: 1/1) Refine depth/sim map of view id: 67171753, rc: 14 (15 / 471).
[10:26:34.233401][info] (rc: 14, tile: 1/1) Refine and fuse depth/sim map volume.
[10:26:34.234535][info] (rc: 14, tile: 1/1) Refine and fuse depth/sim map volume done.
[10:26:34.234910][info] (rc: 14, tile: 1/1) Color optimize depth/sim map.
[10:26:34.241038][info] (rc: 14, tile: 1/1) Color optimize depth/sim map done.
[10:26:34.241038][info] (rc: 14, tile: 1/1) Refine depth/sim map done.
[10:26:36.771489][info] (rc: 15, tile: 1/1) Camera / Depth information: 
	- R camera:
	   - id: 15
	   - view id: 68926602
	   - depth planes: 37
	   - depths range: [1.53777-1.86009]
	- T cameras:
	   - T camera (1/10):
	      - id: 168
	      - view id: 810198300
	      - depth planes: 37
	      - depths range: [1.53777-1.86009]
	      - depth indexes range: [0-37]
	   - T camera (2/10):
	      - id: 192
	      - view id: 934531524
	      - depth planes: 37
	      - depths range: [1.53777-1.86009]
	      - depth indexes range: [0-37]
	   - T camera (3/10):
	      - id: 374
	      - view id: 1770484637
	      - depth planes: 37
	      - depths range: [1.53777-1.86009]
	      - depth indexes range: [0-37]
	   - T camera (4/10):
	      - id: 193
	      - view id: 934771345
	      - depth planes: 37
	      - depths range: [1.53777-1.86009]
	      - depth indexes range: [0-37]
	   - T camera (5/10):
	      - id: 23
	      - view id: 90586369
	      - depth planes: 37
	      - depths range: [1.53777-1.86009]
	      - depth indexes range: [0-37]
	   - T camera (6/10):
	      - id: 110
	      - view id: 518285018
	      - depth planes: 37
	      - depths range: [1.53777-1.86009]
	      - depth indexes range: [0-37]
	   - T camera (7/10):
	      - id: 380
	      - view id: 1775441569
	      - depth planes: 37
	      - depths range: [1.53777-1.86009]
	      - depth indexes range: [0-37]
	   - T camera (8/10):
	      - id: 20
	      - view id: 77316084
	      - depth planes: 37
	      - depths range: [1.53777-1.86009]
	      - depth indexes range: [0-37]
	   - T camera (9/10):
	      - id: 19
	      - view id: 75994757
	      - depth planes: 37
	      - depths range: [1.53777-1.86009]
	      - depth indexes range: [0-37]
	   - T camera (10/10):
	      - id: 372
	      - view id: 1764792200
	      - depth planes: 37
	      - depths range: [1.53777-1.86009]
	      - depth indexes range: [0-37]
[10:26:36.771489][info] (rc: 15, tile: 1/1) SGM depth/thickness map of view id: 68926602, rc: 15 (16 / 471).
[10:26:36.771489][info] (rc: 15, tile: 1/1) SGM Compute similarity volume.
[10:26:36.773027][info] (rc: 15, tile: 1/1) SGM Compute similarity volume done.
[10:26:36.773027][info] (rc: 15, tile: 1/1) SGM Optimizing volume (filtering axes: YX).
[10:26:37.347543][info] (rc: 15, tile: 1/1) SGM Optimizing volume done.
[10:26:37.347543][info] (rc: 15, tile: 1/1) SGM Retrieve best depth in volume.
[10:26:37.347543][info] (rc: 15, tile: 1/1) SGM Retrieve best depth in volume done.
[10:26:37.348543][info] (rc: 15, tile: 1/1) SGM depth/thickness map done.
[10:26:37.348543][info] (rc: 15, tile: 1/1) SGM Smooth thickness map.
[10:26:37.348543][info] (rc: 15, tile: 1/1) SGM Smooth thickness map done.
[10:26:37.348543][info] (rc: 15, tile: 1/1) Refine depth/sim map of view id: 68926602, rc: 15 (16 / 471).
[10:26:37.348543][info] (rc: 15, tile: 1/1) Refine and fuse depth/sim map volume.
[10:26:37.349516][info] (rc: 15, tile: 1/1) Refine and fuse depth/sim map volume done.
[10:26:37.349516][info] (rc: 15, tile: 1/1) Color optimize depth/sim map.
[10:26:37.354133][info] (rc: 15, tile: 1/1) Color optimize depth/sim map done.
[10:26:37.354133][info] (rc: 15, tile: 1/1) Refine depth/sim map done.
[10:26:37.375945][info] (rc: 16, tile: 1/1) Camera / Depth information: 
	- R camera:
	   - id: 16
	   - view id: 71156788
	   - depth planes: 26
	   - depths range: [1.53792-1.72988]
	- T cameras:
	   - T camera (1/10):
	      - id: 432
	      - view id: 2024762161
	      - depth planes: 26
	      - depths range: [1.53792-1.72988]
	      - depth indexes range: [0-26]
	   - T camera (2/10):
	      - id: 437
	      - view id: 2035126263
	      - depth planes: 26
	      - depths range: [1.53792-1.72988]
	      - depth indexes range: [0-26]
	   - T camera (3/10):
	      - id: 168
	      - view id: 810198300
	      - depth planes: 26
	      - depths range: [1.53792-1.72988]
	      - depth indexes range: [0-26]
	   - T camera (4/10):
	      - id: 186
	      - view id: 924275644
	      - depth planes: 26
	      - depths range: [1.53792-1.72988]
	      - depth indexes range: [0-26]
	   - T camera (5/10):
	      - id: 191
	      - view id: 933907424
	      - depth planes: 26
	      - depths range: [1.53792-1.72988]
	      - depth indexes range: [0-26]
	   - T camera (6/10):
	      - id: 372
	      - view id: 1764792200
	      - depth planes: 26
	      - depths range: [1.53792-1.72988]
	      - depth indexes range: [0-26]
	   - T camera (7/10):
	      - id: 242
	      - view id: 1206848170
	      - depth planes: 26
	      - depths range: [1.53792-1.72988]
	      - depth indexes range: [0-26]
	   - T camera (8/10):
	      - id: 193
	      - view id: 934771345
	      - depth planes: 26
	      - depths range: [1.53792-1.72988]
	      - depth indexes range: [0-26]
	   - T camera (9/10):
	      - id: 192
	      - view id: 934531524
	      - depth planes: 26
	      - depths range: [1.53792-1.72988]
	      - depth indexes range: [0-26]
	   - T camera (10/10):
	      - id: 234
	      - view id: 1146831598
	      - depth planes: 26
	      - depths range: [1.53792-1.72988]
	      - depth indexes range: [0-26]
[10:26:37.375945][info] (rc: 16, tile: 1/1) SGM depth/thickness map of view id: 71156788, rc: 16 (17 / 471).
[10:26:37.375945][info] (rc: 16, tile: 1/1) SGM Compute similarity volume.
[10:26:37.376946][info] (rc: 16, tile: 1/1) SGM Compute similarity volume done.
[10:26:37.376946][info] (rc: 16, tile: 1/1) SGM Optimizing volume (filtering axes: YX).
[10:26:37.938711][info] (rc: 16, tile: 1/1) SGM Optimizing volume done.
[10:26:37.938711][info] (rc: 16, tile: 1/1) SGM Retrieve best depth in volume.
[10:26:37.938711][info] (rc: 16, tile: 1/1) SGM Retrieve best depth in volume done.
[10:26:37.938711][info] (rc: 16, tile: 1/1) SGM depth/thickness map done.
[10:26:37.938711][info] (rc: 16, tile: 1/1) SGM Smooth thickness map.
[10:26:37.938711][info] (rc: 16, tile: 1/1) SGM Smooth thickness map done.
[10:26:37.938711][info] (rc: 16, tile: 1/1) Refine depth/sim map of view id: 71156788, rc: 16 (17 / 471).
[10:26:37.938711][info] (rc: 16, tile: 1/1) Refine and fuse depth/sim map volume.
[10:26:37.939707][info] (rc: 16, tile: 1/1) Refine and fuse depth/sim map volume done.
[10:26:37.939707][info] (rc: 16, tile: 1/1) Color optimize depth/sim map.
[10:26:37.944712][info] (rc: 16, tile: 1/1) Color optimize depth/sim map done.
[10:26:37.944712][info] (rc: 16, tile: 1/1) Refine depth/sim map done.
[10:26:37.967014][info] (rc: 17, tile: 1/1) Camera / Depth information: 
	- R camera:
	   - id: 17
	   - view id: 71946186
	   - depth planes: 53
	   - depths range: [1.38245-1.69334]
	- T cameras:
	   - T camera (1/10):
	      - id: 45
	      - view id: 235200387
	      - depth planes: 53
	      - depths range: [1.38245-1.69334]
	      - depth indexes range: [0-53]
	   - T camera (2/10):
	      - id: 381
	      - view id: 1779884273
	      - depth planes: 53
	      - depths range: [1.38245-1.69334]
	      - depth indexes range: [0-53]
	   - T camera (3/10):
	      - id: 101
	      - view id: 505960397
	      - depth planes: 53
	      - depths range: [1.38245-1.69334]
	      - depth indexes range: [0-53]
	   - T camera (4/10):
	      - id: 103
	      - view id: 511698710
	      - depth planes: 53
	      - depths range: [1.38245-1.69334]
	      - depth indexes range: [0-53]
	   - T camera (5/10):
	      - id: 109
	      - view id: 517546670
	      - depth planes: 53
	      - depths range: [1.38245-1.69334]
	      - depth indexes range: [0-53]
	   - T camera (6/10):
	      - id: 290
	      - view id: 1354250593
	      - depth planes: 53
	      - depths range: [1.38245-1.69334]
	      - depth indexes range: [0-53]
	   - T camera (7/10):
	      - id: 294
	      - view id: 1390325544
	      - depth planes: 53
	      - depths range: [1.38245-1.69334]
	      - depth indexes range: [0-53]
	   - T camera (8/10):
	      - id: 196
	      - view id: 942802376
	      - depth planes: 53
	      - depths range: [1.38245-1.69334]
	      - depth indexes range: [0-53]
	   - T camera (9/10):
	      - id: 190
	      - view id: 931540556
	      - depth planes: 53
	      - depths range: [1.38245-1.69334]
	      - depth indexes range: [0-53]
	   - T camera (10/10):
	      - id: 85
	      - view id: 401611409
	      - depth planes: 53
	      - depths range: [1.38245-1.69334]
	      - depth indexes range: [0-53]
[10:26:37.967014][info] (rc: 17, tile: 1/1) SGM depth/thickness map of view id: 71946186, rc: 17 (18 / 471).
[10:26:37.967014][info] (rc: 17, tile: 1/1) SGM Compute similarity volume.
[10:26:37.969013][info] (rc: 17, tile: 1/1) SGM Compute similarity volume done.
[10:26:37.969013][info] (rc: 17, tile: 1/1) SGM Optimizing volume (filtering axes: YX).
[10:26:38.501791][info] (rc: 17, tile: 1/1) SGM Optimizing volume done.
[10:26:38.501791][info] (rc: 17, tile: 1/1) SGM Retrieve best depth in volume.
[10:26:38.502794][info] (rc: 17, tile: 1/1) SGM Retrieve best depth in volume done.
[10:26:38.502794][info] (rc: 17, tile: 1/1) SGM depth/thickness map done.
[10:26:38.502794][info] (rc: 17, tile: 1/1) SGM Smooth thickness map.
[10:26:38.502794][info] (rc: 17, tile: 1/1) SGM Smooth thickness map done.
[10:26:38.502794][info] (rc: 17, tile: 1/1) Refine depth/sim map of view id: 71946186, rc: 17 (18 / 471).
[10:26:38.502794][info] (rc: 17, tile: 1/1) Refine and fuse depth/sim map volume.
[10:26:38.504850][info] (rc: 17, tile: 1/1) Refine and fuse depth/sim map volume done.
[10:26:38.504850][info] (rc: 17, tile: 1/1) Color optimize depth/sim map.
[10:26:38.511424][info] (rc: 17, tile: 1/1) Color optimize depth/sim map done.
[10:26:38.512445][info] (rc: 17, tile: 1/1) Refine depth/sim map done.
[10:26:39.557973][info] (rc: 18, tile: 1/1) Camera / Depth information: 
	- R camera:
	   - id: 18
	   - view id: 74400298
	   - depth planes: 23
	   - depths range: [1.52096-1.66586]
	- T cameras:
	   - T camera (1/10):
	      - id: 381
	      - view id: 1779884273
	      - depth planes: 23
	      - depths range: [1.52096-1.66586]
	      - depth indexes range: [0-23]
	   - T camera (2/10):
	      - id: 97
	      - view id: 487027095
	      - depth planes: 23
	      - depths range: [1.52096-1.66586]
	      - depth indexes range: [0-23]
	   - T camera (3/10):
	      - id: 45
	      - view id: 235200387
	      - depth planes: 23
	      - depths range: [1.52096-1.66586]
	      - depth indexes range: [0-23]
	   - T camera (4/10):
	      - id: 101
	      - view id: 505960397
	      - depth planes: 23
	      - depths range: [1.52096-1.66586]
	      - depth indexes range: [0-23]
	   - T camera (5/10):
	      - id: 109
	      - view id: 517546670
	      - depth planes: 23
	      - depths range: [1.52096-1.66586]
	      - depth indexes range: [0-23]
	   - T camera (6/10):
	      - id: 103
	      - view id: 511698710
	      - depth planes: 23
	      - depths range: [1.52096-1.66586]
	      - depth indexes range: [0-23]
	   - T camera (7/10):
	      - id: 290
	      - view id: 1354250593
	      - depth planes: 23
	      - depths range: [1.52096-1.66586]
	      - depth indexes range: [0-23]
	   - T camera (8/10):
	      - id: 294
	      - view id: 1390325544
	      - depth planes: 23
	      - depths range: [1.52096-1.66586]
	      - depth indexes range: [0-23]
	   - T camera (9/10):
	      - id: 190
	      - view id: 931540556
	      - depth planes: 23
	      - depths range: [1.52096-1.66586]
	      - depth indexes range: [0-23]
	   - T camera (10/10):
	      - id: 85
	      - view id: 401611409
	      - depth planes: 23
	      - depths range: [1.52096-1.66586]
	      - depth indexes range: [0-23]
[10:26:39.557973][info] (rc: 18, tile: 1/1) SGM depth/thickness map of view id: 74400298, rc: 18 (19 / 471).
[10:26:39.557973][info] (rc: 18, tile: 1/1) SGM Compute similarity volume.
[10:26:39.559003][info] (rc: 18, tile: 1/1) SGM Compute similarity volume done.
[10:26:39.559003][info] (rc: 18, tile: 1/1) SGM Optimizing volume (filtering axes: YX).
[10:26:39.946225][info] (rc: 18, tile: 1/1) SGM Optimizing volume done.
[10:26:39.946225][info] (rc: 18, tile: 1/1) SGM Retrieve best depth in volume.
[10:26:39.947226][info] (rc: 18, tile: 1/1) SGM Retrieve best depth in volume done.
[10:26:39.947226][info] (rc: 18, tile: 1/1) SGM depth/thickness map done.
[10:26:39.947226][info] (rc: 18, tile: 1/1) SGM Smooth thickness map.
[10:26:39.947226][info] (rc: 18, tile: 1/1) SGM Smooth thickness map done.
[10:26:39.947226][info] (rc: 18, tile: 1/1) Refine depth/sim map of view id: 74400298, rc: 18 (19 / 471).
[10:26:39.947226][info] (rc: 18, tile: 1/1) Refine and fuse depth/sim map volume.
[10:26:39.948224][info] (rc: 18, tile: 1/1) Refine and fuse depth/sim map volume done.
[10:26:39.948224][info] (rc: 18, tile: 1/1) Color optimize depth/sim map.
[10:26:39.954228][info] (rc: 18, tile: 1/1) Color optimize depth/sim map done.
[10:26:39.954228][info] (rc: 18, tile: 1/1) Refine depth/sim map done.
[10:26:39.975222][info] (rc: 19, tile: 1/1) Camera / Depth information: 
	- R camera:
	   - id: 19
	   - view id: 75994757
	   - depth planes: 14
	   - depths range: [1.54267-1.73076]
	- T cameras:
	   - T camera (1/10):
	      - id: 168
	      - view id: 810198300
	      - depth planes: 14
	      - depths range: [1.54267-1.73076]
	      - depth indexes range: [0-14]
	   - T camera (2/10):
	      - id: 234
	      - view id: 1146831598
	      - depth planes: 14
	      - depths range: [1.54267-1.73076]
	      - depth indexes range: [0-14]
	   - T camera (3/10):
	      - id: 22
	      - view id: 83508716
	      - depth planes: 13
	      - depths range: [1.54267-1.71469]
	      - depth indexes range: [0-13]
	   - T camera (4/10):
	      - id: 233
	      - view id: 1143435178
	      - depth planes: 14
	      - depths range: [1.54267-1.73076]
	      - depth indexes range: [0-14]
	   - T camera (5/10):
	      - id: 238
	      - view id: 1167649107
	      - depth planes: 14
	      - depths range: [1.54267-1.73076]
	      - depth indexes range: [0-14]
	   - T camera (6/10):
	      - id: 26
	      - view id: 97533119
	      - depth planes: 14
	      - depths range: [1.54267-1.73076]
	      - depth indexes range: [0-14]
	   - T camera (7/10):
	      - id: 25
	      - view id: 96826009
	      - depth planes: 14
	      - depths range: [1.54267-1.73076]
	      - depth indexes range: [0-14]
	   - T camera (8/10):
	      - id: 14
	      - view id: 67171753
	      - depth planes: 14
	      - depths range: [1.54267-1.73076]
	      - depth indexes range: [0-14]
	   - T camera (9/10):
	      - id: 237
	      - view id: 1166327660
	      - depth planes: 14
	      - depths range: [1.54267-1.73076]
	      - depth indexes range: [0-14]
	   - T camera (10/10):
	      - id: 15
	      - view id: 68926602
	      - depth planes: 14
	      - depths range: [1.54267-1.73076]
	      - depth indexes range: [0-14]
[10:26:39.975222][info] (rc: 19, tile: 1/1) SGM depth/thickness map of view id: 75994757, rc: 19 (20 / 471).
[10:26:39.975222][info] (rc: 19, tile: 1/1) SGM Compute similarity volume.
[10:26:39.976681][info] (rc: 19, tile: 1/1) SGM Compute similarity volume done.
[10:26:39.976681][info] (rc: 19, tile: 1/1) SGM Optimizing volume (filtering axes: YX).
[10:26:40.509478][info] (rc: 19, tile: 1/1) SGM Optimizing volume done.
[10:26:40.509478][info] (rc: 19, tile: 1/1) SGM Retrieve best depth in volume.
[10:26:40.509478][info] (rc: 19, tile: 1/1) SGM Retrieve best depth in volume done.
[10:26:40.509478][info] (rc: 19, tile: 1/1) SGM depth/thickness map done.
[10:26:40.509478][info] (rc: 19, tile: 1/1) SGM Smooth thickness map.
[10:26:40.509478][info] (rc: 19, tile: 1/1) SGM Smooth thickness map done.
[10:26:40.509478][info] (rc: 19, tile: 1/1) Refine depth/sim map of view id: 75994757, rc: 19 (20 / 471).
[10:26:40.509478][info] (rc: 19, tile: 1/1) Refine and fuse depth/sim map volume.
[10:26:40.510477][info] (rc: 19, tile: 1/1) Refine and fuse depth/sim map volume done.
[10:26:40.510477][info] (rc: 19, tile: 1/1) Color optimize depth/sim map.
[10:26:40.513477][info] (rc: 19, tile: 1/1) Color optimize depth/sim map done.
[10:26:40.513477][info] (rc: 19, tile: 1/1) Refine depth/sim map done.
[10:26:40.531526][info] (rc: 20, tile: 1/1) Camera / Depth information: 
	- R camera:
	   - id: 20
	   - view id: 77316084
	   - depth planes: 10
	   - depths range: [1.55236-1.69126]
	- T cameras:
	   - T camera (1/10):
	      - id: 168
	      - view id: 810198300
	      - depth planes: 10
	      - depths range: [1.55236-1.69126]
	      - depth indexes range: [0-10]
	   - T camera (2/10):
	      - id: 191
	      - view id: 933907424
	      - depth planes: 10
	      - depths range: [1.55236-1.69126]
	      - depth indexes range: [0-10]
	   - T camera (3/10):
	      - id: 238
	      - view id: 1167649107
	      - depth planes: 10
	      - depths range: [1.55236-1.69126]
	      - depth indexes range: [0-10]
	   - T camera (4/10):
	      - id: 25
	      - view id: 96826009
	      - depth planes: 10
	      - depths range: [1.55236-1.69126]
	      - depth indexes range: [0-10]
	   - T camera (5/10):
	      - id: 26
	      - view id: 97533119
	      - depth planes: 10
	      - depths range: [1.55236-1.69126]
	      - depth indexes range: [0-10]
	   - T camera (6/10):
	      - id: 22
	      - view id: 83508716
	      - depth planes: 10
	      - depths range: [1.55236-1.69126]
	      - depth indexes range: [0-10]
	   - T camera (7/10):
	      - id: 15
	      - view id: 68926602
	      - depth planes: 10
	      - depths range: [1.55236-1.69126]
	      - depth indexes range: [0-10]
	   - T camera (8/10):
	      - id: 14
	      - view id: 67171753
	      - depth planes: 10
	      - depths range: [1.55236-1.69126]
	      - depth indexes range: [0-10]
	   - T camera (9/10):
	      - id: 233
	      - view id: 1143435178
	      - depth planes: 10
	      - depths range: [1.55236-1.69126]
	      - depth indexes range: [0-10]
	   - T camera (10/10):
	      - id: 237
	      - view id: 1166327660
	      - depth planes: 10
	      - depths range: [1.55236-1.69126]
	      - depth indexes range: [0-10]
[10:26:40.531526][info] (rc: 20, tile: 1/1) SGM depth/thickness map of view id: 77316084, rc: 20 (21 / 471).
[10:26:40.532506][info] (rc: 20, tile: 1/1) SGM Compute similarity volume.
[10:26:40.532506][info] (rc: 20, tile: 1/1) SGM Compute similarity volume done.
[10:26:40.533513][info] (rc: 20, tile: 1/1) SGM Optimizing volume (filtering axes: YX).
[10:26:41.076244][info] (rc: 20, tile: 1/1) SGM Optimizing volume done.
[10:26:41.076244][info] (rc: 20, tile: 1/1) SGM Retrieve best depth in volume.
[10:26:41.076244][info] (rc: 20, tile: 1/1) SGM Retrieve best depth in volume done.
[10:26:41.076244][info] (rc: 20, tile: 1/1) SGM depth/thickness map done.
[10:26:41.077320][info] (rc: 20, tile: 1/1) SGM Smooth thickness map.
[10:26:41.077320][info] (rc: 20, tile: 1/1) SGM Smooth thickness map done.
[10:26:41.077320][info] (rc: 20, tile: 1/1) Refine depth/sim map of view id: 77316084, rc: 20 (21 / 471).
[10:26:41.077320][info] (rc: 20, tile: 1/1) Refine and fuse depth/sim map volume.
[10:26:41.077320][info] (rc: 20, tile: 1/1) Refine and fuse depth/sim map volume done.
[10:26:41.077320][info] (rc: 20, tile: 1/1) Color optimize depth/sim map.
[10:26:41.081236][info] (rc: 20, tile: 1/1) Color optimize depth/sim map done.
[10:26:41.081236][info] (rc: 20, tile: 1/1) Refine depth/sim map done.
[10:26:41.610610][info] (rc: 21, tile: 1/1) Camera / Depth information: 
	- R camera:
	   - id: 21
	   - view id: 78729933
	   - depth planes: 21
	   - depths range: [1.51759-1.66313]
	- T cameras:
	   - T camera (1/10):
	      - id: 45
	      - view id: 235200387
	      - depth planes: 21
	      - depths range: [1.51759-1.66313]
	      - depth indexes range: [0-21]
	   - T camera (2/10):
	      - id: 101
	      - view id: 505960397
	      - depth planes: 21
	      - depths range: [1.51759-1.66313]
	      - depth indexes range: [0-21]
	   - T camera (3/10):
	      - id: 109
	      - view id: 517546670
	      - depth planes: 21
	      - depths range: [1.51759-1.66313]
	      - depth indexes range: [0-21]
	   - T camera (4/10):
	      - id: 103
	      - view id: 511698710
	      - depth planes: 21
	      - depths range: [1.51759-1.66313]
	      - depth indexes range: [0-21]
	   - T camera (5/10):
	      - id: 290
	      - view id: 1354250593
	      - depth planes: 21
	      - depths range: [1.51759-1.66313]
	      - depth indexes range: [0-21]
	   - T camera (6/10):
	      - id: 294
	      - view id: 1390325544
	      - depth planes: 21
	      - depths range: [1.51759-1.66313]
	      - depth indexes range: [0-21]
	   - T camera (7/10):
	      - id: 196
	      - view id: 942802376
	      - depth planes: 21
	      - depths range: [1.51759-1.66313]
	      - depth indexes range: [0-21]
	   - T camera (8/10):
	      - id: 84
	      - view id: 399717847
	      - depth planes: 21
	      - depths range: [1.51759-1.66313]
	      - depth indexes range: [0-21]
	   - T camera (9/10):
	      - id: 190
	      - view id: 931540556
	      - depth planes: 21
	      - depths range: [1.51759-1.66313]
	      - depth indexes range: [0-21]
	   - T camera (10/10):
	      - id: 85
	      - view id: 401611409
	      - depth planes: 21
	      - depths range: [1.51759-1.66313]
	      - depth indexes range: [0-21]
[10:26:41.610610][info] (rc: 21, tile: 1/1) SGM depth/thickness map of view id: 78729933, rc: 21 (22 / 471).
[10:26:41.611610][info] (rc: 21, tile: 1/1) SGM Compute similarity volume.
[10:26:41.611610][info] (rc: 21, tile: 1/1) SGM Compute similarity volume done.
[10:26:41.611610][info] (rc: 21, tile: 1/1) SGM Optimizing volume (filtering axes: YX).
[10:26:41.922939][info] (rc: 21, tile: 1/1) SGM Optimizing volume done.
[10:26:41.922939][info] (rc: 21, tile: 1/1) SGM Retrieve best depth in volume.
[10:26:41.923939][info] (rc: 21, tile: 1/1) SGM Retrieve best depth in volume done.
[10:26:41.923939][info] (rc: 21, tile: 1/1) SGM depth/thickness map done.
[10:26:41.923939][info] (rc: 21, tile: 1/1) SGM Smooth thickness map.
[10:26:41.923939][info] (rc: 21, tile: 1/1) SGM Smooth thickness map done.
[10:26:41.923939][info] (rc: 21, tile: 1/1) Refine depth/sim map of view id: 78729933, rc: 21 (22 / 471).
[10:26:41.923939][info] (rc: 21, tile: 1/1) Refine and fuse depth/sim map volume.
[10:26:41.924942][info] (rc: 21, tile: 1/1) Refine and fuse depth/sim map volume done.
[10:26:41.924942][info] (rc: 21, tile: 1/1) Color optimize depth/sim map.
[10:26:41.929967][info] (rc: 21, tile: 1/1) Color optimize depth/sim map done.
[10:26:41.929967][info] (rc: 21, tile: 1/1) Refine depth/sim map done.
[10:26:41.944482][info] (rc: 22, tile: 1/1) Camera / Depth information: 
	- R camera:
	   - id: 22
	   - view id: 83508716
	   - depth planes: 19
	   - depths range: [1.56122-1.72823]
	- T cameras:
	   - T camera (1/10):
	      - id: 168
	      - view id: 810198300
	      - depth planes: 19
	      - depths range: [1.56122-1.72823]
	      - depth indexes range: [0-19]
	   - T camera (2/10):
	      - id: 374
	      - view id: 1770484637
	      - depth planes: 19
	      - depths range: [1.56122-1.72823]
	      - depth indexes range: [0-19]
	   - T camera (3/10):
	      - id: 193
	      - view id: 934771345
	      - depth planes: 19
	      - depths range: [1.56122-1.72823]
	      - depth indexes range: [0-19]
	   - T camera (4/10):
	      - id: 110
	      - view id: 518285018
	      - depth planes: 19
	      - depths range: [1.56122-1.72823]
	      - depth indexes range: [0-19]
	   - T camera (5/10):
	      - id: 192
	      - view id: 934531524
	      - depth planes: 19
	      - depths range: [1.56122-1.72823]
	      - depth indexes range: [0-19]
	   - T camera (6/10):
	      - id: 372
	      - view id: 1764792200
	      - depth planes: 19
	      - depths range: [1.56122-1.72823]
	      - depth indexes range: [0-19]
	   - T camera (7/10):
	      - id: 19
	      - view id: 75994757
	      - depth planes: 18
	      - depths range: [1.56122-1.71803]
	      - depth indexes range: [0-18]
	   - T camera (8/10):
	      - id: 20
	      - view id: 77316084
	      - depth planes: 19
	      - depths range: [1.56122-1.72823]
	      - depth indexes range: [0-19]
	   - T camera (9/10):
	      - id: 23
	      - view id: 90586369
	      - depth planes: 19
	      - depths range: [1.56122-1.72823]
	      - depth indexes range: [0-19]
	   - T camera (10/10):
	      - id: 242
	      - view id: 1206848170
	      - depth planes: 19
	      - depths range: [1.56122-1.72823]
	      - depth indexes range: [0-19]
[10:26:41.945473][info] (rc: 22, tile: 1/1) SGM depth/thickness map of view id: 83508716, rc: 22 (23 / 471).
[10:26:41.945473][info] (rc: 22, tile: 1/1) SGM Compute similarity volume.
[10:26:41.946479][info] (rc: 22, tile: 1/1) SGM Compute similarity volume done.
[10:26:41.946479][info] (rc: 22, tile: 1/1) SGM Optimizing volume (filtering axes: YX).
[10:26:42.383782][info] (rc: 22, tile: 1/1) SGM Optimizing volume done.
[10:26:42.384780][info] (rc: 22, tile: 1/1) SGM Retrieve best depth in volume.
[10:26:42.384780][info] (rc: 22, tile: 1/1) SGM Retrieve best depth in volume done.
[10:26:42.384780][info] (rc: 22, tile: 1/1) SGM depth/thickness map done.
[10:26:42.384780][info] (rc: 22, tile: 1/1) SGM Smooth thickness map.
[10:26:42.384780][info] (rc: 22, tile: 1/1) SGM Smooth thickness map done.
[10:26:42.384780][info] (rc: 22, tile: 1/1) Refine depth/sim map of view id: 83508716, rc: 22 (23 / 471).
[10:26:42.384780][info] (rc: 22, tile: 1/1) Refine and fuse depth/sim map volume.
[10:26:42.386790][info] (rc: 22, tile: 1/1) Refine and fuse depth/sim map volume done.
[10:26:42.386790][info] (rc: 22, tile: 1/1) Color optimize depth/sim map.
[10:26:42.392780][info] (rc: 22, tile: 1/1) Color optimize depth/sim map done.
[10:26:42.393782][info] (rc: 22, tile: 1/1) Refine depth/sim map done.
[10:26:42.410775][info] (rc: 23, tile: 1/1) Camera / Depth information: 
	- R camera:
	   - id: 23
	   - view id: 90586369
	   - depth planes: 16
	   - depths range: [1.51694-1.72865]
	- T cameras:
	   - T camera (1/10):
	      - id: 186
	      - view id: 924275644
	      - depth planes: 16
	      - depths range: [1.51694-1.72865]
	      - depth indexes range: [0-16]
	   - T camera (2/10):
	      - id: 237
	      - view id: 1166327660
	      - depth planes: 16
	      - depths range: [1.51694-1.72865]
	      - depth indexes range: [0-16]
	   - T camera (3/10):
	      - id: 15
	      - view id: 68926602
	      - depth planes: 16
	      - depths range: [1.51694-1.72865]
	      - depth indexes range: [0-16]
	   - T camera (4/10):
	      - id: 26
	      - view id: 97533119
	      - depth planes: 16
	      - depths range: [1.51694-1.72865]
	      - depth indexes range: [0-16]
	   - T camera (5/10):
	      - id: 233
	      - view id: 1143435178
	      - depth planes: 16
	      - depths range: [1.51694-1.72865]
	      - depth indexes range: [0-16]
	   - T camera (6/10):
	      - id: 238
	      - view id: 1167649107
	      - depth planes: 16
	      - depths range: [1.51694-1.72865]
	      - depth indexes range: [0-16]
	   - T camera (7/10):
	      - id: 25
	      - view id: 96826009
	      - depth planes: 16
	      - depths range: [1.51694-1.72865]
	      - depth indexes range: [0-16]
	   - T camera (8/10):
	      - id: 191
	      - view id: 933907424
	      - depth planes: 16
	      - depths range: [1.51694-1.72865]
	      - depth indexes range: [0-16]
	   - T camera (9/10):
	      - id: 22
	      - view id: 83508716
	      - depth planes: 16
	      - depths range: [1.51694-1.72865]
	      - depth indexes range: [0-16]
	   - T camera (10/10):
	      - id: 168
	      - view id: 810198300
	      - depth planes: 16
	      - depths range: [1.51694-1.72865]
	      - depth indexes range: [0-16]
[10:26:42.410775][info] (rc: 23, tile: 1/1) SGM depth/thickness map of view id: 90586369, rc: 23 (24 / 471).
[10:26:42.411779][info] (rc: 23, tile: 1/1) SGM Compute similarity volume.
[10:26:42.411779][info] (rc: 23, tile: 1/1) SGM Compute similarity volume done.
[10:26:42.411779][info] (rc: 23, tile: 1/1) SGM Optimizing volume (filtering axes: YX).
[10:26:42.840496][info] (rc: 23, tile: 1/1) SGM Optimizing volume done.
[10:26:42.840496][info] (rc: 23, tile: 1/1) SGM Retrieve best depth in volume.
[10:26:42.840496][info] (rc: 23, tile: 1/1) SGM Retrieve best depth in volume done.
[10:26:42.840496][info] (rc: 23, tile: 1/1) SGM depth/thickness map done.
[10:26:42.840496][info] (rc: 23, tile: 1/1) SGM Smooth thickness map.
[10:26:42.840496][info] (rc: 23, tile: 1/1) SGM Smooth thickness map done.
[10:26:42.840496][info] (rc: 23, tile: 1/1) Refine depth/sim map of view id: 90586369, rc: 23 (24 / 471).
[10:26:42.840496][info] (rc: 23, tile: 1/1) Refine and fuse depth/sim map volume.
[10:26:42.842002][info] (rc: 23, tile: 1/1) Refine and fuse depth/sim map volume done.
[10:26:42.842002][info] (rc: 23, tile: 1/1) Color optimize depth/sim map.
[10:26:42.843026][info] (rc: 23, tile: 1/1) Color optimize depth/sim map done.
[10:26:42.843026][info] (rc: 23, tile: 1/1) Refine depth/sim map done.
[10:26:43.250594][info] Task done in (s): 30.513000
