[2024-11-20 10:30:59.230402] [0x00009b54] [trace]   Embedded OCIO configuration file: 'C:\Users\Avidh Bavkar\Downloads\Meshroom-2023.3.0-win64\Meshroom-2023.3.0\aliceVision/share/aliceVision/config.ocio' found.
Program called with the following parameters:
 * autoAdjustSmallImage = 1
 * chooseTCamsPerTile = 1
 * colorOptimizationEnabled = 1
 * colorOptimizationNbIterations = 100
 * customPatchPatternGroupSubpartsPerLevel = 0 (default)
 * customPatchPatternSubparts =  Unknown Type "class std::vector<struct aliceVision::depthMap::CustomPatchPatternParams::SubpartParams,class std::allocator<struct aliceVision::depthMap::CustomPatchPatternParams::SubpartParams> >" (default)
 * downscale = 2
 * exportIntermediateCrossVolumes = 0
 * exportIntermediateDepthSimMaps = 0
 * exportIntermediateNormalMaps = 0
 * exportIntermediateTopographicCutVolumes = 0
 * exportIntermediateVolume9pCsv = 0
 * exportIntermediateVolumes = 0
 * exportTilePattern = 0
 * imagesFolder = "C:/Users/Avidh Bavkar/OneDrive - purdue.edu/PETAL/PETAL_Photogrammetry/Scripts/Camera_Experiments/meshroom/MeshroomCache/PrepareDenseScene/8e3c0b2966564921603602656d4b9e6c70aa60ff"
 * input = "C:/Users/Avidh Bavkar/OneDrive - purdue.edu/PETAL/PETAL_Photogrammetry/Scripts/Camera_Experiments/meshroom/MeshroomCache/StructureFromMotion/6134e9e839f7223d14819e2da1cf90cf3a999ebe/sfm.abc"
 * maxCoresAvailable =  Unknown Type "unsigned int" (default)
 * maxMemoryAvailable = 18446744073709551615 (default)
 * maxTCams = 10
 * maxViewAngle = 70
 * minViewAngle = 2
 * nbGPUs = 0
 * output = "C:/Users/Avidh Bavkar/OneDrive - purdue.edu/PETAL/PETAL_Photogrammetry/Scripts/Camera_Experiments/meshroom/MeshroomCache/DepthMap/b4c331b9d680327a3c19c76ed2cf1434735bb201"
 * rangeSize = 12
 * rangeStart = 132
 * refineEnabled = 1
 * refineGammaC = 15.5
 * refineGammaP = 8
 * refineHalfNbDepths = 15
 * refineInterpolateMiddleDepth = 0
 * refineMaxTCamsPerTile = 4
 * refineScale = 1
 * refineSigma = 15
 * refineStepXY = 1
 * refineSubsampling = 10
 * refineUseConsistentScale = 0
 * refineUseCustomPatchPattern = 0
 * refineWSH = 3
 * sgmDepthListPerTile = 1
 * sgmDepthThicknessInflate = 0
 * sgmFilteringAxes = "YX"
 * sgmGammaC = 5.5
 * sgmGammaP = 8
 * sgmMaxDepths = 1500
 * sgmMaxSimilarity = 1
 * sgmMaxTCamsPerTile = 4
 * sgmP1 = 10
 * sgmP2Weighting = 100
 * sgmScale = 2
 * sgmSeedsRangeInflate = 0.2
 * sgmStepXY = 2
 * sgmStepZ = -1
 * sgmUseConsistentScale = 0
 * sgmUseCustomPatchPattern = 0
 * sgmUseSfmSeeds = 1
 * sgmWSH = 4
 * tileBufferHeight = 1024
 * tileBufferWidth = 1024
 * tilePadding = 64
 * verboseLevel = "info"

Hardware : 
	Detected core count : 20
	OpenMP will use 20 cores
	Detected available memory : 12512 Mo

[10:30:59.242480][info] CUDA-Enabled GPU.
Device information:
	- id:                      0
	- name:                    NVIDIA GeForce RTX 3050 Ti Laptop GPU
	- compute capability:      8.6
	- clock frequency (kHz):   1035000
	- total device memory:     4095 MB 
	- device memory available: 3282 MB 
	- per-block shared memory: 49152
	- warp size:               32
	- max threads per block:   1024
	- max threads per SM(X):   1536
	- max block sizes:         {1024,1024,64}
	- max grid sizes:          {2147483647,65535,65535}
	- max 2D array texture:    {131072,65536}
	- max 3D array texture:    {16384,16384,16384}
	- max 2D linear texture:   {131072,65000,2097120}
	- max 2D layered texture:  {32768,32768,2048}
	- number of SM(x)s:        20
	- registers per SM(x):     65536
	- registers per block:     65536
	- concurrent kernels:      yes
	- mapping host memory:     yes
	- unified addressing:      yes
	- texture alignment:       512 byte
	- pitch alignment:         32 byte
CUDA build version: 11.6
[10:30:59.493244][info] Supported CUDA-Enabled GPU detected.
[10:31:11.819412][info] Found 1 image dimension(s): 
[10:31:11.819412][info] 	- [816x624]
[10:31:12.391460][info] Overall maximum dimension: [816x624]
[10:31:12.391460][warning] Tile buffer size (width: 1024, height: 1024) is larger than the maximum image size (width: 408, height: 312).
[10:31:12.391460][warning] Single tile computation, override SGM maximum number of T cameras per tile (before: 4, now: 10).
[10:31:12.391460][warning] Single tile computation, override Refine maximum number of T cameras per tile (before: 4, now: 10).
[10:31:12.391460][warning] Single tile computation, override SGM step XY (before: 2, now: 1).
[10:31:12.391460][info] Tiling information: 
	- parameters: 
	      - buffer width:  1024 px
	      - buffer height: 1024 px
	      - padding: 64 px
	- maximum downscale:  2
	- maximum image width:  408 px
	- maximum image height: 312 px
[10:31:12.391460][info] Maximum image size is smaller than one tile, use only one tile.
[10:31:12.391460][info] SGM parameters:
	- scale: 2
	- stepXY: 1
[10:31:12.391460][info] Refine parameters:
	- scale: 1
	- stepXY: 1
[10:31:12.391460][info] Number of GPU devices: 1, number of CPU threads: 20
[10:31:12.821905][info] Device memory:
	- available: 2625.8 MB
	- requirement for the first tile: 867.892 MB
	- # computation buffers per tile: 851.867 MB (Sgm: 757.867 MB, Refine: 94 MB)
	- # input images (R + 10 Ts): 16.0247 MB (single mipmap image size: 1.45679 MB)
[10:31:12.821905][info] Parallelization:
	- # tiles per image: 1
	- # simultaneous depth maps computation: 3
	- # simultaneous tiles computation: 3
[10:31:12.865084][info] Device memory (device id: 0):
	- used: 3383.31 MB
	- available: 712.25 MB
	- total: 4095.56 MB
[10:31:15.391386][info] (rc: 132, tile: 1/1) Camera / Depth information: 
	- R camera:
	   - id: 132
	   - view id: 633518862
	   - depth planes: 131
	   - depths range: [1.00016-1.8003]
	- T cameras:
	   - T camera (1/10):
	      - id: 441
	      - view id: 2067250175
	      - depth planes: 127
	      - depths range: [1.0149-1.8003]
	      - depth indexes range: [4-131]
	   - T camera (2/10):
	      - id: 79
	      - view id: 383165107
	      - depth planes: 121
	      - depths range: [1.03702-1.8003]
	      - depth indexes range: [10-131]
	   - T camera (3/10):
	      - id: 278
	      - view id: 1323399470
	      - depth planes: 131
	      - depths range: [1.00016-1.8003]
	      - depth indexes range: [0-131]
	   - T camera (4/10):
	      - id: 444
	      - view id: 2071587583
	      - depth planes: 131
	      - depths range: [1.00016-1.8003]
	      - depth indexes range: [0-131]
	   - T camera (5/10):
	      - id: 443
	      - view id: 2071137864
	      - depth planes: 131
	      - depths range: [1.00016-1.8003]
	      - depth indexes range: [0-131]
	   - T camera (6/10):
	      - id: 277
	      - view id: 1323284110
	      - depth planes: 131
	      - depths range: [1.00016-1.8003]
	      - depth indexes range: [0-131]
	   - T camera (7/10):
	      - id: 445
	      - view id: 2074518637
	      - depth planes: 131
	      - depths range: [1.00016-1.8003]
	      - depth indexes range: [0-131]
	   - T camera (8/10):
	      - id: 291
	      - view id: 1362656405
	      - depth planes: 131
	      - depths range: [1.00016-1.8003]
	      - depth indexes range: [0-131]
	   - T camera (9/10):
	      - id: 446
	      - view id: 2077170236
	      - depth planes: 131
	      - depths range: [1.00016-1.8003]
	      - depth indexes range: [0-131]
	   - T camera (10/10):
	      - id: 276
	      - view id: 1322499927
	      - depth planes: 131
	      - depths range: [1.00016-1.8003]
	      - depth indexes range: [0-131]
[10:31:15.391386][info] (rc: 132, tile: 1/1) SGM depth/thickness map of view id: 633518862, rc: 132 (133 / 471).
[10:31:15.391386][info] (rc: 132, tile: 1/1) SGM Compute similarity volume.
[10:31:15.392387][info] (rc: 132, tile: 1/1) SGM Compute similarity volume done.
[10:31:15.392387][info] (rc: 132, tile: 1/1) SGM Optimizing volume (filtering axes: YX).
[10:31:16.031110][info] (rc: 132, tile: 1/1) SGM Optimizing volume done.
[10:31:16.031110][info] (rc: 132, tile: 1/1) SGM Retrieve best depth in volume.
[10:31:16.031110][info] (rc: 132, tile: 1/1) SGM Retrieve best depth in volume done.
[10:31:16.031110][info] (rc: 132, tile: 1/1) SGM depth/thickness map done.
[10:31:16.031110][info] (rc: 132, tile: 1/1) SGM Smooth thickness map.
[10:31:16.031110][info] (rc: 132, tile: 1/1) SGM Smooth thickness map done.
[10:31:16.031110][info] (rc: 132, tile: 1/1) Refine depth/sim map of view id: 633518862, rc: 132 (133 / 471).
[10:31:16.031110][info] (rc: 132, tile: 1/1) Refine and fuse depth/sim map volume.
[10:31:16.031110][info] (rc: 132, tile: 1/1) Refine and fuse depth/sim map volume done.
[10:31:16.031110][info] (rc: 132, tile: 1/1) Color optimize depth/sim map.
[10:31:16.034227][info] (rc: 132, tile: 1/1) Color optimize depth/sim map done.
[10:31:16.034227][info] (rc: 132, tile: 1/1) Refine depth/sim map done.
[10:31:16.049242][info] (rc: 133, tile: 1/1) Camera / Depth information: 
	- R camera:
	   - id: 133
	   - view id: 663198667
	   - depth planes: 22
	   - depths range: [1.54988-1.7213]
	- T cameras:
	   - T camera (1/10):
	      - id: 152
	      - view id: 700944441
	      - depth planes: 22
	      - depths range: [1.54988-1.7213]
	      - depth indexes range: [0-22]
	   - T camera (2/10):
	      - id: 257
	      - view id: 1267647673
	      - depth planes: 22
	      - depths range: [1.54988-1.7213]
	      - depth indexes range: [0-22]
	   - T camera (3/10):
	      - id: 220
	      - view id: 1052974616
	      - depth planes: 22
	      - depths range: [1.54988-1.7213]
	      - depth indexes range: [0-22]
	   - T camera (4/10):
	      - id: 218
	      - view id: 1050775078
	      - depth planes: 22
	      - depths range: [1.54988-1.7213]
	      - depth indexes range: [0-22]
	   - T camera (5/10):
	      - id: 41
	      - view id: 218983709
	      - depth planes: 22
	      - depths range: [1.54988-1.7213]
	      - depth indexes range: [0-22]
	   - T camera (6/10):
	      - id: 131
	      - view id: 627175210
	      - depth planes: 22
	      - depths range: [1.54988-1.7213]
	      - depth indexes range: [0-22]
	   - T camera (7/10):
	      - id: 413
	      - view id: 1898116886
	      - depth planes: 22
	      - depths range: [1.54988-1.7213]
	      - depth indexes range: [0-22]
	   - T camera (8/10):
	      - id: 129
	      - view id: 607138961
	      - depth planes: 22
	      - depths range: [1.54988-1.7213]
	      - depth indexes range: [0-22]
	   - T camera (9/10):
	      - id: 128
	      - view id: 606652960
	      - depth planes: 22
	      - depths range: [1.54988-1.7213]
	      - depth indexes range: [0-22]
	   - T camera (10/10):
	      - id: 412
	      - view id: 1897647903
	      - depth planes: 22
	      - depths range: [1.54988-1.7213]
	      - depth indexes range: [0-22]
[10:31:16.049242][info] (rc: 133, tile: 1/1) SGM depth/thickness map of view id: 663198667, rc: 133 (134 / 471).
[10:31:16.049242][info] (rc: 133, tile: 1/1) SGM Compute similarity volume.
[10:31:16.049242][info] (rc: 133, tile: 1/1) SGM Compute similarity volume done.
[10:31:16.049242][info] (rc: 133, tile: 1/1) SGM Optimizing volume (filtering axes: YX).
[10:31:16.433520][info] (rc: 133, tile: 1/1) SGM Optimizing volume done.
[10:31:16.433520][info] (rc: 133, tile: 1/1) SGM Retrieve best depth in volume.
[10:31:16.433520][info] (rc: 133, tile: 1/1) SGM Retrieve best depth in volume done.
[10:31:16.433520][info] (rc: 133, tile: 1/1) SGM depth/thickness map done.
[10:31:16.433520][info] (rc: 133, tile: 1/1) SGM Smooth thickness map.
[10:31:16.433520][info] (rc: 133, tile: 1/1) SGM Smooth thickness map done.
[10:31:16.433520][info] (rc: 133, tile: 1/1) Refine depth/sim map of view id: 663198667, rc: 133 (134 / 471).
[10:31:16.433520][info] (rc: 133, tile: 1/1) Refine and fuse depth/sim map volume.
[10:31:16.434464][info] (rc: 133, tile: 1/1) Refine and fuse depth/sim map volume done.
[10:31:16.434464][info] (rc: 133, tile: 1/1) Color optimize depth/sim map.
[10:31:16.437460][info] (rc: 133, tile: 1/1) Color optimize depth/sim map done.
[10:31:16.437460][info] (rc: 133, tile: 1/1) Refine depth/sim map done.
[10:31:16.457471][info] (rc: 134, tile: 1/1) Camera / Depth information: 
	- R camera:
	   - id: 134
	   - view id: 665071819
	   - depth planes: 20
	   - depths range: [1.52247-1.70588]
	- T cameras:
	   - T camera (1/10):
	      - id: 220
	      - view id: 1052974616
	      - depth planes: 20
	      - depths range: [1.52247-1.70588]
	      - depth indexes range: [0-20]
	   - T camera (2/10):
	      - id: 412
	      - view id: 1897647903
	      - depth planes: 20
	      - depths range: [1.52247-1.70588]
	      - depth indexes range: [0-20]
	   - T camera (3/10):
	      - id: 413
	      - view id: 1898116886
	      - depth planes: 20
	      - depths range: [1.52247-1.70588]
	      - depth indexes range: [0-20]
	   - T camera (4/10):
	      - id: 257
	      - view id: 1267647673
	      - depth planes: 20
	      - depths range: [1.52247-1.70588]
	      - depth indexes range: [0-20]
	   - T camera (5/10):
	      - id: 258
	      - view id: 1274245695
	      - depth planes: 20
	      - depths range: [1.52247-1.70588]
	      - depth indexes range: [0-20]
	   - T camera (6/10):
	      - id: 41
	      - view id: 218983709
	      - depth planes: 20
	      - depths range: [1.52247-1.70588]
	      - depth indexes range: [0-20]
	   - T camera (7/10):
	      - id: 129
	      - view id: 607138961
	      - depth planes: 20
	      - depths range: [1.52247-1.70588]
	      - depth indexes range: [0-20]
	   - T camera (8/10):
	      - id: 415
	      - view id: 1907830410
	      - depth planes: 20
	      - depths range: [1.52247-1.70588]
	      - depth indexes range: [0-20]
	   - T camera (9/10):
	      - id: 417
	      - view id: 1909499066
	      - depth planes: 20
	      - depths range: [1.52247-1.70588]
	      - depth indexes range: [0-20]
	   - T camera (10/10):
	      - id: 131
	      - view id: 627175210
	      - depth planes: 20
	      - depths range: [1.52247-1.70588]
	      - depth indexes range: [0-20]
[10:31:16.457471][info] (rc: 134, tile: 1/1) SGM depth/thickness map of view id: 665071819, rc: 134 (135 / 471).
[10:31:16.457471][info] (rc: 134, tile: 1/1) SGM Compute similarity volume.
[10:31:16.458466][info] (rc: 134, tile: 1/1) SGM Compute similarity volume done.
[10:31:16.458466][info] (rc: 134, tile: 1/1) SGM Optimizing volume (filtering axes: YX).
[10:31:16.889404][info] (rc: 134, tile: 1/1) SGM Optimizing volume done.
[10:31:16.889404][info] (rc: 134, tile: 1/1) SGM Retrieve best depth in volume.
[10:31:16.889404][info] (rc: 134, tile: 1/1) SGM Retrieve best depth in volume done.
[10:31:16.889404][info] (rc: 134, tile: 1/1) SGM depth/thickness map done.
[10:31:16.889404][info] (rc: 134, tile: 1/1) SGM Smooth thickness map.
[10:31:16.890431][info] (rc: 134, tile: 1/1) SGM Smooth thickness map done.
[10:31:16.890431][info] (rc: 134, tile: 1/1) Refine depth/sim map of view id: 665071819, rc: 134 (135 / 471).
[10:31:16.890431][info] (rc: 134, tile: 1/1) Refine and fuse depth/sim map volume.
[10:31:16.890431][info] (rc: 134, tile: 1/1) Refine and fuse depth/sim map volume done.
[10:31:16.890431][info] (rc: 134, tile: 1/1) Color optimize depth/sim map.
[10:31:16.893330][info] (rc: 134, tile: 1/1) Color optimize depth/sim map done.
[10:31:16.893330][info] (rc: 134, tile: 1/1) Refine depth/sim map done.
[10:31:19.123001][info] (rc: 135, tile: 1/1) Camera / Depth information: 
	- R camera:
	   - id: 135
	   - view id: 670821564
	   - depth planes: 20
	   - depths range: [1.53523-1.70374]
	- T cameras:
	   - T camera (1/10):
	      - id: 218
	      - view id: 1050775078
	      - depth planes: 20
	      - depths range: [1.53523-1.70374]
	      - depth indexes range: [0-20]
	   - T camera (2/10):
	      - id: 412
	      - view id: 1897647903
	      - depth planes: 20
	      - depths range: [1.53523-1.70374]
	      - depth indexes range: [0-20]
	   - T camera (3/10):
	      - id: 259
	      - view id: 1275146183
	      - depth planes: 20
	      - depths range: [1.53523-1.70374]
	      - depth indexes range: [0-20]
	   - T camera (4/10):
	      - id: 417
	      - view id: 1909499066
	      - depth planes: 20
	      - depths range: [1.53523-1.70374]
	      - depth indexes range: [0-20]
	   - T camera (5/10):
	      - id: 415
	      - view id: 1907830410
	      - depth planes: 20
	      - depths range: [1.53523-1.70374]
	      - depth indexes range: [0-20]
	   - T camera (6/10):
	      - id: 414
	      - view id: 1905621494
	      - depth planes: 20
	      - depths range: [1.53523-1.70374]
	      - depth indexes range: [0-20]
	   - T camera (7/10):
	      - id: 212
	      - view id: 1043822160
	      - depth planes: 20
	      - depths range: [1.53523-1.70374]
	      - depth indexes range: [0-20]
	   - T camera (8/10):
	      - id: 213
	      - view id: 1044093876
	      - depth planes: 20
	      - depths range: [1.53523-1.70374]
	      - depth indexes range: [0-20]
	   - T camera (9/10):
	      - id: 257
	      - view id: 1267647673
	      - depth planes: 20
	      - depths range: [1.53523-1.70374]
	      - depth indexes range: [0-20]
	   - T camera (10/10):
	      - id: 258
	      - view id: 1274245695
	      - depth planes: 20
	      - depths range: [1.53523-1.70374]
	      - depth indexes range: [0-20]
[10:31:19.123001][info] (rc: 135, tile: 1/1) SGM depth/thickness map of view id: 670821564, rc: 135 (136 / 471).
[10:31:19.124000][info] (rc: 135, tile: 1/1) SGM Compute similarity volume.
[10:31:19.125003][info] (rc: 135, tile: 1/1) SGM Compute similarity volume done.
[10:31:19.125003][info] (rc: 135, tile: 1/1) SGM Optimizing volume (filtering axes: YX).
[10:31:19.596151][info] (rc: 135, tile: 1/1) SGM Optimizing volume done.
[10:31:19.597175][info] (rc: 135, tile: 1/1) SGM Retrieve best depth in volume.
[10:31:19.597175][info] (rc: 135, tile: 1/1) SGM Retrieve best depth in volume done.
[10:31:19.597175][info] (rc: 135, tile: 1/1) SGM depth/thickness map done.
[10:31:19.597175][info] (rc: 135, tile: 1/1) SGM Smooth thickness map.
[10:31:19.597175][info] (rc: 135, tile: 1/1) SGM Smooth thickness map done.
[10:31:19.597175][info] (rc: 135, tile: 1/1) Refine depth/sim map of view id: 670821564, rc: 135 (136 / 471).
[10:31:19.597175][info] (rc: 135, tile: 1/1) Refine and fuse depth/sim map volume.
[10:31:19.599228][info] (rc: 135, tile: 1/1) Refine and fuse depth/sim map volume done.
[10:31:19.599228][info] (rc: 135, tile: 1/1) Color optimize depth/sim map.
[10:31:19.605161][info] (rc: 135, tile: 1/1) Color optimize depth/sim map done.
[10:31:19.605161][info] (rc: 135, tile: 1/1) Refine depth/sim map done.
[10:31:19.621272][info] (rc: 136, tile: 1/1) Camera / Depth information: 
	- R camera:
	   - id: 136
	   - view id: 672652618
	   - depth planes: 21
	   - depths range: [1.48533-1.6711]
	- T cameras:
	   - T camera (1/10):
	      - id: 300
	      - view id: 1434417523
	      - depth planes: 21
	      - depths range: [1.48533-1.6711]
	      - depth indexes range: [0-21]
	   - T camera (2/10):
	      - id: 301
	      - view id: 1437140558
	      - depth planes: 21
	      - depths range: [1.48533-1.6711]
	      - depth indexes range: [0-21]
	   - T camera (3/10):
	      - id: 299
	      - view id: 1431078217
	      - depth planes: 21
	      - depths range: [1.48533-1.6711]
	      - depth indexes range: [0-21]
	   - T camera (4/10):
	      - id: 65
	      - view id: 352546632
	      - depth planes: 21
	      - depths range: [1.48533-1.6711]
	      - depth indexes range: [0-21]
	   - T camera (5/10):
	      - id: 70
	      - view id: 357622776
	      - depth planes: 21
	      - depths range: [1.48533-1.6711]
	      - depth indexes range: [0-21]
	   - T camera (6/10):
	      - id: 228
	      - view id: 1099780320
	      - depth planes: 21
	      - depths range: [1.48533-1.6711]
	      - depth indexes range: [0-21]
	   - T camera (7/10):
	      - id: 229
	      - view id: 1101489580
	      - depth planes: 21
	      - depths range: [1.48533-1.6711]
	      - depth indexes range: [0-21]
	   - T camera (8/10):
	      - id: 399
	      - view id: 1833037626
	      - depth planes: 21
	      - depths range: [1.48533-1.6711]
	      - depth indexes range: [0-21]
	   - T camera (9/10):
	      - id: 67
	      - view id: 354782865
	      - depth planes: 21
	      - depths range: [1.48533-1.6711]
	      - depth indexes range: [0-21]
	   - T camera (10/10):
	      - id: 314
	      - view id: 1533079146
	      - depth planes: 21
	      - depths range: [1.48533-1.6711]
	      - depth indexes range: [0-21]
[10:31:19.622260][info] (rc: 136, tile: 1/1) SGM depth/thickness map of view id: 672652618, rc: 136 (137 / 471).
[10:31:19.622260][info] (rc: 136, tile: 1/1) SGM Compute similarity volume.
[10:31:19.622260][info] (rc: 136, tile: 1/1) SGM Compute similarity volume done.
[10:31:19.622260][info] (rc: 136, tile: 1/1) SGM Optimizing volume (filtering axes: YX).
[10:31:20.094077][info] (rc: 136, tile: 1/1) SGM Optimizing volume done.
[10:31:20.094077][info] (rc: 136, tile: 1/1) SGM Retrieve best depth in volume.
[10:31:20.094077][info] (rc: 136, tile: 1/1) SGM Retrieve best depth in volume done.
[10:31:20.094077][info] (rc: 136, tile: 1/1) SGM depth/thickness map done.
[10:31:20.094077][info] (rc: 136, tile: 1/1) SGM Smooth thickness map.
[10:31:20.095079][info] (rc: 136, tile: 1/1) SGM Smooth thickness map done.
[10:31:20.095079][info] (rc: 136, tile: 1/1) Refine depth/sim map of view id: 672652618, rc: 136 (137 / 471).
[10:31:20.095079][info] (rc: 136, tile: 1/1) Refine and fuse depth/sim map volume.
[10:31:20.095079][info] (rc: 136, tile: 1/1) Refine and fuse depth/sim map volume done.
[10:31:20.095079][info] (rc: 136, tile: 1/1) Color optimize depth/sim map.
[10:31:20.097090][info] (rc: 136, tile: 1/1) Color optimize depth/sim map done.
[10:31:20.097090][info] (rc: 136, tile: 1/1) Refine depth/sim map done.
[10:31:20.110077][info] (rc: 137, tile: 1/1) Camera / Depth information: 
	- R camera:
	   - id: 137
	   - view id: 672863131
	   - depth planes: 20
	   - depths range: [1.49832-1.65155]
	- T cameras:
	   - T camera (1/10):
	      - id: 300
	      - view id: 1434417523
	      - depth planes: 20
	      - depths range: [1.49832-1.65155]
	      - depth indexes range: [0-20]
	   - T camera (2/10):
	      - id: 66
	      - view id: 353163664
	      - depth planes: 20
	      - depths range: [1.49832-1.65155]
	      - depth indexes range: [0-20]
	   - T camera (3/10):
	      - id: 227
	      - view id: 1076952072
	      - depth planes: 20
	      - depths range: [1.49832-1.65155]
	      - depth indexes range: [0-20]
	   - T camera (4/10):
	      - id: 70
	      - view id: 357622776
	      - depth planes: 20
	      - depths range: [1.49832-1.65155]
	      - depth indexes range: [0-20]
	   - T camera (5/10):
	      - id: 67
	      - view id: 354782865
	      - depth planes: 20
	      - depths range: [1.49832-1.65155]
	      - depth indexes range: [0-20]
	   - T camera (6/10):
	      - id: 399
	      - view id: 1833037626
	      - depth planes: 20
	      - depths range: [1.49832-1.65155]
	      - depth indexes range: [0-20]
	   - T camera (7/10):
	      - id: 147
	      - view id: 691009489
	      - depth planes: 20
	      - depths range: [1.49832-1.65155]
	      - depth indexes range: [0-20]
	   - T camera (8/10):
	      - id: 391
	      - view id: 1824372845
	      - depth planes: 20
	      - depths range: [1.49832-1.65155]
	      - depth indexes range: [0-20]
	   - T camera (9/10):
	      - id: 229
	      - view id: 1101489580
	      - depth planes: 20
	      - depths range: [1.49832-1.65155]
	      - depth indexes range: [0-20]
	   - T camera (10/10):
	      - id: 228
	      - view id: 1099780320
	      - depth planes: 20
	      - depths range: [1.49832-1.65155]
	      - depth indexes range: [0-20]
[10:31:20.110077][info] (rc: 137, tile: 1/1) SGM depth/thickness map of view id: 672863131, rc: 137 (138 / 471).
[10:31:20.110077][info] (rc: 137, tile: 1/1) SGM Compute similarity volume.
[10:31:20.111091][info] (rc: 137, tile: 1/1) SGM Compute similarity volume done.
[10:31:20.111091][info] (rc: 137, tile: 1/1) SGM Optimizing volume (filtering axes: YX).
[10:31:20.528923][info] (rc: 137, tile: 1/1) SGM Optimizing volume done.
[10:31:20.528923][info] (rc: 137, tile: 1/1) SGM Retrieve best depth in volume.
[10:31:20.528923][info] (rc: 137, tile: 1/1) SGM Retrieve best depth in volume done.
[10:31:20.528923][info] (rc: 137, tile: 1/1) SGM depth/thickness map done.
[10:31:20.528923][info] (rc: 137, tile: 1/1) SGM Smooth thickness map.
[10:31:20.528923][info] (rc: 137, tile: 1/1) SGM Smooth thickness map done.
[10:31:20.528923][info] (rc: 137, tile: 1/1) Refine depth/sim map of view id: 672863131, rc: 137 (138 / 471).
[10:31:20.528923][info] (rc: 137, tile: 1/1) Refine and fuse depth/sim map volume.
[10:31:20.528923][info] (rc: 137, tile: 1/1) Refine and fuse depth/sim map volume done.
[10:31:20.528923][info] (rc: 137, tile: 1/1) Color optimize depth/sim map.
[10:31:20.531847][info] (rc: 137, tile: 1/1) Color optimize depth/sim map done.
[10:31:20.531847][info] (rc: 137, tile: 1/1) Refine depth/sim map done.
[10:31:22.711970][info] (rc: 138, tile: 1/1) Camera / Depth information: 
	- R camera:
	   - id: 138
	   - view id: 674215968
	   - depth planes: 47
	   - depths range: [1.36828-1.82964]
	- T cameras:
	   - T camera (1/10):
	      - id: 413
	      - view id: 1898116886
	      - depth planes: 47
	      - depths range: [1.36828-1.82964]
	      - depth indexes range: [0-47]
	   - T camera (2/10):
	      - id: 403
	      - view id: 1848185156
	      - depth planes: 47
	      - depths range: [1.36828-1.82964]
	      - depth indexes range: [0-47]
	   - T camera (3/10):
	      - id: 218
	      - view id: 1050775078
	      - depth planes: 47
	      - depths range: [1.36828-1.82964]
	      - depth indexes range: [0-47]
	   - T camera (4/10):
	      - id: 220
	      - view id: 1052974616
	      - depth planes: 47
	      - depths range: [1.36828-1.82964]
	      - depth indexes range: [0-47]
	   - T camera (5/10):
	      - id: 402
	      - view id: 1846521664
	      - depth planes: 47
	      - depths range: [1.36828-1.82964]
	      - depth indexes range: [0-47]
	   - T camera (6/10):
	      - id: 406
	      - view id: 1861040674
	      - depth planes: 47
	      - depths range: [1.36828-1.82964]
	      - depth indexes range: [0-47]
	   - T camera (7/10):
	      - id: 197
	      - view id: 944129744
	      - depth planes: 47
	      - depths range: [1.36828-1.82964]
	      - depth indexes range: [0-47]
	   - T camera (8/10):
	      - id: 156
	      - view id: 775674799
	      - depth planes: 41
	      - depths range: [1.36828-1.75268]
	      - depth indexes range: [0-41]
	   - T camera (9/10):
	      - id: 198
	      - view id: 945333196
	      - depth planes: 47
	      - depths range: [1.36828-1.82964]
	      - depth indexes range: [0-47]
	   - T camera (10/10):
	      - id: 405
	      - view id: 1856539475
	      - depth planes: 47
	      - depths range: [1.36828-1.82964]
	      - depth indexes range: [0-47]
[10:31:22.711970][info] (rc: 138, tile: 1/1) SGM depth/thickness map of view id: 674215968, rc: 138 (139 / 471).
[10:31:22.711970][info] (rc: 138, tile: 1/1) SGM Compute similarity volume.
[10:31:22.712967][info] (rc: 138, tile: 1/1) SGM Compute similarity volume done.
[10:31:22.712967][info] (rc: 138, tile: 1/1) SGM Optimizing volume (filtering axes: YX).
[10:31:23.249429][info] (rc: 138, tile: 1/1) SGM Optimizing volume done.
[10:31:23.249429][info] (rc: 138, tile: 1/1) SGM Retrieve best depth in volume.
[10:31:23.249429][info] (rc: 138, tile: 1/1) SGM Retrieve best depth in volume done.
[10:31:23.249429][info] (rc: 138, tile: 1/1) SGM depth/thickness map done.
[10:31:23.249429][info] (rc: 138, tile: 1/1) SGM Smooth thickness map.
[10:31:23.249429][info] (rc: 138, tile: 1/1) SGM Smooth thickness map done.
[10:31:23.249429][info] (rc: 138, tile: 1/1) Refine depth/sim map of view id: 674215968, rc: 138 (139 / 471).
[10:31:23.249429][info] (rc: 138, tile: 1/1) Refine and fuse depth/sim map volume.
[10:31:23.250348][info] (rc: 138, tile: 1/1) Refine and fuse depth/sim map volume done.
[10:31:23.250348][info] (rc: 138, tile: 1/1) Color optimize depth/sim map.
[10:31:23.254469][info] (rc: 138, tile: 1/1) Color optimize depth/sim map done.
[10:31:23.254469][info] (rc: 138, tile: 1/1) Refine depth/sim map done.
[10:31:23.269347][info] (rc: 139, tile: 1/1) Camera / Depth information: 
	- R camera:
	   - id: 139
	   - view id: 674755697
	   - depth planes: 24
	   - depths range: [1.48837-1.67461]
	- T cameras:
	   - T camera (1/10):
	      - id: 173
	      - view id: 822263608
	      - depth planes: 24
	      - depths range: [1.48837-1.67461]
	      - depth indexes range: [0-24]
	   - T camera (2/10):
	      - id: 178
	      - view id: 838722640
	      - depth planes: 24
	      - depths range: [1.48837-1.67461]
	      - depth indexes range: [0-24]
	   - T camera (3/10):
	      - id: 176
	      - view id: 836612083
	      - depth planes: 24
	      - depths range: [1.48837-1.67461]
	      - depth indexes range: [0-24]
	   - T camera (4/10):
	      - id: 262
	      - view id: 1293984949
	      - depth planes: 24
	      - depths range: [1.48837-1.67461]
	      - depth indexes range: [0-24]
	   - T camera (5/10):
	      - id: 170
	      - view id: 817469461
	      - depth planes: 24
	      - depths range: [1.48837-1.67461]
	      - depth indexes range: [0-24]
	   - T camera (6/10):
	      - id: 263
	      - view id: 1295664596
	      - depth planes: 24
	      - depths range: [1.48837-1.67461]
	      - depth indexes range: [0-24]
	   - T camera (7/10):
	      - id: 175
	      - view id: 829049733
	      - depth planes: 24
	      - depths range: [1.48837-1.67461]
	      - depth indexes range: [0-24]
	   - T camera (8/10):
	      - id: 439
	      - view id: 2040652381
	      - depth planes: 24
	      - depths range: [1.48837-1.67461]
	      - depth indexes range: [0-24]
	   - T camera (9/10):
	      - id: 467
	      - view id: 2128589428
	      - depth planes: 24
	      - depths range: [1.48837-1.67461]
	      - depth indexes range: [0-24]
	   - T camera (10/10):
	      - id: 272
	      - view id: 1317086510
	      - depth planes: 24
	      - depths range: [1.48837-1.67461]
	      - depth indexes range: [0-24]
[10:31:23.270344][info] (rc: 139, tile: 1/1) SGM depth/thickness map of view id: 674755697, rc: 139 (140 / 471).
[10:31:23.270344][info] (rc: 139, tile: 1/1) SGM Compute similarity volume.
[10:31:23.271344][info] (rc: 139, tile: 1/1) SGM Compute similarity volume done.
[10:31:23.271344][info] (rc: 139, tile: 1/1) SGM Optimizing volume (filtering axes: YX).
[10:31:23.691272][info] (rc: 139, tile: 1/1) SGM Optimizing volume done.
[10:31:23.691272][info] (rc: 139, tile: 1/1) SGM Retrieve best depth in volume.
[10:31:23.691272][info] (rc: 139, tile: 1/1) SGM Retrieve best depth in volume done.
[10:31:23.692277][info] (rc: 139, tile: 1/1) SGM depth/thickness map done.
[10:31:23.692277][info] (rc: 139, tile: 1/1) SGM Smooth thickness map.
[10:31:23.692277][info] (rc: 139, tile: 1/1) SGM Smooth thickness map done.
[10:31:23.692277][info] (rc: 139, tile: 1/1) Refine depth/sim map of view id: 674755697, rc: 139 (140 / 471).
[10:31:23.692277][info] (rc: 139, tile: 1/1) Refine and fuse depth/sim map volume.
[10:31:23.692277][info] (rc: 139, tile: 1/1) Refine and fuse depth/sim map volume done.
[10:31:23.692277][info] (rc: 139, tile: 1/1) Color optimize depth/sim map.
[10:31:23.694371][info] (rc: 139, tile: 1/1) Color optimize depth/sim map done.
[10:31:23.695442][info] (rc: 139, tile: 1/1) Refine depth/sim map done.
[10:31:23.709280][info] (rc: 140, tile: 1/1) Camera / Depth information: 
	- R camera:
	   - id: 140
	   - view id: 677963648
	   - depth planes: 23
	   - depths range: [1.51235-1.70301]
	- T cameras:
	   - T camera (1/10):
	      - id: 404
	      - view id: 1855120617
	      - depth planes: 23
	      - depths range: [1.51235-1.70301]
	      - depth indexes range: [0-23]
	   - T camera (2/10):
	      - id: 403
	      - view id: 1848185156
	      - depth planes: 23
	      - depths range: [1.51235-1.70301]
	      - depth indexes range: [0-23]
	   - T camera (3/10):
	      - id: 413
	      - view id: 1898116886
	      - depth planes: 23
	      - depths range: [1.51235-1.70301]
	      - depth indexes range: [0-23]
	   - T camera (4/10):
	      - id: 402
	      - view id: 1846521664
	      - depth planes: 23
	      - depths range: [1.51235-1.70301]
	      - depth indexes range: [0-23]
	   - T camera (5/10):
	      - id: 406
	      - view id: 1861040674
	      - depth planes: 23
	      - depths range: [1.51235-1.70301]
	      - depth indexes range: [0-23]
	   - T camera (6/10):
	      - id: 218
	      - view id: 1050775078
	      - depth planes: 23
	      - depths range: [1.51235-1.70301]
	      - depth indexes range: [0-23]
	   - T camera (7/10):
	      - id: 220
	      - view id: 1052974616
	      - depth planes: 23
	      - depths range: [1.51235-1.70301]
	      - depth indexes range: [0-23]
	   - T camera (8/10):
	      - id: 240
	      - view id: 1182148334
	      - depth planes: 23
	      - depths range: [1.51235-1.70301]
	      - depth indexes range: [0-23]
	   - T camera (9/10):
	      - id: 405
	      - view id: 1856539475
	      - depth planes: 23
	      - depths range: [1.51235-1.70301]
	      - depth indexes range: [0-23]
	   - T camera (10/10):
	      - id: 197
	      - view id: 944129744
	      - depth planes: 23
	      - depths range: [1.51235-1.70301]
	      - depth indexes range: [0-23]
[10:31:23.709280][info] (rc: 140, tile: 1/1) SGM depth/thickness map of view id: 677963648, rc: 140 (141 / 471).
[10:31:23.709280][info] (rc: 140, tile: 1/1) SGM Compute similarity volume.
[10:31:23.710427][info] (rc: 140, tile: 1/1) SGM Compute similarity volume done.
[10:31:23.710427][info] (rc: 140, tile: 1/1) SGM Optimizing volume (filtering axes: YX).
[10:31:24.127612][info] (rc: 140, tile: 1/1) SGM Optimizing volume done.
[10:31:24.127612][info] (rc: 140, tile: 1/1) SGM Retrieve best depth in volume.
[10:31:24.127612][info] (rc: 140, tile: 1/1) SGM Retrieve best depth in volume done.
[10:31:24.127612][info] (rc: 140, tile: 1/1) SGM depth/thickness map done.
[10:31:24.127612][info] (rc: 140, tile: 1/1) SGM Smooth thickness map.
[10:31:24.127612][info] (rc: 140, tile: 1/1) SGM Smooth thickness map done.
[10:31:24.127612][info] (rc: 140, tile: 1/1) Refine depth/sim map of view id: 677963648, rc: 140 (141 / 471).
[10:31:24.127612][info] (rc: 140, tile: 1/1) Refine and fuse depth/sim map volume.
[10:31:24.127612][info] (rc: 140, tile: 1/1) Refine and fuse depth/sim map volume done.
[10:31:24.127612][info] (rc: 140, tile: 1/1) Color optimize depth/sim map.
[10:31:24.129609][info] (rc: 140, tile: 1/1) Color optimize depth/sim map done.
[10:31:24.129609][info] (rc: 140, tile: 1/1) Refine depth/sim map done.
[10:31:25.070136][info] (rc: 141, tile: 1/1) Camera / Depth information: 
	- R camera:
	   - id: 141
	   - view id: 681852586
	   - depth planes: 47
	   - depths range: [1.47496-1.97853]
	- T cameras:
	   - T camera (1/10):
	      - id: 218
	      - view id: 1050775078
	      - depth planes: 47
	      - depths range: [1.47496-1.97853]
	      - depth indexes range: [0-47]
	   - T camera (2/10):
	      - id: 404
	      - view id: 1855120617
	      - depth planes: 47
	      - depths range: [1.47496-1.97853]
	      - depth indexes range: [0-47]
	   - T camera (3/10):
	      - id: 220
	      - view id: 1052974616
	      - depth planes: 47
	      - depths range: [1.47496-1.97853]
	      - depth indexes range: [0-47]
	   - T camera (4/10):
	      - id: 403
	      - view id: 1848185156
	      - depth planes: 47
	      - depths range: [1.47496-1.97853]
	      - depth indexes range: [0-47]
	   - T camera (5/10):
	      - id: 156
	      - view id: 775674799
	      - depth planes: 47
	      - depths range: [1.47496-1.97853]
	      - depth indexes range: [0-47]
	   - T camera (6/10):
	      - id: 198
	      - view id: 945333196
	      - depth planes: 47
	      - depths range: [1.47496-1.97853]
	      - depth indexes range: [0-47]
	   - T camera (7/10):
	      - id: 159
	      - view id: 778489098
	      - depth planes: 47
	      - depths range: [1.47496-1.97853]
	      - depth indexes range: [0-47]
	   - T camera (8/10):
	      - id: 152
	      - view id: 700944441
	      - depth planes: 47
	      - depths range: [1.47496-1.97853]
	      - depth indexes range: [0-47]
	   - T camera (9/10):
	      - id: 154
	      - view id: 724394931
	      - depth planes: 26
	      - depths range: [1.47496-1.71179]
	      - depth indexes range: [0-26]
	   - T camera (10/10):
	      - id: 402
	      - view id: 1846521664
	      - depth planes: 47
	      - depths range: [1.47496-1.97853]
	      - depth indexes range: [0-47]
[10:31:25.070136][info] (rc: 141, tile: 1/1) SGM depth/thickness map of view id: 681852586, rc: 141 (142 / 471).
[10:31:25.070136][info] (rc: 141, tile: 1/1) SGM Compute similarity volume.
[10:31:25.071135][info] (rc: 141, tile: 1/1) SGM Compute similarity volume done.
[10:31:25.071135][info] (rc: 141, tile: 1/1) SGM Optimizing volume (filtering axes: YX).
[10:31:25.376306][info] (rc: 141, tile: 1/1) SGM Optimizing volume done.
[10:31:25.376306][info] (rc: 141, tile: 1/1) SGM Retrieve best depth in volume.
[10:31:25.376306][info] (rc: 141, tile: 1/1) SGM Retrieve best depth in volume done.
[10:31:25.376306][info] (rc: 141, tile: 1/1) SGM depth/thickness map done.
[10:31:25.376306][info] (rc: 141, tile: 1/1) SGM Smooth thickness map.
[10:31:25.376306][info] (rc: 141, tile: 1/1) SGM Smooth thickness map done.
[10:31:25.376306][info] (rc: 141, tile: 1/1) Refine depth/sim map of view id: 681852586, rc: 141 (142 / 471).
[10:31:25.377280][info] (rc: 141, tile: 1/1) Refine and fuse depth/sim map volume.
[10:31:25.377280][info] (rc: 141, tile: 1/1) Refine and fuse depth/sim map volume done.
[10:31:25.377280][info] (rc: 141, tile: 1/1) Color optimize depth/sim map.
[10:31:25.379281][info] (rc: 141, tile: 1/1) Color optimize depth/sim map done.
[10:31:25.379281][info] (rc: 141, tile: 1/1) Refine depth/sim map done.
[10:31:25.394555][info] (rc: 142, tile: 1/1) Camera / Depth information: 
	- R camera:
	   - id: 142
	   - view id: 683226007
	   - depth planes: 17
	   - depths range: [1.47757-1.65076]
	- T cameras:
	   - T camera (1/10):
	      - id: 300
	      - view id: 1434417523
	      - depth planes: 17
	      - depths range: [1.47757-1.65076]
	      - depth indexes range: [0-17]
	   - T camera (2/10):
	      - id: 299
	      - view id: 1431078217
	      - depth planes: 17
	      - depths range: [1.47757-1.65076]
	      - depth indexes range: [0-17]
	   - T camera (3/10):
	      - id: 301
	      - view id: 1437140558
	      - depth planes: 17
	      - depths range: [1.47757-1.65076]
	      - depth indexes range: [0-17]
	   - T camera (4/10):
	      - id: 229
	      - view id: 1101489580
	      - depth planes: 17
	      - depths range: [1.47757-1.65076]
	      - depth indexes range: [0-17]
	   - T camera (5/10):
	      - id: 314
	      - view id: 1533079146
	      - depth planes: 17
	      - depths range: [1.47757-1.65076]
	      - depth indexes range: [0-17]
	   - T camera (6/10):
	      - id: 65
	      - view id: 352546632
	      - depth planes: 17
	      - depths range: [1.47757-1.65076]
	      - depth indexes range: [0-17]
	   - T camera (7/10):
	      - id: 66
	      - view id: 353163664
	      - depth planes: 17
	      - depths range: [1.47757-1.65076]
	      - depth indexes range: [0-17]
	   - T camera (8/10):
	      - id: 70
	      - view id: 357622776
	      - depth planes: 17
	      - depths range: [1.47757-1.65076]
	      - depth indexes range: [0-17]
	   - T camera (9/10):
	      - id: 167
	      - view id: 803517795
	      - depth planes: 17
	      - depths range: [1.47757-1.65076]
	      - depth indexes range: [0-17]
	   - T camera (10/10):
	      - id: 148
	      - view id: 692175877
	      - depth planes: 17
	      - depths range: [1.47757-1.65076]
	      - depth indexes range: [0-17]
[10:31:25.394555][info] (rc: 142, tile: 1/1) SGM depth/thickness map of view id: 683226007, rc: 142 (143 / 471).
[10:31:25.394555][info] (rc: 142, tile: 1/1) SGM Compute similarity volume.
[10:31:25.395696][info] (rc: 142, tile: 1/1) SGM Compute similarity volume done.
[10:31:25.395696][info] (rc: 142, tile: 1/1) SGM Optimizing volume (filtering axes: YX).
[10:31:25.861024][info] (rc: 142, tile: 1/1) SGM Optimizing volume done.
[10:31:25.861024][info] (rc: 142, tile: 1/1) SGM Retrieve best depth in volume.
[10:31:25.861024][info] (rc: 142, tile: 1/1) SGM Retrieve best depth in volume done.
[10:31:25.861024][info] (rc: 142, tile: 1/1) SGM depth/thickness map done.
[10:31:25.861024][info] (rc: 142, tile: 1/1) SGM Smooth thickness map.
[10:31:25.861024][info] (rc: 142, tile: 1/1) SGM Smooth thickness map done.
[10:31:25.861024][info] (rc: 142, tile: 1/1) Refine depth/sim map of view id: 683226007, rc: 142 (143 / 471).
[10:31:25.862017][info] (rc: 142, tile: 1/1) Refine and fuse depth/sim map volume.
[10:31:25.862017][info] (rc: 142, tile: 1/1) Refine and fuse depth/sim map volume done.
[10:31:25.862017][info] (rc: 142, tile: 1/1) Color optimize depth/sim map.
[10:31:25.863022][info] (rc: 142, tile: 1/1) Color optimize depth/sim map done.
[10:31:25.863022][info] (rc: 142, tile: 1/1) Refine depth/sim map done.
[10:31:25.879148][info] (rc: 143, tile: 1/1) Camera / Depth information: 
	- R camera:
	   - id: 143
	   - view id: 684444599
	   - depth planes: 18
	   - depths range: [1.48923-1.65696]
	- T cameras:
	   - T camera (1/10):
	      - id: 300
	      - view id: 1434417523
	      - depth planes: 18
	      - depths range: [1.48923-1.65696]
	      - depth indexes range: [0-18]
	   - T camera (2/10):
	      - id: 301
	      - view id: 1437140558
	      - depth planes: 18
	      - depths range: [1.48923-1.65696]
	      - depth indexes range: [0-18]
	   - T camera (3/10):
	      - id: 299
	      - view id: 1431078217
	      - depth planes: 18
	      - depths range: [1.48923-1.65696]
	      - depth indexes range: [0-18]
	   - T camera (4/10):
	      - id: 65
	      - view id: 352546632
	      - depth planes: 18
	      - depths range: [1.48923-1.65696]
	      - depth indexes range: [0-18]
	   - T camera (5/10):
	      - id: 66
	      - view id: 353163664
	      - depth planes: 18
	      - depths range: [1.48923-1.65696]
	      - depth indexes range: [0-18]
	   - T camera (6/10):
	      - id: 229
	      - view id: 1101489580
	      - depth planes: 18
	      - depths range: [1.48923-1.65696]
	      - depth indexes range: [0-18]
	   - T camera (7/10):
	      - id: 70
	      - view id: 357622776
	      - depth planes: 18
	      - depths range: [1.48923-1.65696]
	      - depth indexes range: [0-18]
	   - T camera (8/10):
	      - id: 67
	      - view id: 354782865
	      - depth planes: 18
	      - depths range: [1.48923-1.65696]
	      - depth indexes range: [0-18]
	   - T camera (9/10):
	      - id: 167
	      - view id: 803517795
	      - depth planes: 18
	      - depths range: [1.48923-1.65696]
	      - depth indexes range: [0-18]
	   - T camera (10/10):
	      - id: 314
	      - view id: 1533079146
	      - depth planes: 18
	      - depths range: [1.48923-1.65696]
	      - depth indexes range: [0-18]
[10:31:25.879148][info] (rc: 143, tile: 1/1) SGM depth/thickness map of view id: 684444599, rc: 143 (144 / 471).
[10:31:25.880140][info] (rc: 143, tile: 1/1) SGM Compute similarity volume.
[10:31:25.881138][info] (rc: 143, tile: 1/1) SGM Compute similarity volume done.
[10:31:25.881138][info] (rc: 143, tile: 1/1) SGM Optimizing volume (filtering axes: YX).
[10:31:26.273562][info] (rc: 143, tile: 1/1) SGM Optimizing volume done.
[10:31:26.274570][info] (rc: 143, tile: 1/1) SGM Retrieve best depth in volume.
[10:31:26.274570][info] (rc: 143, tile: 1/1) SGM Retrieve best depth in volume done.
[10:31:26.274570][info] (rc: 143, tile: 1/1) SGM depth/thickness map done.
[10:31:26.275566][info] (rc: 143, tile: 1/1) SGM Smooth thickness map.
[10:31:26.275566][info] (rc: 143, tile: 1/1) SGM Smooth thickness map done.
[10:31:26.275566][info] (rc: 143, tile: 1/1) Refine depth/sim map of view id: 684444599, rc: 143 (144 / 471).
[10:31:26.275566][info] (rc: 143, tile: 1/1) Refine and fuse depth/sim map volume.
[10:31:26.275566][info] (rc: 143, tile: 1/1) Refine and fuse depth/sim map volume done.
[10:31:26.275566][info] (rc: 143, tile: 1/1) Color optimize depth/sim map.
[10:31:26.278577][info] (rc: 143, tile: 1/1) Color optimize depth/sim map done.
[10:31:26.278577][info] (rc: 143, tile: 1/1) Refine depth/sim map done.
[10:31:26.614134][info] Task done in (s): 27.381000
