[2024-11-20 10:31:27.064253] [0x000095a4] [trace]   Embedded OCIO configuration file: 'C:\Users\Avidh Bavkar\Downloads\Meshroom-2023.3.0-win64\Meshroom-2023.3.0\aliceVision/share/aliceVision/config.ocio' found.
Program called with the following parameters:
 * autoAdjustSmallImage = 1
 * chooseTCamsPerTile = 1
 * colorOptimizationEnabled = 1
 * colorOptimizationNbIterations = 100
 * customPatchPatternGroupSubpartsPerLevel = 0 (default)
 * customPatchPatternSubparts =  Unknown Type "class std::vector<struct aliceVision::depthMap::CustomPatchPatternParams::SubpartParams,class std::allocator<struct aliceVision::depthMap::CustomPatchPatternParams::SubpartParams> >" (default)
 * downscale = 2
 * exportIntermediateCrossVolumes = 0
 * exportIntermediateDepthSimMaps = 0
 * exportIntermediateNormalMaps = 0
 * exportIntermediateTopographicCutVolumes = 0
 * exportIntermediateVolume9pCsv = 0
 * exportIntermediateVolumes = 0
 * exportTilePattern = 0
 * imagesFolder = "C:/Users/Avidh Bavkar/OneDrive - purdue.edu/PETAL/PETAL_Photogrammetry/Scripts/Camera_Experiments/meshroom/MeshroomCache/PrepareDenseScene/8e3c0b2966564921603602656d4b9e6c70aa60ff"
 * input = "C:/Users/Avidh Bavkar/OneDrive - purdue.edu/PETAL/PETAL_Photogrammetry/Scripts/Camera_Experiments/meshroom/MeshroomCache/StructureFromMotion/6134e9e839f7223d14819e2da1cf90cf3a999ebe/sfm.abc"
 * maxCoresAvailable =  Unknown Type "unsigned int" (default)
 * maxMemoryAvailable = 18446744073709551615 (default)
 * maxTCams = 10
 * maxViewAngle = 70
 * minViewAngle = 2
 * nbGPUs = 0
 * output = "C:/Users/Avidh Bavkar/OneDrive - purdue.edu/PETAL/PETAL_Photogrammetry/Scripts/Camera_Experiments/meshroom/MeshroomCache/DepthMap/b4c331b9d680327a3c19c76ed2cf1434735bb201"
 * rangeSize = 12
 * rangeStart = 144
 * refineEnabled = 1
 * refineGammaC = 15.5
 * refineGammaP = 8
 * refineHalfNbDepths = 15
 * refineInterpolateMiddleDepth = 0
 * refineMaxTCamsPerTile = 4
 * refineScale = 1
 * refineSigma = 15
 * refineStepXY = 1
 * refineSubsampling = 10
 * refineUseConsistentScale = 0
 * refineUseCustomPatchPattern = 0
 * refineWSH = 3
 * sgmDepthListPerTile = 1
 * sgmDepthThicknessInflate = 0
 * sgmFilteringAxes = "YX"
 * sgmGammaC = 5.5
 * sgmGammaP = 8
 * sgmMaxDepths = 1500
 * sgmMaxSimilarity = 1
 * sgmMaxTCamsPerTile = 4
 * sgmP1 = 10
 * sgmP2Weighting = 100
 * sgmScale = 2
 * sgmSeedsRangeInflate = 0.2
 * sgmStepXY = 2
 * sgmStepZ = -1
 * sgmUseConsistentScale = 0
 * sgmUseCustomPatchPattern = 0
 * sgmUseSfmSeeds = 1
 * sgmWSH = 4
 * tileBufferHeight = 1024
 * tileBufferWidth = 1024
 * tilePadding = 64
 * verboseLevel = "info"

Hardware : 
	Detected core count : 20
	OpenMP will use 20 cores
	Detected available memory : 12569 Mo

[10:31:27.073279][info] CUDA-Enabled GPU.
Device information:
	- id:                      0
	- name:                    NVIDIA GeForce RTX 3050 Ti Laptop GPU
	- compute capability:      8.6
	- clock frequency (kHz):   1035000
	- total device memory:     4095 MB 
	- device memory available: 3282 MB 
	- per-block shared memory: 49152
	- warp size:               32
	- max threads per block:   1024
	- max threads per SM(X):   1536
	- max block sizes:         {1024,1024,64}
	- max grid sizes:          {2147483647,65535,65535}
	- max 2D array texture:    {131072,65536}
	- max 3D array texture:    {16384,16384,16384}
	- max 2D linear texture:   {131072,65000,2097120}
	- max 2D layered texture:  {32768,32768,2048}
	- number of SM(x)s:        20
	- registers per SM(x):     65536
	- registers per block:     65536
	- concurrent kernels:      yes
	- mapping host memory:     yes
	- unified addressing:      yes
	- texture alignment:       512 byte
	- pitch alignment:         32 byte
CUDA build version: 11.6
[10:31:27.295758][info] Supported CUDA-Enabled GPU detected.
[10:31:38.665946][info] Found 1 image dimension(s): 
[10:31:38.666452][info] 	- [816x624]
[10:31:39.379246][info] Overall maximum dimension: [816x624]
[10:31:39.380246][warning] Tile buffer size (width: 1024, height: 1024) is larger than the maximum image size (width: 408, height: 312).
[10:31:39.380246][warning] Single tile computation, override SGM maximum number of T cameras per tile (before: 4, now: 10).
[10:31:39.380246][warning] Single tile computation, override Refine maximum number of T cameras per tile (before: 4, now: 10).
[10:31:39.380246][warning] Single tile computation, override SGM step XY (before: 2, now: 1).
[10:31:39.380246][info] Tiling information: 
	- parameters: 
	      - buffer width:  1024 px
	      - buffer height: 1024 px
	      - padding: 64 px
	- maximum downscale:  2
	- maximum image width:  408 px
	- maximum image height: 312 px
[10:31:39.380246][info] Maximum image size is smaller than one tile, use only one tile.
[10:31:39.380246][info] SGM parameters:
	- scale: 2
	- stepXY: 1
[10:31:39.380246][info] Refine parameters:
	- scale: 1
	- stepXY: 1
[10:31:39.380246][info] Number of GPU devices: 1, number of CPU threads: 20
[10:31:39.838154][info] Device memory:
	- available: 2625.8 MB
	- requirement for the first tile: 867.892 MB
	- # computation buffers per tile: 851.867 MB (Sgm: 757.867 MB, Refine: 94 MB)
	- # input images (R + 10 Ts): 16.0247 MB (single mipmap image size: 1.45679 MB)
[10:31:39.838154][info] Parallelization:
	- # tiles per image: 1
	- # simultaneous depth maps computation: 3
	- # simultaneous tiles computation: 3
[10:31:39.885166][info] Device memory (device id: 0):
	- used: 3383.31 MB
	- available: 712.25 MB
	- total: 4095.56 MB
[10:31:42.290591][info] (rc: 144, tile: 1/1) Camera / Depth information: 
	- R camera:
	   - id: 144
	   - view id: 686091610
	   - depth planes: 20
	   - depths range: [1.48893-1.68387]
	- T cameras:
	   - T camera (1/10):
	      - id: 245
	      - view id: 1228617184
	      - depth planes: 20
	      - depths range: [1.48893-1.68387]
	      - depth indexes range: [0-20]
	   - T camera (2/10):
	      - id: 430
	      - view id: 2020317779
	      - depth planes: 20
	      - depths range: [1.48893-1.68387]
	      - depth indexes range: [0-20]
	   - T camera (3/10):
	      - id: 336
	      - view id: 1658327501
	      - depth planes: 20
	      - depths range: [1.48893-1.68387]
	      - depth indexes range: [0-20]
	   - T camera (4/10):
	      - id: 463
	      - view id: 2118372128
	      - depth planes: 20
	      - depths range: [1.48893-1.68387]
	      - depth indexes range: [0-20]
	   - T camera (5/10):
	      - id: 266
	      - view id: 1299758803
	      - depth planes: 20
	      - depths range: [1.48893-1.68387]
	      - depth indexes range: [0-20]
	   - T camera (6/10):
	      - id: 470
	      - view id: 2147122593
	      - depth planes: 20
	      - depths range: [1.48893-1.68387]
	      - depth indexes range: [0-20]
	   - T camera (7/10):
	      - id: 265
	      - view id: 1299373372
	      - depth planes: 20
	      - depths range: [1.48893-1.68387]
	      - depth indexes range: [0-20]
	   - T camera (8/10):
	      - id: 256
	      - view id: 1256772442
	      - depth planes: 19
	      - depths range: [1.48893-1.67234]
	      - depth indexes range: [0-19]
	   - T camera (9/10):
	      - id: 253
	      - view id: 1253324034
	      - depth planes: 20
	      - depths range: [1.48893-1.68387]
	      - depth indexes range: [0-20]
	   - T camera (10/10):
	      - id: 469
	      - view id: 2134206936
	      - depth planes: 20
	      - depths range: [1.48893-1.68387]
	      - depth indexes range: [0-20]
[10:31:42.290591][info] (rc: 144, tile: 1/1) SGM depth/thickness map of view id: 686091610, rc: 144 (145 / 471).
[10:31:42.290591][info] (rc: 144, tile: 1/1) SGM Compute similarity volume.
[10:31:42.292609][info] (rc: 144, tile: 1/1) SGM Compute similarity volume done.
[10:31:42.292609][info] (rc: 144, tile: 1/1) SGM Optimizing volume (filtering axes: YX).
[10:31:42.795573][info] (rc: 144, tile: 1/1) SGM Optimizing volume done.
[10:31:42.795573][info] (rc: 144, tile: 1/1) SGM Retrieve best depth in volume.
[10:31:42.795573][info] (rc: 144, tile: 1/1) SGM Retrieve best depth in volume done.
[10:31:42.795573][info] (rc: 144, tile: 1/1) SGM depth/thickness map done.
[10:31:42.795573][info] (rc: 144, tile: 1/1) SGM Smooth thickness map.
[10:31:42.795573][info] (rc: 144, tile: 1/1) SGM Smooth thickness map done.
[10:31:42.795573][info] (rc: 144, tile: 1/1) Refine depth/sim map of view id: 686091610, rc: 144 (145 / 471).
[10:31:42.795573][info] (rc: 144, tile: 1/1) Refine and fuse depth/sim map volume.
[10:31:42.796573][info] (rc: 144, tile: 1/1) Refine and fuse depth/sim map volume done.
[10:31:42.796573][info] (rc: 144, tile: 1/1) Color optimize depth/sim map.
[10:31:42.798573][info] (rc: 144, tile: 1/1) Color optimize depth/sim map done.
[10:31:42.799573][info] (rc: 144, tile: 1/1) Refine depth/sim map done.
[10:31:42.811576][info] (rc: 145, tile: 1/1) Camera / Depth information: 
	- R camera:
	   - id: 145
	   - view id: 688154321
	   - depth planes: 23
	   - depths range: [1.51831-1.7579]
	- T cameras:
	   - T camera (1/10):
	      - id: 355
	      - view id: 1728092725
	      - depth planes: 23
	      - depths range: [1.51831-1.7579]
	      - depth indexes range: [0-23]
	   - T camera (2/10):
	      - id: 179
	      - view id: 860527150
	      - depth planes: 23
	      - depths range: [1.51831-1.7579]
	      - depth indexes range: [0-23]
	   - T camera (3/10):
	      - id: 372
	      - view id: 1764792200
	      - depth planes: 23
	      - depths range: [1.51831-1.7579]
	      - depth indexes range: [0-23]
	   - T camera (4/10):
	      - id: 350
	      - view id: 1722863191
	      - depth planes: 23
	      - depths range: [1.51831-1.7579]
	      - depth indexes range: [0-23]
	   - T camera (5/10):
	      - id: 380
	      - view id: 1775441569
	      - depth planes: 23
	      - depths range: [1.51831-1.7579]
	      - depth indexes range: [0-23]
	   - T camera (6/10):
	      - id: 356
	      - view id: 1729551748
	      - depth planes: 23
	      - depths range: [1.51831-1.7579]
	      - depth indexes range: [0-23]
	   - T camera (7/10):
	      - id: 379
	      - view id: 1775276919
	      - depth planes: 23
	      - depths range: [1.51831-1.7579]
	      - depth indexes range: [0-23]
	   - T camera (8/10):
	      - id: 374
	      - view id: 1770484637
	      - depth planes: 23
	      - depths range: [1.51831-1.7579]
	      - depth indexes range: [0-23]
	   - T camera (9/10):
	      - id: 364
	      - view id: 1747237197
	      - depth planes: 23
	      - depths range: [1.51831-1.7579]
	      - depth indexes range: [0-23]
	   - T camera (10/10):
	      - id: 369
	      - view id: 1758874427
	      - depth planes: 23
	      - depths range: [1.51831-1.7579]
	      - depth indexes range: [0-23]
[10:31:42.811576][info] (rc: 145, tile: 1/1) SGM depth/thickness map of view id: 688154321, rc: 145 (146 / 471).
[10:31:42.811576][info] (rc: 145, tile: 1/1) SGM Compute similarity volume.
[10:31:42.812580][info] (rc: 145, tile: 1/1) SGM Compute similarity volume done.
[10:31:42.812580][info] (rc: 145, tile: 1/1) SGM Optimizing volume (filtering axes: YX).
[10:31:43.285398][info] (rc: 145, tile: 1/1) SGM Optimizing volume done.
[10:31:43.285398][info] (rc: 145, tile: 1/1) SGM Retrieve best depth in volume.
[10:31:43.285398][info] (rc: 145, tile: 1/1) SGM Retrieve best depth in volume done.
[10:31:43.285398][info] (rc: 145, tile: 1/1) SGM depth/thickness map done.
[10:31:43.286403][info] (rc: 145, tile: 1/1) SGM Smooth thickness map.
[10:31:43.286403][info] (rc: 145, tile: 1/1) SGM Smooth thickness map done.
[10:31:43.286403][info] (rc: 145, tile: 1/1) Refine depth/sim map of view id: 688154321, rc: 145 (146 / 471).
[10:31:43.286403][info] (rc: 145, tile: 1/1) Refine and fuse depth/sim map volume.
[10:31:43.287403][info] (rc: 145, tile: 1/1) Refine and fuse depth/sim map volume done.
[10:31:43.287403][info] (rc: 145, tile: 1/1) Color optimize depth/sim map.
[10:31:43.290397][info] (rc: 145, tile: 1/1) Color optimize depth/sim map done.
[10:31:43.290397][info] (rc: 145, tile: 1/1) Refine depth/sim map done.
[10:31:43.301578][info] (rc: 146, tile: 1/1) Camera / Depth information: 
	- R camera:
	   - id: 146
	   - view id: 689525911
	   - depth planes: 20
	   - depths range: [1.50596-1.68218]
	- T cameras:
	   - T camera (1/10):
	      - id: 355
	      - view id: 1728092725
	      - depth planes: 20
	      - depths range: [1.50596-1.68218]
	      - depth indexes range: [0-20]
	   - T camera (2/10):
	      - id: 356
	      - view id: 1729551748
	      - depth planes: 20
	      - depths range: [1.50596-1.68218]
	      - depth indexes range: [0-20]
	   - T camera (3/10):
	      - id: 242
	      - view id: 1206848170
	      - depth planes: 20
	      - depths range: [1.50596-1.68218]
	      - depth indexes range: [0-20]
	   - T camera (4/10):
	      - id: 364
	      - view id: 1747237197
	      - depth planes: 20
	      - depths range: [1.50596-1.68218]
	      - depth indexes range: [0-20]
	   - T camera (5/10):
	      - id: 369
	      - view id: 1758874427
	      - depth planes: 20
	      - depths range: [1.50596-1.68218]
	      - depth indexes range: [0-20]
	   - T camera (6/10):
	      - id: 380
	      - view id: 1775441569
	      - depth planes: 20
	      - depths range: [1.50596-1.68218]
	      - depth indexes range: [0-20]
	   - T camera (7/10):
	      - id: 372
	      - view id: 1764792200
	      - depth planes: 20
	      - depths range: [1.50596-1.68218]
	      - depth indexes range: [0-20]
	   - T camera (8/10):
	      - id: 348
	      - view id: 1721921389
	      - depth planes: 20
	      - depths range: [1.50596-1.68218]
	      - depth indexes range: [0-20]
	   - T camera (9/10):
	      - id: 354
	      - view id: 1727963742
	      - depth planes: 20
	      - depths range: [1.50596-1.68218]
	      - depth indexes range: [0-20]
	   - T camera (10/10):
	      - id: 379
	      - view id: 1775276919
	      - depth planes: 20
	      - depths range: [1.50596-1.68218]
	      - depth indexes range: [0-20]
[10:31:43.301578][info] (rc: 146, tile: 1/1) SGM depth/thickness map of view id: 689525911, rc: 146 (147 / 471).
[10:31:43.301578][info] (rc: 146, tile: 1/1) SGM Compute similarity volume.
[10:31:43.302404][info] (rc: 146, tile: 1/1) SGM Compute similarity volume done.
[10:31:43.302404][info] (rc: 146, tile: 1/1) SGM Optimizing volume (filtering axes: YX).
[10:31:43.804330][info] (rc: 146, tile: 1/1) SGM Optimizing volume done.
[10:31:43.804330][info] (rc: 146, tile: 1/1) SGM Retrieve best depth in volume.
[10:31:43.804330][info] (rc: 146, tile: 1/1) SGM Retrieve best depth in volume done.
[10:31:43.804330][info] (rc: 146, tile: 1/1) SGM depth/thickness map done.
[10:31:43.804330][info] (rc: 146, tile: 1/1) SGM Smooth thickness map.
[10:31:43.804330][info] (rc: 146, tile: 1/1) SGM Smooth thickness map done.
[10:31:43.804330][info] (rc: 146, tile: 1/1) Refine depth/sim map of view id: 689525911, rc: 146 (147 / 471).
[10:31:43.804330][info] (rc: 146, tile: 1/1) Refine and fuse depth/sim map volume.
[10:31:43.805151][info] (rc: 146, tile: 1/1) Refine and fuse depth/sim map volume done.
[10:31:43.805151][info] (rc: 146, tile: 1/1) Color optimize depth/sim map.
[10:31:43.806944][info] (rc: 146, tile: 1/1) Color optimize depth/sim map done.
[10:31:43.806944][info] (rc: 146, tile: 1/1) Refine depth/sim map done.
[10:31:46.841337][info] (rc: 147, tile: 1/1) Camera / Depth information: 
	- R camera:
	   - id: 147
	   - view id: 691009489
	   - depth planes: 15
	   - depths range: [1.5004-1.64461]
	- T cameras:
	   - T camera (1/10):
	      - id: 303
	      - view id: 1445073444
	      - depth planes: 15
	      - depths range: [1.5004-1.64461]
	      - depth indexes range: [0-15]
	   - T camera (2/10):
	      - id: 167
	      - view id: 803517795
	      - depth planes: 15
	      - depths range: [1.5004-1.64461]
	      - depth indexes range: [0-15]
	   - T camera (3/10):
	      - id: 300
	      - view id: 1434417523
	      - depth planes: 15
	      - depths range: [1.5004-1.64461]
	      - depth indexes range: [0-15]
	   - T camera (4/10):
	      - id: 301
	      - view id: 1437140558
	      - depth planes: 15
	      - depths range: [1.5004-1.64461]
	      - depth indexes range: [0-15]
	   - T camera (5/10):
	      - id: 314
	      - view id: 1533079146
	      - depth planes: 15
	      - depths range: [1.5004-1.64461]
	      - depth indexes range: [0-15]
	   - T camera (6/10):
	      - id: 299
	      - view id: 1431078217
	      - depth planes: 15
	      - depths range: [1.5004-1.64461]
	      - depth indexes range: [0-15]
	   - T camera (7/10):
	      - id: 137
	      - view id: 672863131
	      - depth planes: 15
	      - depths range: [1.5004-1.64461]
	      - depth indexes range: [0-15]
	   - T camera (8/10):
	      - id: 148
	      - view id: 692175877
	      - depth planes: 15
	      - depths range: [1.5004-1.64461]
	      - depth indexes range: [0-15]
	   - T camera (9/10):
	      - id: 66
	      - view id: 353163664
	      - depth planes: 15
	      - depths range: [1.5004-1.64461]
	      - depth indexes range: [0-15]
	   - T camera (10/10):
	      - id: 65
	      - view id: 352546632
	      - depth planes: 15
	      - depths range: [1.5004-1.64461]
	      - depth indexes range: [0-15]
[10:31:46.841337][info] (rc: 147, tile: 1/1) SGM depth/thickness map of view id: 691009489, rc: 147 (148 / 471).
[10:31:46.841337][info] (rc: 147, tile: 1/1) SGM Compute similarity volume.
[10:31:46.842353][info] (rc: 147, tile: 1/1) SGM Compute similarity volume done.
[10:31:46.842353][info] (rc: 147, tile: 1/1) SGM Optimizing volume (filtering axes: YX).
[10:31:47.298030][info] (rc: 147, tile: 1/1) SGM Optimizing volume done.
[10:31:47.298030][info] (rc: 147, tile: 1/1) SGM Retrieve best depth in volume.
[10:31:47.298030][info] (rc: 147, tile: 1/1) SGM Retrieve best depth in volume done.
[10:31:47.298030][info] (rc: 147, tile: 1/1) SGM depth/thickness map done.
[10:31:47.298030][info] (rc: 147, tile: 1/1) SGM Smooth thickness map.
[10:31:47.298030][info] (rc: 147, tile: 1/1) SGM Smooth thickness map done.
[10:31:47.298030][info] (rc: 147, tile: 1/1) Refine depth/sim map of view id: 691009489, rc: 147 (148 / 471).
[10:31:47.298030][info] (rc: 147, tile: 1/1) Refine and fuse depth/sim map volume.
[10:31:47.298030][info] (rc: 147, tile: 1/1) Refine and fuse depth/sim map volume done.
[10:31:47.298030][info] (rc: 147, tile: 1/1) Color optimize depth/sim map.
[10:31:47.299030][info] (rc: 147, tile: 1/1) Color optimize depth/sim map done.
[10:31:47.299030][info] (rc: 147, tile: 1/1) Refine depth/sim map done.
[10:31:47.307108][info] (rc: 148, tile: 1/1) Camera / Depth information: 
	- R camera:
	   - id: 148
	   - view id: 692175877
	   - depth planes: 67
	   - depths range: [1.2173-1.76584]
	- T cameras:
	   - T camera (1/10):
	      - id: 66
	      - view id: 353163664
	      - depth planes: 67
	      - depths range: [1.2173-1.76584]
	      - depth indexes range: [0-67]
	   - T camera (2/10):
	      - id: 67
	      - view id: 354782865
	      - depth planes: 67
	      - depths range: [1.2173-1.76584]
	      - depth indexes range: [0-67]
	   - T camera (3/10):
	      - id: 70
	      - view id: 357622776
	      - depth planes: 67
	      - depths range: [1.2173-1.76584]
	      - depth indexes range: [0-67]
	   - T camera (4/10):
	      - id: 399
	      - view id: 1833037626
	      - depth planes: 67
	      - depths range: [1.2173-1.76584]
	      - depth indexes range: [0-67]
	   - T camera (5/10):
	      - id: 391
	      - view id: 1824372845
	      - depth planes: 67
	      - depths range: [1.2173-1.76584]
	      - depth indexes range: [0-67]
	   - T camera (6/10):
	      - id: 227
	      - view id: 1076952072
	      - depth planes: 67
	      - depths range: [1.2173-1.76584]
	      - depth indexes range: [0-67]
	   - T camera (7/10):
	      - id: 230
	      - view id: 1104695665
	      - depth planes: 67
	      - depths range: [1.2173-1.76584]
	      - depth indexes range: [0-67]
	   - T camera (8/10):
	      - id: 142
	      - view id: 683226007
	      - depth planes: 65
	      - depths range: [1.2173-1.74204]
	      - depth indexes range: [0-65]
	   - T camera (9/10):
	      - id: 147
	      - view id: 691009489
	      - depth planes: 67
	      - depths range: [1.2173-1.76584]
	      - depth indexes range: [0-67]
	   - T camera (10/10):
	      - id: 228
	      - view id: 1099780320
	      - depth planes: 67
	      - depths range: [1.2173-1.76584]
	      - depth indexes range: [0-67]
[10:31:47.307108][info] (rc: 148, tile: 1/1) SGM depth/thickness map of view id: 692175877, rc: 148 (149 / 471).
[10:31:47.307108][info] (rc: 148, tile: 1/1) SGM Compute similarity volume.
[10:31:47.307108][info] (rc: 148, tile: 1/1) SGM Compute similarity volume done.
[10:31:47.307108][info] (rc: 148, tile: 1/1) SGM Optimizing volume (filtering axes: YX).
[10:31:47.864876][info] (rc: 148, tile: 1/1) SGM Optimizing volume done.
[10:31:47.864876][info] (rc: 148, tile: 1/1) SGM Retrieve best depth in volume.
[10:31:47.864876][info] (rc: 148, tile: 1/1) SGM Retrieve best depth in volume done.
[10:31:47.864876][info] (rc: 148, tile: 1/1) SGM depth/thickness map done.
[10:31:47.864876][info] (rc: 148, tile: 1/1) SGM Smooth thickness map.
[10:31:47.864876][info] (rc: 148, tile: 1/1) SGM Smooth thickness map done.
[10:31:47.864876][info] (rc: 148, tile: 1/1) Refine depth/sim map of view id: 692175877, rc: 148 (149 / 471).
[10:31:47.864876][info] (rc: 148, tile: 1/1) Refine and fuse depth/sim map volume.
[10:31:47.864876][info] (rc: 148, tile: 1/1) Refine and fuse depth/sim map volume done.
[10:31:47.864876][info] (rc: 148, tile: 1/1) Color optimize depth/sim map.
[10:31:47.868889][info] (rc: 148, tile: 1/1) Color optimize depth/sim map done.
[10:31:47.868889][info] (rc: 148, tile: 1/1) Refine depth/sim map done.
[10:31:47.880887][info] (rc: 149, tile: 1/1) Camera / Depth information: 
	- R camera:
	   - id: 149
	   - view id: 695267877
	   - depth planes: 20
	   - depths range: [1.48718-1.69705]
	- T cameras:
	   - T camera (1/10):
	      - id: 400
	      - view id: 1836140009
	      - depth planes: 20
	      - depths range: [1.48718-1.69705]
	      - depth indexes range: [0-20]
	   - T camera (2/10):
	      - id: 218
	      - view id: 1050775078
	      - depth planes: 20
	      - depths range: [1.48718-1.69705]
	      - depth indexes range: [0-20]
	   - T camera (3/10):
	      - id: 220
	      - view id: 1052974616
	      - depth planes: 20
	      - depths range: [1.48718-1.69705]
	      - depth indexes range: [0-20]
	   - T camera (4/10):
	      - id: 402
	      - view id: 1846521664
	      - depth planes: 20
	      - depths range: [1.48718-1.69705]
	      - depth indexes range: [0-20]
	   - T camera (5/10):
	      - id: 197
	      - view id: 944129744
	      - depth planes: 20
	      - depths range: [1.48718-1.69705]
	      - depth indexes range: [0-20]
	   - T camera (6/10):
	      - id: 152
	      - view id: 700944441
	      - depth planes: 16
	      - depths range: [1.48718-1.64809]
	      - depth indexes range: [0-16]
	   - T camera (7/10):
	      - id: 159
	      - view id: 778489098
	      - depth planes: 20
	      - depths range: [1.48718-1.69705]
	      - depth indexes range: [0-20]
	   - T camera (8/10):
	      - id: 406
	      - view id: 1861040674
	      - depth planes: 20
	      - depths range: [1.48718-1.69705]
	      - depth indexes range: [0-20]
	   - T camera (9/10):
	      - id: 156
	      - view id: 775674799
	      - depth planes: 20
	      - depths range: [1.48718-1.69705]
	      - depth indexes range: [0-20]
	   - T camera (10/10):
	      - id: 198
	      - view id: 945333196
	      - depth planes: 20
	      - depths range: [1.48718-1.69705]
	      - depth indexes range: [0-20]
[10:31:47.880887][info] (rc: 149, tile: 1/1) SGM depth/thickness map of view id: 695267877, rc: 149 (150 / 471).
[10:31:47.880887][info] (rc: 149, tile: 1/1) SGM Compute similarity volume.
[10:31:47.881889][info] (rc: 149, tile: 1/1) SGM Compute similarity volume done.
[10:31:47.881889][info] (rc: 149, tile: 1/1) SGM Optimizing volume (filtering axes: YX).
[10:31:48.304031][info] (rc: 149, tile: 1/1) SGM Optimizing volume done.
[10:31:48.304031][info] (rc: 149, tile: 1/1) SGM Retrieve best depth in volume.
[10:31:48.304031][info] (rc: 149, tile: 1/1) SGM Retrieve best depth in volume done.
[10:31:48.304031][info] (rc: 149, tile: 1/1) SGM depth/thickness map done.
[10:31:48.304031][info] (rc: 149, tile: 1/1) SGM Smooth thickness map.
[10:31:48.304031][info] (rc: 149, tile: 1/1) SGM Smooth thickness map done.
[10:31:48.304031][info] (rc: 149, tile: 1/1) Refine depth/sim map of view id: 695267877, rc: 149 (150 / 471).
[10:31:48.305031][info] (rc: 149, tile: 1/1) Refine and fuse depth/sim map volume.
[10:31:48.305031][info] (rc: 149, tile: 1/1) Refine and fuse depth/sim map volume done.
[10:31:48.305031][info] (rc: 149, tile: 1/1) Color optimize depth/sim map.
[10:31:48.306034][info] (rc: 149, tile: 1/1) Color optimize depth/sim map done.
[10:31:48.306034][info] (rc: 149, tile: 1/1) Refine depth/sim map done.
[10:31:49.958251][info] (rc: 150, tile: 1/1) Camera / Depth information: 
	- R camera:
	   - id: 150
	   - view id: 696316735
	   - depth planes: 54
	   - depths range: [1.45064-2.04737]
	- T cameras:
	   - T camera (1/10):
	      - id: 336
	      - view id: 1658327501
	      - depth planes: 54
	      - depths range: [1.45064-2.04737]
	      - depth indexes range: [0-54]
	   - T camera (2/10):
	      - id: 245
	      - view id: 1228617184
	      - depth planes: 54
	      - depths range: [1.45064-2.04737]
	      - depth indexes range: [0-54]
	   - T camera (3/10):
	      - id: 265
	      - view id: 1299373372
	      - depth planes: 54
	      - depths range: [1.45064-2.04737]
	      - depth indexes range: [0-54]
	   - T camera (4/10):
	      - id: 266
	      - view id: 1299758803
	      - depth planes: 54
	      - depths range: [1.45064-2.04737]
	      - depth indexes range: [0-54]
	   - T camera (5/10):
	      - id: 470
	      - view id: 2147122593
	      - depth planes: 54
	      - depths range: [1.45064-2.04737]
	      - depth indexes range: [0-54]
	   - T camera (6/10):
	      - id: 430
	      - view id: 2020317779
	      - depth planes: 54
	      - depths range: [1.45064-2.04737]
	      - depth indexes range: [0-54]
	   - T camera (7/10):
	      - id: 253
	      - view id: 1253324034
	      - depth planes: 54
	      - depths range: [1.45064-2.04737]
	      - depth indexes range: [0-54]
	   - T camera (8/10):
	      - id: 468
	      - view id: 2133744623
	      - depth planes: 44
	      - depths range: [1.45064-1.89998]
	      - depth indexes range: [0-44]
	   - T camera (9/10):
	      - id: 36
	      - view id: 179061950
	      - depth planes: 36
	      - depths range: [1.45064-1.79649]
	      - depth indexes range: [0-36]
	   - T camera (10/10):
	      - id: 256
	      - view id: 1256772442
	      - depth planes: 51
	      - depths range: [1.45064-2.00081]
	      - depth indexes range: [0-51]
[10:31:49.958251][info] (rc: 150, tile: 1/1) SGM depth/thickness map of view id: 696316735, rc: 150 (151 / 471).
[10:31:49.958251][info] (rc: 150, tile: 1/1) SGM Compute similarity volume.
[10:31:49.959264][info] (rc: 150, tile: 1/1) SGM Compute similarity volume done.
[10:31:49.959264][info] (rc: 150, tile: 1/1) SGM Optimizing volume (filtering axes: YX).
[10:31:50.285217][info] (rc: 150, tile: 1/1) SGM Optimizing volume done.
[10:31:50.285217][info] (rc: 150, tile: 1/1) SGM Retrieve best depth in volume.
[10:31:50.285217][info] (rc: 150, tile: 1/1) SGM Retrieve best depth in volume done.
[10:31:50.285217][info] (rc: 150, tile: 1/1) SGM depth/thickness map done.
[10:31:50.285217][info] (rc: 150, tile: 1/1) SGM Smooth thickness map.
[10:31:50.285217][info] (rc: 150, tile: 1/1) SGM Smooth thickness map done.
[10:31:50.285217][info] (rc: 150, tile: 1/1) Refine depth/sim map of view id: 696316735, rc: 150 (151 / 471).
[10:31:50.285217][info] (rc: 150, tile: 1/1) Refine and fuse depth/sim map volume.
[10:31:50.286208][info] (rc: 150, tile: 1/1) Refine and fuse depth/sim map volume done.
[10:31:50.286208][info] (rc: 150, tile: 1/1) Color optimize depth/sim map.
[10:31:50.287717][info] (rc: 150, tile: 1/1) Color optimize depth/sim map done.
[10:31:50.287717][info] (rc: 150, tile: 1/1) Refine depth/sim map done.
[10:31:50.297736][info] (rc: 151, tile: 1/1) Camera / Depth information: 
	- R camera:
	   - id: 151
	   - view id: 700433174
	   - depth planes: 16
	   - depths range: [1.50315-1.66985]
	- T cameras:
	   - T camera (1/10):
	      - id: 266
	      - view id: 1299758803
	      - depth planes: 16
	      - depths range: [1.50315-1.66985]
	      - depth indexes range: [0-16]
	   - T camera (2/10):
	      - id: 281
	      - view id: 1323934836
	      - depth planes: 16
	      - depths range: [1.50315-1.66985]
	      - depth indexes range: [0-16]
	   - T camera (3/10):
	      - id: 253
	      - view id: 1253324034
	      - depth planes: 16
	      - depths range: [1.50315-1.66985]
	      - depth indexes range: [0-16]
	   - T camera (4/10):
	      - id: 265
	      - view id: 1299373372
	      - depth planes: 16
	      - depths range: [1.50315-1.66985]
	      - depth indexes range: [0-16]
	   - T camera (5/10):
	      - id: 430
	      - view id: 2020317779
	      - depth planes: 16
	      - depths range: [1.50315-1.66985]
	      - depth indexes range: [0-16]
	   - T camera (6/10):
	      - id: 256
	      - view id: 1256772442
	      - depth planes: 16
	      - depths range: [1.50315-1.66985]
	      - depth indexes range: [0-16]
	   - T camera (7/10):
	      - id: 429
	      - view id: 2008196400
	      - depth planes: 14
	      - depths range: [1.50315-1.64555]
	      - depth indexes range: [0-14]
	   - T camera (8/10):
	      - id: 36
	      - view id: 179061950
	      - depth planes: 16
	      - depths range: [1.50315-1.66985]
	      - depth indexes range: [0-16]
	   - T camera (9/10):
	      - id: 470
	      - view id: 2147122593
	      - depth planes: 16
	      - depths range: [1.50315-1.66985]
	      - depth indexes range: [0-16]
	   - T camera (10/10):
	      - id: 35
	      - view id: 169096327
	      - depth planes: 16
	      - depths range: [1.50315-1.66985]
	      - depth indexes range: [0-16]
[10:31:50.297736][info] (rc: 151, tile: 1/1) SGM depth/thickness map of view id: 700433174, rc: 151 (152 / 471).
[10:31:50.297736][info] (rc: 151, tile: 1/1) SGM Compute similarity volume.
[10:31:50.297736][info] (rc: 151, tile: 1/1) SGM Compute similarity volume done.
[10:31:50.297736][info] (rc: 151, tile: 1/1) SGM Optimizing volume (filtering axes: YX).
[10:31:50.758860][info] (rc: 151, tile: 1/1) SGM Optimizing volume done.
[10:31:50.759472][info] (rc: 151, tile: 1/1) SGM Retrieve best depth in volume.
[10:31:50.759472][info] (rc: 151, tile: 1/1) SGM Retrieve best depth in volume done.
[10:31:50.759472][info] (rc: 151, tile: 1/1) SGM depth/thickness map done.
[10:31:50.759472][info] (rc: 151, tile: 1/1) SGM Smooth thickness map.
[10:31:50.759472][info] (rc: 151, tile: 1/1) SGM Smooth thickness map done.
[10:31:50.759472][info] (rc: 151, tile: 1/1) Refine depth/sim map of view id: 700433174, rc: 151 (152 / 471).
[10:31:50.759472][info] (rc: 151, tile: 1/1) Refine and fuse depth/sim map volume.
[10:31:50.759472][info] (rc: 151, tile: 1/1) Refine and fuse depth/sim map volume done.
[10:31:50.759472][info] (rc: 151, tile: 1/1) Color optimize depth/sim map.
[10:31:50.761150][info] (rc: 151, tile: 1/1) Color optimize depth/sim map done.
[10:31:50.761150][info] (rc: 151, tile: 1/1) Refine depth/sim map done.
[10:31:50.775519][info] (rc: 152, tile: 1/1) Camera / Depth information: 
	- R camera:
	   - id: 152
	   - view id: 700944441
	   - depth planes: 18
	   - depths range: [1.51773-1.70234]
	- T cameras:
	   - T camera (1/10):
	      - id: 406
	      - view id: 1861040674
	      - depth planes: 18
	      - depths range: [1.51773-1.70234]
	      - depth indexes range: [0-18]
	   - T camera (2/10):
	      - id: 405
	      - view id: 1856539475
	      - depth planes: 18
	      - depths range: [1.51773-1.70234]
	      - depth indexes range: [0-18]
	   - T camera (3/10):
	      - id: 240
	      - view id: 1182148334
	      - depth planes: 18
	      - depths range: [1.51773-1.70234]
	      - depth indexes range: [0-18]
	   - T camera (4/10):
	      - id: 413
	      - view id: 1898116886
	      - depth planes: 18
	      - depths range: [1.51773-1.70234]
	      - depth indexes range: [0-18]
	   - T camera (5/10):
	      - id: 412
	      - view id: 1897647903
	      - depth planes: 18
	      - depths range: [1.51773-1.70234]
	      - depth indexes range: [0-18]
	   - T camera (6/10):
	      - id: 149
	      - view id: 695267877
	      - depth planes: 14
	      - depths range: [1.51773-1.65499]
	      - depth indexes range: [0-14]
	   - T camera (7/10):
	      - id: 141
	      - view id: 681852586
	      - depth planes: 18
	      - depths range: [1.51773-1.70234]
	      - depth indexes range: [0-18]
	   - T camera (8/10):
	      - id: 153
	      - view id: 701580223
	      - depth planes: 18
	      - depths range: [1.51773-1.70234]
	      - depth indexes range: [0-18]
	   - T camera (9/10):
	      - id: 218
	      - view id: 1050775078
	      - depth planes: 18
	      - depths range: [1.51773-1.70234]
	      - depth indexes range: [0-18]
	   - T camera (10/10):
	      - id: 219
	      - view id: 1052637839
	      - depth planes: 18
	      - depths range: [1.51773-1.70234]
	      - depth indexes range: [0-18]
[10:31:50.775519][info] (rc: 152, tile: 1/1) SGM depth/thickness map of view id: 700944441, rc: 152 (153 / 471).
[10:31:50.775519][info] (rc: 152, tile: 1/1) SGM Compute similarity volume.
[10:31:50.776536][info] (rc: 152, tile: 1/1) SGM Compute similarity volume done.
[10:31:50.776536][info] (rc: 152, tile: 1/1) SGM Optimizing volume (filtering axes: YX).
[10:31:51.294828][info] (rc: 152, tile: 1/1) SGM Optimizing volume done.
[10:31:51.294828][info] (rc: 152, tile: 1/1) SGM Retrieve best depth in volume.
[10:31:51.294828][info] (rc: 152, tile: 1/1) SGM Retrieve best depth in volume done.
[10:31:51.294828][info] (rc: 152, tile: 1/1) SGM depth/thickness map done.
[10:31:51.294828][info] (rc: 152, tile: 1/1) SGM Smooth thickness map.
[10:31:51.294828][info] (rc: 152, tile: 1/1) SGM Smooth thickness map done.
[10:31:51.294828][info] (rc: 152, tile: 1/1) Refine depth/sim map of view id: 700944441, rc: 152 (153 / 471).
[10:31:51.294828][info] (rc: 152, tile: 1/1) Refine and fuse depth/sim map volume.
[10:31:51.294828][info] (rc: 152, tile: 1/1) Refine and fuse depth/sim map volume done.
[10:31:51.294828][info] (rc: 152, tile: 1/1) Color optimize depth/sim map.
[10:31:51.298791][info] (rc: 152, tile: 1/1) Color optimize depth/sim map done.
[10:31:51.298791][info] (rc: 152, tile: 1/1) Refine depth/sim map done.
[10:31:52.965738][info] (rc: 153, tile: 1/1) Camera / Depth information: 
	- R camera:
	   - id: 153
	   - view id: 701580223
	   - depth planes: 23
	   - depths range: [1.49362-1.70659]
	- T cameras:
	   - T camera (1/10):
	      - id: 88
	      - view id: 404055359
	      - depth planes: 23
	      - depths range: [1.49362-1.70659]
	      - depth indexes range: [0-23]
	   - T camera (2/10):
	      - id: 404
	      - view id: 1855120617
	      - depth planes: 23
	      - depths range: [1.49362-1.70659]
	      - depth indexes range: [0-23]
	   - T camera (3/10):
	      - id: 400
	      - view id: 1836140009
	      - depth planes: 23
	      - depths range: [1.49362-1.70659]
	      - depth indexes range: [0-23]
	   - T camera (4/10):
	      - id: 403
	      - view id: 1848185156
	      - depth planes: 23
	      - depths range: [1.49362-1.70659]
	      - depth indexes range: [0-23]
	   - T camera (5/10):
	      - id: 198
	      - view id: 945333196
	      - depth planes: 23
	      - depths range: [1.49362-1.70659]
	      - depth indexes range: [0-23]
	   - T camera (6/10):
	      - id: 156
	      - view id: 775674799
	      - depth planes: 23
	      - depths range: [1.49362-1.70659]
	      - depth indexes range: [0-23]
	   - T camera (7/10):
	      - id: 402
	      - view id: 1846521664
	      - depth planes: 23
	      - depths range: [1.49362-1.70659]
	      - depth indexes range: [0-23]
	   - T camera (8/10):
	      - id: 152
	      - view id: 700944441
	      - depth planes: 23
	      - depths range: [1.49362-1.70659]
	      - depth indexes range: [0-23]
	   - T camera (9/10):
	      - id: 406
	      - view id: 1861040674
	      - depth planes: 23
	      - depths range: [1.49362-1.70659]
	      - depth indexes range: [0-23]
	   - T camera (10/10):
	      - id: 159
	      - view id: 778489098
	      - depth planes: 23
	      - depths range: [1.49362-1.70659]
	      - depth indexes range: [0-23]
[10:31:52.965738][info] (rc: 153, tile: 1/1) SGM depth/thickness map of view id: 701580223, rc: 153 (154 / 471).
[10:31:52.965738][info] (rc: 153, tile: 1/1) SGM Compute similarity volume.
[10:31:52.966737][info] (rc: 153, tile: 1/1) SGM Compute similarity volume done.
[10:31:52.966737][info] (rc: 153, tile: 1/1) SGM Optimizing volume (filtering axes: YX).
[10:31:53.249838][info] (rc: 153, tile: 1/1) SGM Optimizing volume done.
[10:31:53.249838][info] (rc: 153, tile: 1/1) SGM Retrieve best depth in volume.
[10:31:53.249838][info] (rc: 153, tile: 1/1) SGM Retrieve best depth in volume done.
[10:31:53.249838][info] (rc: 153, tile: 1/1) SGM depth/thickness map done.
[10:31:53.249838][info] (rc: 153, tile: 1/1) SGM Smooth thickness map.
[10:31:53.249838][info] (rc: 153, tile: 1/1) SGM Smooth thickness map done.
[10:31:53.250847][info] (rc: 153, tile: 1/1) Refine depth/sim map of view id: 701580223, rc: 153 (154 / 471).
[10:31:53.250847][info] (rc: 153, tile: 1/1) Refine and fuse depth/sim map volume.
[10:31:53.251741][info] (rc: 153, tile: 1/1) Refine and fuse depth/sim map volume done.
[10:31:53.251741][info] (rc: 153, tile: 1/1) Color optimize depth/sim map.
[10:31:53.255873][info] (rc: 153, tile: 1/1) Color optimize depth/sim map done.
[10:31:53.255873][info] (rc: 153, tile: 1/1) Refine depth/sim map done.
[10:31:53.265940][info] (rc: 154, tile: 1/1) Camera / Depth information: 
	- R camera:
	   - id: 154
	   - view id: 724394931
	   - depth planes: 21
	   - depths range: [1.49561-1.70477]
	- T cameras:
	   - T camera (1/10):
	      - id: 402
	      - view id: 1846521664
	      - depth planes: 21
	      - depths range: [1.49561-1.70477]
	      - depth indexes range: [0-21]
	   - T camera (2/10):
	      - id: 412
	      - view id: 1897647903
	      - depth planes: 21
	      - depths range: [1.49561-1.70477]
	      - depth indexes range: [0-21]
	   - T camera (3/10):
	      - id: 406
	      - view id: 1861040674
	      - depth planes: 21
	      - depths range: [1.49561-1.70477]
	      - depth indexes range: [0-21]
	   - T camera (4/10):
	      - id: 413
	      - view id: 1898116886
	      - depth planes: 21
	      - depths range: [1.49561-1.70477]
	      - depth indexes range: [0-21]
	   - T camera (5/10):
	      - id: 218
	      - view id: 1050775078
	      - depth planes: 21
	      - depths range: [1.49561-1.70477]
	      - depth indexes range: [0-21]
	   - T camera (6/10):
	      - id: 405
	      - view id: 1856539475
	      - depth planes: 21
	      - depths range: [1.49561-1.70477]
	      - depth indexes range: [0-21]
	   - T camera (7/10):
	      - id: 219
	      - view id: 1052637839
	      - depth planes: 21
	      - depths range: [1.49561-1.70477]
	      - depth indexes range: [0-21]
	   - T camera (8/10):
	      - id: 141
	      - view id: 681852586
	      - depth planes: 21
	      - depths range: [1.49561-1.70477]
	      - depth indexes range: [0-21]
	   - T camera (9/10):
	      - id: 240
	      - view id: 1182148334
	      - depth planes: 21
	      - depths range: [1.49561-1.70477]
	      - depth indexes range: [0-21]
	   - T camera (10/10):
	      - id: 220
	      - view id: 1052974616
	      - depth planes: 21
	      - depths range: [1.49561-1.70477]
	      - depth indexes range: [0-21]
[10:31:53.265940][info] (rc: 154, tile: 1/1) SGM depth/thickness map of view id: 724394931, rc: 154 (155 / 471).
[10:31:53.265940][info] (rc: 154, tile: 1/1) SGM Compute similarity volume.
[10:31:53.265940][info] (rc: 154, tile: 1/1) SGM Compute similarity volume done.
[10:31:53.265940][info] (rc: 154, tile: 1/1) SGM Optimizing volume (filtering axes: YX).
[10:31:53.693728][info] (rc: 154, tile: 1/1) SGM Optimizing volume done.
[10:31:53.693728][info] (rc: 154, tile: 1/1) SGM Retrieve best depth in volume.
[10:31:53.693728][info] (rc: 154, tile: 1/1) SGM Retrieve best depth in volume done.
[10:31:53.693728][info] (rc: 154, tile: 1/1) SGM depth/thickness map done.
[10:31:53.693728][info] (rc: 154, tile: 1/1) SGM Smooth thickness map.
[10:31:53.693728][info] (rc: 154, tile: 1/1) SGM Smooth thickness map done.
[10:31:53.693728][info] (rc: 154, tile: 1/1) Refine depth/sim map of view id: 724394931, rc: 154 (155 / 471).
[10:31:53.693728][info] (rc: 154, tile: 1/1) Refine and fuse depth/sim map volume.
[10:31:53.694730][info] (rc: 154, tile: 1/1) Refine and fuse depth/sim map volume done.
[10:31:53.694730][info] (rc: 154, tile: 1/1) Color optimize depth/sim map.
[10:31:53.695726][info] (rc: 154, tile: 1/1) Color optimize depth/sim map done.
[10:31:53.695726][info] (rc: 154, tile: 1/1) Refine depth/sim map done.
[10:31:53.708909][info] (rc: 155, tile: 1/1) Camera / Depth information: 
	- R camera:
	   - id: 155
	   - view id: 771299976
	   - depth planes: 27
	   - depths range: [1.48097-1.65539]
	- T cameras:
	   - T camera (1/10):
	      - id: 352
	      - view id: 1726285970
	      - depth planes: 27
	      - depths range: [1.48097-1.65539]
	      - depth indexes range: [0-27]
	   - T camera (2/10):
	      - id: 328
	      - view id: 1633716463
	      - depth planes: 27
	      - depths range: [1.48097-1.65539]
	      - depth indexes range: [0-27]
	   - T camera (3/10):
	      - id: 329
	      - view id: 1637232402
	      - depth planes: 27
	      - depths range: [1.48097-1.65539]
	      - depth indexes range: [0-27]
	   - T camera (4/10):
	      - id: 351
	      - view id: 1723904574
	      - depth planes: 27
	      - depths range: [1.48097-1.65539]
	      - depth indexes range: [0-27]
	   - T camera (5/10):
	      - id: 407
	      - view id: 1873867005
	      - depth planes: 27
	      - depths range: [1.48097-1.65539]
	      - depth indexes range: [0-27]
	   - T camera (6/10):
	      - id: 409
	      - view id: 1874613154
	      - depth planes: 27
	      - depths range: [1.48097-1.65539]
	      - depth indexes range: [0-27]
	   - T camera (7/10):
	      - id: 408
	      - view id: 1874446037
	      - depth planes: 27
	      - depths range: [1.48097-1.65539]
	      - depth indexes range: [0-27]
	   - T camera (8/10):
	      - id: 389
	      - view id: 1820872116
	      - depth planes: 27
	      - depths range: [1.48097-1.65539]
	      - depth indexes range: [0-27]
	   - T camera (9/10):
	      - id: 388
	      - view id: 1819771540
	      - depth planes: 27
	      - depths range: [1.48097-1.65539]
	      - depth indexes range: [0-27]
	   - T camera (10/10):
	      - id: 157
	      - view id: 776177938
	      - depth planes: 27
	      - depths range: [1.48097-1.65539]
	      - depth indexes range: [0-27]
[10:31:53.708909][info] (rc: 155, tile: 1/1) SGM depth/thickness map of view id: 771299976, rc: 155 (156 / 471).
[10:31:53.708909][info] (rc: 155, tile: 1/1) SGM Compute similarity volume.
[10:31:53.709908][info] (rc: 155, tile: 1/1) SGM Compute similarity volume done.
[10:31:53.709908][info] (rc: 155, tile: 1/1) SGM Optimizing volume (filtering axes: YX).
[10:31:54.132829][info] (rc: 155, tile: 1/1) SGM Optimizing volume done.
[10:31:54.132829][info] (rc: 155, tile: 1/1) SGM Retrieve best depth in volume.
[10:31:54.132829][info] (rc: 155, tile: 1/1) SGM Retrieve best depth in volume done.
[10:31:54.132829][info] (rc: 155, tile: 1/1) SGM depth/thickness map done.
[10:31:54.132829][info] (rc: 155, tile: 1/1) SGM Smooth thickness map.
[10:31:54.132829][info] (rc: 155, tile: 1/1) SGM Smooth thickness map done.
[10:31:54.132829][info] (rc: 155, tile: 1/1) Refine depth/sim map of view id: 771299976, rc: 155 (156 / 471).
[10:31:54.132829][info] (rc: 155, tile: 1/1) Refine and fuse depth/sim map volume.
[10:31:54.132829][info] (rc: 155, tile: 1/1) Refine and fuse depth/sim map volume done.
[10:31:54.132829][info] (rc: 155, tile: 1/1) Color optimize depth/sim map.
[10:31:54.134836][info] (rc: 155, tile: 1/1) Color optimize depth/sim map done.
[10:31:54.134836][info] (rc: 155, tile: 1/1) Refine depth/sim map done.
[10:31:54.514550][info] Task done in (s): 27.448000
