[2024-11-20 10:32:17.892144] [0x000052a8] [trace]   Embedded OCIO configuration file: 'C:\Users\Avidh Bavkar\Downloads\Meshroom-2023.3.0-win64\Meshroom-2023.3.0\aliceVision/share/aliceVision/config.ocio' found.
Program called with the following parameters:
 * autoAdjustSmallImage = 1
 * chooseTCamsPerTile = 1
 * colorOptimizationEnabled = 1
 * colorOptimizationNbIterations = 100
 * customPatchPatternGroupSubpartsPerLevel = 0 (default)
 * customPatchPatternSubparts =  Unknown Type "class std::vector<struct aliceVision::depthMap::CustomPatchPatternParams::SubpartParams,class std::allocator<struct aliceVision::depthMap::CustomPatchPatternParams::SubpartParams> >" (default)
 * downscale = 2
 * exportIntermediateCrossVolumes = 0
 * exportIntermediateDepthSimMaps = 0
 * exportIntermediateNormalMaps = 0
 * exportIntermediateTopographicCutVolumes = 0
 * exportIntermediateVolume9pCsv = 0
 * exportIntermediateVolumes = 0
 * exportTilePattern = 0
 * imagesFolder = "C:/Users/Avidh Bavkar/OneDrive - purdue.edu/PETAL/PETAL_Photogrammetry/Scripts/Camera_Experiments/meshroom/MeshroomCache/PrepareDenseScene/8e3c0b2966564921603602656d4b9e6c70aa60ff"
 * input = "C:/Users/Avidh Bavkar/OneDrive - purdue.edu/PETAL/PETAL_Photogrammetry/Scripts/Camera_Experiments/meshroom/MeshroomCache/StructureFromMotion/6134e9e839f7223d14819e2da1cf90cf3a999ebe/sfm.abc"
 * maxCoresAvailable =  Unknown Type "unsigned int" (default)
 * maxMemoryAvailable = 18446744073709551615 (default)
 * maxTCams = 10
 * maxViewAngle = 70
 * minViewAngle = 2
 * nbGPUs = 0
 * output = "C:/Users/Avidh Bavkar/OneDrive - purdue.edu/PETAL/PETAL_Photogrammetry/Scripts/Camera_Experiments/meshroom/MeshroomCache/DepthMap/b4c331b9d680327a3c19c76ed2cf1434735bb201"
 * rangeSize = 12
 * rangeStart = 168
 * refineEnabled = 1
 * refineGammaC = 15.5
 * refineGammaP = 8
 * refineHalfNbDepths = 15
 * refineInterpolateMiddleDepth = 0
 * refineMaxTCamsPerTile = 4
 * refineScale = 1
 * refineSigma = 15
 * refineStepXY = 1
 * refineSubsampling = 10
 * refineUseConsistentScale = 0
 * refineUseCustomPatchPattern = 0
 * refineWSH = 3
 * sgmDepthListPerTile = 1
 * sgmDepthThicknessInflate = 0
 * sgmFilteringAxes = "YX"
 * sgmGammaC = 5.5
 * sgmGammaP = 8
 * sgmMaxDepths = 1500
 * sgmMaxSimilarity = 1
 * sgmMaxTCamsPerTile = 4
 * sgmP1 = 10
 * sgmP2Weighting = 100
 * sgmScale = 2
 * sgmSeedsRangeInflate = 0.2
 * sgmStepXY = 2
 * sgmStepZ = -1
 * sgmUseConsistentScale = 0
 * sgmUseCustomPatchPattern = 0
 * sgmUseSfmSeeds = 1
 * sgmWSH = 4
 * tileBufferHeight = 1024
 * tileBufferWidth = 1024
 * tilePadding = 64
 * verboseLevel = "info"

Hardware : 
	Detected core count : 20
	OpenMP will use 20 cores
	Detected available memory : 11768 Mo

[10:32:17.902140][info] CUDA-Enabled GPU.
Device information:
	- id:                      0
	- name:                    NVIDIA GeForce RTX 3050 Ti Laptop GPU
	- compute capability:      8.6
	- clock frequency (kHz):   1035000
	- total device memory:     4095 MB 
	- device memory available: 3282 MB 
	- per-block shared memory: 49152
	- warp size:               32
	- max threads per block:   1024
	- max threads per SM(X):   1536
	- max block sizes:         {1024,1024,64}
	- max grid sizes:          {2147483647,65535,65535}
	- max 2D array texture:    {131072,65536}
	- max 3D array texture:    {16384,16384,16384}
	- max 2D linear texture:   {131072,65000,2097120}
	- max 2D layered texture:  {32768,32768,2048}
	- number of SM(x)s:        20
	- registers per SM(x):     65536
	- registers per block:     65536
	- concurrent kernels:      yes
	- mapping host memory:     yes
	- unified addressing:      yes
	- texture alignment:       512 byte
	- pitch alignment:         32 byte
CUDA build version: 11.6
[10:32:18.096765][info] Supported CUDA-Enabled GPU detected.
[10:32:25.176110][info] Found 1 image dimension(s): 
[10:32:25.176110][info] 	- [816x624]
[10:32:25.597180][info] Overall maximum dimension: [816x624]
[10:32:25.597180][warning] Tile buffer size (width: 1024, height: 1024) is larger than the maximum image size (width: 408, height: 312).
[10:32:25.597180][warning] Single tile computation, override SGM maximum number of T cameras per tile (before: 4, now: 10).
[10:32:25.597180][warning] Single tile computation, override Refine maximum number of T cameras per tile (before: 4, now: 10).
[10:32:25.597180][warning] Single tile computation, override SGM step XY (before: 2, now: 1).
[10:32:25.597180][info] Tiling information: 
	- parameters: 
	      - buffer width:  1024 px
	      - buffer height: 1024 px
	      - padding: 64 px
	- maximum downscale:  2
	- maximum image width:  408 px
	- maximum image height: 312 px
[10:32:25.597180][info] Maximum image size is smaller than one tile, use only one tile.
[10:32:25.597180][info] SGM parameters:
	- scale: 2
	- stepXY: 1
[10:32:25.597180][info] Refine parameters:
	- scale: 1
	- stepXY: 1
[10:32:25.597180][info] Number of GPU devices: 1, number of CPU threads: 20
[10:32:25.881024][info] Device memory:
	- available: 2625.8 MB
	- requirement for the first tile: 867.892 MB
	- # computation buffers per tile: 851.867 MB (Sgm: 757.867 MB, Refine: 94 MB)
	- # input images (R + 10 Ts): 16.0247 MB (single mipmap image size: 1.45679 MB)
[10:32:25.881024][info] Parallelization:
	- # tiles per image: 1
	- # simultaneous depth maps computation: 3
	- # simultaneous tiles computation: 3
[10:32:25.935357][info] Device memory (device id: 0):
	- used: 3383.31 MB
	- available: 712.25 MB
	- total: 4095.56 MB
[10:33:47.997040][info] (rc: 168, tile: 1/1) Camera / Depth information: 
	- R camera:
	   - id: 168
	   - view id: 810198300
	   - depth planes: 55
	   - depths range: [1.5027-2.06656]
	- T cameras:
	   - T camera (1/10):
	      - id: 22
	      - view id: 83508716
	      - depth planes: 55
	      - depths range: [1.5027-2.06656]
	      - depth indexes range: [0-55]
	   - T camera (2/10):
	      - id: 107
	      - view id: 516095249
	      - depth planes: 55
	      - depths range: [1.5027-2.06656]
	      - depth indexes range: [0-55]
	   - T camera (3/10):
	      - id: 16
	      - view id: 71156788
	      - depth planes: 55
	      - depths range: [1.5027-2.06656]
	      - depth indexes range: [0-55]
	   - T camera (4/10):
	      - id: 436
	      - view id: 2032966634
	      - depth planes: 55
	      - depths range: [1.5027-2.06656]
	      - depth indexes range: [0-55]
	   - T camera (5/10):
	      - id: 19
	      - view id: 75994757
	      - depth planes: 55
	      - depths range: [1.5027-2.06656]
	      - depth indexes range: [0-55]
	   - T camera (6/10):
	      - id: 20
	      - view id: 77316084
	      - depth planes: 55
	      - depths range: [1.5027-2.06656]
	      - depth indexes range: [0-55]
	   - T camera (7/10):
	      - id: 110
	      - view id: 518285018
	      - depth planes: 50
	      - depths range: [1.5027-1.99711]
	      - depth indexes range: [0-50]
	   - T camera (8/10):
	      - id: 437
	      - view id: 2035126263
	      - depth planes: 44
	      - depths range: [1.5027-1.9197]
	      - depth indexes range: [0-44]
	   - T camera (9/10):
	      - id: 23
	      - view id: 90586369
	      - depth planes: 55
	      - depths range: [1.5027-2.06656]
	      - depth indexes range: [0-55]
	   - T camera (10/10):
	      - id: 435
	      - view id: 2030687873
	      - depth planes: 55
	      - depths range: [1.5027-2.06656]
	      - depth indexes range: [0-55]
[10:33:47.998038][info] (rc: 168, tile: 1/1) SGM depth/thickness map of view id: 810198300, rc: 168 (169 / 471).
[10:33:47.998038][info] (rc: 168, tile: 1/1) SGM Compute similarity volume.
[10:33:48.000039][info] (rc: 168, tile: 1/1) SGM Compute similarity volume done.
[10:33:48.000039][info] (rc: 168, tile: 1/1) SGM Optimizing volume (filtering axes: YX).
[10:33:48.660207][info] (rc: 168, tile: 1/1) SGM Optimizing volume done.
[10:33:48.660207][info] (rc: 168, tile: 1/1) SGM Retrieve best depth in volume.
[10:33:48.660207][info] (rc: 168, tile: 1/1) SGM Retrieve best depth in volume done.
[10:33:48.660207][info] (rc: 168, tile: 1/1) SGM depth/thickness map done.
[10:33:48.660207][info] (rc: 168, tile: 1/1) SGM Smooth thickness map.
[10:33:48.660207][info] (rc: 168, tile: 1/1) SGM Smooth thickness map done.
[10:33:48.660207][info] (rc: 168, tile: 1/1) Refine depth/sim map of view id: 810198300, rc: 168 (169 / 471).
[10:33:48.660207][info] (rc: 168, tile: 1/1) Refine and fuse depth/sim map volume.
[10:33:48.661207][info] (rc: 168, tile: 1/1) Refine and fuse depth/sim map volume done.
[10:33:48.661207][info] (rc: 168, tile: 1/1) Color optimize depth/sim map.
[10:33:48.664730][info] (rc: 168, tile: 1/1) Color optimize depth/sim map done.
[10:33:48.664730][info] (rc: 168, tile: 1/1) Refine depth/sim map done.
[10:33:48.680272][info] (rc: 169, tile: 1/1) Camera / Depth information: 
	- R camera:
	   - id: 169
	   - view id: 811409618
	   - depth planes: 62
	   - depths range: [1.23205-1.69121]
	- T cameras:
	   - T camera (1/10):
	      - id: 50
	      - view id: 241661681
	      - depth planes: 62
	      - depths range: [1.23205-1.69121]
	      - depth indexes range: [0-62]
	   - T camera (2/10):
	      - id: 56
	      - view id: 267488622
	      - depth planes: 62
	      - depths range: [1.23205-1.69121]
	      - depth indexes range: [0-62]
	   - T camera (3/10):
	      - id: 52
	      - view id: 253540468
	      - depth planes: 62
	      - depths range: [1.23205-1.69121]
	      - depth indexes range: [0-62]
	   - T camera (4/10):
	      - id: 55
	      - view id: 267283454
	      - depth planes: 62
	      - depths range: [1.23205-1.69121]
	      - depth indexes range: [0-62]
	   - T camera (5/10):
	      - id: 46
	      - view id: 238686383
	      - depth planes: 62
	      - depths range: [1.23205-1.69121]
	      - depth indexes range: [0-62]
	   - T camera (6/10):
	      - id: 411
	      - view id: 1897024024
	      - depth planes: 62
	      - depths range: [1.23205-1.69121]
	      - depth indexes range: [0-62]
	   - T camera (7/10):
	      - id: 47
	      - view id: 240009292
	      - depth planes: 62
	      - depths range: [1.23205-1.69121]
	      - depth indexes range: [0-62]
	   - T camera (8/10):
	      - id: 49
	      - view id: 240632771
	      - depth planes: 62
	      - depths range: [1.23205-1.69121]
	      - depth indexes range: [0-62]
	   - T camera (9/10):
	      - id: 48
	      - view id: 240190079
	      - depth planes: 62
	      - depths range: [1.23205-1.69121]
	      - depth indexes range: [0-62]
	   - T camera (10/10):
	      - id: 410
	      - view id: 1896975152
	      - depth planes: 62
	      - depths range: [1.23205-1.69121]
	      - depth indexes range: [0-62]
[10:33:48.680272][info] (rc: 169, tile: 1/1) SGM depth/thickness map of view id: 811409618, rc: 169 (170 / 471).
[10:33:48.680272][info] (rc: 169, tile: 1/1) SGM Compute similarity volume.
[10:33:48.681059][info] (rc: 169, tile: 1/1) SGM Compute similarity volume done.
[10:33:48.681059][info] (rc: 169, tile: 1/1) SGM Optimizing volume (filtering axes: YX).
[10:33:49.271807][info] (rc: 169, tile: 1/1) SGM Optimizing volume done.
[10:33:49.271807][info] (rc: 169, tile: 1/1) SGM Retrieve best depth in volume.
[10:33:49.271807][info] (rc: 169, tile: 1/1) SGM Retrieve best depth in volume done.
[10:33:49.271807][info] (rc: 169, tile: 1/1) SGM depth/thickness map done.
[10:33:49.271807][info] (rc: 169, tile: 1/1) SGM Smooth thickness map.
[10:33:49.271807][info] (rc: 169, tile: 1/1) SGM Smooth thickness map done.
[10:33:49.272807][info] (rc: 169, tile: 1/1) Refine depth/sim map of view id: 811409618, rc: 169 (170 / 471).
[10:33:49.272807][info] (rc: 169, tile: 1/1) Refine and fuse depth/sim map volume.
[10:33:49.274323][info] (rc: 169, tile: 1/1) Refine and fuse depth/sim map volume done.
[10:33:49.274323][info] (rc: 169, tile: 1/1) Color optimize depth/sim map.
[10:33:49.279342][info] (rc: 169, tile: 1/1) Color optimize depth/sim map done.
[10:33:49.280339][info] (rc: 169, tile: 1/1) Refine depth/sim map done.
[10:33:49.297463][info] (rc: 170, tile: 1/1) Camera / Depth information: 
	- R camera:
	   - id: 170
	   - view id: 817469461
	   - depth planes: 41
	   - depths range: [1.47072-1.73852]
	- T cameras:
	   - T camera (1/10):
	      - id: 76
	      - view id: 379106790
	      - depth planes: 41
	      - depths range: [1.47072-1.73852]
	      - depth indexes range: [0-41]
	   - T camera (2/10):
	      - id: 77
	      - view id: 379863358
	      - depth planes: 41
	      - depths range: [1.47072-1.73852]
	      - depth indexes range: [0-41]
	   - T camera (3/10):
	      - id: 42
	      - view id: 220125103
	      - depth planes: 41
	      - depths range: [1.47072-1.73852]
	      - depth indexes range: [0-41]
	   - T camera (4/10):
	      - id: 43
	      - view id: 222943684
	      - depth planes: 41
	      - depths range: [1.47072-1.73852]
	      - depth indexes range: [0-41]
	   - T camera (5/10):
	      - id: 44
	      - view id: 224974560
	      - depth planes: 41
	      - depths range: [1.47072-1.73852]
	      - depth indexes range: [0-41]
	   - T camera (6/10):
	      - id: 38
	      - view id: 201551044
	      - depth planes: 41
	      - depths range: [1.47072-1.73852]
	      - depth indexes range: [0-41]
	   - T camera (7/10):
	      - id: 165
	      - view id: 792727664
	      - depth planes: 41
	      - depths range: [1.47072-1.73852]
	      - depth indexes range: [0-41]
	   - T camera (8/10):
	      - id: 166
	      - view id: 795649385
	      - depth planes: 41
	      - depths range: [1.47072-1.73852]
	      - depth indexes range: [0-41]
	   - T camera (9/10):
	      - id: 466
	      - view id: 2126841928
	      - depth planes: 41
	      - depths range: [1.47072-1.73852]
	      - depth indexes range: [0-41]
	   - T camera (10/10):
	      - id: 39
	      - view id: 204851431
	      - depth planes: 41
	      - depths range: [1.47072-1.73852]
	      - depth indexes range: [0-41]
[10:33:49.297463][info] (rc: 170, tile: 1/1) SGM depth/thickness map of view id: 817469461, rc: 170 (171 / 471).
[10:33:49.298461][info] (rc: 170, tile: 1/1) SGM Compute similarity volume.
[10:33:49.298461][info] (rc: 170, tile: 1/1) SGM Compute similarity volume done.
[10:33:49.298461][info] (rc: 170, tile: 1/1) SGM Optimizing volume (filtering axes: YX).
[10:33:49.860606][info] (rc: 170, tile: 1/1) SGM Optimizing volume done.
[10:33:49.860606][info] (rc: 170, tile: 1/1) SGM Retrieve best depth in volume.
[10:33:49.860606][info] (rc: 170, tile: 1/1) SGM Retrieve best depth in volume done.
[10:33:49.860606][info] (rc: 170, tile: 1/1) SGM depth/thickness map done.
[10:33:49.860606][info] (rc: 170, tile: 1/1) SGM Smooth thickness map.
[10:33:49.860606][info] (rc: 170, tile: 1/1) SGM Smooth thickness map done.
[10:33:49.861606][info] (rc: 170, tile: 1/1) Refine depth/sim map of view id: 817469461, rc: 170 (171 / 471).
[10:33:49.861606][info] (rc: 170, tile: 1/1) Refine and fuse depth/sim map volume.
[10:33:49.861606][info] (rc: 170, tile: 1/1) Refine and fuse depth/sim map volume done.
[10:33:49.861606][info] (rc: 170, tile: 1/1) Color optimize depth/sim map.
[10:33:49.866146][info] (rc: 170, tile: 1/1) Color optimize depth/sim map done.
[10:33:49.866146][info] (rc: 170, tile: 1/1) Refine depth/sim map done.
[10:33:52.287773][info] (rc: 171, tile: 1/1) Camera / Depth information: 
	- R camera:
	   - id: 171
	   - view id: 818319163
	   - depth planes: 17
	   - depths range: [1.52355-1.68155]
	- T cameras:
	   - T camera (1/10):
	      - id: 423
	      - view id: 1972036839
	      - depth planes: 17
	      - depths range: [1.52355-1.68155]
	      - depth indexes range: [0-17]
	   - T camera (2/10):
	      - id: 319
	      - view id: 1558147869
	      - depth planes: 17
	      - depths range: [1.52355-1.68155]
	      - depth indexes range: [0-17]
	   - T camera (3/10):
	      - id: 427
	      - view id: 1978544813
	      - depth planes: 17
	      - depths range: [1.52355-1.68155]
	      - depth indexes range: [0-17]
	   - T camera (4/10):
	      - id: 321
	      - view id: 1559945405
	      - depth planes: 17
	      - depths range: [1.52355-1.68155]
	      - depth indexes range: [0-17]
	   - T camera (5/10):
	      - id: 324
	      - view id: 1594219716
	      - depth planes: 17
	      - depths range: [1.52355-1.68155]
	      - depth indexes range: [0-17]
	   - T camera (6/10):
	      - id: 325
	      - view id: 1595991900
	      - depth planes: 17
	      - depths range: [1.52355-1.68155]
	      - depth indexes range: [0-17]
	   - T camera (7/10):
	      - id: 426
	      - view id: 1975909490
	      - depth planes: 17
	      - depths range: [1.52355-1.68155]
	      - depth indexes range: [0-17]
	   - T camera (8/10):
	      - id: 422
	      - view id: 1965192021
	      - depth planes: 17
	      - depths range: [1.52355-1.68155]
	      - depth indexes range: [0-17]
	   - T camera (9/10):
	      - id: 434
	      - view id: 2029326337
	      - depth planes: 17
	      - depths range: [1.52355-1.68155]
	      - depth indexes range: [0-17]
	   - T camera (10/10):
	      - id: 390
	      - view id: 1822456851
	      - depth planes: 17
	      - depths range: [1.52355-1.68155]
	      - depth indexes range: [0-17]
[10:33:52.288772][info] (rc: 171, tile: 1/1) SGM depth/thickness map of view id: 818319163, rc: 171 (172 / 471).
[10:33:52.288772][info] (rc: 171, tile: 1/1) SGM Compute similarity volume.
[10:33:52.289780][info] (rc: 171, tile: 1/1) SGM Compute similarity volume done.
[10:33:52.289780][info] (rc: 171, tile: 1/1) SGM Optimizing volume (filtering axes: YX).
[10:33:52.797197][info] (rc: 171, tile: 1/1) SGM Optimizing volume done.
[10:33:52.797197][info] (rc: 171, tile: 1/1) SGM Retrieve best depth in volume.
[10:33:52.798198][info] (rc: 171, tile: 1/1) SGM Retrieve best depth in volume done.
[10:33:52.798198][info] (rc: 171, tile: 1/1) SGM depth/thickness map done.
[10:33:52.798198][info] (rc: 171, tile: 1/1) SGM Smooth thickness map.
[10:33:52.798198][info] (rc: 171, tile: 1/1) SGM Smooth thickness map done.
[10:33:52.798198][info] (rc: 171, tile: 1/1) Refine depth/sim map of view id: 818319163, rc: 171 (172 / 471).
[10:33:52.798198][info] (rc: 171, tile: 1/1) Refine and fuse depth/sim map volume.
[10:33:52.798711][info] (rc: 171, tile: 1/1) Refine and fuse depth/sim map volume done.
[10:33:52.798711][info] (rc: 171, tile: 1/1) Color optimize depth/sim map.
[10:33:52.800720][info] (rc: 171, tile: 1/1) Color optimize depth/sim map done.
[10:33:52.800720][info] (rc: 171, tile: 1/1) Refine depth/sim map done.
[10:33:52.819735][info] (rc: 172, tile: 1/1) Camera / Depth information: 
	- R camera:
	   - id: 172
	   - view id: 820905650
	   - depth planes: 193
	   - depths range: [0.719687-1.83446]
	- T cameras:
	   - T camera (1/10):
	      - id: 423
	      - view id: 1972036839
	      - depth planes: 117
	      - depths range: [1.01852-1.83446]
	      - depth indexes range: [76-193]
	   - T camera (2/10):
	      - id: 427
	      - view id: 1978544813
	      - depth planes: 124
	      - depths range: [0.990995-1.83446]
	      - depth indexes range: [69-193]
	   - T camera (3/10):
	      - id: 319
	      - view id: 1558147869
	      - depth planes: 136
	      - depths range: [0.943811-1.83446]
	      - depth indexes range: [57-193]
	   - T camera (4/10):
	      - id: 321
	      - view id: 1559945405
	      - depth planes: 143
	      - depths range: [0.916287-1.83446]
	      - depth indexes range: [50-193]
	   - T camera (5/10):
	      - id: 325
	      - view id: 1595991900
	      - depth planes: 168
	      - depths range: [0.817987-1.83446]
	      - depth indexes range: [25-193]
	   - T camera (6/10):
	      - id: 324
	      - view id: 1594219716
	      - depth planes: 156
	      - depths range: [0.865171-1.83446]
	      - depth indexes range: [37-193]
	   - T camera (7/10):
	      - id: 426
	      - view id: 1975909490
	      - depth planes: 176
	      - depths range: [0.786531-1.83446]
	      - depth indexes range: [17-193]
	   - T camera (8/10):
	      - id: 422
	      - view id: 1965192021
	      - depth planes: 181
	      - depths range: [0.766871-1.83446]
	      - depth indexes range: [12-193]
	   - T camera (9/10):
	      - id: 390
	      - view id: 1822456851
	      - depth planes: 190
	      - depths range: [0.731483-1.83446]
	      - depth indexes range: [3-193]
	   - T camera (10/10):
	      - id: 434
	      - view id: 2029326337
	      - depth planes: 193
	      - depths range: [0.719687-1.83446]
	      - depth indexes range: [0-193]
[10:33:52.819735][info] (rc: 172, tile: 1/1) SGM depth/thickness map of view id: 820905650, rc: 172 (173 / 471).
[10:33:52.819735][info] (rc: 172, tile: 1/1) SGM Compute similarity volume.
[10:33:52.820726][info] (rc: 172, tile: 1/1) SGM Compute similarity volume done.
[10:33:52.820726][info] (rc: 172, tile: 1/1) SGM Optimizing volume (filtering axes: YX).
[10:33:53.542656][info] (rc: 172, tile: 1/1) SGM Optimizing volume done.
[10:33:53.542656][info] (rc: 172, tile: 1/1) SGM Retrieve best depth in volume.
[10:33:53.542656][info] (rc: 172, tile: 1/1) SGM Retrieve best depth in volume done.
[10:33:53.542656][info] (rc: 172, tile: 1/1) SGM depth/thickness map done.
[10:33:53.542656][info] (rc: 172, tile: 1/1) SGM Smooth thickness map.
[10:33:53.542656][info] (rc: 172, tile: 1/1) SGM Smooth thickness map done.
[10:33:53.542656][info] (rc: 172, tile: 1/1) Refine depth/sim map of view id: 820905650, rc: 172 (173 / 471).
[10:33:53.542656][info] (rc: 172, tile: 1/1) Refine and fuse depth/sim map volume.
[10:33:53.543658][info] (rc: 172, tile: 1/1) Refine and fuse depth/sim map volume done.
[10:33:53.543658][info] (rc: 172, tile: 1/1) Color optimize depth/sim map.
[10:33:53.553852][info] (rc: 172, tile: 1/1) Color optimize depth/sim map done.
[10:33:53.553852][info] (rc: 172, tile: 1/1) Refine depth/sim map done.
[10:33:53.572918][info] (rc: 173, tile: 1/1) Camera / Depth information: 
	- R camera:
	   - id: 173
	   - view id: 822263608
	   - depth planes: 115
	   - depths range: [1.0326-1.75406]
	- T cameras:
	   - T camera (1/10):
	      - id: 76
	      - view id: 379106790
	      - depth planes: 115
	      - depths range: [1.0326-1.75406]
	      - depth indexes range: [0-115]
	   - T camera (2/10):
	      - id: 77
	      - view id: 379863358
	      - depth planes: 115
	      - depths range: [1.0326-1.75406]
	      - depth indexes range: [0-115]
	   - T camera (3/10):
	      - id: 466
	      - view id: 2126841928
	      - depth planes: 115
	      - depths range: [1.0326-1.75406]
	      - depth indexes range: [0-115]
	   - T camera (4/10):
	      - id: 363
	      - view id: 1745221732
	      - depth planes: 115
	      - depths range: [1.0326-1.75406]
	      - depth indexes range: [0-115]
	   - T camera (5/10):
	      - id: 42
	      - view id: 220125103
	      - depth planes: 115
	      - depths range: [1.0326-1.75406]
	      - depth indexes range: [0-115]
	   - T camera (6/10):
	      - id: 467
	      - view id: 2128589428
	      - depth planes: 115
	      - depths range: [1.0326-1.75406]
	      - depth indexes range: [0-115]
	   - T camera (7/10):
	      - id: 43
	      - view id: 222943684
	      - depth planes: 115
	      - depths range: [1.0326-1.75406]
	      - depth indexes range: [0-115]
	   - T camera (8/10):
	      - id: 439
	      - view id: 2040652381
	      - depth planes: 115
	      - depths range: [1.0326-1.75406]
	      - depth indexes range: [0-115]
	   - T camera (9/10):
	      - id: 175
	      - view id: 829049733
	      - depth planes: 115
	      - depths range: [1.0326-1.75406]
	      - depth indexes range: [0-115]
	   - T camera (10/10):
	      - id: 44
	      - view id: 224974560
	      - depth planes: 115
	      - depths range: [1.0326-1.75406]
	      - depth indexes range: [0-115]
[10:33:53.572918][info] (rc: 173, tile: 1/1) SGM depth/thickness map of view id: 822263608, rc: 173 (174 / 471).
[10:33:53.572918][info] (rc: 173, tile: 1/1) SGM Compute similarity volume.
[10:33:53.573917][info] (rc: 173, tile: 1/1) SGM Compute similarity volume done.
[10:33:53.573917][info] (rc: 173, tile: 1/1) SGM Optimizing volume (filtering axes: YX).
[10:33:54.231673][info] (rc: 173, tile: 1/1) SGM Optimizing volume done.
[10:33:54.231673][info] (rc: 173, tile: 1/1) SGM Retrieve best depth in volume.
[10:33:54.231673][info] (rc: 173, tile: 1/1) SGM Retrieve best depth in volume done.
[10:33:54.231673][info] (rc: 173, tile: 1/1) SGM depth/thickness map done.
[10:33:54.231673][info] (rc: 173, tile: 1/1) SGM Smooth thickness map.
[10:33:54.231673][info] (rc: 173, tile: 1/1) SGM Smooth thickness map done.
[10:33:54.231673][info] (rc: 173, tile: 1/1) Refine depth/sim map of view id: 822263608, rc: 173 (174 / 471).
[10:33:54.231673][info] (rc: 173, tile: 1/1) Refine and fuse depth/sim map volume.
[10:33:54.232682][info] (rc: 173, tile: 1/1) Refine and fuse depth/sim map volume done.
[10:33:54.232682][info] (rc: 173, tile: 1/1) Color optimize depth/sim map.
[10:33:54.236675][info] (rc: 173, tile: 1/1) Color optimize depth/sim map done.
[10:33:54.236675][info] (rc: 173, tile: 1/1) Refine depth/sim map done.
[10:33:55.290266][info] (rc: 174, tile: 1/1) Camera / Depth information: 
	- R camera:
	   - id: 174
	   - view id: 823538995
	   - depth planes: 22
	   - depths range: [1.47427-1.6538]
	- T cameras:
	   - T camera (1/10):
	      - id: 76
	      - view id: 379106790
	      - depth planes: 22
	      - depths range: [1.47427-1.6538]
	      - depth indexes range: [0-22]
	   - T camera (2/10):
	      - id: 165
	      - view id: 792727664
	      - depth planes: 22
	      - depths range: [1.47427-1.6538]
	      - depth indexes range: [0-22]
	   - T camera (3/10):
	      - id: 466
	      - view id: 2126841928
	      - depth planes: 22
	      - depths range: [1.47427-1.6538]
	      - depth indexes range: [0-22]
	   - T camera (4/10):
	      - id: 363
	      - view id: 1745221732
	      - depth planes: 22
	      - depths range: [1.47427-1.6538]
	      - depth indexes range: [0-22]
	   - T camera (5/10):
	      - id: 42
	      - view id: 220125103
	      - depth planes: 22
	      - depths range: [1.47427-1.6538]
	      - depth indexes range: [0-22]
	   - T camera (6/10):
	      - id: 467
	      - view id: 2128589428
	      - depth planes: 22
	      - depths range: [1.47427-1.6538]
	      - depth indexes range: [0-22]
	   - T camera (7/10):
	      - id: 439
	      - view id: 2040652381
	      - depth planes: 22
	      - depths range: [1.47427-1.6538]
	      - depth indexes range: [0-22]
	   - T camera (8/10):
	      - id: 43
	      - view id: 222943684
	      - depth planes: 22
	      - depths range: [1.47427-1.6538]
	      - depth indexes range: [0-22]
	   - T camera (9/10):
	      - id: 175
	      - view id: 829049733
	      - depth planes: 22
	      - depths range: [1.47427-1.6538]
	      - depth indexes range: [0-22]
	   - T camera (10/10):
	      - id: 44
	      - view id: 224974560
	      - depth planes: 22
	      - depths range: [1.47427-1.6538]
	      - depth indexes range: [0-22]
[10:33:55.290266][info] (rc: 174, tile: 1/1) SGM depth/thickness map of view id: 823538995, rc: 174 (175 / 471).
[10:33:55.290266][info] (rc: 174, tile: 1/1) SGM Compute similarity volume.
[10:33:55.291266][info] (rc: 174, tile: 1/1) SGM Compute similarity volume done.
[10:33:55.291266][info] (rc: 174, tile: 1/1) SGM Optimizing volume (filtering axes: YX).
[10:33:55.616373][info] (rc: 174, tile: 1/1) SGM Optimizing volume done.
[10:33:55.616373][info] (rc: 174, tile: 1/1) SGM Retrieve best depth in volume.
[10:33:55.616373][info] (rc: 174, tile: 1/1) SGM Retrieve best depth in volume done.
[10:33:55.616373][info] (rc: 174, tile: 1/1) SGM depth/thickness map done.
[10:33:55.616373][info] (rc: 174, tile: 1/1) SGM Smooth thickness map.
[10:33:55.616373][info] (rc: 174, tile: 1/1) SGM Smooth thickness map done.
[10:33:55.616373][info] (rc: 174, tile: 1/1) Refine depth/sim map of view id: 823538995, rc: 174 (175 / 471).
[10:33:55.616373][info] (rc: 174, tile: 1/1) Refine and fuse depth/sim map volume.
[10:33:55.617373][info] (rc: 174, tile: 1/1) Refine and fuse depth/sim map volume done.
[10:33:55.617373][info] (rc: 174, tile: 1/1) Color optimize depth/sim map.
[10:33:55.619375][info] (rc: 174, tile: 1/1) Color optimize depth/sim map done.
[10:33:55.619375][info] (rc: 174, tile: 1/1) Refine depth/sim map done.
[10:33:55.636375][info] (rc: 175, tile: 1/1) Camera / Depth information: 
	- R camera:
	   - id: 175
	   - view id: 829049733
	   - depth planes: 31
	   - depths range: [1.42172-1.71373]
	- T cameras:
	   - T camera (1/10):
	      - id: 44
	      - view id: 224974560
	      - depth planes: 31
	      - depths range: [1.42172-1.71373]
	      - depth indexes range: [0-31]
	   - T camera (2/10):
	      - id: 166
	      - view id: 795649385
	      - depth planes: 31
	      - depths range: [1.42172-1.71373]
	      - depth indexes range: [0-31]
	   - T camera (3/10):
	      - id: 173
	      - view id: 822263608
	      - depth planes: 31
	      - depths range: [1.42172-1.71373]
	      - depth indexes range: [0-31]
	   - T camera (4/10):
	      - id: 178
	      - view id: 838722640
	      - depth planes: 28
	      - depths range: [1.42172-1.67924]
	      - depth indexes range: [0-28]
	   - T camera (5/10):
	      - id: 174
	      - view id: 823538995
	      - depth planes: 31
	      - depths range: [1.42172-1.71373]
	      - depth indexes range: [0-31]
	   - T camera (6/10):
	      - id: 37
	      - view id: 195893704
	      - depth planes: 31
	      - depths range: [1.42172-1.71373]
	      - depth indexes range: [0-31]
	   - T camera (7/10):
	      - id: 40
	      - view id: 214018768
	      - depth planes: 31
	      - depths range: [1.42172-1.71373]
	      - depth indexes range: [0-31]
	   - T camera (8/10):
	      - id: 177
	      - view id: 837525068
	      - depth planes: 31
	      - depths range: [1.42172-1.71373]
	      - depth indexes range: [0-31]
	   - T camera (9/10):
	      - id: 466
	      - view id: 2126841928
	      - depth planes: 31
	      - depths range: [1.42172-1.71373]
	      - depth indexes range: [0-31]
	   - T camera (10/10):
	      - id: 165
	      - view id: 792727664
	      - depth planes: 31
	      - depths range: [1.42172-1.71373]
	      - depth indexes range: [0-31]
[10:33:55.636375][info] (rc: 175, tile: 1/1) SGM depth/thickness map of view id: 829049733, rc: 175 (176 / 471).
[10:33:55.637379][info] (rc: 175, tile: 1/1) SGM Compute similarity volume.
[10:33:55.637379][info] (rc: 175, tile: 1/1) SGM Compute similarity volume done.
[10:33:55.637379][info] (rc: 175, tile: 1/1) SGM Optimizing volume (filtering axes: YX).
[10:33:56.112712][info] (rc: 175, tile: 1/1) SGM Optimizing volume done.
[10:33:56.112712][info] (rc: 175, tile: 1/1) SGM Retrieve best depth in volume.
[10:33:56.112712][info] (rc: 175, tile: 1/1) SGM Retrieve best depth in volume done.
[10:33:56.112712][info] (rc: 175, tile: 1/1) SGM depth/thickness map done.
[10:33:56.112712][info] (rc: 175, tile: 1/1) SGM Smooth thickness map.
[10:33:56.112712][info] (rc: 175, tile: 1/1) SGM Smooth thickness map done.
[10:33:56.112712][info] (rc: 175, tile: 1/1) Refine depth/sim map of view id: 829049733, rc: 175 (176 / 471).
[10:33:56.112712][info] (rc: 175, tile: 1/1) Refine and fuse depth/sim map volume.
[10:33:56.113716][info] (rc: 175, tile: 1/1) Refine and fuse depth/sim map volume done.
[10:33:56.113716][info] (rc: 175, tile: 1/1) Color optimize depth/sim map.
[10:33:56.117711][info] (rc: 175, tile: 1/1) Color optimize depth/sim map done.
[10:33:56.117711][info] (rc: 175, tile: 1/1) Refine depth/sim map done.
[10:33:56.132712][info] (rc: 176, tile: 1/1) Camera / Depth information: 
	- R camera:
	   - id: 176
	   - view id: 836612083
	   - depth planes: 35
	   - depths range: [1.41681-1.68498]
	- T cameras:
	   - T camera (1/10):
	      - id: 77
	      - view id: 379863358
	      - depth planes: 35
	      - depths range: [1.41681-1.68498]
	      - depth indexes range: [0-35]
	   - T camera (2/10):
	      - id: 42
	      - view id: 220125103
	      - depth planes: 35
	      - depths range: [1.41681-1.68498]
	      - depth indexes range: [0-35]
	   - T camera (3/10):
	      - id: 363
	      - view id: 1745221732
	      - depth planes: 35
	      - depths range: [1.41681-1.68498]
	      - depth indexes range: [0-35]
	   - T camera (4/10):
	      - id: 139
	      - view id: 674755697
	      - depth planes: 35
	      - depths range: [1.41681-1.68498]
	      - depth indexes range: [0-35]
	   - T camera (5/10):
	      - id: 43
	      - view id: 222943684
	      - depth planes: 35
	      - depths range: [1.41681-1.68498]
	      - depth indexes range: [0-35]
	   - T camera (6/10):
	      - id: 44
	      - view id: 224974560
	      - depth planes: 35
	      - depths range: [1.41681-1.68498]
	      - depth indexes range: [0-35]
	   - T camera (7/10):
	      - id: 466
	      - view id: 2126841928
	      - depth planes: 35
	      - depths range: [1.41681-1.68498]
	      - depth indexes range: [0-35]
	   - T camera (8/10):
	      - id: 165
	      - view id: 792727664
	      - depth planes: 35
	      - depths range: [1.41681-1.68498]
	      - depth indexes range: [0-35]
	   - T camera (9/10):
	      - id: 467
	      - view id: 2128589428
	      - depth planes: 35
	      - depths range: [1.41681-1.68498]
	      - depth indexes range: [0-35]
	   - T camera (10/10):
	      - id: 38
	      - view id: 201551044
	      - depth planes: 35
	      - depths range: [1.41681-1.68498]
	      - depth indexes range: [0-35]
[10:33:56.133714][info] (rc: 176, tile: 1/1) SGM depth/thickness map of view id: 836612083, rc: 176 (177 / 471).
[10:33:56.133714][info] (rc: 176, tile: 1/1) SGM Compute similarity volume.
[10:33:56.134716][info] (rc: 176, tile: 1/1) SGM Compute similarity volume done.
[10:33:56.134716][info] (rc: 176, tile: 1/1) SGM Optimizing volume (filtering axes: YX).
[10:33:56.647423][info] (rc: 176, tile: 1/1) SGM Optimizing volume done.
[10:33:56.647423][info] (rc: 176, tile: 1/1) SGM Retrieve best depth in volume.
[10:33:56.647423][info] (rc: 176, tile: 1/1) SGM Retrieve best depth in volume done.
[10:33:56.647423][info] (rc: 176, tile: 1/1) SGM depth/thickness map done.
[10:33:56.647423][info] (rc: 176, tile: 1/1) SGM Smooth thickness map.
[10:33:56.647423][info] (rc: 176, tile: 1/1) SGM Smooth thickness map done.
[10:33:56.647423][info] (rc: 176, tile: 1/1) Refine depth/sim map of view id: 836612083, rc: 176 (177 / 471).
[10:33:56.647423][info] (rc: 176, tile: 1/1) Refine and fuse depth/sim map volume.
[10:33:56.648421][info] (rc: 176, tile: 1/1) Refine and fuse depth/sim map volume done.
[10:33:56.648421][info] (rc: 176, tile: 1/1) Color optimize depth/sim map.
[10:33:56.650442][info] (rc: 176, tile: 1/1) Color optimize depth/sim map done.
[10:33:56.650442][info] (rc: 176, tile: 1/1) Refine depth/sim map done.
[10:33:57.768587][info] (rc: 177, tile: 1/1) Camera / Depth information: 
	- R camera:
	   - id: 177
	   - view id: 837525068
	   - depth planes: 115
	   - depths range: [1.03418-1.75357]
	- T cameras:
	   - T camera (1/10):
	      - id: 76
	      - view id: 379106790
	      - depth planes: 115
	      - depths range: [1.03418-1.75357]
	      - depth indexes range: [0-115]
	   - T camera (2/10):
	      - id: 77
	      - view id: 379863358
	      - depth planes: 115
	      - depths range: [1.03418-1.75357]
	      - depth indexes range: [0-115]
	   - T camera (3/10):
	      - id: 466
	      - view id: 2126841928
	      - depth planes: 115
	      - depths range: [1.03418-1.75357]
	      - depth indexes range: [0-115]
	   - T camera (4/10):
	      - id: 363
	      - view id: 1745221732
	      - depth planes: 115
	      - depths range: [1.03418-1.75357]
	      - depth indexes range: [0-115]
	   - T camera (5/10):
	      - id: 42
	      - view id: 220125103
	      - depth planes: 115
	      - depths range: [1.03418-1.75357]
	      - depth indexes range: [0-115]
	   - T camera (6/10):
	      - id: 439
	      - view id: 2040652381
	      - depth planes: 115
	      - depths range: [1.03418-1.75357]
	      - depth indexes range: [0-115]
	   - T camera (7/10):
	      - id: 467
	      - view id: 2128589428
	      - depth planes: 115
	      - depths range: [1.03418-1.75357]
	      - depth indexes range: [0-115]
	   - T camera (8/10):
	      - id: 43
	      - view id: 222943684
	      - depth planes: 115
	      - depths range: [1.03418-1.75357]
	      - depth indexes range: [0-115]
	   - T camera (9/10):
	      - id: 44
	      - view id: 224974560
	      - depth planes: 115
	      - depths range: [1.03418-1.75357]
	      - depth indexes range: [0-115]
	   - T camera (10/10):
	      - id: 175
	      - view id: 829049733
	      - depth planes: 115
	      - depths range: [1.03418-1.75357]
	      - depth indexes range: [0-115]
[10:33:57.768587][info] (rc: 177, tile: 1/1) SGM depth/thickness map of view id: 837525068, rc: 177 (178 / 471).
[10:33:57.768587][info] (rc: 177, tile: 1/1) SGM Compute similarity volume.
[10:33:57.769589][info] (rc: 177, tile: 1/1) SGM Compute similarity volume done.
[10:33:57.770588][info] (rc: 177, tile: 1/1) SGM Optimizing volume (filtering axes: YX).
[10:33:58.235141][info] (rc: 177, tile: 1/1) SGM Optimizing volume done.
[10:33:58.235141][info] (rc: 177, tile: 1/1) SGM Retrieve best depth in volume.
[10:33:58.235141][info] (rc: 177, tile: 1/1) SGM Retrieve best depth in volume done.
[10:33:58.235141][info] (rc: 177, tile: 1/1) SGM depth/thickness map done.
[10:33:58.235141][info] (rc: 177, tile: 1/1) SGM Smooth thickness map.
[10:33:58.235141][info] (rc: 177, tile: 1/1) SGM Smooth thickness map done.
[10:33:58.235141][info] (rc: 177, tile: 1/1) Refine depth/sim map of view id: 837525068, rc: 177 (178 / 471).
[10:33:58.236140][info] (rc: 177, tile: 1/1) Refine and fuse depth/sim map volume.
[10:33:58.236140][info] (rc: 177, tile: 1/1) Refine and fuse depth/sim map volume done.
[10:33:58.236140][info] (rc: 177, tile: 1/1) Color optimize depth/sim map.
[10:33:58.238132][info] (rc: 177, tile: 1/1) Color optimize depth/sim map done.
[10:33:58.238132][info] (rc: 177, tile: 1/1) Refine depth/sim map done.
[10:33:58.257138][info] (rc: 178, tile: 1/1) Camera / Depth information: 
	- R camera:
	   - id: 178
	   - view id: 838722640
	   - depth planes: 82
	   - depths range: [1.18672-1.70802]
	- T cameras:
	   - T camera (1/10):
	      - id: 76
	      - view id: 379106790
	      - depth planes: 82
	      - depths range: [1.18672-1.70802]
	      - depth indexes range: [0-82]
	   - T camera (2/10):
	      - id: 466
	      - view id: 2126841928
	      - depth planes: 82
	      - depths range: [1.18672-1.70802]
	      - depth indexes range: [0-82]
	   - T camera (3/10):
	      - id: 42
	      - view id: 220125103
	      - depth planes: 82
	      - depths range: [1.18672-1.70802]
	      - depth indexes range: [0-82]
	   - T camera (4/10):
	      - id: 165
	      - view id: 792727664
	      - depth planes: 82
	      - depths range: [1.18672-1.70802]
	      - depth indexes range: [0-82]
	   - T camera (5/10):
	      - id: 43
	      - view id: 222943684
	      - depth planes: 82
	      - depths range: [1.18672-1.70802]
	      - depth indexes range: [0-82]
	   - T camera (6/10):
	      - id: 467
	      - view id: 2128589428
	      - depth planes: 82
	      - depths range: [1.18672-1.70802]
	      - depth indexes range: [0-82]
	   - T camera (7/10):
	      - id: 44
	      - view id: 224974560
	      - depth planes: 82
	      - depths range: [1.18672-1.70802]
	      - depth indexes range: [0-82]
	   - T camera (8/10):
	      - id: 175
	      - view id: 829049733
	      - depth planes: 78
	      - depths range: [1.18672-1.67174]
	      - depth indexes range: [0-78]
	   - T camera (9/10):
	      - id: 439
	      - view id: 2040652381
	      - depth planes: 82
	      - depths range: [1.18672-1.70802]
	      - depth indexes range: [0-82]
	   - T camera (10/10):
	      - id: 38
	      - view id: 201551044
	      - depth planes: 80
	      - depths range: [1.18672-1.68969]
	      - depth indexes range: [0-80]
[10:33:58.257138][info] (rc: 178, tile: 1/1) SGM depth/thickness map of view id: 838722640, rc: 178 (179 / 471).
[10:33:58.257138][info] (rc: 178, tile: 1/1) SGM Compute similarity volume.
[10:33:58.258136][info] (rc: 178, tile: 1/1) SGM Compute similarity volume done.
[10:33:58.258136][info] (rc: 178, tile: 1/1) SGM Optimizing volume (filtering axes: YX).
[10:33:58.797591][info] (rc: 178, tile: 1/1) SGM Optimizing volume done.
[10:33:58.797591][info] (rc: 178, tile: 1/1) SGM Retrieve best depth in volume.
[10:33:58.797591][info] (rc: 178, tile: 1/1) SGM Retrieve best depth in volume done.
[10:33:58.797591][info] (rc: 178, tile: 1/1) SGM depth/thickness map done.
[10:33:58.797591][info] (rc: 178, tile: 1/1) SGM Smooth thickness map.
[10:33:58.797591][info] (rc: 178, tile: 1/1) SGM Smooth thickness map done.
[10:33:58.797591][info] (rc: 178, tile: 1/1) Refine depth/sim map of view id: 838722640, rc: 178 (179 / 471).
[10:33:58.797591][info] (rc: 178, tile: 1/1) Refine and fuse depth/sim map volume.
[10:33:58.798575][info] (rc: 178, tile: 1/1) Refine and fuse depth/sim map volume done.
[10:33:58.798575][info] (rc: 178, tile: 1/1) Color optimize depth/sim map.
[10:33:58.804109][info] (rc: 178, tile: 1/1) Color optimize depth/sim map done.
[10:33:58.804109][info] (rc: 178, tile: 1/1) Refine depth/sim map done.
[10:33:58.824138][info] (rc: 179, tile: 1/1) Camera / Depth information: 
	- R camera:
	   - id: 179
	   - view id: 860527150
	   - depth planes: 26
	   - depths range: [1.51235-1.6655]
	- T cameras:
	   - T camera (1/10):
	      - id: 418
	      - view id: 1911888489
	      - depth planes: 26
	      - depths range: [1.51235-1.6655]
	      - depth indexes range: [0-26]
	   - T camera (2/10):
	      - id: 376
	      - view id: 1773692128
	      - depth planes: 26
	      - depths range: [1.51235-1.6655]
	      - depth indexes range: [0-26]
	   - T camera (3/10):
	      - id: 56
	      - view id: 267488622
	      - depth planes: 26
	      - depths range: [1.51235-1.6655]
	      - depth indexes range: [0-26]
	   - T camera (4/10):
	      - id: 55
	      - view id: 267283454
	      - depth planes: 26
	      - depths range: [1.51235-1.6655]
	      - depth indexes range: [0-26]
	   - T camera (5/10):
	      - id: 52
	      - view id: 253540468
	      - depth planes: 26
	      - depths range: [1.51235-1.6655]
	      - depth indexes range: [0-26]
	   - T camera (6/10):
	      - id: 354
	      - view id: 1727963742
	      - depth planes: 26
	      - depths range: [1.51235-1.6655]
	      - depth indexes range: [0-26]
	   - T camera (7/10):
	      - id: 53
	      - view id: 255794849
	      - depth planes: 26
	      - depths range: [1.51235-1.6655]
	      - depth indexes range: [0-26]
	   - T camera (8/10):
	      - id: 51
	      - view id: 243239843
	      - depth planes: 26
	      - depths range: [1.51235-1.6655]
	      - depth indexes range: [0-26]
	   - T camera (9/10):
	      - id: 348
	      - view id: 1721921389
	      - depth planes: 26
	      - depths range: [1.51235-1.6655]
	      - depth indexes range: [0-26]
	   - T camera (10/10):
	      - id: 369
	      - view id: 1758874427
	      - depth planes: 26
	      - depths range: [1.51235-1.6655]
	      - depth indexes range: [0-26]
[10:33:58.824138][info] (rc: 179, tile: 1/1) SGM depth/thickness map of view id: 860527150, rc: 179 (180 / 471).
[10:33:58.825135][info] (rc: 179, tile: 1/1) SGM Compute similarity volume.
[10:33:58.825135][info] (rc: 179, tile: 1/1) SGM Compute similarity volume done.
[10:33:58.826137][info] (rc: 179, tile: 1/1) SGM Optimizing volume (filtering axes: YX).
[10:33:59.294113][info] (rc: 179, tile: 1/1) SGM Optimizing volume done.
[10:33:59.294113][info] (rc: 179, tile: 1/1) SGM Retrieve best depth in volume.
[10:33:59.294113][info] (rc: 179, tile: 1/1) SGM Retrieve best depth in volume done.
[10:33:59.294113][info] (rc: 179, tile: 1/1) SGM depth/thickness map done.
[10:33:59.294113][info] (rc: 179, tile: 1/1) SGM Smooth thickness map.
[10:33:59.294113][info] (rc: 179, tile: 1/1) SGM Smooth thickness map done.
[10:33:59.294113][info] (rc: 179, tile: 1/1) Refine depth/sim map of view id: 860527150, rc: 179 (180 / 471).
[10:33:59.295114][info] (rc: 179, tile: 1/1) Refine and fuse depth/sim map volume.
[10:33:59.295114][info] (rc: 179, tile: 1/1) Refine and fuse depth/sim map volume done.
[10:33:59.295114][info] (rc: 179, tile: 1/1) Color optimize depth/sim map.
[10:33:59.302247][info] (rc: 179, tile: 1/1) Color optimize depth/sim map done.
[10:33:59.302247][info] (rc: 179, tile: 1/1) Refine depth/sim map done.
[10:33:59.691327][info] Task done in (s): 101.797000
