[2024-11-20 10:34:00.035791] [0x000085a8] [trace]   Embedded OCIO configuration file: 'C:\Users\Avidh Bavkar\Downloads\Meshroom-2023.3.0-win64\Meshroom-2023.3.0\aliceVision/share/aliceVision/config.ocio' found.
Program called with the following parameters:
 * autoAdjustSmallImage = 1
 * chooseTCamsPerTile = 1
 * colorOptimizationEnabled = 1
 * colorOptimizationNbIterations = 100
 * customPatchPatternGroupSubpartsPerLevel = 0 (default)
 * customPatchPatternSubparts =  Unknown Type "class std::vector<struct aliceVision::depthMap::CustomPatchPatternParams::SubpartParams,class std::allocator<struct aliceVision::depthMap::CustomPatchPatternParams::SubpartParams> >" (default)
 * downscale = 2
 * exportIntermediateCrossVolumes = 0
 * exportIntermediateDepthSimMaps = 0
 * exportIntermediateNormalMaps = 0
 * exportIntermediateTopographicCutVolumes = 0
 * exportIntermediateVolume9pCsv = 0
 * exportIntermediateVolumes = 0
 * exportTilePattern = 0
 * imagesFolder = "C:/Users/Avidh Bavkar/OneDrive - purdue.edu/PETAL/PETAL_Photogrammetry/Scripts/Camera_Experiments/meshroom/MeshroomCache/PrepareDenseScene/8e3c0b2966564921603602656d4b9e6c70aa60ff"
 * input = "C:/Users/Avidh Bavkar/OneDrive - purdue.edu/PETAL/PETAL_Photogrammetry/Scripts/Camera_Experiments/meshroom/MeshroomCache/StructureFromMotion/6134e9e839f7223d14819e2da1cf90cf3a999ebe/sfm.abc"
 * maxCoresAvailable =  Unknown Type "unsigned int" (default)
 * maxMemoryAvailable = 18446744073709551615 (default)
 * maxTCams = 10
 * maxViewAngle = 70
 * minViewAngle = 2
 * nbGPUs = 0
 * output = "C:/Users/Avidh Bavkar/OneDrive - purdue.edu/PETAL/PETAL_Photogrammetry/Scripts/Camera_Experiments/meshroom/MeshroomCache/DepthMap/b4c331b9d680327a3c19c76ed2cf1434735bb201"
 * rangeSize = 12
 * rangeStart = 180
 * refineEnabled = 1
 * refineGammaC = 15.5
 * refineGammaP = 8
 * refineHalfNbDepths = 15
 * refineInterpolateMiddleDepth = 0
 * refineMaxTCamsPerTile = 4
 * refineScale = 1
 * refineSigma = 15
 * refineStepXY = 1
 * refineSubsampling = 10
 * refineUseConsistentScale = 0
 * refineUseCustomPatchPattern = 0
 * refineWSH = 3
 * sgmDepthListPerTile = 1
 * sgmDepthThicknessInflate = 0
 * sgmFilteringAxes = "YX"
 * sgmGammaC = 5.5
 * sgmGammaP = 8
 * sgmMaxDepths = 1500
 * sgmMaxSimilarity = 1
 * sgmMaxTCamsPerTile = 4
 * sgmP1 = 10
 * sgmP2Weighting = 100
 * sgmScale = 2
 * sgmSeedsRangeInflate = 0.2
 * sgmStepXY = 2
 * sgmStepZ = -1
 * sgmUseConsistentScale = 0
 * sgmUseCustomPatchPattern = 0
 * sgmUseSfmSeeds = 1
 * sgmWSH = 4
 * tileBufferHeight = 1024
 * tileBufferWidth = 1024
 * tilePadding = 64
 * verboseLevel = "info"

Hardware : 
	Detected core count : 20
	OpenMP will use 20 cores
	Detected available memory : 11310 Mo

[10:34:00.048790][info] CUDA-Enabled GPU.
Device information:
	- id:                      0
	- name:                    NVIDIA GeForce RTX 3050 Ti Laptop GPU
	- compute capability:      8.6
	- clock frequency (kHz):   1035000
	- total device memory:     4095 MB 
	- device memory available: 3282 MB 
	- per-block shared memory: 49152
	- warp size:               32
	- max threads per block:   1024
	- max threads per SM(X):   1536
	- max block sizes:         {1024,1024,64}
	- max grid sizes:          {2147483647,65535,65535}
	- max 2D array texture:    {131072,65536}
	- max 3D array texture:    {16384,16384,16384}
	- max 2D linear texture:   {131072,65000,2097120}
	- max 2D layered texture:  {32768,32768,2048}
	- number of SM(x)s:        20
	- registers per SM(x):     65536
	- registers per block:     65536
	- concurrent kernels:      yes
	- mapping host memory:     yes
	- unified addressing:      yes
	- texture alignment:       512 byte
	- pitch alignment:         32 byte
CUDA build version: 11.6
[10:34:00.355477][info] Supported CUDA-Enabled GPU detected.
[10:34:11.913508][info] Found 1 image dimension(s): 
[10:34:11.913508][info] 	- [816x624]
[10:34:12.730912][info] Overall maximum dimension: [816x624]
[10:34:12.730912][warning] Tile buffer size (width: 1024, height: 1024) is larger than the maximum image size (width: 408, height: 312).
[10:34:12.730912][warning] Single tile computation, override SGM maximum number of T cameras per tile (before: 4, now: 10).
[10:34:12.730912][warning] Single tile computation, override Refine maximum number of T cameras per tile (before: 4, now: 10).
[10:34:12.730912][warning] Single tile computation, override SGM step XY (before: 2, now: 1).
[10:34:12.731826][info] Tiling information: 
	- parameters: 
	      - buffer width:  1024 px
	      - buffer height: 1024 px
	      - padding: 64 px
	- maximum downscale:  2
	- maximum image width:  408 px
	- maximum image height: 312 px
[10:34:12.731826][info] Maximum image size is smaller than one tile, use only one tile.
[10:34:12.731826][info] SGM parameters:
	- scale: 2
	- stepXY: 1
[10:34:12.731826][info] Refine parameters:
	- scale: 1
	- stepXY: 1
[10:34:12.731826][info] Number of GPU devices: 1, number of CPU threads: 20
[10:34:13.172005][info] Device memory:
	- available: 2625.8 MB
	- requirement for the first tile: 867.892 MB
	- # computation buffers per tile: 851.867 MB (Sgm: 757.867 MB, Refine: 94 MB)
	- # input images (R + 10 Ts): 16.0247 MB (single mipmap image size: 1.45679 MB)
[10:34:13.172005][info] Parallelization:
	- # tiles per image: 1
	- # simultaneous depth maps computation: 3
	- # simultaneous tiles computation: 3
[10:34:13.235076][info] Device memory (device id: 0):
	- used: 3383.31 MB
	- available: 712.25 MB
	- total: 4095.56 MB
[10:34:15.562669][info] (rc: 180, tile: 1/1) Camera / Depth information: 
	- R camera:
	   - id: 180
	   - view id: 864810314
	   - depth planes: 57
	   - depths range: [1.37624-1.66578]
	- T cameras:
	   - T camera (1/10):
	      - id: 243
	      - view id: 1219391490
	      - depth planes: 57
	      - depths range: [1.37624-1.66578]
	      - depth indexes range: [0-57]
	   - T camera (2/10):
	      - id: 269
	      - view id: 1310267620
	      - depth planes: 57
	      - depths range: [1.37624-1.66578]
	      - depth indexes range: [0-57]
	   - T camera (3/10):
	      - id: 56
	      - view id: 267488622
	      - depth planes: 57
	      - depths range: [1.37624-1.66578]
	      - depth indexes range: [0-57]
	   - T camera (4/10):
	      - id: 0
	      - view id: 28531450
	      - depth planes: 57
	      - depths range: [1.37624-1.66578]
	      - depth indexes range: [0-57]
	   - T camera (5/10):
	      - id: 3
	      - view id: 30969912
	      - depth planes: 57
	      - depths range: [1.37624-1.66578]
	      - depth indexes range: [0-57]
	   - T camera (6/10):
	      - id: 50
	      - view id: 241661681
	      - depth planes: 57
	      - depths range: [1.37624-1.66578]
	      - depth indexes range: [0-57]
	   - T camera (7/10):
	      - id: 410
	      - view id: 1896975152
	      - depth planes: 57
	      - depths range: [1.37624-1.66578]
	      - depth indexes range: [0-57]
	   - T camera (8/10):
	      - id: 46
	      - view id: 238686383
	      - depth planes: 57
	      - depths range: [1.37624-1.66578]
	      - depth indexes range: [0-57]
	   - T camera (9/10):
	      - id: 47
	      - view id: 240009292
	      - depth planes: 57
	      - depths range: [1.37624-1.66578]
	      - depth indexes range: [0-57]
	   - T camera (10/10):
	      - id: 418
	      - view id: 1911888489
	      - depth planes: 57
	      - depths range: [1.37624-1.66578]
	      - depth indexes range: [0-57]
[10:34:15.563233][info] (rc: 180, tile: 1/1) SGM depth/thickness map of view id: 864810314, rc: 180 (181 / 471).
[10:34:15.563233][info] (rc: 180, tile: 1/1) SGM Compute similarity volume.
[10:34:15.564288][info] (rc: 180, tile: 1/1) SGM Compute similarity volume done.
[10:34:15.564288][info] (rc: 180, tile: 1/1) SGM Optimizing volume (filtering axes: YX).
[10:34:16.158960][info] (rc: 180, tile: 1/1) SGM Optimizing volume done.
[10:34:16.158960][info] (rc: 180, tile: 1/1) SGM Retrieve best depth in volume.
[10:34:16.158960][info] (rc: 180, tile: 1/1) SGM Retrieve best depth in volume done.
[10:34:16.158960][info] (rc: 180, tile: 1/1) SGM depth/thickness map done.
[10:34:16.158960][info] (rc: 180, tile: 1/1) SGM Smooth thickness map.
[10:34:16.158960][info] (rc: 180, tile: 1/1) SGM Smooth thickness map done.
[10:34:16.158960][info] (rc: 180, tile: 1/1) Refine depth/sim map of view id: 864810314, rc: 180 (181 / 471).
[10:34:16.159959][info] (rc: 180, tile: 1/1) Refine and fuse depth/sim map volume.
[10:34:16.159959][info] (rc: 180, tile: 1/1) Refine and fuse depth/sim map volume done.
[10:34:16.159959][info] (rc: 180, tile: 1/1) Color optimize depth/sim map.
[10:34:16.161954][info] (rc: 180, tile: 1/1) Color optimize depth/sim map done.
[10:34:16.161954][info] (rc: 180, tile: 1/1) Refine depth/sim map done.
[10:34:16.170203][info] (rc: 181, tile: 1/1) Camera / Depth information: 
	- R camera:
	   - id: 181
	   - view id: 865594889
	   - depth planes: 84
	   - depths range: [1.20781-1.68806]
	- T cameras:
	   - T camera (1/10):
	      - id: 269
	      - view id: 1310267620
	      - depth planes: 84
	      - depths range: [1.20781-1.68806]
	      - depth indexes range: [0-84]
	   - T camera (2/10):
	      - id: 0
	      - view id: 28531450
	      - depth planes: 84
	      - depths range: [1.20781-1.68806]
	      - depth indexes range: [0-84]
	   - T camera (3/10):
	      - id: 56
	      - view id: 267488622
	      - depth planes: 84
	      - depths range: [1.20781-1.68806]
	      - depth indexes range: [0-84]
	   - T camera (4/10):
	      - id: 3
	      - view id: 30969912
	      - depth planes: 84
	      - depths range: [1.20781-1.68806]
	      - depth indexes range: [0-84]
	   - T camera (5/10):
	      - id: 50
	      - view id: 241661681
	      - depth planes: 84
	      - depths range: [1.20781-1.68806]
	      - depth indexes range: [0-84]
	   - T camera (6/10):
	      - id: 46
	      - view id: 238686383
	      - depth planes: 84
	      - depths range: [1.20781-1.68806]
	      - depth indexes range: [0-84]
	   - T camera (7/10):
	      - id: 47
	      - view id: 240009292
	      - depth planes: 84
	      - depths range: [1.20781-1.68806]
	      - depth indexes range: [0-84]
	   - T camera (8/10):
	      - id: 410
	      - view id: 1896975152
	      - depth planes: 84
	      - depths range: [1.20781-1.68806]
	      - depth indexes range: [0-84]
	   - T camera (9/10):
	      - id: 49
	      - view id: 240632771
	      - depth planes: 84
	      - depths range: [1.20781-1.68806]
	      - depth indexes range: [0-84]
	   - T camera (10/10):
	      - id: 48
	      - view id: 240190079
	      - depth planes: 74
	      - depths range: [1.20781-1.61104]
	      - depth indexes range: [0-74]
[10:34:16.170203][info] (rc: 181, tile: 1/1) SGM depth/thickness map of view id: 865594889, rc: 181 (182 / 471).
[10:34:16.170203][info] (rc: 181, tile: 1/1) SGM Compute similarity volume.
[10:34:16.170203][info] (rc: 181, tile: 1/1) SGM Compute similarity volume done.
[10:34:16.170203][info] (rc: 181, tile: 1/1) SGM Optimizing volume (filtering axes: YX).
[10:34:16.690131][info] (rc: 181, tile: 1/1) SGM Optimizing volume done.
[10:34:16.690131][info] (rc: 181, tile: 1/1) SGM Retrieve best depth in volume.
[10:34:16.690131][info] (rc: 181, tile: 1/1) SGM Retrieve best depth in volume done.
[10:34:16.690131][info] (rc: 181, tile: 1/1) SGM depth/thickness map done.
[10:34:16.690131][info] (rc: 181, tile: 1/1) SGM Smooth thickness map.
[10:34:16.690131][info] (rc: 181, tile: 1/1) SGM Smooth thickness map done.
[10:34:16.690131][info] (rc: 181, tile: 1/1) Refine depth/sim map of view id: 865594889, rc: 181 (182 / 471).
[10:34:16.690131][info] (rc: 181, tile: 1/1) Refine and fuse depth/sim map volume.
[10:34:16.691098][info] (rc: 181, tile: 1/1) Refine and fuse depth/sim map volume done.
[10:34:16.691098][info] (rc: 181, tile: 1/1) Color optimize depth/sim map.
[10:34:16.695104][info] (rc: 181, tile: 1/1) Color optimize depth/sim map done.
[10:34:16.695104][info] (rc: 181, tile: 1/1) Refine depth/sim map done.
[10:34:16.702173][info] (rc: 182, tile: 1/1) Camera / Depth information: 
	- R camera:
	   - id: 182
	   - view id: 889204867
	   - depth planes: 31
	   - depths range: [1.4752-1.79881]
	- T cameras:
	   - T camera (1/10):
	      - id: 228
	      - view id: 1099780320
	      - depth planes: 31
	      - depths range: [1.4752-1.79881]
	      - depth indexes range: [0-31]
	   - T camera (2/10):
	      - id: 229
	      - view id: 1101489580
	      - depth planes: 31
	      - depths range: [1.4752-1.79881]
	      - depth indexes range: [0-31]
	   - T camera (3/10):
	      - id: 105
	      - view id: 514720317
	      - depth planes: 31
	      - depths range: [1.4752-1.79881]
	      - depth indexes range: [0-31]
	   - T camera (4/10):
	      - id: 381
	      - view id: 1779884273
	      - depth planes: 31
	      - depths range: [1.4752-1.79881]
	      - depth indexes range: [0-31]
	   - T camera (5/10):
	      - id: 230
	      - view id: 1104695665
	      - depth planes: 31
	      - depths range: [1.4752-1.79881]
	      - depth indexes range: [0-31]
	   - T camera (6/10):
	      - id: 227
	      - view id: 1076952072
	      - depth planes: 31
	      - depths range: [1.4752-1.79881]
	      - depth indexes range: [0-31]
	   - T camera (7/10):
	      - id: 225
	      - view id: 1075746634
	      - depth planes: 31
	      - depths range: [1.4752-1.79881]
	      - depth indexes range: [0-31]
	   - T camera (8/10):
	      - id: 226
	      - view id: 1076088150
	      - depth planes: 18
	      - depths range: [1.4752-1.64265]
	      - depth indexes range: [0-18]
	   - T camera (9/10):
	      - id: 365
	      - view id: 1753499537
	      - depth planes: 30
	      - depths range: [1.4752-1.78575]
	      - depth indexes range: [0-30]
	   - T camera (10/10):
	      - id: 377
	      - view id: 1775129895
	      - depth planes: 31
	      - depths range: [1.4752-1.79881]
	      - depth indexes range: [0-31]
[10:34:16.702173][info] (rc: 182, tile: 1/1) SGM depth/thickness map of view id: 889204867, rc: 182 (183 / 471).
[10:34:16.703077][info] (rc: 182, tile: 1/1) SGM Compute similarity volume.
[10:34:16.703077][info] (rc: 182, tile: 1/1) SGM Compute similarity volume done.
[10:34:16.703077][info] (rc: 182, tile: 1/1) SGM Optimizing volume (filtering axes: YX).
[10:34:17.120366][info] (rc: 182, tile: 1/1) SGM Optimizing volume done.
[10:34:17.120366][info] (rc: 182, tile: 1/1) SGM Retrieve best depth in volume.
[10:34:17.120366][info] (rc: 182, tile: 1/1) SGM Retrieve best depth in volume done.
[10:34:17.120366][info] (rc: 182, tile: 1/1) SGM depth/thickness map done.
[10:34:17.120366][info] (rc: 182, tile: 1/1) SGM Smooth thickness map.
[10:34:17.120366][info] (rc: 182, tile: 1/1) SGM Smooth thickness map done.
[10:34:17.120366][info] (rc: 182, tile: 1/1) Refine depth/sim map of view id: 889204867, rc: 182 (183 / 471).
[10:34:17.120366][info] (rc: 182, tile: 1/1) Refine and fuse depth/sim map volume.
[10:34:17.120366][info] (rc: 182, tile: 1/1) Refine and fuse depth/sim map volume done.
[10:34:17.120366][info] (rc: 182, tile: 1/1) Color optimize depth/sim map.
[10:34:17.122362][info] (rc: 182, tile: 1/1) Color optimize depth/sim map done.
[10:34:17.122362][info] (rc: 182, tile: 1/1) Refine depth/sim map done.
[10:34:19.331342][info] (rc: 183, tile: 1/1) Camera / Depth information: 
	- R camera:
	   - id: 183
	   - view id: 902294514
	   - depth planes: 67
	   - depths range: [1.20632-1.84101]
	- T cameras:
	   - T camera (1/10):
	      - id: 228
	      - view id: 1099780320
	      - depth planes: 67
	      - depths range: [1.20632-1.84101]
	      - depth indexes range: [0-67]
	   - T camera (2/10):
	      - id: 230
	      - view id: 1104695665
	      - depth planes: 67
	      - depths range: [1.20632-1.84101]
	      - depth indexes range: [0-67]
	   - T camera (3/10):
	      - id: 227
	      - view id: 1076952072
	      - depth planes: 67
	      - depths range: [1.20632-1.84101]
	      - depth indexes range: [0-67]
	   - T camera (4/10):
	      - id: 105
	      - view id: 514720317
	      - depth planes: 67
	      - depths range: [1.20632-1.84101]
	      - depth indexes range: [0-67]
	   - T camera (5/10):
	      - id: 106
	      - view id: 515514491
	      - depth planes: 67
	      - depths range: [1.20632-1.84101]
	      - depth indexes range: [0-67]
	   - T camera (6/10):
	      - id: 381
	      - view id: 1779884273
	      - depth planes: 67
	      - depths range: [1.20632-1.84101]
	      - depth indexes range: [0-67]
	   - T camera (7/10):
	      - id: 226
	      - view id: 1076088150
	      - depth planes: 67
	      - depths range: [1.20632-1.84101]
	      - depth indexes range: [0-67]
	   - T camera (8/10):
	      - id: 225
	      - view id: 1075746634
	      - depth planes: 67
	      - depths range: [1.20632-1.84101]
	      - depth indexes range: [0-67]
	   - T camera (9/10):
	      - id: 377
	      - view id: 1775129895
	      - depth planes: 67
	      - depths range: [1.20632-1.84101]
	      - depth indexes range: [0-67]
	   - T camera (10/10):
	      - id: 366
	      - view id: 1755471681
	      - depth planes: 67
	      - depths range: [1.20632-1.84101]
	      - depth indexes range: [0-67]
[10:34:19.331342][info] (rc: 183, tile: 1/1) SGM depth/thickness map of view id: 902294514, rc: 183 (184 / 471).
[10:34:19.331342][info] (rc: 183, tile: 1/1) SGM Compute similarity volume.
[10:34:19.332340][info] (rc: 183, tile: 1/1) SGM Compute similarity volume done.
[10:34:19.332340][info] (rc: 183, tile: 1/1) SGM Optimizing volume (filtering axes: YX).
[10:34:19.870389][info] (rc: 183, tile: 1/1) SGM Optimizing volume done.
[10:34:19.870389][info] (rc: 183, tile: 1/1) SGM Retrieve best depth in volume.
[10:34:19.870389][info] (rc: 183, tile: 1/1) SGM Retrieve best depth in volume done.
[10:34:19.870389][info] (rc: 183, tile: 1/1) SGM depth/thickness map done.
[10:34:19.870389][info] (rc: 183, tile: 1/1) SGM Smooth thickness map.
[10:34:19.871387][info] (rc: 183, tile: 1/1) SGM Smooth thickness map done.
[10:34:19.871387][info] (rc: 183, tile: 1/1) Refine depth/sim map of view id: 902294514, rc: 183 (184 / 471).
[10:34:19.871387][info] (rc: 183, tile: 1/1) Refine and fuse depth/sim map volume.
[10:34:19.871387][info] (rc: 183, tile: 1/1) Refine and fuse depth/sim map volume done.
[10:34:19.871387][info] (rc: 183, tile: 1/1) Color optimize depth/sim map.
[10:34:19.873403][info] (rc: 183, tile: 1/1) Color optimize depth/sim map done.
[10:34:19.873403][info] (rc: 183, tile: 1/1) Refine depth/sim map done.
[10:34:19.881524][info] (rc: 184, tile: 1/1) Camera / Depth information: 
	- R camera:
	   - id: 184
	   - view id: 908494615
	   - depth planes: 60
	   - depths range: [1.43942-2.09916]
	- T cameras:
	   - T camera (1/10):
	      - id: 200
	      - view id: 980879293
	      - depth planes: 60
	      - depths range: [1.43942-2.09916]
	      - depth indexes range: [0-60]
	   - T camera (2/10):
	      - id: 107
	      - view id: 516095249
	      - depth planes: 60
	      - depths range: [1.43942-2.09916]
	      - depth indexes range: [0-60]
	   - T camera (3/10):
	      - id: 104
	      - view id: 512761770
	      - depth planes: 60
	      - depths range: [1.43942-2.09916]
	      - depth indexes range: [0-60]
	   - T camera (4/10):
	      - id: 20
	      - view id: 77316084
	      - depth planes: 60
	      - depths range: [1.43942-2.09916]
	      - depth indexes range: [0-60]
	   - T camera (5/10):
	      - id: 110
	      - view id: 518285018
	      - depth planes: 60
	      - depths range: [1.43942-2.09916]
	      - depth indexes range: [0-60]
	   - T camera (6/10):
	      - id: 23
	      - view id: 90586369
	      - depth planes: 60
	      - depths range: [1.43942-2.09916]
	      - depth indexes range: [0-60]
	   - T camera (7/10):
	      - id: 108
	      - view id: 516357712
	      - depth planes: 60
	      - depths range: [1.43942-2.09916]
	      - depth indexes range: [0-60]
	   - T camera (8/10):
	      - id: 192
	      - view id: 934531524
	      - depth planes: 60
	      - depths range: [1.43942-2.09916]
	      - depth indexes range: [0-60]
	   - T camera (9/10):
	      - id: 436
	      - view id: 2032966634
	      - depth planes: 46
	      - depths range: [1.43942-1.89376]
	      - depth indexes range: [0-46]
	   - T camera (10/10):
	      - id: 193
	      - view id: 934771345
	      - depth planes: 60
	      - depths range: [1.43942-2.09916]
	      - depth indexes range: [0-60]
[10:34:19.881524][info] (rc: 184, tile: 1/1) SGM depth/thickness map of view id: 908494615, rc: 184 (185 / 471).
[10:34:19.881524][info] (rc: 184, tile: 1/1) SGM Compute similarity volume.
[10:34:19.881524][info] (rc: 184, tile: 1/1) SGM Compute similarity volume done.
[10:34:19.881524][info] (rc: 184, tile: 1/1) SGM Optimizing volume (filtering axes: YX).
[10:34:20.355964][info] (rc: 184, tile: 1/1) SGM Optimizing volume done.
[10:34:20.355964][info] (rc: 184, tile: 1/1) SGM Retrieve best depth in volume.
[10:34:20.355964][info] (rc: 184, tile: 1/1) SGM Retrieve best depth in volume done.
[10:34:20.355964][info] (rc: 184, tile: 1/1) SGM depth/thickness map done.
[10:34:20.355964][info] (rc: 184, tile: 1/1) SGM Smooth thickness map.
[10:34:20.355964][info] (rc: 184, tile: 1/1) SGM Smooth thickness map done.
[10:34:20.355964][info] (rc: 184, tile: 1/1) Refine depth/sim map of view id: 908494615, rc: 184 (185 / 471).
[10:34:20.355964][info] (rc: 184, tile: 1/1) Refine and fuse depth/sim map volume.
[10:34:20.355964][info] (rc: 184, tile: 1/1) Refine and fuse depth/sim map volume done.
[10:34:20.355964][info] (rc: 184, tile: 1/1) Color optimize depth/sim map.
[10:34:20.357979][info] (rc: 184, tile: 1/1) Color optimize depth/sim map done.
[10:34:20.357979][info] (rc: 184, tile: 1/1) Refine depth/sim map done.
[10:34:20.371976][info] (rc: 185, tile: 1/1) Camera / Depth information: 
	- R camera:
	   - id: 185
	   - view id: 918738918
	   - depth planes: 156
	   - depths range: [0.985629-1.74352]
	- T cameras:
	   - T camera (1/10):
	      - id: 142
	      - view id: 683226007
	      - depth planes: 125
	      - depths range: [1.08834-1.74352]
	      - depth indexes range: [31-156]
	   - T camera (2/10):
	      - id: 143
	      - view id: 684444599
	      - depth planes: 133
	      - depths range: [1.06183-1.74352]
	      - depth indexes range: [23-156]
	   - T camera (3/10):
	      - id: 148
	      - view id: 692175877
	      - depth planes: 156
	      - depths range: [0.985629-1.74352]
	      - depth indexes range: [0-156]
	   - T camera (4/10):
	      - id: 167
	      - view id: 803517795
	      - depth planes: 156
	      - depths range: [0.985629-1.74352]
	      - depth indexes range: [0-156]
	   - T camera (5/10):
	      - id: 314
	      - view id: 1533079146
	      - depth planes: 156
	      - depths range: [0.985629-1.74352]
	      - depth indexes range: [0-156]
	   - T camera (6/10):
	      - id: 229
	      - view id: 1101489580
	      - depth planes: 156
	      - depths range: [0.985629-1.74352]
	      - depth indexes range: [0-156]
	   - T camera (7/10):
	      - id: 367
	      - view id: 1755702172
	      - depth planes: 156
	      - depths range: [0.985629-1.74352]
	      - depth indexes range: [0-156]
	   - T camera (8/10):
	      - id: 365
	      - view id: 1753499537
	      - depth planes: 156
	      - depths range: [0.985629-1.74352]
	      - depth indexes range: [0-156]
	   - T camera (9/10):
	      - id: 228
	      - view id: 1099780320
	      - depth planes: 156
	      - depths range: [0.985629-1.74352]
	      - depth indexes range: [0-156]
	   - T camera (10/10):
	      - id: 373
	      - view id: 1765406467
	      - depth planes: 156
	      - depths range: [0.985629-1.74352]
	      - depth indexes range: [0-156]
[10:34:20.371976][info] (rc: 185, tile: 1/1) SGM depth/thickness map of view id: 918738918, rc: 185 (186 / 471).
[10:34:20.371976][info] (rc: 185, tile: 1/1) SGM Compute similarity volume.
[10:34:20.371976][info] (rc: 185, tile: 1/1) SGM Compute similarity volume done.
[10:34:20.371976][info] (rc: 185, tile: 1/1) SGM Optimizing volume (filtering axes: YX).
[10:34:20.993015][info] (rc: 185, tile: 1/1) SGM Optimizing volume done.
[10:34:20.993015][info] (rc: 185, tile: 1/1) SGM Retrieve best depth in volume.
[10:34:20.993015][info] (rc: 185, tile: 1/1) SGM Retrieve best depth in volume done.
[10:34:20.994370][info] (rc: 185, tile: 1/1) SGM depth/thickness map done.
[10:34:20.994370][info] (rc: 185, tile: 1/1) SGM Smooth thickness map.
[10:34:20.994370][info] (rc: 185, tile: 1/1) SGM Smooth thickness map done.
[10:34:20.994370][info] (rc: 185, tile: 1/1) Refine depth/sim map of view id: 918738918, rc: 185 (186 / 471).
[10:34:20.994370][info] (rc: 185, tile: 1/1) Refine and fuse depth/sim map volume.
[10:34:20.994370][info] (rc: 185, tile: 1/1) Refine and fuse depth/sim map volume done.
[10:34:20.994370][info] (rc: 185, tile: 1/1) Color optimize depth/sim map.
[10:34:21.001468][info] (rc: 185, tile: 1/1) Color optimize depth/sim map done.
[10:34:21.001468][info] (rc: 185, tile: 1/1) Refine depth/sim map done.
[10:34:22.122982][info] (rc: 186, tile: 1/1) Camera / Depth information: 
	- R camera:
	   - id: 186
	   - view id: 924275644
	   - depth planes: 67
	   - depths range: [1.46066-2.31049]
	- T cameras:
	   - T camera (1/10):
	      - id: 107
	      - view id: 516095249
	      - depth planes: 67
	      - depths range: [1.46066-2.31049]
	      - depth indexes range: [0-67]
	   - T camera (2/10):
	      - id: 16
	      - view id: 71156788
	      - depth planes: 67
	      - depths range: [1.46066-2.31049]
	      - depth indexes range: [0-67]
	   - T camera (3/10):
	      - id: 108
	      - view id: 516357712
	      - depth planes: 67
	      - depths range: [1.46066-2.31049]
	      - depth indexes range: [0-67]
	   - T camera (4/10):
	      - id: 19
	      - view id: 75994757
	      - depth planes: 67
	      - depths range: [1.46066-2.31049]
	      - depth indexes range: [0-67]
	   - T camera (5/10):
	      - id: 23
	      - view id: 90586369
	      - depth planes: 67
	      - depths range: [1.46066-2.31049]
	      - depth indexes range: [0-67]
	   - T camera (6/10):
	      - id: 20
	      - view id: 77316084
	      - depth planes: 67
	      - depths range: [1.46066-2.31049]
	      - depth indexes range: [0-67]
	   - T camera (7/10):
	      - id: 436
	      - view id: 2032966634
	      - depth planes: 67
	      - depths range: [1.46066-2.31049]
	      - depth indexes range: [0-67]
	   - T camera (8/10):
	      - id: 192
	      - view id: 934531524
	      - depth planes: 38
	      - depths range: [1.46066-1.84091]
	      - depth indexes range: [0-38]
	   - T camera (9/10):
	      - id: 110
	      - view id: 518285018
	      - depth planes: 67
	      - depths range: [1.46066-2.31049]
	      - depth indexes range: [0-67]
	   - T camera (10/10):
	      - id: 435
	      - view id: 2030687873
	      - depth planes: 50
	      - depths range: [1.46066-2.01013]
	      - depth indexes range: [0-50]
[10:34:22.122982][info] (rc: 186, tile: 1/1) SGM depth/thickness map of view id: 924275644, rc: 186 (187 / 471).
[10:34:22.124023][info] (rc: 186, tile: 1/1) SGM Compute similarity volume.
[10:34:22.124023][info] (rc: 186, tile: 1/1) SGM Compute similarity volume done.
[10:34:22.124023][info] (rc: 186, tile: 1/1) SGM Optimizing volume (filtering axes: YX).
[10:34:22.481943][info] (rc: 186, tile: 1/1) SGM Optimizing volume done.
[10:34:22.482966][info] (rc: 186, tile: 1/1) SGM Retrieve best depth in volume.
[10:34:22.482966][info] (rc: 186, tile: 1/1) SGM Retrieve best depth in volume done.
[10:34:22.482966][info] (rc: 186, tile: 1/1) SGM depth/thickness map done.
[10:34:22.482966][info] (rc: 186, tile: 1/1) SGM Smooth thickness map.
[10:34:22.482966][info] (rc: 186, tile: 1/1) SGM Smooth thickness map done.
[10:34:22.482966][info] (rc: 186, tile: 1/1) Refine depth/sim map of view id: 924275644, rc: 186 (187 / 471).
[10:34:22.483974][info] (rc: 186, tile: 1/1) Refine and fuse depth/sim map volume.
[10:34:22.484964][info] (rc: 186, tile: 1/1) Refine and fuse depth/sim map volume done.
[10:34:22.484964][info] (rc: 186, tile: 1/1) Color optimize depth/sim map.
[10:34:22.491964][info] (rc: 186, tile: 1/1) Color optimize depth/sim map done.
[10:34:22.491964][info] (rc: 186, tile: 1/1) Refine depth/sim map done.
[10:34:22.510044][info] (rc: 187, tile: 1/1) Camera / Depth information: 
	- R camera:
	   - id: 187
	   - view id: 925377839
	   - depth planes: 20
	   - depths range: [1.4927-1.66359]
	- T cameras:
	   - T camera (1/10):
	      - id: 111
	      - view id: 518952327
	      - depth planes: 20
	      - depths range: [1.4927-1.66359]
	      - depth indexes range: [0-20]
	   - T camera (2/10):
	      - id: 148
	      - view id: 692175877
	      - depth planes: 20
	      - depths range: [1.4927-1.66359]
	      - depth indexes range: [0-20]
	   - T camera (3/10):
	      - id: 167
	      - view id: 803517795
	      - depth planes: 20
	      - depths range: [1.4927-1.66359]
	      - depth indexes range: [0-20]
	   - T camera (4/10):
	      - id: 314
	      - view id: 1533079146
	      - depth planes: 20
	      - depths range: [1.4927-1.66359]
	      - depth indexes range: [0-20]
	   - T camera (5/10):
	      - id: 228
	      - view id: 1099780320
	      - depth planes: 20
	      - depths range: [1.4927-1.66359]
	      - depth indexes range: [0-20]
	   - T camera (6/10):
	      - id: 229
	      - view id: 1101489580
	      - depth planes: 20
	      - depths range: [1.4927-1.66359]
	      - depth indexes range: [0-20]
	   - T camera (7/10):
	      - id: 365
	      - view id: 1753499537
	      - depth planes: 20
	      - depths range: [1.4927-1.66359]
	      - depth indexes range: [0-20]
	   - T camera (8/10):
	      - id: 230
	      - view id: 1104695665
	      - depth planes: 20
	      - depths range: [1.4927-1.66359]
	      - depth indexes range: [0-20]
	   - T camera (9/10):
	      - id: 373
	      - view id: 1765406467
	      - depth planes: 20
	      - depths range: [1.4927-1.66359]
	      - depth indexes range: [0-20]
	   - T camera (10/10):
	      - id: 367
	      - view id: 1755702172
	      - depth planes: 20
	      - depths range: [1.4927-1.66359]
	      - depth indexes range: [0-20]
[10:34:22.510044][info] (rc: 187, tile: 1/1) SGM depth/thickness map of view id: 925377839, rc: 187 (188 / 471).
[10:34:22.511031][info] (rc: 187, tile: 1/1) SGM Compute similarity volume.
[10:34:22.511031][info] (rc: 187, tile: 1/1) SGM Compute similarity volume done.
[10:34:22.511031][info] (rc: 187, tile: 1/1) SGM Optimizing volume (filtering axes: YX).
[10:34:22.925302][info] (rc: 187, tile: 1/1) SGM Optimizing volume done.
[10:34:22.925302][info] (rc: 187, tile: 1/1) SGM Retrieve best depth in volume.
[10:34:22.926306][info] (rc: 187, tile: 1/1) SGM Retrieve best depth in volume done.
[10:34:22.926306][info] (rc: 187, tile: 1/1) SGM depth/thickness map done.
[10:34:22.926306][info] (rc: 187, tile: 1/1) SGM Smooth thickness map.
[10:34:22.926306][info] (rc: 187, tile: 1/1) SGM Smooth thickness map done.
[10:34:22.926306][info] (rc: 187, tile: 1/1) Refine depth/sim map of view id: 925377839, rc: 187 (188 / 471).
[10:34:22.926306][info] (rc: 187, tile: 1/1) Refine and fuse depth/sim map volume.
[10:34:22.926306][info] (rc: 187, tile: 1/1) Refine and fuse depth/sim map volume done.
[10:34:22.926306][info] (rc: 187, tile: 1/1) Color optimize depth/sim map.
[10:34:22.928377][info] (rc: 187, tile: 1/1) Color optimize depth/sim map done.
[10:34:22.928377][info] (rc: 187, tile: 1/1) Refine depth/sim map done.
[10:34:22.939487][info] (rc: 188, tile: 1/1) Camera / Depth information: 
	- R camera:
	   - id: 188
	   - view id: 928405178
	   - depth planes: 30
	   - depths range: [1.46936-1.80185]
	- T cameras:
	   - T camera (1/10):
	      - id: 106
	      - view id: 515514491
	      - depth planes: 30
	      - depths range: [1.46936-1.80185]
	      - depth indexes range: [0-30]
	   - T camera (2/10):
	      - id: 105
	      - view id: 514720317
	      - depth planes: 30
	      - depths range: [1.46936-1.80185]
	      - depth indexes range: [0-30]
	   - T camera (3/10):
	      - id: 229
	      - view id: 1101489580
	      - depth planes: 30
	      - depths range: [1.46936-1.80185]
	      - depth indexes range: [0-30]
	   - T camera (4/10):
	      - id: 97
	      - view id: 487027095
	      - depth planes: 30
	      - depths range: [1.46936-1.80185]
	      - depth indexes range: [0-30]
	   - T camera (5/10):
	      - id: 381
	      - view id: 1779884273
	      - depth planes: 30
	      - depths range: [1.46936-1.80185]
	      - depth indexes range: [0-30]
	   - T camera (6/10):
	      - id: 383
	      - view id: 1781800058
	      - depth planes: 30
	      - depths range: [1.46936-1.80185]
	      - depth indexes range: [0-30]
	   - T camera (7/10):
	      - id: 228
	      - view id: 1099780320
	      - depth planes: 30
	      - depths range: [1.46936-1.80185]
	      - depth indexes range: [0-30]
	   - T camera (8/10):
	      - id: 230
	      - view id: 1104695665
	      - depth planes: 30
	      - depths range: [1.46936-1.80185]
	      - depth indexes range: [0-30]
	   - T camera (9/10):
	      - id: 227
	      - view id: 1076952072
	      - depth planes: 30
	      - depths range: [1.46936-1.80185]
	      - depth indexes range: [0-30]
	   - T camera (10/10):
	      - id: 365
	      - view id: 1753499537
	      - depth planes: 30
	      - depths range: [1.46936-1.80185]
	      - depth indexes range: [0-30]
[10:34:22.939487][info] (rc: 188, tile: 1/1) SGM depth/thickness map of view id: 928405178, rc: 188 (189 / 471).
[10:34:22.939487][info] (rc: 188, tile: 1/1) SGM Compute similarity volume.
[10:34:22.939487][info] (rc: 188, tile: 1/1) SGM Compute similarity volume done.
[10:34:22.939487][info] (rc: 188, tile: 1/1) SGM Optimizing volume (filtering axes: YX).
[10:34:23.410146][info] (rc: 188, tile: 1/1) SGM Optimizing volume done.
[10:34:23.410146][info] (rc: 188, tile: 1/1) SGM Retrieve best depth in volume.
[10:34:23.410146][info] (rc: 188, tile: 1/1) SGM Retrieve best depth in volume done.
[10:34:23.410146][info] (rc: 188, tile: 1/1) SGM depth/thickness map done.
[10:34:23.410146][info] (rc: 188, tile: 1/1) SGM Smooth thickness map.
[10:34:23.410146][info] (rc: 188, tile: 1/1) SGM Smooth thickness map done.
[10:34:23.410146][info] (rc: 188, tile: 1/1) Refine depth/sim map of view id: 928405178, rc: 188 (189 / 471).
[10:34:23.410146][info] (rc: 188, tile: 1/1) Refine and fuse depth/sim map volume.
[10:34:23.411147][info] (rc: 188, tile: 1/1) Refine and fuse depth/sim map volume done.
[10:34:23.411147][info] (rc: 188, tile: 1/1) Color optimize depth/sim map.
[10:34:23.413144][info] (rc: 188, tile: 1/1) Color optimize depth/sim map done.
[10:34:23.413144][info] (rc: 188, tile: 1/1) Refine depth/sim map done.
[10:34:25.036589][info] (rc: 189, tile: 1/1) Camera / Depth information: 
	- R camera:
	   - id: 189
	   - view id: 930907230
	   - depth planes: 20
	   - depths range: [1.49176-1.66285]
	- T cameras:
	   - T camera (1/10):
	      - id: 167
	      - view id: 803517795
	      - depth planes: 20
	      - depths range: [1.49176-1.66285]
	      - depth indexes range: [0-20]
	   - T camera (2/10):
	      - id: 314
	      - view id: 1533079146
	      - depth planes: 20
	      - depths range: [1.49176-1.66285]
	      - depth indexes range: [0-20]
	   - T camera (3/10):
	      - id: 229
	      - view id: 1101489580
	      - depth planes: 20
	      - depths range: [1.49176-1.66285]
	      - depth indexes range: [0-20]
	   - T camera (4/10):
	      - id: 383
	      - view id: 1781800058
	      - depth planes: 20
	      - depths range: [1.49176-1.66285]
	      - depth indexes range: [0-20]
	   - T camera (5/10):
	      - id: 106
	      - view id: 515514491
	      - depth planes: 20
	      - depths range: [1.49176-1.66285]
	      - depth indexes range: [0-20]
	   - T camera (6/10):
	      - id: 228
	      - view id: 1099780320
	      - depth planes: 20
	      - depths range: [1.49176-1.66285]
	      - depth indexes range: [0-20]
	   - T camera (7/10):
	      - id: 230
	      - view id: 1104695665
	      - depth planes: 20
	      - depths range: [1.49176-1.66285]
	      - depth indexes range: [0-20]
	   - T camera (8/10):
	      - id: 227
	      - view id: 1076952072
	      - depth planes: 20
	      - depths range: [1.49176-1.66285]
	      - depth indexes range: [0-20]
	   - T camera (9/10):
	      - id: 367
	      - view id: 1755702172
	      - depth planes: 20
	      - depths range: [1.49176-1.66285]
	      - depth indexes range: [0-20]
	   - T camera (10/10):
	      - id: 365
	      - view id: 1753499537
	      - depth planes: 20
	      - depths range: [1.49176-1.66285]
	      - depth indexes range: [0-20]
[10:34:25.036589][info] (rc: 189, tile: 1/1) SGM depth/thickness map of view id: 930907230, rc: 189 (190 / 471).
[10:34:25.036589][info] (rc: 189, tile: 1/1) SGM Compute similarity volume.
[10:34:25.037594][info] (rc: 189, tile: 1/1) SGM Compute similarity volume done.
[10:34:25.037594][info] (rc: 189, tile: 1/1) SGM Optimizing volume (filtering axes: YX).
[10:34:25.366362][info] (rc: 189, tile: 1/1) SGM Optimizing volume done.
[10:34:25.366362][info] (rc: 189, tile: 1/1) SGM Retrieve best depth in volume.
[10:34:25.366362][info] (rc: 189, tile: 1/1) SGM Retrieve best depth in volume done.
[10:34:25.366362][info] (rc: 189, tile: 1/1) SGM depth/thickness map done.
[10:34:25.366362][info] (rc: 189, tile: 1/1) SGM Smooth thickness map.
[10:34:25.366362][info] (rc: 189, tile: 1/1) SGM Smooth thickness map done.
[10:34:25.366362][info] (rc: 189, tile: 1/1) Refine depth/sim map of view id: 930907230, rc: 189 (190 / 471).
[10:34:25.366362][info] (rc: 189, tile: 1/1) Refine and fuse depth/sim map volume.
[10:34:25.367360][info] (rc: 189, tile: 1/1) Refine and fuse depth/sim map volume done.
[10:34:25.367360][info] (rc: 189, tile: 1/1) Color optimize depth/sim map.
[10:34:25.373371][info] (rc: 189, tile: 1/1) Color optimize depth/sim map done.
[10:34:25.374364][info] (rc: 189, tile: 1/1) Refine depth/sim map done.
[10:34:25.393321][info] (rc: 190, tile: 1/1) Camera / Depth information: 
	- R camera:
	   - id: 190
	   - view id: 931540556
	   - depth planes: 17
	   - depths range: [1.49929-1.77354]
	- T cameras:
	   - T camera (1/10):
	      - id: 61
	      - view id: 337187425
	      - depth planes: 17
	      - depths range: [1.49929-1.77354]
	      - depth indexes range: [0-17]
	   - T camera (2/10):
	      - id: 62
	      - view id: 340736639
	      - depth planes: 17
	      - depths range: [1.49929-1.77354]
	      - depth indexes range: [0-17]
	   - T camera (3/10):
	      - id: 2
	      - view id: 30054572
	      - depth planes: 17
	      - depths range: [1.49929-1.77354]
	      - depth indexes range: [0-17]
	   - T camera (4/10):
	      - id: 60
	      - view id: 336552145
	      - depth planes: 17
	      - depths range: [1.49929-1.77354]
	      - depth indexes range: [0-17]
	   - T camera (5/10):
	      - id: 5
	      - view id: 35421336
	      - depth planes: 17
	      - depths range: [1.49929-1.77354]
	      - depth indexes range: [0-17]
	   - T camera (6/10):
	      - id: 371
	      - view id: 1762319479
	      - depth planes: 17
	      - depths range: [1.49929-1.77354]
	      - depth indexes range: [0-17]
	   - T camera (7/10):
	      - id: 8
	      - view id: 47752111
	      - depth planes: 17
	      - depths range: [1.49929-1.77354]
	      - depth indexes range: [0-17]
	   - T camera (8/10):
	      - id: 17
	      - view id: 71946186
	      - depth planes: 17
	      - depths range: [1.49929-1.77354]
	      - depth indexes range: [0-17]
	   - T camera (9/10):
	      - id: 18
	      - view id: 74400298
	      - depth planes: 17
	      - depths range: [1.49929-1.77354]
	      - depth indexes range: [0-17]
	   - T camera (10/10):
	      - id: 21
	      - view id: 78729933
	      - depth planes: 17
	      - depths range: [1.49929-1.77354]
	      - depth indexes range: [0-17]
[10:34:25.393321][info] (rc: 190, tile: 1/1) SGM depth/thickness map of view id: 931540556, rc: 190 (191 / 471).
[10:34:25.393321][info] (rc: 190, tile: 1/1) SGM Compute similarity volume.
[10:34:25.394332][info] (rc: 190, tile: 1/1) SGM Compute similarity volume done.
[10:34:25.394332][info] (rc: 190, tile: 1/1) SGM Optimizing volume (filtering axes: YX).
[10:34:25.870829][info] (rc: 190, tile: 1/1) SGM Optimizing volume done.
[10:34:25.870829][info] (rc: 190, tile: 1/1) SGM Retrieve best depth in volume.
[10:34:25.870829][info] (rc: 190, tile: 1/1) SGM Retrieve best depth in volume done.
[10:34:25.870829][info] (rc: 190, tile: 1/1) SGM depth/thickness map done.
[10:34:25.870829][info] (rc: 190, tile: 1/1) SGM Smooth thickness map.
[10:34:25.870829][info] (rc: 190, tile: 1/1) SGM Smooth thickness map done.
[10:34:25.870829][info] (rc: 190, tile: 1/1) Refine depth/sim map of view id: 931540556, rc: 190 (191 / 471).
[10:34:25.871836][info] (rc: 190, tile: 1/1) Refine and fuse depth/sim map volume.
[10:34:25.872829][info] (rc: 190, tile: 1/1) Refine and fuse depth/sim map volume done.
[10:34:25.872829][info] (rc: 190, tile: 1/1) Color optimize depth/sim map.
[10:34:25.876826][info] (rc: 190, tile: 1/1) Color optimize depth/sim map done.
[10:34:25.876826][info] (rc: 190, tile: 1/1) Refine depth/sim map done.
[10:34:25.885827][info] (rc: 191, tile: 1/1) Camera / Depth information: 
	- R camera:
	   - id: 191
	   - view id: 933907424
	   - depth planes: 52
	   - depths range: [1.47311-1.97256]
	- T cameras:
	   - T camera (1/10):
	      - id: 107
	      - view id: 516095249
	      - depth planes: 52
	      - depths range: [1.47311-1.97256]
	      - depth indexes range: [0-52]
	   - T camera (2/10):
	      - id: 16
	      - view id: 71156788
	      - depth planes: 52
	      - depths range: [1.47311-1.97256]
	      - depth indexes range: [0-52]
	   - T camera (3/10):
	      - id: 108
	      - view id: 516357712
	      - depth planes: 52
	      - depths range: [1.47311-1.97256]
	      - depth indexes range: [0-52]
	   - T camera (4/10):
	      - id: 435
	      - view id: 2030687873
	      - depth planes: 52
	      - depths range: [1.47311-1.97256]
	      - depth indexes range: [0-52]
	   - T camera (5/10):
	      - id: 436
	      - view id: 2032966634
	      - depth planes: 52
	      - depths range: [1.47311-1.97256]
	      - depth indexes range: [0-52]
	   - T camera (6/10):
	      - id: 19
	      - view id: 75994757
	      - depth planes: 52
	      - depths range: [1.47311-1.97256]
	      - depth indexes range: [0-52]
	   - T camera (7/10):
	      - id: 20
	      - view id: 77316084
	      - depth planes: 52
	      - depths range: [1.47311-1.97256]
	      - depth indexes range: [0-52]
	   - T camera (8/10):
	      - id: 110
	      - view id: 518285018
	      - depth planes: 38
	      - depths range: [1.47311-1.80493]
	      - depth indexes range: [0-38]
	   - T camera (9/10):
	      - id: 23
	      - view id: 90586369
	      - depth planes: 52
	      - depths range: [1.47311-1.97256]
	      - depth indexes range: [0-52]
	   - T camera (10/10):
	      - id: 437
	      - view id: 2035126263
	      - depth planes: 52
	      - depths range: [1.47311-1.97256]
	      - depth indexes range: [0-52]
[10:34:25.886865][info] (rc: 191, tile: 1/1) SGM depth/thickness map of view id: 933907424, rc: 191 (192 / 471).
[10:34:25.886865][info] (rc: 191, tile: 1/1) SGM Compute similarity volume.
[10:34:25.886865][info] (rc: 191, tile: 1/1) SGM Compute similarity volume done.
[10:34:25.886865][info] (rc: 191, tile: 1/1) SGM Optimizing volume (filtering axes: YX).
[10:34:26.419250][info] (rc: 191, tile: 1/1) SGM Optimizing volume done.
[10:34:26.419250][info] (rc: 191, tile: 1/1) SGM Retrieve best depth in volume.
[10:34:26.419250][info] (rc: 191, tile: 1/1) SGM Retrieve best depth in volume done.
[10:34:26.419250][info] (rc: 191, tile: 1/1) SGM depth/thickness map done.
[10:34:26.419250][info] (rc: 191, tile: 1/1) SGM Smooth thickness map.
[10:34:26.419250][info] (rc: 191, tile: 1/1) SGM Smooth thickness map done.
[10:34:26.419250][info] (rc: 191, tile: 1/1) Refine depth/sim map of view id: 933907424, rc: 191 (192 / 471).
[10:34:26.419250][info] (rc: 191, tile: 1/1) Refine and fuse depth/sim map volume.
[10:34:26.420252][info] (rc: 191, tile: 1/1) Refine and fuse depth/sim map volume done.
[10:34:26.420252][info] (rc: 191, tile: 1/1) Color optimize depth/sim map.
[10:34:26.425663][info] (rc: 191, tile: 1/1) Color optimize depth/sim map done.
[10:34:26.425663][info] (rc: 191, tile: 1/1) Refine depth/sim map done.
[10:34:26.805523][info] Task done in (s): 26.765000
