[2024-11-20 10:36:00.803800] [0x00008aa4] [trace]   Embedded OCIO configuration file: 'C:\Users\Avidh Bavkar\Downloads\Meshroom-2023.3.0-win64\Meshroom-2023.3.0\aliceVision/share/aliceVision/config.ocio' found.
Program called with the following parameters:
 * autoAdjustSmallImage = 1
 * chooseTCamsPerTile = 1
 * colorOptimizationEnabled = 1
 * colorOptimizationNbIterations = 100
 * customPatchPatternGroupSubpartsPerLevel = 0 (default)
 * customPatchPatternSubparts =  Unknown Type "class std::vector<struct aliceVision::depthMap::CustomPatchPatternParams::SubpartParams,class std::allocator<struct aliceVision::depthMap::CustomPatchPatternParams::SubpartParams> >" (default)
 * downscale = 2
 * exportIntermediateCrossVolumes = 0
 * exportIntermediateDepthSimMaps = 0
 * exportIntermediateNormalMaps = 0
 * exportIntermediateTopographicCutVolumes = 0
 * exportIntermediateVolume9pCsv = 0
 * exportIntermediateVolumes = 0
 * exportTilePattern = 0
 * imagesFolder = "C:/Users/Avidh Bavkar/OneDrive - purdue.edu/PETAL/PETAL_Photogrammetry/Scripts/Camera_Experiments/meshroom/MeshroomCache/PrepareDenseScene/8e3c0b2966564921603602656d4b9e6c70aa60ff"
 * input = "C:/Users/Avidh Bavkar/OneDrive - purdue.edu/PETAL/PETAL_Photogrammetry/Scripts/Camera_Experiments/meshroom/MeshroomCache/StructureFromMotion/6134e9e839f7223d14819e2da1cf90cf3a999ebe/sfm.abc"
 * maxCoresAvailable =  Unknown Type "unsigned int" (default)
 * maxMemoryAvailable = 18446744073709551615 (default)
 * maxTCams = 10
 * maxViewAngle = 70
 * minViewAngle = 2
 * nbGPUs = 0
 * output = "C:/Users/Avidh Bavkar/OneDrive - purdue.edu/PETAL/PETAL_Photogrammetry/Scripts/Camera_Experiments/meshroom/MeshroomCache/DepthMap/b4c331b9d680327a3c19c76ed2cf1434735bb201"
 * rangeSize = 12
 * rangeStart = 228
 * refineEnabled = 1
 * refineGammaC = 15.5
 * refineGammaP = 8
 * refineHalfNbDepths = 15
 * refineInterpolateMiddleDepth = 0
 * refineMaxTCamsPerTile = 4
 * refineScale = 1
 * refineSigma = 15
 * refineStepXY = 1
 * refineSubsampling = 10
 * refineUseConsistentScale = 0
 * refineUseCustomPatchPattern = 0
 * refineWSH = 3
 * sgmDepthListPerTile = 1
 * sgmDepthThicknessInflate = 0
 * sgmFilteringAxes = "YX"
 * sgmGammaC = 5.5
 * sgmGammaP = 8
 * sgmMaxDepths = 1500
 * sgmMaxSimilarity = 1
 * sgmMaxTCamsPerTile = 4
 * sgmP1 = 10
 * sgmP2Weighting = 100
 * sgmScale = 2
 * sgmSeedsRangeInflate = 0.2
 * sgmStepXY = 2
 * sgmStepZ = -1
 * sgmUseConsistentScale = 0
 * sgmUseCustomPatchPattern = 0
 * sgmUseSfmSeeds = 1
 * sgmWSH = 4
 * tileBufferHeight = 1024
 * tileBufferWidth = 1024
 * tilePadding = 64
 * verboseLevel = "info"

Hardware : 
	Detected core count : 20
	OpenMP will use 20 cores
	Detected available memory : 11795 Mo

[10:36:00.816490][info] CUDA-Enabled GPU.
Device information:
	- id:                      0
	- name:                    NVIDIA GeForce RTX 3050 Ti Laptop GPU
	- compute capability:      8.6
	- clock frequency (kHz):   1035000
	- total device memory:     4095 MB 
	- device memory available: 3282 MB 
	- per-block shared memory: 49152
	- warp size:               32
	- max threads per block:   1024
	- max threads per SM(X):   1536
	- max block sizes:         {1024,1024,64}
	- max grid sizes:          {2147483647,65535,65535}
	- max 2D array texture:    {131072,65536}
	- max 3D array texture:    {16384,16384,16384}
	- max 2D linear texture:   {131072,65000,2097120}
	- max 2D layered texture:  {32768,32768,2048}
	- number of SM(x)s:        20
	- registers per SM(x):     65536
	- registers per block:     65536
	- concurrent kernels:      yes
	- mapping host memory:     yes
	- unified addressing:      yes
	- texture alignment:       512 byte
	- pitch alignment:         32 byte
CUDA build version: 11.6
[10:36:01.121997][info] Supported CUDA-Enabled GPU detected.
[10:36:13.673751][info] Found 1 image dimension(s): 
[10:36:13.673751][info] 	- [816x624]
[10:36:14.276550][info] Overall maximum dimension: [816x624]
[10:36:14.276550][warning] Tile buffer size (width: 1024, height: 1024) is larger than the maximum image size (width: 408, height: 312).
[10:36:14.276550][warning] Single tile computation, override SGM maximum number of T cameras per tile (before: 4, now: 10).
[10:36:14.276550][warning] Single tile computation, override Refine maximum number of T cameras per tile (before: 4, now: 10).
[10:36:14.276550][warning] Single tile computation, override SGM step XY (before: 2, now: 1).
[10:36:14.276550][info] Tiling information: 
	- parameters: 
	      - buffer width:  1024 px
	      - buffer height: 1024 px
	      - padding: 64 px
	- maximum downscale:  2
	- maximum image width:  408 px
	- maximum image height: 312 px
[10:36:14.276550][info] Maximum image size is smaller than one tile, use only one tile.
[10:36:14.276550][info] SGM parameters:
	- scale: 2
	- stepXY: 1
[10:36:14.276550][info] Refine parameters:
	- scale: 1
	- stepXY: 1
[10:36:14.277549][info] Number of GPU devices: 1, number of CPU threads: 20
[10:36:14.712126][info] Device memory:
	- available: 2625.8 MB
	- requirement for the first tile: 867.892 MB
	- # computation buffers per tile: 851.867 MB (Sgm: 757.867 MB, Refine: 94 MB)
	- # input images (R + 10 Ts): 16.0247 MB (single mipmap image size: 1.45679 MB)
[10:36:14.712126][info] Parallelization:
	- # tiles per image: 1
	- # simultaneous depth maps computation: 3
	- # simultaneous tiles computation: 3
[10:36:14.769944][info] Device memory (device id: 0):
	- used: 3383.31 MB
	- available: 712.25 MB
	- total: 4095.56 MB
[10:36:16.538512][info] (rc: 228, tile: 1/1) Camera / Depth information: 
	- R camera:
	   - id: 228
	   - view id: 1099780320
	   - depth planes: 16
	   - depths range: [1.4915-1.65202]
	- T cameras:
	   - T camera (1/10):
	      - id: 142
	      - view id: 683226007
	      - depth planes: 16
	      - depths range: [1.4915-1.65202]
	      - depth indexes range: [0-16]
	   - T camera (2/10):
	      - id: 183
	      - view id: 902294514
	      - depth planes: 16
	      - depths range: [1.4915-1.65202]
	      - depth indexes range: [0-16]
	   - T camera (3/10):
	      - id: 143
	      - view id: 684444599
	      - depth planes: 16
	      - depths range: [1.4915-1.65202]
	      - depth indexes range: [0-16]
	   - T camera (4/10):
	      - id: 188
	      - view id: 928405178
	      - depth planes: 16
	      - depths range: [1.4915-1.65202]
	      - depth indexes range: [0-16]
	   - T camera (5/10):
	      - id: 189
	      - view id: 930907230
	      - depth planes: 16
	      - depths range: [1.4915-1.65202]
	      - depth indexes range: [0-16]
	   - T camera (6/10):
	      - id: 136
	      - view id: 672652618
	      - depth planes: 16
	      - depths range: [1.4915-1.65202]
	      - depth indexes range: [0-16]
	   - T camera (7/10):
	      - id: 185
	      - view id: 918738918
	      - depth planes: 16
	      - depths range: [1.4915-1.65202]
	      - depth indexes range: [0-16]
	   - T camera (8/10):
	      - id: 148
	      - view id: 692175877
	      - depth planes: 16
	      - depths range: [1.4915-1.65202]
	      - depth indexes range: [0-16]
	   - T camera (9/10):
	      - id: 226
	      - view id: 1076088150
	      - depth planes: 16
	      - depths range: [1.4915-1.65202]
	      - depth indexes range: [0-16]
	   - T camera (10/10):
	      - id: 137
	      - view id: 672863131
	      - depth planes: 16
	      - depths range: [1.4915-1.65202]
	      - depth indexes range: [0-16]
[10:36:16.538512][info] (rc: 228, tile: 1/1) SGM depth/thickness map of view id: 1099780320, rc: 228 (229 / 471).
[10:36:16.538512][info] (rc: 228, tile: 1/1) SGM Compute similarity volume.
[10:36:16.540022][info] (rc: 228, tile: 1/1) SGM Compute similarity volume done.
[10:36:16.540022][info] (rc: 228, tile: 1/1) SGM Optimizing volume (filtering axes: YX).
[10:36:16.883268][info] (rc: 228, tile: 1/1) SGM Optimizing volume done.
[10:36:16.883268][info] (rc: 228, tile: 1/1) SGM Retrieve best depth in volume.
[10:36:16.883268][info] (rc: 228, tile: 1/1) SGM Retrieve best depth in volume done.
[10:36:16.884277][info] (rc: 228, tile: 1/1) SGM depth/thickness map done.
[10:36:16.884277][info] (rc: 228, tile: 1/1) SGM Smooth thickness map.
[10:36:16.884277][info] (rc: 228, tile: 1/1) SGM Smooth thickness map done.
[10:36:16.884277][info] (rc: 228, tile: 1/1) Refine depth/sim map of view id: 1099780320, rc: 228 (229 / 471).
[10:36:16.884277][info] (rc: 228, tile: 1/1) Refine and fuse depth/sim map volume.
[10:36:16.885166][info] (rc: 228, tile: 1/1) Refine and fuse depth/sim map volume done.
[10:36:16.885166][info] (rc: 228, tile: 1/1) Color optimize depth/sim map.
[10:36:16.889263][info] (rc: 228, tile: 1/1) Color optimize depth/sim map done.
[10:36:16.889263][info] (rc: 228, tile: 1/1) Refine depth/sim map done.
[10:36:16.910118][info] (rc: 229, tile: 1/1) Camera / Depth information: 
	- R camera:
	   - id: 229
	   - view id: 1101489580
	   - depth planes: 81
	   - depths range: [1.13081-1.71517]
	- T cameras:
	   - T camera (1/10):
	      - id: 399
	      - view id: 1833037626
	      - depth planes: 81
	      - depths range: [1.13081-1.71517]
	      - depth indexes range: [0-81]
	   - T camera (2/10):
	      - id: 391
	      - view id: 1824372845
	      - depth planes: 81
	      - depths range: [1.13081-1.71517]
	      - depth indexes range: [0-81]
	   - T camera (3/10):
	      - id: 147
	      - view id: 691009489
	      - depth planes: 81
	      - depths range: [1.13081-1.71517]
	      - depth indexes range: [0-81]
	   - T camera (4/10):
	      - id: 142
	      - view id: 683226007
	      - depth planes: 81
	      - depths range: [1.13081-1.71517]
	      - depth indexes range: [0-81]
	   - T camera (5/10):
	      - id: 143
	      - view id: 684444599
	      - depth planes: 81
	      - depths range: [1.13081-1.71517]
	      - depth indexes range: [0-81]
	   - T camera (6/10):
	      - id: 185
	      - view id: 918738918
	      - depth planes: 81
	      - depths range: [1.13081-1.71517]
	      - depth indexes range: [0-81]
	   - T camera (7/10):
	      - id: 136
	      - view id: 672652618
	      - depth planes: 81
	      - depths range: [1.13081-1.71517]
	      - depth indexes range: [0-81]
	   - T camera (8/10):
	      - id: 226
	      - view id: 1076088150
	      - depth planes: 81
	      - depths range: [1.13081-1.71517]
	      - depth indexes range: [0-81]
	   - T camera (9/10):
	      - id: 137
	      - view id: 672863131
	      - depth planes: 81
	      - depths range: [1.13081-1.71517]
	      - depth indexes range: [0-81]
	   - T camera (10/10):
	      - id: 225
	      - view id: 1075746634
	      - depth planes: 81
	      - depths range: [1.13081-1.71517]
	      - depth indexes range: [0-81]
[10:36:16.910118][info] (rc: 229, tile: 1/1) SGM depth/thickness map of view id: 1101489580, rc: 229 (230 / 471).
[10:36:16.910118][info] (rc: 229, tile: 1/1) SGM Compute similarity volume.
[10:36:16.911117][info] (rc: 229, tile: 1/1) SGM Compute similarity volume done.
[10:36:16.911117][info] (rc: 229, tile: 1/1) SGM Optimizing volume (filtering axes: YX).
[10:36:17.439954][info] (rc: 229, tile: 1/1) SGM Optimizing volume done.
[10:36:17.439954][info] (rc: 229, tile: 1/1) SGM Retrieve best depth in volume.
[10:36:17.439954][info] (rc: 229, tile: 1/1) SGM Retrieve best depth in volume done.
[10:36:17.439954][info] (rc: 229, tile: 1/1) SGM depth/thickness map done.
[10:36:17.439954][info] (rc: 229, tile: 1/1) SGM Smooth thickness map.
[10:36:17.439954][info] (rc: 229, tile: 1/1) SGM Smooth thickness map done.
[10:36:17.439954][info] (rc: 229, tile: 1/1) Refine depth/sim map of view id: 1101489580, rc: 229 (230 / 471).
[10:36:17.439954][info] (rc: 229, tile: 1/1) Refine and fuse depth/sim map volume.
[10:36:17.440977][info] (rc: 229, tile: 1/1) Refine and fuse depth/sim map volume done.
[10:36:17.440977][info] (rc: 229, tile: 1/1) Color optimize depth/sim map.
[10:36:17.442457][info] (rc: 229, tile: 1/1) Color optimize depth/sim map done.
[10:36:17.442457][info] (rc: 229, tile: 1/1) Refine depth/sim map done.
[10:36:17.455720][info] (rc: 230, tile: 1/1) Camera / Depth information: 
	- R camera:
	   - id: 230
	   - view id: 1104695665
	   - depth planes: 20
	   - depths range: [1.49588-1.65822]
	- T cameras:
	   - T camera (1/10):
	      - id: 142
	      - view id: 683226007
	      - depth planes: 20
	      - depths range: [1.49588-1.65822]
	      - depth indexes range: [0-20]
	   - T camera (2/10):
	      - id: 147
	      - view id: 691009489
	      - depth planes: 20
	      - depths range: [1.49588-1.65822]
	      - depth indexes range: [0-20]
	   - T camera (3/10):
	      - id: 143
	      - view id: 684444599
	      - depth planes: 20
	      - depths range: [1.49588-1.65822]
	      - depth indexes range: [0-20]
	   - T camera (4/10):
	      - id: 183
	      - view id: 902294514
	      - depth planes: 20
	      - depths range: [1.49588-1.65822]
	      - depth indexes range: [0-20]
	   - T camera (5/10):
	      - id: 188
	      - view id: 928405178
	      - depth planes: 20
	      - depths range: [1.49588-1.65822]
	      - depth indexes range: [0-20]
	   - T camera (6/10):
	      - id: 137
	      - view id: 672863131
	      - depth planes: 20
	      - depths range: [1.49588-1.65822]
	      - depth indexes range: [0-20]
	   - T camera (7/10):
	      - id: 148
	      - view id: 692175877
	      - depth planes: 20
	      - depths range: [1.49588-1.65822]
	      - depth indexes range: [0-20]
	   - T camera (8/10):
	      - id: 189
	      - view id: 930907230
	      - depth planes: 20
	      - depths range: [1.49588-1.65822]
	      - depth indexes range: [0-20]
	   - T camera (9/10):
	      - id: 167
	      - view id: 803517795
	      - depth planes: 20
	      - depths range: [1.49588-1.65822]
	      - depth indexes range: [0-20]
	   - T camera (10/10):
	      - id: 187
	      - view id: 925377839
	      - depth planes: 20
	      - depths range: [1.49588-1.65822]
	      - depth indexes range: [0-20]
[10:36:17.455720][info] (rc: 230, tile: 1/1) SGM depth/thickness map of view id: 1104695665, rc: 230 (231 / 471).
[10:36:17.455720][info] (rc: 230, tile: 1/1) SGM Compute similarity volume.
[10:36:17.455720][info] (rc: 230, tile: 1/1) SGM Compute similarity volume done.
[10:36:17.455720][info] (rc: 230, tile: 1/1) SGM Optimizing volume (filtering axes: YX).
[10:36:17.849255][info] (rc: 230, tile: 1/1) SGM Optimizing volume done.
[10:36:17.849255][info] (rc: 230, tile: 1/1) SGM Retrieve best depth in volume.
[10:36:17.849255][info] (rc: 230, tile: 1/1) SGM Retrieve best depth in volume done.
[10:36:17.849255][info] (rc: 230, tile: 1/1) SGM depth/thickness map done.
[10:36:17.849255][info] (rc: 230, tile: 1/1) SGM Smooth thickness map.
[10:36:17.850262][info] (rc: 230, tile: 1/1) SGM Smooth thickness map done.
[10:36:17.850262][info] (rc: 230, tile: 1/1) Refine depth/sim map of view id: 1104695665, rc: 230 (231 / 471).
[10:36:17.850262][info] (rc: 230, tile: 1/1) Refine and fuse depth/sim map volume.
[10:36:17.850262][info] (rc: 230, tile: 1/1) Refine and fuse depth/sim map volume done.
[10:36:17.850262][info] (rc: 230, tile: 1/1) Color optimize depth/sim map.
[10:36:17.852280][info] (rc: 230, tile: 1/1) Color optimize depth/sim map done.
[10:36:17.852280][info] (rc: 230, tile: 1/1) Refine depth/sim map done.
[10:36:20.458478][info] (rc: 231, tile: 1/1) Camera / Depth information: 
	- R camera:
	   - id: 231
	   - view id: 1121466958
	   - depth planes: 21
	   - depths range: [1.49368-1.67544]
	- T cameras:
	   - T camera (1/10):
	      - id: 311
	      - view id: 1524782970
	      - depth planes: 21
	      - depths range: [1.49368-1.67544]
	      - depth indexes range: [0-21]
	   - T camera (2/10):
	      - id: 353
	      - view id: 1726878806
	      - depth planes: 21
	      - depths range: [1.49368-1.67544]
	      - depth indexes range: [0-21]
	   - T camera (3/10):
	      - id: 347
	      - view id: 1721573006
	      - depth planes: 21
	      - depths range: [1.49368-1.67544]
	      - depth indexes range: [0-21]
	   - T camera (4/10):
	      - id: 349
	      - view id: 1722496470
	      - depth planes: 21
	      - depths range: [1.49368-1.67544]
	      - depth indexes range: [0-21]
	   - T camera (5/10):
	      - id: 358
	      - view id: 1733283469
	      - depth planes: 21
	      - depths range: [1.49368-1.67544]
	      - depth indexes range: [0-21]
	   - T camera (6/10):
	      - id: 112
	      - view id: 533032502
	      - depth planes: 21
	      - depths range: [1.49368-1.67544]
	      - depth indexes range: [0-21]
	   - T camera (7/10):
	      - id: 419
	      - view id: 1938092020
	      - depth planes: 21
	      - depths range: [1.49368-1.67544]
	      - depth indexes range: [0-21]
	   - T camera (8/10):
	      - id: 113
	      - view id: 534338863
	      - depth planes: 21
	      - depths range: [1.49368-1.67544]
	      - depth indexes range: [0-21]
	   - T camera (9/10):
	      - id: 359
	      - view id: 1733583250
	      - depth planes: 21
	      - depths range: [1.49368-1.67544]
	      - depth indexes range: [0-21]
	   - T camera (10/10):
	      - id: 420
	      - view id: 1940264908
	      - depth planes: 21
	      - depths range: [1.49368-1.67544]
	      - depth indexes range: [0-21]
[10:36:20.459472][info] (rc: 231, tile: 1/1) SGM depth/thickness map of view id: 1121466958, rc: 231 (232 / 471).
[10:36:20.459472][info] (rc: 231, tile: 1/1) SGM Compute similarity volume.
[10:36:20.459472][info] (rc: 231, tile: 1/1) SGM Compute similarity volume done.
[10:36:20.459472][info] (rc: 231, tile: 1/1) SGM Optimizing volume (filtering axes: YX).
[10:36:20.946431][info] (rc: 231, tile: 1/1) SGM Optimizing volume done.
[10:36:20.946431][info] (rc: 231, tile: 1/1) SGM Retrieve best depth in volume.
[10:36:20.946431][info] (rc: 231, tile: 1/1) SGM Retrieve best depth in volume done.
[10:36:20.946431][info] (rc: 231, tile: 1/1) SGM depth/thickness map done.
[10:36:20.946431][info] (rc: 231, tile: 1/1) SGM Smooth thickness map.
[10:36:20.946936][info] (rc: 231, tile: 1/1) SGM Smooth thickness map done.
[10:36:20.946936][info] (rc: 231, tile: 1/1) Refine depth/sim map of view id: 1121466958, rc: 231 (232 / 471).
[10:36:20.946936][info] (rc: 231, tile: 1/1) Refine and fuse depth/sim map volume.
[10:36:20.946936][info] (rc: 231, tile: 1/1) Refine and fuse depth/sim map volume done.
[10:36:20.946936][info] (rc: 231, tile: 1/1) Color optimize depth/sim map.
[10:36:20.949046][info] (rc: 231, tile: 1/1) Color optimize depth/sim map done.
[10:36:20.949046][info] (rc: 231, tile: 1/1) Refine depth/sim map done.
[10:36:20.965562][info] (rc: 232, tile: 1/1) Camera / Depth information: 
	- R camera:
	   - id: 232
	   - view id: 1127964726
	   - depth planes: 21
	   - depths range: [1.49446-1.67121]
	- T cameras:
	   - T camera (1/10):
	      - id: 313
	      - view id: 1528455296
	      - depth planes: 21
	      - depths range: [1.49446-1.67121]
	      - depth indexes range: [0-21]
	   - T camera (2/10):
	      - id: 112
	      - view id: 533032502
	      - depth planes: 21
	      - depths range: [1.49446-1.67121]
	      - depth indexes range: [0-21]
	   - T camera (3/10):
	      - id: 347
	      - view id: 1721573006
	      - depth planes: 21
	      - depths range: [1.49446-1.67121]
	      - depth indexes range: [0-21]
	   - T camera (4/10):
	      - id: 353
	      - view id: 1726878806
	      - depth planes: 21
	      - depths range: [1.49446-1.67121]
	      - depth indexes range: [0-21]
	   - T camera (5/10):
	      - id: 349
	      - view id: 1722496470
	      - depth planes: 21
	      - depths range: [1.49446-1.67121]
	      - depth indexes range: [0-21]
	   - T camera (6/10):
	      - id: 419
	      - view id: 1938092020
	      - depth planes: 21
	      - depths range: [1.49446-1.67121]
	      - depth indexes range: [0-21]
	   - T camera (7/10):
	      - id: 113
	      - view id: 534338863
	      - depth planes: 21
	      - depths range: [1.49446-1.67121]
	      - depth indexes range: [0-21]
	   - T camera (8/10):
	      - id: 358
	      - view id: 1733283469
	      - depth planes: 21
	      - depths range: [1.49446-1.67121]
	      - depth indexes range: [0-21]
	   - T camera (9/10):
	      - id: 359
	      - view id: 1733583250
	      - depth planes: 21
	      - depths range: [1.49446-1.67121]
	      - depth indexes range: [0-21]
	   - T camera (10/10):
	      - id: 421
	      - view id: 1945317872
	      - depth planes: 21
	      - depths range: [1.49446-1.67121]
	      - depth indexes range: [0-21]
[10:36:20.966578][info] (rc: 232, tile: 1/1) SGM depth/thickness map of view id: 1127964726, rc: 232 (233 / 471).
[10:36:20.966578][info] (rc: 232, tile: 1/1) SGM Compute similarity volume.
[10:36:20.967571][info] (rc: 232, tile: 1/1) SGM Compute similarity volume done.
[10:36:20.967571][info] (rc: 232, tile: 1/1) SGM Optimizing volume (filtering axes: YX).
[10:36:21.502328][info] (rc: 232, tile: 1/1) SGM Optimizing volume done.
[10:36:21.502328][info] (rc: 232, tile: 1/1) SGM Retrieve best depth in volume.
[10:36:21.502328][info] (rc: 232, tile: 1/1) SGM Retrieve best depth in volume done.
[10:36:21.502328][info] (rc: 232, tile: 1/1) SGM depth/thickness map done.
[10:36:21.502328][info] (rc: 232, tile: 1/1) SGM Smooth thickness map.
[10:36:21.503328][info] (rc: 232, tile: 1/1) SGM Smooth thickness map done.
[10:36:21.503328][info] (rc: 232, tile: 1/1) Refine depth/sim map of view id: 1127964726, rc: 232 (233 / 471).
[10:36:21.503328][info] (rc: 232, tile: 1/1) Refine and fuse depth/sim map volume.
[10:36:21.503328][info] (rc: 232, tile: 1/1) Refine and fuse depth/sim map volume done.
[10:36:21.503328][info] (rc: 232, tile: 1/1) Color optimize depth/sim map.
[10:36:21.508336][info] (rc: 232, tile: 1/1) Color optimize depth/sim map done.
[10:36:21.509334][info] (rc: 232, tile: 1/1) Refine depth/sim map done.
[10:36:21.531808][info] (rc: 233, tile: 1/1) Camera / Depth information: 
	- R camera:
	   - id: 233
	   - view id: 1143435178
	   - depth planes: 37
	   - depths range: [1.53503-1.85755]
	- T cameras:
	   - T camera (1/10):
	      - id: 168
	      - view id: 810198300
	      - depth planes: 37
	      - depths range: [1.53503-1.85755]
	      - depth indexes range: [0-37]
	   - T camera (2/10):
	      - id: 192
	      - view id: 934531524
	      - depth planes: 37
	      - depths range: [1.53503-1.85755]
	      - depth indexes range: [0-37]
	   - T camera (3/10):
	      - id: 374
	      - view id: 1770484637
	      - depth planes: 37
	      - depths range: [1.53503-1.85755]
	      - depth indexes range: [0-37]
	   - T camera (4/10):
	      - id: 193
	      - view id: 934771345
	      - depth planes: 37
	      - depths range: [1.53503-1.85755]
	      - depth indexes range: [0-37]
	   - T camera (5/10):
	      - id: 23
	      - view id: 90586369
	      - depth planes: 37
	      - depths range: [1.53503-1.85755]
	      - depth indexes range: [0-37]
	   - T camera (6/10):
	      - id: 110
	      - view id: 518285018
	      - depth planes: 37
	      - depths range: [1.53503-1.85755]
	      - depth indexes range: [0-37]
	   - T camera (7/10):
	      - id: 380
	      - view id: 1775441569
	      - depth planes: 37
	      - depths range: [1.53503-1.85755]
	      - depth indexes range: [0-37]
	   - T camera (8/10):
	      - id: 19
	      - view id: 75994757
	      - depth planes: 37
	      - depths range: [1.53503-1.85755]
	      - depth indexes range: [0-37]
	   - T camera (9/10):
	      - id: 20
	      - view id: 77316084
	      - depth planes: 37
	      - depths range: [1.53503-1.85755]
	      - depth indexes range: [0-37]
	   - T camera (10/10):
	      - id: 372
	      - view id: 1764792200
	      - depth planes: 37
	      - depths range: [1.53503-1.85755]
	      - depth indexes range: [0-37]
[10:36:21.532809][info] (rc: 233, tile: 1/1) SGM depth/thickness map of view id: 1143435178, rc: 233 (234 / 471).
[10:36:21.532809][info] (rc: 233, tile: 1/1) SGM Compute similarity volume.
[10:36:21.534812][info] (rc: 233, tile: 1/1) SGM Compute similarity volume done.
[10:36:21.534812][info] (rc: 233, tile: 1/1) SGM Optimizing volume (filtering axes: YX).
[10:36:22.082729][info] (rc: 233, tile: 1/1) SGM Optimizing volume done.
[10:36:22.082729][info] (rc: 233, tile: 1/1) SGM Retrieve best depth in volume.
[10:36:22.082729][info] (rc: 233, tile: 1/1) SGM Retrieve best depth in volume done.
[10:36:22.082729][info] (rc: 233, tile: 1/1) SGM depth/thickness map done.
[10:36:22.082729][info] (rc: 233, tile: 1/1) SGM Smooth thickness map.
[10:36:22.082729][info] (rc: 233, tile: 1/1) SGM Smooth thickness map done.
[10:36:22.083743][info] (rc: 233, tile: 1/1) Refine depth/sim map of view id: 1143435178, rc: 233 (234 / 471).
[10:36:22.083743][info] (rc: 233, tile: 1/1) Refine and fuse depth/sim map volume.
[10:36:22.083743][info] (rc: 233, tile: 1/1) Refine and fuse depth/sim map volume done.
[10:36:22.083743][info] (rc: 233, tile: 1/1) Color optimize depth/sim map.
[10:36:22.087736][info] (rc: 233, tile: 1/1) Color optimize depth/sim map done.
[10:36:22.087736][info] (rc: 233, tile: 1/1) Refine depth/sim map done.
[10:36:24.663535][info] (rc: 234, tile: 1/1) Camera / Depth information: 
	- R camera:
	   - id: 234
	   - view id: 1146831598
	   - depth planes: 21
	   - depths range: [1.52638-1.72347]
	- T cameras:
	   - T camera (1/10):
	      - id: 192
	      - view id: 934531524
	      - depth planes: 21
	      - depths range: [1.52638-1.72347]
	      - depth indexes range: [0-21]
	   - T camera (2/10):
	      - id: 23
	      - view id: 90586369
	      - depth planes: 21
	      - depths range: [1.52638-1.72347]
	      - depth indexes range: [0-21]
	   - T camera (3/10):
	      - id: 110
	      - view id: 518285018
	      - depth planes: 21
	      - depths range: [1.52638-1.72347]
	      - depth indexes range: [0-21]
	   - T camera (4/10):
	      - id: 376
	      - view id: 1773692128
	      - depth planes: 21
	      - depths range: [1.52638-1.72347]
	      - depth indexes range: [0-21]
	   - T camera (5/10):
	      - id: 374
	      - view id: 1770484637
	      - depth planes: 21
	      - depths range: [1.52638-1.72347]
	      - depth indexes range: [0-21]
	   - T camera (6/10):
	      - id: 19
	      - view id: 75994757
	      - depth planes: 21
	      - depths range: [1.52638-1.72347]
	      - depth indexes range: [0-21]
	   - T camera (7/10):
	      - id: 20
	      - view id: 77316084
	      - depth planes: 21
	      - depths range: [1.52638-1.72347]
	      - depth indexes range: [0-21]
	   - T camera (8/10):
	      - id: 379
	      - view id: 1775276919
	      - depth planes: 21
	      - depths range: [1.52638-1.72347]
	      - depth indexes range: [0-21]
	   - T camera (9/10):
	      - id: 16
	      - view id: 71156788
	      - depth planes: 21
	      - depths range: [1.52638-1.72347]
	      - depth indexes range: [0-21]
	   - T camera (10/10):
	      - id: 380
	      - view id: 1775441569
	      - depth planes: 21
	      - depths range: [1.52638-1.72347]
	      - depth indexes range: [0-21]
[10:36:24.663535][info] (rc: 234, tile: 1/1) SGM depth/thickness map of view id: 1146831598, rc: 234 (235 / 471).
[10:36:24.663535][info] (rc: 234, tile: 1/1) SGM Compute similarity volume.
[10:36:24.664546][info] (rc: 234, tile: 1/1) SGM Compute similarity volume done.
[10:36:24.664546][info] (rc: 234, tile: 1/1) SGM Optimizing volume (filtering axes: YX).
[10:36:25.156864][info] (rc: 234, tile: 1/1) SGM Optimizing volume done.
[10:36:25.157869][info] (rc: 234, tile: 1/1) SGM Retrieve best depth in volume.
[10:36:25.157869][info] (rc: 234, tile: 1/1) SGM Retrieve best depth in volume done.
[10:36:25.157869][info] (rc: 234, tile: 1/1) SGM depth/thickness map done.
[10:36:25.157869][info] (rc: 234, tile: 1/1) SGM Smooth thickness map.
[10:36:25.157869][info] (rc: 234, tile: 1/1) SGM Smooth thickness map done.
[10:36:25.157869][info] (rc: 234, tile: 1/1) Refine depth/sim map of view id: 1146831598, rc: 234 (235 / 471).
[10:36:25.157869][info] (rc: 234, tile: 1/1) Refine and fuse depth/sim map volume.
[10:36:25.158888][info] (rc: 234, tile: 1/1) Refine and fuse depth/sim map volume done.
[10:36:25.158888][info] (rc: 234, tile: 1/1) Color optimize depth/sim map.
[10:36:25.160920][info] (rc: 234, tile: 1/1) Color optimize depth/sim map done.
[10:36:25.160920][info] (rc: 234, tile: 1/1) Refine depth/sim map done.
[10:36:25.176258][info] (rc: 235, tile: 1/1) Camera / Depth information: 
	- R camera:
	   - id: 235
	   - view id: 1162224339
	   - depth planes: 19
	   - depths range: [1.50378-1.67322]
	- T cameras:
	   - T camera (1/10):
	      - id: 109
	      - view id: 517546670
	      - depth planes: 19
	      - depths range: [1.50378-1.67322]
	      - depth indexes range: [0-19]
	   - T camera (2/10):
	      - id: 103
	      - view id: 511698710
	      - depth planes: 19
	      - depths range: [1.50378-1.67322]
	      - depth indexes range: [0-19]
	   - T camera (3/10):
	      - id: 463
	      - view id: 2118372128
	      - depth planes: 19
	      - depths range: [1.50378-1.67322]
	      - depth indexes range: [0-19]
	   - T camera (4/10):
	      - id: 102
	      - view id: 506948959
	      - depth planes: 19
	      - depths range: [1.50378-1.67322]
	      - depth indexes range: [0-19]
	   - T camera (5/10):
	      - id: 336
	      - view id: 1658327501
	      - depth planes: 19
	      - depths range: [1.50378-1.67322]
	      - depth indexes range: [0-19]
	   - T camera (6/10):
	      - id: 333
	      - view id: 1653298662
	      - depth planes: 19
	      - depths range: [1.50378-1.67322]
	      - depth indexes range: [0-19]
	   - T camera (7/10):
	      - id: 254
	      - view id: 1255928639
	      - depth planes: 19
	      - depths range: [1.50378-1.67322]
	      - depth indexes range: [0-19]
	   - T camera (8/10):
	      - id: 449
	      - view id: 2085489062
	      - depth planes: 19
	      - depths range: [1.50378-1.67322]
	      - depth indexes range: [0-19]
	   - T camera (9/10):
	      - id: 114
	      - view id: 536031117
	      - depth planes: 19
	      - depths range: [1.50378-1.67322]
	      - depth indexes range: [0-19]
	   - T camera (10/10):
	      - id: 448
	      - view id: 2083207906
	      - depth planes: 19
	      - depths range: [1.50378-1.67322]
	      - depth indexes range: [0-19]
[10:36:25.177256][info] (rc: 235, tile: 1/1) SGM depth/thickness map of view id: 1162224339, rc: 235 (236 / 471).
[10:36:25.177256][info] (rc: 235, tile: 1/1) SGM Compute similarity volume.
[10:36:25.177256][info] (rc: 235, tile: 1/1) SGM Compute similarity volume done.
[10:36:25.177256][info] (rc: 235, tile: 1/1) SGM Optimizing volume (filtering axes: YX).
[10:36:25.700107][info] (rc: 235, tile: 1/1) SGM Optimizing volume done.
[10:36:25.700107][info] (rc: 235, tile: 1/1) SGM Retrieve best depth in volume.
[10:36:25.700107][info] (rc: 235, tile: 1/1) SGM Retrieve best depth in volume done.
[10:36:25.701108][info] (rc: 235, tile: 1/1) SGM depth/thickness map done.
[10:36:25.701108][info] (rc: 235, tile: 1/1) SGM Smooth thickness map.
[10:36:25.701108][info] (rc: 235, tile: 1/1) SGM Smooth thickness map done.
[10:36:25.701108][info] (rc: 235, tile: 1/1) Refine depth/sim map of view id: 1162224339, rc: 235 (236 / 471).
[10:36:25.701108][info] (rc: 235, tile: 1/1) Refine and fuse depth/sim map volume.
[10:36:25.701108][info] (rc: 235, tile: 1/1) Refine and fuse depth/sim map volume done.
[10:36:25.701108][info] (rc: 235, tile: 1/1) Color optimize depth/sim map.
[10:36:25.703111][info] (rc: 235, tile: 1/1) Color optimize depth/sim map done.
[10:36:25.703111][info] (rc: 235, tile: 1/1) Refine depth/sim map done.
[10:36:25.720655][info] (rc: 236, tile: 1/1) Camera / Depth information: 
	- R camera:
	   - id: 236
	   - view id: 1163617126
	   - depth planes: 19
	   - depths range: [1.50817-1.67158]
	- T cameras:
	   - T camera (1/10):
	      - id: 290
	      - view id: 1354250593
	      - depth planes: 19
	      - depths range: [1.50817-1.67158]
	      - depth indexes range: [0-19]
	   - T camera (2/10):
	      - id: 294
	      - view id: 1390325544
	      - depth planes: 19
	      - depths range: [1.50817-1.67158]
	      - depth indexes range: [0-19]
	   - T camera (3/10):
	      - id: 109
	      - view id: 517546670
	      - depth planes: 19
	      - depths range: [1.50817-1.67158]
	      - depth indexes range: [0-19]
	   - T camera (4/10):
	      - id: 103
	      - view id: 511698710
	      - depth planes: 19
	      - depths range: [1.50817-1.67158]
	      - depth indexes range: [0-19]
	   - T camera (5/10):
	      - id: 101
	      - view id: 505960397
	      - depth planes: 19
	      - depths range: [1.50817-1.67158]
	      - depth indexes range: [0-19]
	   - T camera (6/10):
	      - id: 449
	      - view id: 2085489062
	      - depth planes: 19
	      - depths range: [1.50817-1.67158]
	      - depth indexes range: [0-19]
	   - T camera (7/10):
	      - id: 450
	      - view id: 2086272894
	      - depth planes: 19
	      - depths range: [1.50817-1.67158]
	      - depth indexes range: [0-19]
	   - T camera (8/10):
	      - id: 114
	      - view id: 536031117
	      - depth planes: 19
	      - depths range: [1.50817-1.67158]
	      - depth indexes range: [0-19]
	   - T camera (9/10):
	      - id: 102
	      - view id: 506948959
	      - depth planes: 19
	      - depths range: [1.50817-1.67158]
	      - depth indexes range: [0-19]
	   - T camera (10/10):
	      - id: 447
	      - view id: 2082737869
	      - depth planes: 19
	      - depths range: [1.50817-1.67158]
	      - depth indexes range: [0-19]
[10:36:25.722139][info] (rc: 236, tile: 1/1) SGM depth/thickness map of view id: 1163617126, rc: 236 (237 / 471).
[10:36:25.722139][info] (rc: 236, tile: 1/1) SGM Compute similarity volume.
[10:36:25.723149][info] (rc: 236, tile: 1/1) SGM Compute similarity volume done.
[10:36:25.723149][info] (rc: 236, tile: 1/1) SGM Optimizing volume (filtering axes: YX).
[10:36:26.190235][info] (rc: 236, tile: 1/1) SGM Optimizing volume done.
[10:36:26.191237][info] (rc: 236, tile: 1/1) SGM Retrieve best depth in volume.
[10:36:26.191237][info] (rc: 236, tile: 1/1) SGM Retrieve best depth in volume done.
[10:36:26.191237][info] (rc: 236, tile: 1/1) SGM depth/thickness map done.
[10:36:26.191237][info] (rc: 236, tile: 1/1) SGM Smooth thickness map.
[10:36:26.191237][info] (rc: 236, tile: 1/1) SGM Smooth thickness map done.
[10:36:26.191237][info] (rc: 236, tile: 1/1) Refine depth/sim map of view id: 1163617126, rc: 236 (237 / 471).
[10:36:26.191237][info] (rc: 236, tile: 1/1) Refine and fuse depth/sim map volume.
[10:36:26.192238][info] (rc: 236, tile: 1/1) Refine and fuse depth/sim map volume done.
[10:36:26.192238][info] (rc: 236, tile: 1/1) Color optimize depth/sim map.
[10:36:26.196243][info] (rc: 236, tile: 1/1) Color optimize depth/sim map done.
[10:36:26.196243][info] (rc: 236, tile: 1/1) Refine depth/sim map done.
[10:36:27.389301][info] (rc: 237, tile: 1/1) Camera / Depth information: 
	- R camera:
	   - id: 237
	   - view id: 1166327660
	   - depth planes: 35
	   - depths range: [1.54012-1.85047]
	- T cameras:
	   - T camera (1/10):
	      - id: 168
	      - view id: 810198300
	      - depth planes: 35
	      - depths range: [1.54012-1.85047]
	      - depth indexes range: [0-35]
	   - T camera (2/10):
	      - id: 374
	      - view id: 1770484637
	      - depth planes: 35
	      - depths range: [1.54012-1.85047]
	      - depth indexes range: [0-35]
	   - T camera (3/10):
	      - id: 192
	      - view id: 934531524
	      - depth planes: 35
	      - depths range: [1.54012-1.85047]
	      - depth indexes range: [0-35]
	   - T camera (4/10):
	      - id: 193
	      - view id: 934771345
	      - depth planes: 35
	      - depths range: [1.54012-1.85047]
	      - depth indexes range: [0-35]
	   - T camera (5/10):
	      - id: 23
	      - view id: 90586369
	      - depth planes: 35
	      - depths range: [1.54012-1.85047]
	      - depth indexes range: [0-35]
	   - T camera (6/10):
	      - id: 110
	      - view id: 518285018
	      - depth planes: 35
	      - depths range: [1.54012-1.85047]
	      - depth indexes range: [0-35]
	   - T camera (7/10):
	      - id: 380
	      - view id: 1775441569
	      - depth planes: 35
	      - depths range: [1.54012-1.85047]
	      - depth indexes range: [0-35]
	   - T camera (8/10):
	      - id: 19
	      - view id: 75994757
	      - depth planes: 35
	      - depths range: [1.54012-1.85047]
	      - depth indexes range: [0-35]
	   - T camera (9/10):
	      - id: 20
	      - view id: 77316084
	      - depth planes: 35
	      - depths range: [1.54012-1.85047]
	      - depth indexes range: [0-35]
	   - T camera (10/10):
	      - id: 372
	      - view id: 1764792200
	      - depth planes: 35
	      - depths range: [1.54012-1.85047]
	      - depth indexes range: [0-35]
[10:36:27.389301][info] (rc: 237, tile: 1/1) SGM depth/thickness map of view id: 1166327660, rc: 237 (238 / 471).
[10:36:27.389301][info] (rc: 237, tile: 1/1) SGM Compute similarity volume.
[10:36:27.389301][info] (rc: 237, tile: 1/1) SGM Compute similarity volume done.
[10:36:27.389301][info] (rc: 237, tile: 1/1) SGM Optimizing volume (filtering axes: YX).
[10:36:27.781493][info] (rc: 237, tile: 1/1) SGM Optimizing volume done.
[10:36:27.781493][info] (rc: 237, tile: 1/1) SGM Retrieve best depth in volume.
[10:36:27.781493][info] (rc: 237, tile: 1/1) SGM Retrieve best depth in volume done.
[10:36:27.781493][info] (rc: 237, tile: 1/1) SGM depth/thickness map done.
[10:36:27.781493][info] (rc: 237, tile: 1/1) SGM Smooth thickness map.
[10:36:27.781493][info] (rc: 237, tile: 1/1) SGM Smooth thickness map done.
[10:36:27.781493][info] (rc: 237, tile: 1/1) Refine depth/sim map of view id: 1166327660, rc: 237 (238 / 471).
[10:36:27.782493][info] (rc: 237, tile: 1/1) Refine and fuse depth/sim map volume.
[10:36:27.782493][info] (rc: 237, tile: 1/1) Refine and fuse depth/sim map volume done.
[10:36:27.782493][info] (rc: 237, tile: 1/1) Color optimize depth/sim map.
[10:36:27.784493][info] (rc: 237, tile: 1/1) Color optimize depth/sim map done.
[10:36:27.784493][info] (rc: 237, tile: 1/1) Refine depth/sim map done.
[10:36:27.807495][info] (rc: 238, tile: 1/1) Camera / Depth information: 
	- R camera:
	   - id: 238
	   - view id: 1167649107
	   - depth planes: 61
	   - depths range: [1.50412-2.08501]
	- T cameras:
	   - T camera (1/10):
	      - id: 168
	      - view id: 810198300
	      - depth planes: 61
	      - depths range: [1.50412-2.08501]
	      - depth indexes range: [0-61]
	   - T camera (2/10):
	      - id: 192
	      - view id: 934531524
	      - depth planes: 61
	      - depths range: [1.50412-2.08501]
	      - depth indexes range: [0-61]
	   - T camera (3/10):
	      - id: 374
	      - view id: 1770484637
	      - depth planes: 61
	      - depths range: [1.50412-2.08501]
	      - depth indexes range: [0-61]
	   - T camera (4/10):
	      - id: 110
	      - view id: 518285018
	      - depth planes: 61
	      - depths range: [1.50412-2.08501]
	      - depth indexes range: [0-61]
	   - T camera (5/10):
	      - id: 23
	      - view id: 90586369
	      - depth planes: 61
	      - depths range: [1.50412-2.08501]
	      - depth indexes range: [0-61]
	   - T camera (6/10):
	      - id: 380
	      - view id: 1775441569
	      - depth planes: 61
	      - depths range: [1.50412-2.08501]
	      - depth indexes range: [0-61]
	   - T camera (7/10):
	      - id: 379
	      - view id: 1775276919
	      - depth planes: 61
	      - depths range: [1.50412-2.08501]
	      - depth indexes range: [0-61]
	   - T camera (8/10):
	      - id: 20
	      - view id: 77316084
	      - depth planes: 61
	      - depths range: [1.50412-2.08501]
	      - depth indexes range: [0-61]
	   - T camera (9/10):
	      - id: 19
	      - view id: 75994757
	      - depth planes: 61
	      - depths range: [1.50412-2.08501]
	      - depth indexes range: [0-61]
	   - T camera (10/10):
	      - id: 372
	      - view id: 1764792200
	      - depth planes: 61
	      - depths range: [1.50412-2.08501]
	      - depth indexes range: [0-61]
[10:36:27.807495][info] (rc: 238, tile: 1/1) SGM depth/thickness map of view id: 1167649107, rc: 238 (239 / 471).
[10:36:27.807495][info] (rc: 238, tile: 1/1) SGM Compute similarity volume.
[10:36:27.808503][info] (rc: 238, tile: 1/1) SGM Compute similarity volume done.
[10:36:27.808503][info] (rc: 238, tile: 1/1) SGM Optimizing volume (filtering axes: YX).
[10:36:28.295697][info] (rc: 238, tile: 1/1) SGM Optimizing volume done.
[10:36:28.295697][info] (rc: 238, tile: 1/1) SGM Retrieve best depth in volume.
[10:36:28.295697][info] (rc: 238, tile: 1/1) SGM Retrieve best depth in volume done.
[10:36:28.295697][info] (rc: 238, tile: 1/1) SGM depth/thickness map done.
[10:36:28.295697][info] (rc: 238, tile: 1/1) SGM Smooth thickness map.
[10:36:28.295697][info] (rc: 238, tile: 1/1) SGM Smooth thickness map done.
[10:36:28.295697][info] (rc: 238, tile: 1/1) Refine depth/sim map of view id: 1167649107, rc: 238 (239 / 471).
[10:36:28.295697][info] (rc: 238, tile: 1/1) Refine and fuse depth/sim map volume.
[10:36:28.296701][info] (rc: 238, tile: 1/1) Refine and fuse depth/sim map volume done.
[10:36:28.296701][info] (rc: 238, tile: 1/1) Color optimize depth/sim map.
[10:36:28.303701][info] (rc: 238, tile: 1/1) Color optimize depth/sim map done.
[10:36:28.304769][info] (rc: 238, tile: 1/1) Refine depth/sim map done.
[10:36:28.319018][info] (rc: 239, tile: 1/1) Camera / Depth information: 
	- R camera:
	   - id: 239
	   - view id: 1178070969
	   - depth planes: 58
	   - depths range: [1.40068-2.23515]
	- T cameras:
	   - T camera (1/10):
	      - id: 266
	      - view id: 1299758803
	      - depth planes: 58
	      - depths range: [1.40068-2.23515]
	      - depth indexes range: [0-58]
	   - T camera (2/10):
	      - id: 254
	      - view id: 1255928639
	      - depth planes: 58
	      - depths range: [1.40068-2.23515]
	      - depth indexes range: [0-58]
	   - T camera (3/10):
	      - id: 245
	      - view id: 1228617184
	      - depth planes: 58
	      - depths range: [1.40068-2.23515]
	      - depth indexes range: [0-58]
	   - T camera (4/10):
	      - id: 264
	      - view id: 1298459240
	      - depth planes: 58
	      - depths range: [1.40068-2.23515]
	      - depth indexes range: [0-58]
	   - T camera (5/10):
	      - id: 463
	      - view id: 2118372128
	      - depth planes: 58
	      - depths range: [1.40068-2.23515]
	      - depth indexes range: [0-58]
	   - T camera (6/10):
	      - id: 336
	      - view id: 1658327501
	      - depth planes: 54
	      - depths range: [1.40068-2.14544]
	      - depth indexes range: [0-54]
	   - T camera (7/10):
	      - id: 250
	      - view id: 1243699362
	      - depth planes: 56
	      - depths range: [1.40068-2.18938]
	      - depth indexes range: [0-56]
	   - T camera (8/10):
	      - id: 249
	      - view id: 1242884354
	      - depth planes: 29
	      - depths range: [1.40068-1.71522]
	      - depth indexes range: [0-29]
	   - T camera (9/10):
	      - id: 333
	      - view id: 1653298662
	      - depth planes: 28
	      - depths range: [1.40068-1.70157]
	      - depth indexes range: [0-28]
	   - T camera (10/10):
	      - id: 451
	      - view id: 2087959275
	      - depth planes: 38
	      - depths range: [1.40068-1.84867]
	      - depth indexes range: [0-38]
[10:36:28.319018][info] (rc: 239, tile: 1/1) SGM depth/thickness map of view id: 1178070969, rc: 239 (240 / 471).
[10:36:28.319018][info] (rc: 239, tile: 1/1) SGM Compute similarity volume.
[10:36:28.320020][info] (rc: 239, tile: 1/1) SGM Compute similarity volume done.
[10:36:28.320020][info] (rc: 239, tile: 1/1) SGM Optimizing volume (filtering axes: YX).
[10:36:28.805350][info] (rc: 239, tile: 1/1) SGM Optimizing volume done.
[10:36:28.806347][info] (rc: 239, tile: 1/1) SGM Retrieve best depth in volume.
[10:36:28.806347][info] (rc: 239, tile: 1/1) SGM Retrieve best depth in volume done.
[10:36:28.806347][info] (rc: 239, tile: 1/1) SGM depth/thickness map done.
[10:36:28.806347][info] (rc: 239, tile: 1/1) SGM Smooth thickness map.
[10:36:28.806347][info] (rc: 239, tile: 1/1) SGM Smooth thickness map done.
[10:36:28.806347][info] (rc: 239, tile: 1/1) Refine depth/sim map of view id: 1178070969, rc: 239 (240 / 471).
[10:36:28.806347][info] (rc: 239, tile: 1/1) Refine and fuse depth/sim map volume.
[10:36:28.806347][info] (rc: 239, tile: 1/1) Refine and fuse depth/sim map volume done.
[10:36:28.806347][info] (rc: 239, tile: 1/1) Color optimize depth/sim map.
[10:36:28.809349][info] (rc: 239, tile: 1/1) Color optimize depth/sim map done.
[10:36:28.809349][info] (rc: 239, tile: 1/1) Refine depth/sim map done.
[10:36:29.226997][info] Task done in (s): 28.419000
