[2024-11-20 10:26:43.585852] [0x0000f394] [trace]   Embedded OCIO configuration file: 'C:\Users\Avidh Bavkar\Downloads\Meshroom-2023.3.0-win64\Meshroom-2023.3.0\aliceVision/share/aliceVision/config.ocio' found.
Program called with the following parameters:
 * autoAdjustSmallImage = 1
 * chooseTCamsPerTile = 1
 * colorOptimizationEnabled = 1
 * colorOptimizationNbIterations = 100
 * customPatchPatternGroupSubpartsPerLevel = 0 (default)
 * customPatchPatternSubparts =  Unknown Type "class std::vector<struct aliceVision::depthMap::CustomPatchPatternParams::SubpartParams,class std::allocator<struct aliceVision::depthMap::CustomPatchPatternParams::SubpartParams> >" (default)
 * downscale = 2
 * exportIntermediateCrossVolumes = 0
 * exportIntermediateDepthSimMaps = 0
 * exportIntermediateNormalMaps = 0
 * exportIntermediateTopographicCutVolumes = 0
 * exportIntermediateVolume9pCsv = 0
 * exportIntermediateVolumes = 0
 * exportTilePattern = 0
 * imagesFolder = "C:/Users/Avidh Bavkar/OneDrive - purdue.edu/PETAL/PETAL_Photogrammetry/Scripts/Camera_Experiments/meshroom/MeshroomCache/PrepareDenseScene/8e3c0b2966564921603602656d4b9e6c70aa60ff"
 * input = "C:/Users/Avidh Bavkar/OneDrive - purdue.edu/PETAL/PETAL_Photogrammetry/Scripts/Camera_Experiments/meshroom/MeshroomCache/StructureFromMotion/6134e9e839f7223d14819e2da1cf90cf3a999ebe/sfm.abc"
 * maxCoresAvailable =  Unknown Type "unsigned int" (default)
 * maxMemoryAvailable = 18446744073709551615 (default)
 * maxTCams = 10
 * maxViewAngle = 70
 * minViewAngle = 2
 * nbGPUs = 0
 * output = "C:/Users/Avidh Bavkar/OneDrive - purdue.edu/PETAL/PETAL_Photogrammetry/Scripts/Camera_Experiments/meshroom/MeshroomCache/DepthMap/b4c331b9d680327a3c19c76ed2cf1434735bb201"
 * rangeSize = 12
 * rangeStart = 24
 * refineEnabled = 1
 * refineGammaC = 15.5
 * refineGammaP = 8
 * refineHalfNbDepths = 15
 * refineInterpolateMiddleDepth = 0
 * refineMaxTCamsPerTile = 4
 * refineScale = 1
 * refineSigma = 15
 * refineStepXY = 1
 * refineSubsampling = 10
 * refineUseConsistentScale = 0
 * refineUseCustomPatchPattern = 0
 * refineWSH = 3
 * sgmDepthListPerTile = 1
 * sgmDepthThicknessInflate = 0
 * sgmFilteringAxes = "YX"
 * sgmGammaC = 5.5
 * sgmGammaP = 8
 * sgmMaxDepths = 1500
 * sgmMaxSimilarity = 1
 * sgmMaxTCamsPerTile = 4
 * sgmP1 = 10
 * sgmP2Weighting = 100
 * sgmScale = 2
 * sgmSeedsRangeInflate = 0.2
 * sgmStepXY = 2
 * sgmStepZ = -1
 * sgmUseConsistentScale = 0
 * sgmUseCustomPatchPattern = 0
 * sgmUseSfmSeeds = 1
 * sgmWSH = 4
 * tileBufferHeight = 1024
 * tileBufferWidth = 1024
 * tilePadding = 64
 * verboseLevel = "info"

Hardware : 
	Detected core count : 20
	OpenMP will use 20 cores
	Detected available memory : 12270 Mo

[10:26:43.601849][info] CUDA-Enabled GPU.
Device information:
	- id:                      0
	- name:                    NVIDIA GeForce RTX 3050 Ti Laptop GPU
	- compute capability:      8.6
	- clock frequency (kHz):   1035000
	- total device memory:     4095 MB 
	- device memory available: 3282 MB 
	- per-block shared memory: 49152
	- warp size:               32
	- max threads per block:   1024
	- max threads per SM(X):   1536
	- max block sizes:         {1024,1024,64}
	- max grid sizes:          {2147483647,65535,65535}
	- max 2D array texture:    {131072,65536}
	- max 3D array texture:    {16384,16384,16384}
	- max 2D linear texture:   {131072,65000,2097120}
	- max 2D layered texture:  {32768,32768,2048}
	- number of SM(x)s:        20
	- registers per SM(x):     65536
	- registers per block:     65536
	- concurrent kernels:      yes
	- mapping host memory:     yes
	- unified addressing:      yes
	- texture alignment:       512 byte
	- pitch alignment:         32 byte
CUDA build version: 11.6
[10:26:43.906145][info] Supported CUDA-Enabled GPU detected.
[10:27:05.892754][info] Found 1 image dimension(s): 
[10:27:05.892754][info] 	- [816x624]
[10:27:07.197805][info] Overall maximum dimension: [816x624]
[10:27:07.197805][warning] Tile buffer size (width: 1024, height: 1024) is larger than the maximum image size (width: 408, height: 312).
[10:27:07.198802][warning] Single tile computation, override SGM maximum number of T cameras per tile (before: 4, now: 10).
[10:27:07.198802][warning] Single tile computation, override Refine maximum number of T cameras per tile (before: 4, now: 10).
[10:27:07.198802][warning] Single tile computation, override SGM step XY (before: 2, now: 1).
[10:27:07.198802][info] Tiling information: 
	- parameters: 
	      - buffer width:  1024 px
	      - buffer height: 1024 px
	      - padding: 64 px
	- maximum downscale:  2
	- maximum image width:  408 px
	- maximum image height: 312 px
[10:27:07.198802][info] Maximum image size is smaller than one tile, use only one tile.
[10:27:07.198802][info] SGM parameters:
	- scale: 2
	- stepXY: 1
[10:27:07.198802][info] Refine parameters:
	- scale: 1
	- stepXY: 1
[10:27:07.198802][info] Number of GPU devices: 1, number of CPU threads: 20
[10:27:07.674794][info] Device memory:
	- available: 2625.8 MB
	- requirement for the first tile: 867.892 MB
	- # computation buffers per tile: 851.867 MB (Sgm: 757.867 MB, Refine: 94 MB)
	- # input images (R + 10 Ts): 16.0247 MB (single mipmap image size: 1.45679 MB)
[10:27:07.674794][info] Parallelization:
	- # tiles per image: 1
	- # simultaneous depth maps computation: 3
	- # simultaneous tiles computation: 3
[10:27:07.722562][info] Device memory (device id: 0):
	- used: 3383.31 MB
	- available: 712.25 MB
	- total: 4095.56 MB
[10:27:10.061267][info] (rc: 24, tile: 1/1) Camera / Depth information: 
	- R camera:
	   - id: 24
	   - view id: 92208979
	   - depth planes: 218
	   - depths range: [0.816428-1.80098]
	- T cameras:
	   - T camera (1/10):
	      - id: 269
	      - view id: 1310267620
	      - depth planes: 135
	      - depths range: [1.08641-1.80098]
	      - depth indexes range: [83-218]
	   - T camera (2/10):
	      - id: 243
	      - view id: 1219391490
	      - depth planes: 176
	      - depths range: [0.953043-1.80098]
	      - depth indexes range: [42-218]
	   - T camera (3/10):
	      - id: 244
	      - view id: 1219975090
	      - depth planes: 200
	      - depths range: [0.874978-1.80098]
	      - depth indexes range: [18-218]
	   - T camera (4/10):
	      - id: 44
	      - view id: 224974560
	      - depth planes: 185
	      - depths range: [0.923769-1.80098]
	      - depth indexes range: [33-218]
	   - T camera (5/10):
	      - id: 43
	      - view id: 222943684
	      - depth planes: 203
	      - depths range: [0.865219-1.80098]
	      - depth indexes range: [15-218]
	   - T camera (6/10):
	      - id: 42
	      - view id: 220125103
	      - depth planes: 218
	      - depths range: [0.816428-1.80098]
	      - depth indexes range: [0-218]
	   - T camera (7/10):
	      - id: 287
	      - view id: 1331418914
	      - depth planes: 218
	      - depths range: [0.816428-1.80098]
	      - depth indexes range: [0-218]
	   - T camera (8/10):
	      - id: 289
	      - view id: 1333750311
	      - depth planes: 218
	      - depths range: [0.816428-1.80098]
	      - depth indexes range: [0-218]
	   - T camera (9/10):
	      - id: 77
	      - view id: 379863358
	      - depth planes: 211
	      - depths range: [0.816428-1.7416]
	      - depth indexes range: [0-211]
	   - T camera (10/10):
	      - id: 363
	      - view id: 1745221732
	      - depth planes: 218
	      - depths range: [0.816428-1.80098]
	      - depth indexes range: [0-218]
[10:27:10.061267][info] (rc: 24, tile: 1/1) SGM depth/thickness map of view id: 92208979, rc: 24 (25 / 471).
[10:27:10.061267][info] (rc: 24, tile: 1/1) SGM Compute similarity volume.
[10:27:10.062263][info] (rc: 24, tile: 1/1) SGM Compute similarity volume done.
[10:27:10.062263][info] (rc: 24, tile: 1/1) SGM Optimizing volume (filtering axes: YX).
[10:27:10.835088][info] (rc: 24, tile: 1/1) SGM Optimizing volume done.
[10:27:10.835088][info] (rc: 24, tile: 1/1) SGM Retrieve best depth in volume.
[10:27:10.835088][info] (rc: 24, tile: 1/1) SGM Retrieve best depth in volume done.
[10:27:10.835088][info] (rc: 24, tile: 1/1) SGM depth/thickness map done.
[10:27:10.835088][info] (rc: 24, tile: 1/1) SGM Smooth thickness map.
[10:27:10.835088][info] (rc: 24, tile: 1/1) SGM Smooth thickness map done.
[10:27:10.835088][info] (rc: 24, tile: 1/1) Refine depth/sim map of view id: 92208979, rc: 24 (25 / 471).
[10:27:10.835088][info] (rc: 24, tile: 1/1) Refine and fuse depth/sim map volume.
[10:27:10.836090][info] (rc: 24, tile: 1/1) Refine and fuse depth/sim map volume done.
[10:27:10.836090][info] (rc: 24, tile: 1/1) Color optimize depth/sim map.
[10:27:10.840086][info] (rc: 24, tile: 1/1) Color optimize depth/sim map done.
[10:27:10.840086][info] (rc: 24, tile: 1/1) Refine depth/sim map done.
[10:27:10.856093][info] (rc: 25, tile: 1/1) Camera / Depth information: 
	- R camera:
	   - id: 25
	   - view id: 96826009
	   - depth planes: 22
	   - depths range: [1.55358-1.72795]
	- T cameras:
	   - T camera (1/10):
	      - id: 168
	      - view id: 810198300
	      - depth planes: 22
	      - depths range: [1.55358-1.72795]
	      - depth indexes range: [0-22]
	   - T camera (2/10):
	      - id: 376
	      - view id: 1773692128
	      - depth planes: 22
	      - depths range: [1.55358-1.72795]
	      - depth indexes range: [0-22]
	   - T camera (3/10):
	      - id: 192
	      - view id: 934531524
	      - depth planes: 22
	      - depths range: [1.55358-1.72795]
	      - depth indexes range: [0-22]
	   - T camera (4/10):
	      - id: 374
	      - view id: 1770484637
	      - depth planes: 22
	      - depths range: [1.55358-1.72795]
	      - depth indexes range: [0-22]
	   - T camera (5/10):
	      - id: 110
	      - view id: 518285018
	      - depth planes: 22
	      - depths range: [1.55358-1.72795]
	      - depth indexes range: [0-22]
	   - T camera (6/10):
	      - id: 23
	      - view id: 90586369
	      - depth planes: 22
	      - depths range: [1.55358-1.72795]
	      - depth indexes range: [0-22]
	   - T camera (7/10):
	      - id: 380
	      - view id: 1775441569
	      - depth planes: 22
	      - depths range: [1.55358-1.72795]
	      - depth indexes range: [0-22]
	   - T camera (8/10):
	      - id: 20
	      - view id: 77316084
	      - depth planes: 22
	      - depths range: [1.55358-1.72795]
	      - depth indexes range: [0-22]
	   - T camera (9/10):
	      - id: 19
	      - view id: 75994757
	      - depth planes: 22
	      - depths range: [1.55358-1.72795]
	      - depth indexes range: [0-22]
	   - T camera (10/10):
	      - id: 372
	      - view id: 1764792200
	      - depth planes: 22
	      - depths range: [1.55358-1.72795]
	      - depth indexes range: [0-22]
[10:27:10.856093][info] (rc: 25, tile: 1/1) SGM depth/thickness map of view id: 96826009, rc: 25 (26 / 471).
[10:27:10.857090][info] (rc: 25, tile: 1/1) SGM Compute similarity volume.
[10:27:10.862085][info] (rc: 25, tile: 1/1) SGM Compute similarity volume done.
[10:27:10.862085][info] (rc: 25, tile: 1/1) SGM Optimizing volume (filtering axes: YX).
[10:27:11.260224][info] (rc: 25, tile: 1/1) SGM Optimizing volume done.
[10:27:11.260224][info] (rc: 25, tile: 1/1) SGM Retrieve best depth in volume.
[10:27:11.260224][info] (rc: 25, tile: 1/1) SGM Retrieve best depth in volume done.
[10:27:11.260224][info] (rc: 25, tile: 1/1) SGM depth/thickness map done.
[10:27:11.260224][info] (rc: 25, tile: 1/1) SGM Smooth thickness map.
[10:27:11.260224][info] (rc: 25, tile: 1/1) SGM Smooth thickness map done.
[10:27:11.260224][info] (rc: 25, tile: 1/1) Refine depth/sim map of view id: 96826009, rc: 25 (26 / 471).
[10:27:11.260224][info] (rc: 25, tile: 1/1) Refine and fuse depth/sim map volume.
[10:27:11.261222][info] (rc: 25, tile: 1/1) Refine and fuse depth/sim map volume done.
[10:27:11.261222][info] (rc: 25, tile: 1/1) Color optimize depth/sim map.
[10:27:11.264222][info] (rc: 25, tile: 1/1) Color optimize depth/sim map done.
[10:27:11.264222][info] (rc: 25, tile: 1/1) Refine depth/sim map done.
[10:27:11.272228][info] (rc: 26, tile: 1/1) Camera / Depth information: 
	- R camera:
	   - id: 26
	   - view id: 97533119
	   - depth planes: 38
	   - depths range: [1.52964-1.85548]
	- T cameras:
	   - T camera (1/10):
	      - id: 168
	      - view id: 810198300
	      - depth planes: 38
	      - depths range: [1.52964-1.85548]
	      - depth indexes range: [0-38]
	   - T camera (2/10):
	      - id: 192
	      - view id: 934531524
	      - depth planes: 38
	      - depths range: [1.52964-1.85548]
	      - depth indexes range: [0-38]
	   - T camera (3/10):
	      - id: 374
	      - view id: 1770484637
	      - depth planes: 38
	      - depths range: [1.52964-1.85548]
	      - depth indexes range: [0-38]
	   - T camera (4/10):
	      - id: 193
	      - view id: 934771345
	      - depth planes: 38
	      - depths range: [1.52964-1.85548]
	      - depth indexes range: [0-38]
	   - T camera (5/10):
	      - id: 110
	      - view id: 518285018
	      - depth planes: 38
	      - depths range: [1.52964-1.85548]
	      - depth indexes range: [0-38]
	   - T camera (6/10):
	      - id: 23
	      - view id: 90586369
	      - depth planes: 38
	      - depths range: [1.52964-1.85548]
	      - depth indexes range: [0-38]
	   - T camera (7/10):
	      - id: 380
	      - view id: 1775441569
	      - depth planes: 38
	      - depths range: [1.52964-1.85548]
	      - depth indexes range: [0-38]
	   - T camera (8/10):
	      - id: 20
	      - view id: 77316084
	      - depth planes: 38
	      - depths range: [1.52964-1.85548]
	      - depth indexes range: [0-38]
	   - T camera (9/10):
	      - id: 19
	      - view id: 75994757
	      - depth planes: 38
	      - depths range: [1.52964-1.85548]
	      - depth indexes range: [0-38]
	   - T camera (10/10):
	      - id: 372
	      - view id: 1764792200
	      - depth planes: 38
	      - depths range: [1.52964-1.85548]
	      - depth indexes range: [0-38]
[10:27:11.272228][info] (rc: 26, tile: 1/1) SGM depth/thickness map of view id: 97533119, rc: 26 (27 / 471).
[10:27:11.272228][info] (rc: 26, tile: 1/1) SGM Compute similarity volume.
[10:27:11.272228][info] (rc: 26, tile: 1/1) SGM Compute similarity volume done.
[10:27:11.272228][info] (rc: 26, tile: 1/1) SGM Optimizing volume (filtering axes: YX).
[10:27:11.724605][info] (rc: 26, tile: 1/1) SGM Optimizing volume done.
[10:27:11.724605][info] (rc: 26, tile: 1/1) SGM Retrieve best depth in volume.
[10:27:11.725714][info] (rc: 26, tile: 1/1) SGM Retrieve best depth in volume done.
[10:27:11.725714][info] (rc: 26, tile: 1/1) SGM depth/thickness map done.
[10:27:11.725714][info] (rc: 26, tile: 1/1) SGM Smooth thickness map.
[10:27:11.725714][info] (rc: 26, tile: 1/1) SGM Smooth thickness map done.
[10:27:11.725714][info] (rc: 26, tile: 1/1) Refine depth/sim map of view id: 97533119, rc: 26 (27 / 471).
[10:27:11.725714][info] (rc: 26, tile: 1/1) Refine and fuse depth/sim map volume.
[10:27:11.726662][info] (rc: 26, tile: 1/1) Refine and fuse depth/sim map volume done.
[10:27:11.726662][info] (rc: 26, tile: 1/1) Color optimize depth/sim map.
[10:27:11.730507][info] (rc: 26, tile: 1/1) Color optimize depth/sim map done.
[10:27:11.730507][info] (rc: 26, tile: 1/1) Refine depth/sim map done.
[10:27:13.662703][info] (rc: 27, tile: 1/1) Camera / Depth information: 
	- R camera:
	   - id: 27
	   - view id: 106131753
	   - depth planes: 26
	   - depths range: [1.4849-1.64736]
	- T cameras:
	   - T camera (1/10):
	      - id: 0
	      - view id: 28531450
	      - depth planes: 26
	      - depths range: [1.4849-1.64736]
	      - depth indexes range: [0-26]
	   - T camera (2/10):
	      - id: 44
	      - view id: 224974560
	      - depth planes: 26
	      - depths range: [1.4849-1.64736]
	      - depth indexes range: [0-26]
	   - T camera (3/10):
	      - id: 243
	      - view id: 1219391490
	      - depth planes: 26
	      - depths range: [1.4849-1.64736]
	      - depth indexes range: [0-26]
	   - T camera (4/10):
	      - id: 43
	      - view id: 222943684
	      - depth planes: 26
	      - depths range: [1.4849-1.64736]
	      - depth indexes range: [0-26]
	   - T camera (5/10):
	      - id: 244
	      - view id: 1219975090
	      - depth planes: 26
	      - depths range: [1.4849-1.64736]
	      - depth indexes range: [0-26]
	   - T camera (6/10):
	      - id: 363
	      - view id: 1745221732
	      - depth planes: 26
	      - depths range: [1.4849-1.64736]
	      - depth indexes range: [0-26]
	   - T camera (7/10):
	      - id: 42
	      - view id: 220125103
	      - depth planes: 26
	      - depths range: [1.4849-1.64736]
	      - depth indexes range: [0-26]
	   - T camera (8/10):
	      - id: 77
	      - view id: 379863358
	      - depth planes: 26
	      - depths range: [1.4849-1.64736]
	      - depth indexes range: [0-26]
	   - T camera (9/10):
	      - id: 76
	      - view id: 379106790
	      - depth planes: 26
	      - depths range: [1.4849-1.64736]
	      - depth indexes range: [0-26]
	   - T camera (10/10):
	      - id: 287
	      - view id: 1331418914
	      - depth planes: 26
	      - depths range: [1.4849-1.64736]
	      - depth indexes range: [0-26]
[10:27:13.663700][info] (rc: 27, tile: 1/1) SGM depth/thickness map of view id: 106131753, rc: 27 (28 / 471).
[10:27:13.663700][info] (rc: 27, tile: 1/1) SGM Compute similarity volume.
[10:27:13.664700][info] (rc: 27, tile: 1/1) SGM Compute similarity volume done.
[10:27:13.664700][info] (rc: 27, tile: 1/1) SGM Optimizing volume (filtering axes: YX).
[10:27:14.055513][info] (rc: 27, tile: 1/1) SGM Optimizing volume done.
[10:27:14.055513][info] (rc: 27, tile: 1/1) SGM Retrieve best depth in volume.
[10:27:14.056364][info] (rc: 27, tile: 1/1) SGM Retrieve best depth in volume done.
[10:27:14.056364][info] (rc: 27, tile: 1/1) SGM depth/thickness map done.
[10:27:14.056364][info] (rc: 27, tile: 1/1) SGM Smooth thickness map.
[10:27:14.056364][info] (rc: 27, tile: 1/1) SGM Smooth thickness map done.
[10:27:14.056364][info] (rc: 27, tile: 1/1) Refine depth/sim map of view id: 106131753, rc: 27 (28 / 471).
[10:27:14.056364][info] (rc: 27, tile: 1/1) Refine and fuse depth/sim map volume.
[10:27:14.057447][info] (rc: 27, tile: 1/1) Refine and fuse depth/sim map volume done.
[10:27:14.057447][info] (rc: 27, tile: 1/1) Color optimize depth/sim map.
[10:27:14.060362][info] (rc: 27, tile: 1/1) Color optimize depth/sim map done.
[10:27:14.060362][info] (rc: 27, tile: 1/1) Refine depth/sim map done.
[10:27:14.073414][info] (rc: 28, tile: 1/1) Camera / Depth information: 
	- R camera:
	   - id: 28
	   - view id: 106843816
	   - depth planes: 21
	   - depths range: [1.4911-1.64115]
	- T cameras:
	   - T camera (1/10):
	      - id: 178
	      - view id: 838722640
	      - depth planes: 21
	      - depths range: [1.4911-1.64115]
	      - depth indexes range: [0-21]
	   - T camera (2/10):
	      - id: 243
	      - view id: 1219391490
	      - depth planes: 21
	      - depths range: [1.4911-1.64115]
	      - depth indexes range: [0-21]
	   - T camera (3/10):
	      - id: 37
	      - view id: 195893704
	      - depth planes: 21
	      - depths range: [1.4911-1.64115]
	      - depth indexes range: [0-21]
	   - T camera (4/10):
	      - id: 173
	      - view id: 822263608
	      - depth planes: 21
	      - depths range: [1.4911-1.64115]
	      - depth indexes range: [0-21]
	   - T camera (5/10):
	      - id: 244
	      - view id: 1219975090
	      - depth planes: 21
	      - depths range: [1.4911-1.64115]
	      - depth indexes range: [0-21]
	   - T camera (6/10):
	      - id: 289
	      - view id: 1333750311
	      - depth planes: 21
	      - depths range: [1.4911-1.64115]
	      - depth indexes range: [0-21]
	   - T camera (7/10):
	      - id: 44
	      - view id: 224974560
	      - depth planes: 21
	      - depths range: [1.4911-1.64115]
	      - depth indexes range: [0-21]
	   - T camera (8/10):
	      - id: 43
	      - view id: 222943684
	      - depth planes: 21
	      - depths range: [1.4911-1.64115]
	      - depth indexes range: [0-21]
	   - T camera (9/10):
	      - id: 284
	      - view id: 1326952530
	      - depth planes: 21
	      - depths range: [1.4911-1.64115]
	      - depth indexes range: [0-21]
	   - T camera (10/10):
	      - id: 42
	      - view id: 220125103
	      - depth planes: 20
	      - depths range: [1.4911-1.63294]
	      - depth indexes range: [0-20]
[10:27:14.073414][info] (rc: 28, tile: 1/1) SGM depth/thickness map of view id: 106843816, rc: 28 (29 / 471).
[10:27:14.073414][info] (rc: 28, tile: 1/1) SGM Compute similarity volume.
[10:27:14.074489][info] (rc: 28, tile: 1/1) SGM Compute similarity volume done.
[10:27:14.074489][info] (rc: 28, tile: 1/1) SGM Optimizing volume (filtering axes: YX).
[10:27:14.509430][info] (rc: 28, tile: 1/1) SGM Optimizing volume done.
[10:27:14.509430][info] (rc: 28, tile: 1/1) SGM Retrieve best depth in volume.
[10:27:14.509430][info] (rc: 28, tile: 1/1) SGM Retrieve best depth in volume done.
[10:27:14.509430][info] (rc: 28, tile: 1/1) SGM depth/thickness map done.
[10:27:14.509430][info] (rc: 28, tile: 1/1) SGM Smooth thickness map.
[10:27:14.509430][info] (rc: 28, tile: 1/1) SGM Smooth thickness map done.
[10:27:14.509430][info] (rc: 28, tile: 1/1) Refine depth/sim map of view id: 106843816, rc: 28 (29 / 471).
[10:27:14.509430][info] (rc: 28, tile: 1/1) Refine and fuse depth/sim map volume.
[10:27:14.510430][info] (rc: 28, tile: 1/1) Refine and fuse depth/sim map volume done.
[10:27:14.510430][info] (rc: 28, tile: 1/1) Color optimize depth/sim map.
[10:27:14.511563][info] (rc: 28, tile: 1/1) Color optimize depth/sim map done.
[10:27:14.511563][info] (rc: 28, tile: 1/1) Refine depth/sim map done.
[10:27:14.523582][info] (rc: 29, tile: 1/1) Camera / Depth information: 
	- R camera:
	   - id: 29
	   - view id: 109233208
	   - depth planes: 19
	   - depths range: [1.5289-1.67662]
	- T cameras:
	   - T camera (1/10):
	      - id: 347
	      - view id: 1721573006
	      - depth planes: 19
	      - depths range: [1.5289-1.67662]
	      - depth indexes range: [0-19]
	   - T camera (2/10):
	      - id: 353
	      - view id: 1726878806
	      - depth planes: 19
	      - depths range: [1.5289-1.67662]
	      - depth indexes range: [0-19]
	   - T camera (3/10):
	      - id: 349
	      - view id: 1722496470
	      - depth planes: 19
	      - depths range: [1.5289-1.67662]
	      - depth indexes range: [0-19]
	   - T camera (4/10):
	      - id: 400
	      - view id: 1836140009
	      - depth planes: 19
	      - depths range: [1.5289-1.67662]
	      - depth indexes range: [0-19]
	   - T camera (5/10):
	      - id: 358
	      - view id: 1733283469
	      - depth planes: 19
	      - depths range: [1.5289-1.67662]
	      - depth indexes range: [0-19]
	   - T camera (6/10):
	      - id: 359
	      - view id: 1733583250
	      - depth planes: 19
	      - depths range: [1.5289-1.67662]
	      - depth indexes range: [0-19]
	   - T camera (7/10):
	      - id: 92
	      - view id: 417351805
	      - depth planes: 19
	      - depths range: [1.5289-1.67662]
	      - depth indexes range: [0-19]
	   - T camera (8/10):
	      - id: 361
	      - view id: 1736336538
	      - depth planes: 19
	      - depths range: [1.5289-1.67662]
	      - depth indexes range: [0-19]
	   - T camera (9/10):
	      - id: 112
	      - view id: 533032502
	      - depth planes: 19
	      - depths range: [1.5289-1.67662]
	      - depth indexes range: [0-19]
	   - T camera (10/10):
	      - id: 113
	      - view id: 534338863
	      - depth planes: 19
	      - depths range: [1.5289-1.67662]
	      - depth indexes range: [0-19]
[10:27:14.523582][info] (rc: 29, tile: 1/1) SGM depth/thickness map of view id: 109233208, rc: 29 (30 / 471).
[10:27:14.523582][info] (rc: 29, tile: 1/1) SGM Compute similarity volume.
[10:27:14.523582][info] (rc: 29, tile: 1/1) SGM Compute similarity volume done.
[10:27:14.523582][info] (rc: 29, tile: 1/1) SGM Optimizing volume (filtering axes: YX).
[10:27:14.912464][info] (rc: 29, tile: 1/1) SGM Optimizing volume done.
[10:27:14.912464][info] (rc: 29, tile: 1/1) SGM Retrieve best depth in volume.
[10:27:14.912464][info] (rc: 29, tile: 1/1) SGM Retrieve best depth in volume done.
[10:27:14.912464][info] (rc: 29, tile: 1/1) SGM depth/thickness map done.
[10:27:14.912464][info] (rc: 29, tile: 1/1) SGM Smooth thickness map.
[10:27:14.912464][info] (rc: 29, tile: 1/1) SGM Smooth thickness map done.
[10:27:14.912464][info] (rc: 29, tile: 1/1) Refine depth/sim map of view id: 109233208, rc: 29 (30 / 471).
[10:27:14.912464][info] (rc: 29, tile: 1/1) Refine and fuse depth/sim map volume.
[10:27:14.912464][info] (rc: 29, tile: 1/1) Refine and fuse depth/sim map volume done.
[10:27:14.912464][info] (rc: 29, tile: 1/1) Color optimize depth/sim map.
[10:27:14.914462][info] (rc: 29, tile: 1/1) Color optimize depth/sim map done.
[10:27:14.914462][info] (rc: 29, tile: 1/1) Refine depth/sim map done.
[10:27:15.810774][info] (rc: 30, tile: 1/1) Camera / Depth information: 
	- R camera:
	   - id: 30
	   - view id: 110466467
	   - depth planes: 25
	   - depths range: [1.49116-1.68652]
	- T cameras:
	   - T camera (1/10):
	      - id: 347
	      - view id: 1721573006
	      - depth planes: 25
	      - depths range: [1.49116-1.68652]
	      - depth indexes range: [0-25]
	   - T camera (2/10):
	      - id: 353
	      - view id: 1726878806
	      - depth planes: 25
	      - depths range: [1.49116-1.68652]
	      - depth indexes range: [0-25]
	   - T camera (3/10):
	      - id: 349
	      - view id: 1722496470
	      - depth planes: 25
	      - depths range: [1.49116-1.68652]
	      - depth indexes range: [0-25]
	   - T camera (4/10):
	      - id: 358
	      - view id: 1733283469
	      - depth planes: 25
	      - depths range: [1.49116-1.68652]
	      - depth indexes range: [0-25]
	   - T camera (5/10):
	      - id: 404
	      - view id: 1855120617
	      - depth planes: 25
	      - depths range: [1.49116-1.68652]
	      - depth indexes range: [0-25]
	   - T camera (6/10):
	      - id: 359
	      - view id: 1733583250
	      - depth planes: 25
	      - depths range: [1.49116-1.68652]
	      - depth indexes range: [0-25]
	   - T camera (7/10):
	      - id: 92
	      - view id: 417351805
	      - depth planes: 25
	      - depths range: [1.49116-1.68652]
	      - depth indexes range: [0-25]
	   - T camera (8/10):
	      - id: 361
	      - view id: 1736336538
	      - depth planes: 25
	      - depths range: [1.49116-1.68652]
	      - depth indexes range: [0-25]
	   - T camera (9/10):
	      - id: 113
	      - view id: 534338863
	      - depth planes: 25
	      - depths range: [1.49116-1.68652]
	      - depth indexes range: [0-25]
	   - T camera (10/10):
	      - id: 112
	      - view id: 533032502
	      - depth planes: 25
	      - depths range: [1.49116-1.68652]
	      - depth indexes range: [0-25]
[10:27:15.810774][info] (rc: 30, tile: 1/1) SGM depth/thickness map of view id: 110466467, rc: 30 (31 / 471).
[10:27:15.810774][info] (rc: 30, tile: 1/1) SGM Compute similarity volume.
[10:27:15.811775][info] (rc: 30, tile: 1/1) SGM Compute similarity volume done.
[10:27:15.811775][info] (rc: 30, tile: 1/1) SGM Optimizing volume (filtering axes: YX).
[10:27:16.112694][info] (rc: 30, tile: 1/1) SGM Optimizing volume done.
[10:27:16.112694][info] (rc: 30, tile: 1/1) SGM Retrieve best depth in volume.
[10:27:16.112694][info] (rc: 30, tile: 1/1) SGM Retrieve best depth in volume done.
[10:27:16.112694][info] (rc: 30, tile: 1/1) SGM depth/thickness map done.
[10:27:16.112694][info] (rc: 30, tile: 1/1) SGM Smooth thickness map.
[10:27:16.112694][info] (rc: 30, tile: 1/1) SGM Smooth thickness map done.
[10:27:16.112694][info] (rc: 30, tile: 1/1) Refine depth/sim map of view id: 110466467, rc: 30 (31 / 471).
[10:27:16.112694][info] (rc: 30, tile: 1/1) Refine and fuse depth/sim map volume.
[10:27:16.112694][info] (rc: 30, tile: 1/1) Refine and fuse depth/sim map volume done.
[10:27:16.113682][info] (rc: 30, tile: 1/1) Color optimize depth/sim map.
[10:27:16.114681][info] (rc: 30, tile: 1/1) Color optimize depth/sim map done.
[10:27:16.114681][info] (rc: 30, tile: 1/1) Refine depth/sim map done.
[10:27:16.130521][info] (rc: 31, tile: 1/1) Camera / Depth information: 
	- R camera:
	   - id: 31
	   - view id: 110938157
	   - depth planes: 44
	   - depths range: [1.48543-1.87873]
	- T cameras:
	   - T camera (1/10):
	      - id: 347
	      - view id: 1721573006
	      - depth planes: 44
	      - depths range: [1.48543-1.87873]
	      - depth indexes range: [0-44]
	   - T camera (2/10):
	      - id: 353
	      - view id: 1726878806
	      - depth planes: 44
	      - depths range: [1.48543-1.87873]
	      - depth indexes range: [0-44]
	   - T camera (3/10):
	      - id: 349
	      - view id: 1722496470
	      - depth planes: 44
	      - depths range: [1.48543-1.87873]
	      - depth indexes range: [0-44]
	   - T camera (4/10):
	      - id: 358
	      - view id: 1733283469
	      - depth planes: 44
	      - depths range: [1.48543-1.87873]
	      - depth indexes range: [0-44]
	   - T camera (5/10):
	      - id: 359
	      - view id: 1733583250
	      - depth planes: 44
	      - depths range: [1.48543-1.87873]
	      - depth indexes range: [0-44]
	   - T camera (6/10):
	      - id: 92
	      - view id: 417351805
	      - depth planes: 44
	      - depths range: [1.48543-1.87873]
	      - depth indexes range: [0-44]
	   - T camera (7/10):
	      - id: 361
	      - view id: 1736336538
	      - depth planes: 44
	      - depths range: [1.48543-1.87873]
	      - depth indexes range: [0-44]
	   - T camera (8/10):
	      - id: 419
	      - view id: 1938092020
	      - depth planes: 30
	      - depths range: [1.48543-1.72968]
	      - depth indexes range: [0-30]
	   - T camera (9/10):
	      - id: 112
	      - view id: 533032502
	      - depth planes: 44
	      - depths range: [1.48543-1.87873]
	      - depth indexes range: [0-44]
	   - T camera (10/10):
	      - id: 113
	      - view id: 534338863
	      - depth planes: 44
	      - depths range: [1.48543-1.87873]
	      - depth indexes range: [0-44]
[10:27:16.130521][info] (rc: 31, tile: 1/1) SGM depth/thickness map of view id: 110938157, rc: 31 (32 / 471).
[10:27:16.130521][info] (rc: 31, tile: 1/1) SGM Compute similarity volume.
[10:27:16.131526][info] (rc: 31, tile: 1/1) SGM Compute similarity volume done.
[10:27:16.131526][info] (rc: 31, tile: 1/1) SGM Optimizing volume (filtering axes: YX).
[10:27:16.561104][info] (rc: 31, tile: 1/1) SGM Optimizing volume done.
[10:27:16.561104][info] (rc: 31, tile: 1/1) SGM Retrieve best depth in volume.
[10:27:16.561104][info] (rc: 31, tile: 1/1) SGM Retrieve best depth in volume done.
[10:27:16.561104][info] (rc: 31, tile: 1/1) SGM depth/thickness map done.
[10:27:16.561104][info] (rc: 31, tile: 1/1) SGM Smooth thickness map.
[10:27:16.561104][info] (rc: 31, tile: 1/1) SGM Smooth thickness map done.
[10:27:16.561104][info] (rc: 31, tile: 1/1) Refine depth/sim map of view id: 110938157, rc: 31 (32 / 471).
[10:27:16.561104][info] (rc: 31, tile: 1/1) Refine and fuse depth/sim map volume.
[10:27:16.562107][info] (rc: 31, tile: 1/1) Refine and fuse depth/sim map volume done.
[10:27:16.562107][info] (rc: 31, tile: 1/1) Color optimize depth/sim map.
[10:27:16.565106][info] (rc: 31, tile: 1/1) Color optimize depth/sim map done.
[10:27:16.565106][info] (rc: 31, tile: 1/1) Refine depth/sim map done.
[10:27:16.580185][info] (rc: 32, tile: 1/1) Camera / Depth information: 
	- R camera:
	   - id: 32
	   - view id: 122675766
	   - depth planes: 296
	   - depths range: [0.638971-1.81659]
	- T cameras:
	   - T camera (1/10):
	      - id: 86
	      - view id: 401803630
	      - depth planes: 135
	      - depths range: [1.14982-1.81659]
	      - depth indexes range: [161-296]
	   - T camera (2/10):
	      - id: 349
	      - view id: 1722496470
	      - depth planes: 214
	      - depths range: [0.899156-1.81659]
	      - depth indexes range: [82-296]
	   - T camera (3/10):
	      - id: 353
	      - view id: 1726878806
	      - depth planes: 201
	      - depths range: [0.940405-1.81659]
	      - depth indexes range: [95-296]
	   - T camera (4/10):
	      - id: 358
	      - view id: 1733283469
	      - depth planes: 230
	      - depths range: [0.848388-1.81659]
	      - depth indexes range: [66-296]
	   - T camera (5/10):
	      - id: 112
	      - view id: 533032502
	      - depth planes: 236
	      - depths range: [0.82935-1.81659]
	      - depth indexes range: [60-296]
	   - T camera (6/10):
	      - id: 113
	      - view id: 534338863
	      - depth planes: 255
	      - depths range: [0.769064-1.81659]
	      - depth indexes range: [41-296]
	   - T camera (7/10):
	      - id: 359
	      - view id: 1733583250
	      - depth planes: 258
	      - depths range: [0.759545-1.81659]
	      - depth indexes range: [38-296]
	   - T camera (8/10):
	      - id: 420
	      - view id: 1940264908
	      - depth planes: 281
	      - depths range: [0.686566-1.81659]
	      - depth indexes range: [15-296]
	   - T camera (9/10):
	      - id: 361
	      - view id: 1736336538
	      - depth planes: 278
	      - depths range: [0.638971-1.68581]
	      - depth indexes range: [0-278]
	   - T camera (10/10):
	      - id: 419
	      - view id: 1938092020
	      - depth planes: 264
	      - depths range: [0.740507-1.81659]
	      - depth indexes range: [32-296]
[10:27:16.581198][info] (rc: 32, tile: 1/1) SGM depth/thickness map of view id: 122675766, rc: 32 (33 / 471).
[10:27:16.581198][info] (rc: 32, tile: 1/1) SGM Compute similarity volume.
[10:27:16.582162][info] (rc: 32, tile: 1/1) SGM Compute similarity volume done.
[10:27:16.582162][info] (rc: 32, tile: 1/1) SGM Optimizing volume (filtering axes: YX).
[10:27:17.350689][info] (rc: 32, tile: 1/1) SGM Optimizing volume done.
[10:27:17.350689][info] (rc: 32, tile: 1/1) SGM Retrieve best depth in volume.
[10:27:17.350689][info] (rc: 32, tile: 1/1) SGM Retrieve best depth in volume done.
[10:27:17.350689][info] (rc: 32, tile: 1/1) SGM depth/thickness map done.
[10:27:17.350689][info] (rc: 32, tile: 1/1) SGM Smooth thickness map.
[10:27:17.350689][info] (rc: 32, tile: 1/1) SGM Smooth thickness map done.
[10:27:17.350689][info] (rc: 32, tile: 1/1) Refine depth/sim map of view id: 122675766, rc: 32 (33 / 471).
[10:27:17.350689][info] (rc: 32, tile: 1/1) Refine and fuse depth/sim map volume.
[10:27:17.351691][info] (rc: 32, tile: 1/1) Refine and fuse depth/sim map volume done.
[10:27:17.351691][info] (rc: 32, tile: 1/1) Color optimize depth/sim map.
[10:27:17.367303][info] (rc: 32, tile: 1/1) Color optimize depth/sim map done.
[10:27:17.367303][info] (rc: 32, tile: 1/1) Refine depth/sim map done.
[10:27:19.708799][info] (rc: 33, tile: 1/1) Camera / Depth information: 
	- R camera:
	   - id: 33
	   - view id: 125125336
	   - depth planes: 19
	   - depths range: [1.49131-1.66838]
	- T cameras:
	   - T camera (1/10):
	      - id: 353
	      - view id: 1726878806
	      - depth planes: 19
	      - depths range: [1.49131-1.66838]
	      - depth indexes range: [0-19]
	   - T camera (2/10):
	      - id: 349
	      - view id: 1722496470
	      - depth planes: 19
	      - depths range: [1.49131-1.66838]
	      - depth indexes range: [0-19]
	   - T camera (3/10):
	      - id: 404
	      - view id: 1855120617
	      - depth planes: 19
	      - depths range: [1.49131-1.66838]
	      - depth indexes range: [0-19]
	   - T camera (4/10):
	      - id: 358
	      - view id: 1733283469
	      - depth planes: 19
	      - depths range: [1.49131-1.66838]
	      - depth indexes range: [0-19]
	   - T camera (5/10):
	      - id: 359
	      - view id: 1733583250
	      - depth planes: 19
	      - depths range: [1.49131-1.66838]
	      - depth indexes range: [0-19]
	   - T camera (6/10):
	      - id: 92
	      - view id: 417351805
	      - depth planes: 19
	      - depths range: [1.49131-1.66838]
	      - depth indexes range: [0-19]
	   - T camera (7/10):
	      - id: 112
	      - view id: 533032502
	      - depth planes: 19
	      - depths range: [1.49131-1.66838]
	      - depth indexes range: [0-19]
	   - T camera (8/10):
	      - id: 419
	      - view id: 1938092020
	      - depth planes: 19
	      - depths range: [1.49131-1.66838]
	      - depth indexes range: [0-19]
	   - T camera (9/10):
	      - id: 113
	      - view id: 534338863
	      - depth planes: 19
	      - depths range: [1.49131-1.66838]
	      - depth indexes range: [0-19]
	   - T camera (10/10):
	      - id: 361
	      - view id: 1736336538
	      - depth planes: 19
	      - depths range: [1.49131-1.66838]
	      - depth indexes range: [0-19]
[10:27:19.709800][info] (rc: 33, tile: 1/1) SGM depth/thickness map of view id: 125125336, rc: 33 (34 / 471).
[10:27:19.709800][info] (rc: 33, tile: 1/1) SGM Compute similarity volume.
[10:27:19.710801][info] (rc: 33, tile: 1/1) SGM Compute similarity volume done.
[10:27:19.710801][info] (rc: 33, tile: 1/1) SGM Optimizing volume (filtering axes: YX).
[10:27:20.087984][info] (rc: 33, tile: 1/1) SGM Optimizing volume done.
[10:27:20.087984][info] (rc: 33, tile: 1/1) SGM Retrieve best depth in volume.
[10:27:20.087984][info] (rc: 33, tile: 1/1) SGM Retrieve best depth in volume done.
[10:27:20.087984][info] (rc: 33, tile: 1/1) SGM depth/thickness map done.
[10:27:20.087984][info] (rc: 33, tile: 1/1) SGM Smooth thickness map.
[10:27:20.087984][info] (rc: 33, tile: 1/1) SGM Smooth thickness map done.
[10:27:20.087984][info] (rc: 33, tile: 1/1) Refine depth/sim map of view id: 125125336, rc: 33 (34 / 471).
[10:27:20.087984][info] (rc: 33, tile: 1/1) Refine and fuse depth/sim map volume.
[10:27:20.090841][info] (rc: 33, tile: 1/1) Refine and fuse depth/sim map volume done.
[10:27:20.090841][info] (rc: 33, tile: 1/1) Color optimize depth/sim map.
[10:27:20.091991][info] (rc: 33, tile: 1/1) Color optimize depth/sim map done.
[10:27:20.091991][info] (rc: 33, tile: 1/1) Refine depth/sim map done.
[10:27:20.110425][info] (rc: 34, tile: 1/1) Camera / Depth information: 
	- R camera:
	   - id: 34
	   - view id: 164003255
	   - depth planes: 226
	   - depths range: [0.87556-2.12151]
	- T cameras:
	   - T camera (1/10):
	      - id: 227
	      - view id: 1076952072
	      - depth planes: 161
	      - depths range: [1.09159-2.12151]
	      - depth indexes range: [65-226]
	   - T camera (2/10):
	      - id: 187
	      - view id: 925377839
	      - depth planes: 195
	      - depths range: [0.97859-2.12151]
	      - depth indexes range: [31-226]
	   - T camera (3/10):
	      - id: 185
	      - view id: 918738918
	      - depth planes: 184
	      - depths range: [1.01515-2.12151]
	      - depth indexes range: [42-226]
	   - T camera (4/10):
	      - id: 188
	      - view id: 928405178
	      - depth planes: 211
	      - depths range: [0.925413-2.12151]
	      - depth indexes range: [15-226]
	   - T camera (5/10):
	      - id: 189
	      - view id: 930907230
	      - depth planes: 206
	      - depths range: [0.942031-2.12151]
	      - depth indexes range: [20-226]
	   - T camera (6/10):
	      - id: 182
	      - view id: 889204867
	      - depth planes: 219
	      - depths range: [0.898825-2.12151]
	      - depth indexes range: [7-226]
	   - T camera (7/10):
	      - id: 199
	      - view id: 945765518
	      - depth planes: 226
	      - depths range: [0.87556-2.12151]
	      - depth indexes range: [0-226]
	   - T camera (8/10):
	      - id: 183
	      - view id: 902294514
	      - depth planes: 226
	      - depths range: [0.87556-2.12151]
	      - depth indexes range: [0-226]
	   - T camera (9/10):
	      - id: 373
	      - view id: 1765406467
	      - depth planes: 226
	      - depths range: [0.87556-2.12151]
	      - depth indexes range: [0-226]
	   - T camera (10/10):
	      - id: 367
	      - view id: 1755702172
	      - depth planes: 218
	      - depths range: [0.87556-2.02597]
	      - depth indexes range: [0-218]
[10:27:20.110425][info] (rc: 34, tile: 1/1) SGM depth/thickness map of view id: 164003255, rc: 34 (35 / 471).
[10:27:20.110425][info] (rc: 34, tile: 1/1) SGM Compute similarity volume.
[10:27:20.111425][info] (rc: 34, tile: 1/1) SGM Compute similarity volume done.
[10:27:20.111425][info] (rc: 34, tile: 1/1) SGM Optimizing volume (filtering axes: YX).
[10:27:20.900266][info] (rc: 34, tile: 1/1) SGM Optimizing volume done.
[10:27:20.900266][info] (rc: 34, tile: 1/1) SGM Retrieve best depth in volume.
[10:27:20.900266][info] (rc: 34, tile: 1/1) SGM Retrieve best depth in volume done.
[10:27:20.900266][info] (rc: 34, tile: 1/1) SGM depth/thickness map done.
[10:27:20.900266][info] (rc: 34, tile: 1/1) SGM Smooth thickness map.
[10:27:20.900266][info] (rc: 34, tile: 1/1) SGM Smooth thickness map done.
[10:27:20.900266][info] (rc: 34, tile: 1/1) Refine depth/sim map of view id: 164003255, rc: 34 (35 / 471).
[10:27:20.901273][info] (rc: 34, tile: 1/1) Refine and fuse depth/sim map volume.
[10:27:20.901273][info] (rc: 34, tile: 1/1) Refine and fuse depth/sim map volume done.
[10:27:20.901273][info] (rc: 34, tile: 1/1) Color optimize depth/sim map.
[10:27:20.905783][info] (rc: 34, tile: 1/1) Color optimize depth/sim map done.
[10:27:20.905783][info] (rc: 34, tile: 1/1) Refine depth/sim map done.
[10:27:20.917594][info] (rc: 35, tile: 1/1) Camera / Depth information: 
	- R camera:
	   - id: 35
	   - view id: 169096327
	   - depth planes: 24
	   - depths range: [1.45787-1.68223]
	- T cameras:
	   - T camera (1/10):
	      - id: 470
	      - view id: 2147122593
	      - depth planes: 24
	      - depths range: [1.45787-1.68223]
	      - depth indexes range: [0-24]
	   - T camera (2/10):
	      - id: 449
	      - view id: 2085489062
	      - depth planes: 24
	      - depths range: [1.45787-1.68223]
	      - depth indexes range: [0-24]
	   - T camera (3/10):
	      - id: 431
	      - view id: 2023126095
	      - depth planes: 24
	      - depths range: [1.45787-1.68223]
	      - depth indexes range: [0-24]
	   - T camera (4/10):
	      - id: 336
	      - view id: 1658327501
	      - depth planes: 24
	      - depths range: [1.45787-1.68223]
	      - depth indexes range: [0-24]
	   - T camera (5/10):
	      - id: 333
	      - view id: 1653298662
	      - depth planes: 24
	      - depths range: [1.45787-1.68223]
	      - depth indexes range: [0-24]
	   - T camera (6/10):
	      - id: 264
	      - view id: 1298459240
	      - depth planes: 24
	      - depths range: [1.45787-1.68223]
	      - depth indexes range: [0-24]
	   - T camera (7/10):
	      - id: 463
	      - view id: 2118372128
	      - depth planes: 24
	      - depths range: [1.45787-1.68223]
	      - depth indexes range: [0-24]
	   - T camera (8/10):
	      - id: 151
	      - view id: 700433174
	      - depth planes: 24
	      - depths range: [1.45787-1.68223]
	      - depth indexes range: [0-24]
	   - T camera (9/10):
	      - id: 245
	      - view id: 1228617184
	      - depth planes: 24
	      - depths range: [1.45787-1.68223]
	      - depth indexes range: [0-24]
	   - T camera (10/10):
	      - id: 433
	      - view id: 2029263815
	      - depth planes: 24
	      - depths range: [1.45787-1.68223]
	      - depth indexes range: [0-24]
[10:27:20.917594][info] (rc: 35, tile: 1/1) SGM depth/thickness map of view id: 169096327, rc: 35 (36 / 471).
[10:27:20.917594][info] (rc: 35, tile: 1/1) SGM Compute similarity volume.
[10:27:20.917594][info] (rc: 35, tile: 1/1) SGM Compute similarity volume done.
[10:27:20.917594][info] (rc: 35, tile: 1/1) SGM Optimizing volume (filtering axes: YX).
[10:27:21.415762][info] (rc: 35, tile: 1/1) SGM Optimizing volume done.
[10:27:21.415762][info] (rc: 35, tile: 1/1) SGM Retrieve best depth in volume.
[10:27:21.415762][info] (rc: 35, tile: 1/1) SGM Retrieve best depth in volume done.
[10:27:21.415762][info] (rc: 35, tile: 1/1) SGM depth/thickness map done.
[10:27:21.415762][info] (rc: 35, tile: 1/1) SGM Smooth thickness map.
[10:27:21.415762][info] (rc: 35, tile: 1/1) SGM Smooth thickness map done.
[10:27:21.416755][info] (rc: 35, tile: 1/1) Refine depth/sim map of view id: 169096327, rc: 35 (36 / 471).
[10:27:21.416755][info] (rc: 35, tile: 1/1) Refine and fuse depth/sim map volume.
[10:27:21.416755][info] (rc: 35, tile: 1/1) Refine and fuse depth/sim map volume done.
[10:27:21.416755][info] (rc: 35, tile: 1/1) Color optimize depth/sim map.
[10:27:21.419649][info] (rc: 35, tile: 1/1) Color optimize depth/sim map done.
[10:27:21.419649][info] (rc: 35, tile: 1/1) Refine depth/sim map done.
[10:27:21.839817][info] Task done in (s): 38.247000
