[2024-11-20 10:36:29.668417] [0x0000efdc] [trace]   Embedded OCIO configuration file: 'C:\Users\Avidh Bavkar\Downloads\Meshroom-2023.3.0-win64\Meshroom-2023.3.0\aliceVision/share/aliceVision/config.ocio' found.
Program called with the following parameters:
 * autoAdjustSmallImage = 1
 * chooseTCamsPerTile = 1
 * colorOptimizationEnabled = 1
 * colorOptimizationNbIterations = 100
 * customPatchPatternGroupSubpartsPerLevel = 0 (default)
 * customPatchPatternSubparts =  Unknown Type "class std::vector<struct aliceVision::depthMap::CustomPatchPatternParams::SubpartParams,class std::allocator<struct aliceVision::depthMap::CustomPatchPatternParams::SubpartParams> >" (default)
 * downscale = 2
 * exportIntermediateCrossVolumes = 0
 * exportIntermediateDepthSimMaps = 0
 * exportIntermediateNormalMaps = 0
 * exportIntermediateTopographicCutVolumes = 0
 * exportIntermediateVolume9pCsv = 0
 * exportIntermediateVolumes = 0
 * exportTilePattern = 0
 * imagesFolder = "C:/Users/Avidh Bavkar/OneDrive - purdue.edu/PETAL/PETAL_Photogrammetry/Scripts/Camera_Experiments/meshroom/MeshroomCache/PrepareDenseScene/8e3c0b2966564921603602656d4b9e6c70aa60ff"
 * input = "C:/Users/Avidh Bavkar/OneDrive - purdue.edu/PETAL/PETAL_Photogrammetry/Scripts/Camera_Experiments/meshroom/MeshroomCache/StructureFromMotion/6134e9e839f7223d14819e2da1cf90cf3a999ebe/sfm.abc"
 * maxCoresAvailable =  Unknown Type "unsigned int" (default)
 * maxMemoryAvailable = 18446744073709551615 (default)
 * maxTCams = 10
 * maxViewAngle = 70
 * minViewAngle = 2
 * nbGPUs = 0
 * output = "C:/Users/Avidh Bavkar/OneDrive - purdue.edu/PETAL/PETAL_Photogrammetry/Scripts/Camera_Experiments/meshroom/MeshroomCache/DepthMap/b4c331b9d680327a3c19c76ed2cf1434735bb201"
 * rangeSize = 12
 * rangeStart = 240
 * refineEnabled = 1
 * refineGammaC = 15.5
 * refineGammaP = 8
 * refineHalfNbDepths = 15
 * refineInterpolateMiddleDepth = 0
 * refineMaxTCamsPerTile = 4
 * refineScale = 1
 * refineSigma = 15
 * refineStepXY = 1
 * refineSubsampling = 10
 * refineUseConsistentScale = 0
 * refineUseCustomPatchPattern = 0
 * refineWSH = 3
 * sgmDepthListPerTile = 1
 * sgmDepthThicknessInflate = 0
 * sgmFilteringAxes = "YX"
 * sgmGammaC = 5.5
 * sgmGammaP = 8
 * sgmMaxDepths = 1500
 * sgmMaxSimilarity = 1
 * sgmMaxTCamsPerTile = 4
 * sgmP1 = 10
 * sgmP2Weighting = 100
 * sgmScale = 2
 * sgmSeedsRangeInflate = 0.2
 * sgmStepXY = 2
 * sgmStepZ = -1
 * sgmUseConsistentScale = 0
 * sgmUseCustomPatchPattern = 0
 * sgmUseSfmSeeds = 1
 * sgmWSH = 4
 * tileBufferHeight = 1024
 * tileBufferWidth = 1024
 * tilePadding = 64
 * verboseLevel = "info"

Hardware : 
	Detected core count : 20
	OpenMP will use 20 cores
	Detected available memory : 11805 Mo

[10:36:29.677415][info] CUDA-Enabled GPU.
Device information:
	- id:                      0
	- name:                    NVIDIA GeForce RTX 3050 Ti Laptop GPU
	- compute capability:      8.6
	- clock frequency (kHz):   1035000
	- total device memory:     4095 MB 
	- device memory available: 3282 MB 
	- per-block shared memory: 49152
	- warp size:               32
	- max threads per block:   1024
	- max threads per SM(X):   1536
	- max block sizes:         {1024,1024,64}
	- max grid sizes:          {2147483647,65535,65535}
	- max 2D array texture:    {131072,65536}
	- max 3D array texture:    {16384,16384,16384}
	- max 2D linear texture:   {131072,65000,2097120}
	- max 2D layered texture:  {32768,32768,2048}
	- number of SM(x)s:        20
	- registers per SM(x):     65536
	- registers per block:     65536
	- concurrent kernels:      yes
	- mapping host memory:     yes
	- unified addressing:      yes
	- texture alignment:       512 byte
	- pitch alignment:         32 byte
CUDA build version: 11.6
[10:36:30.001467][info] Supported CUDA-Enabled GPU detected.
[10:36:43.216999][info] Found 1 image dimension(s): 
[10:36:43.216999][info] 	- [816x624]
[10:36:44.034218][info] Overall maximum dimension: [816x624]
[10:36:44.034218][warning] Tile buffer size (width: 1024, height: 1024) is larger than the maximum image size (width: 408, height: 312).
[10:36:44.034218][warning] Single tile computation, override SGM maximum number of T cameras per tile (before: 4, now: 10).
[10:36:44.034218][warning] Single tile computation, override Refine maximum number of T cameras per tile (before: 4, now: 10).
[10:36:44.034218][warning] Single tile computation, override SGM step XY (before: 2, now: 1).
[10:36:44.034218][info] Tiling information: 
	- parameters: 
	      - buffer width:  1024 px
	      - buffer height: 1024 px
	      - padding: 64 px
	- maximum downscale:  2
	- maximum image width:  408 px
	- maximum image height: 312 px
[10:36:44.034218][info] Maximum image size is smaller than one tile, use only one tile.
[10:36:44.034218][info] SGM parameters:
	- scale: 2
	- stepXY: 1
[10:36:44.034218][info] Refine parameters:
	- scale: 1
	- stepXY: 1
[10:36:44.034218][info] Number of GPU devices: 1, number of CPU threads: 20
[10:36:44.466728][info] Device memory:
	- available: 2625.8 MB
	- requirement for the first tile: 867.892 MB
	- # computation buffers per tile: 851.867 MB (Sgm: 757.867 MB, Refine: 94 MB)
	- # input images (R + 10 Ts): 16.0247 MB (single mipmap image size: 1.45679 MB)
[10:36:44.466728][info] Parallelization:
	- # tiles per image: 1
	- # simultaneous depth maps computation: 3
	- # simultaneous tiles computation: 3
[10:36:44.518881][info] Device memory (device id: 0):
	- used: 3383.31 MB
	- available: 712.25 MB
	- total: 4095.56 MB
[10:36:47.702840][info] (rc: 240, tile: 1/1) Camera / Depth information: 
	- R camera:
	   - id: 240
	   - view id: 1182148334
	   - depth planes: 29
	   - depths range: [1.50387-1.73218]
	- T cameras:
	   - T camera (1/10):
	      - id: 420
	      - view id: 1940264908
	      - depth planes: 29
	      - depths range: [1.50387-1.73218]
	      - depth indexes range: [0-29]
	   - T camera (2/10):
	      - id: 419
	      - view id: 1938092020
	      - depth planes: 29
	      - depths range: [1.50387-1.73218]
	      - depth indexes range: [0-29]
	   - T camera (3/10):
	      - id: 113
	      - view id: 534338863
	      - depth planes: 29
	      - depths range: [1.50387-1.73218]
	      - depth indexes range: [0-29]
	   - T camera (4/10):
	      - id: 92
	      - view id: 417351805
	      - depth planes: 29
	      - depths range: [1.50387-1.73218]
	      - depth indexes range: [0-29]
	   - T camera (5/10):
	      - id: 152
	      - view id: 700944441
	      - depth planes: 29
	      - depths range: [1.50387-1.73218]
	      - depth indexes range: [0-29]
	   - T camera (6/10):
	      - id: 404
	      - view id: 1855120617
	      - depth planes: 29
	      - depths range: [1.50387-1.73218]
	      - depth indexes range: [0-29]
	   - T camera (7/10):
	      - id: 400
	      - view id: 1836140009
	      - depth planes: 29
	      - depths range: [1.50387-1.73218]
	      - depth indexes range: [0-29]
	   - T camera (8/10):
	      - id: 140
	      - view id: 677963648
	      - depth planes: 29
	      - depths range: [1.50387-1.73218]
	      - depth indexes range: [0-29]
	   - T camera (9/10):
	      - id: 403
	      - view id: 1848185156
	      - depth planes: 29
	      - depths range: [1.50387-1.73218]
	      - depth indexes range: [0-29]
	   - T camera (10/10):
	      - id: 154
	      - view id: 724394931
	      - depth planes: 29
	      - depths range: [1.50387-1.73218]
	      - depth indexes range: [0-29]
[10:36:47.702840][info] (rc: 240, tile: 1/1) SGM depth/thickness map of view id: 1182148334, rc: 240 (241 / 471).
[10:36:47.703844][info] (rc: 240, tile: 1/1) SGM Compute similarity volume.
[10:36:47.704845][info] (rc: 240, tile: 1/1) SGM Compute similarity volume done.
[10:36:47.704845][info] (rc: 240, tile: 1/1) SGM Optimizing volume (filtering axes: YX).
[10:36:48.139478][info] (rc: 240, tile: 1/1) SGM Optimizing volume done.
[10:36:48.139478][info] (rc: 240, tile: 1/1) SGM Retrieve best depth in volume.
[10:36:48.139478][info] (rc: 240, tile: 1/1) SGM Retrieve best depth in volume done.
[10:36:48.139478][info] (rc: 240, tile: 1/1) SGM depth/thickness map done.
[10:36:48.139478][info] (rc: 240, tile: 1/1) SGM Smooth thickness map.
[10:36:48.139478][info] (rc: 240, tile: 1/1) SGM Smooth thickness map done.
[10:36:48.139478][info] (rc: 240, tile: 1/1) Refine depth/sim map of view id: 1182148334, rc: 240 (241 / 471).
[10:36:48.139478][info] (rc: 240, tile: 1/1) Refine and fuse depth/sim map volume.
[10:36:48.140480][info] (rc: 240, tile: 1/1) Refine and fuse depth/sim map volume done.
[10:36:48.140480][info] (rc: 240, tile: 1/1) Color optimize depth/sim map.
[10:36:48.141492][info] (rc: 240, tile: 1/1) Color optimize depth/sim map done.
[10:36:48.141492][info] (rc: 240, tile: 1/1) Refine depth/sim map done.
[10:36:48.151481][info] (rc: 241, tile: 1/1) Camera / Depth information: 
	- R camera:
	   - id: 241
	   - view id: 1199410991
	   - depth planes: 18
	   - depths range: [1.49209-1.67838]
	- T cameras:
	   - T camera (1/10):
	      - id: 264
	      - view id: 1298459240
	      - depth planes: 18
	      - depths range: [1.49209-1.67838]
	      - depth indexes range: [0-18]
	   - T camera (2/10):
	      - id: 266
	      - view id: 1299758803
	      - depth planes: 18
	      - depths range: [1.49209-1.67838]
	      - depth indexes range: [0-18]
	   - T camera (3/10):
	      - id: 102
	      - view id: 506948959
	      - depth planes: 18
	      - depths range: [1.49209-1.67838]
	      - depth indexes range: [0-18]
	   - T camera (4/10):
	      - id: 114
	      - view id: 536031117
	      - depth planes: 18
	      - depths range: [1.49209-1.67838]
	      - depth indexes range: [0-18]
	   - T camera (5/10):
	      - id: 336
	      - view id: 1658327501
	      - depth planes: 18
	      - depths range: [1.49209-1.67838]
	      - depth indexes range: [0-18]
	   - T camera (6/10):
	      - id: 254
	      - view id: 1255928639
	      - depth planes: 18
	      - depths range: [1.49209-1.67838]
	      - depth indexes range: [0-18]
	   - T camera (7/10):
	      - id: 250
	      - view id: 1243699362
	      - depth planes: 18
	      - depths range: [1.49209-1.67838]
	      - depth indexes range: [0-18]
	   - T camera (8/10):
	      - id: 448
	      - view id: 2083207906
	      - depth planes: 18
	      - depths range: [1.49209-1.67838]
	      - depth indexes range: [0-18]
	   - T camera (9/10):
	      - id: 333
	      - view id: 1653298662
	      - depth planes: 18
	      - depths range: [1.49209-1.67838]
	      - depth indexes range: [0-18]
	   - T camera (10/10):
	      - id: 451
	      - view id: 2087959275
	      - depth planes: 18
	      - depths range: [1.49209-1.67838]
	      - depth indexes range: [0-18]
[10:36:48.151481][info] (rc: 241, tile: 1/1) SGM depth/thickness map of view id: 1199410991, rc: 241 (242 / 471).
[10:36:48.151481][info] (rc: 241, tile: 1/1) SGM Compute similarity volume.
[10:36:48.152488][info] (rc: 241, tile: 1/1) SGM Compute similarity volume done.
[10:36:48.152488][info] (rc: 241, tile: 1/1) SGM Optimizing volume (filtering axes: YX).
[10:36:48.561369][info] (rc: 241, tile: 1/1) SGM Optimizing volume done.
[10:36:48.561369][info] (rc: 241, tile: 1/1) SGM Retrieve best depth in volume.
[10:36:48.561369][info] (rc: 241, tile: 1/1) SGM Retrieve best depth in volume done.
[10:36:48.561369][info] (rc: 241, tile: 1/1) SGM depth/thickness map done.
[10:36:48.561369][info] (rc: 241, tile: 1/1) SGM Smooth thickness map.
[10:36:48.561369][info] (rc: 241, tile: 1/1) SGM Smooth thickness map done.
[10:36:48.561369][info] (rc: 241, tile: 1/1) Refine depth/sim map of view id: 1199410991, rc: 241 (242 / 471).
[10:36:48.561369][info] (rc: 241, tile: 1/1) Refine and fuse depth/sim map volume.
[10:36:48.562373][info] (rc: 241, tile: 1/1) Refine and fuse depth/sim map volume done.
[10:36:48.562373][info] (rc: 241, tile: 1/1) Color optimize depth/sim map.
[10:36:48.563387][info] (rc: 241, tile: 1/1) Color optimize depth/sim map done.
[10:36:48.563387][info] (rc: 241, tile: 1/1) Refine depth/sim map done.
[10:36:48.573378][info] (rc: 242, tile: 1/1) Camera / Depth information: 
	- R camera:
	   - id: 242
	   - view id: 1206848170
	   - depth planes: 19
	   - depths range: [1.55426-1.72148]
	- T cameras:
	   - T camera (1/10):
	      - id: 23
	      - view id: 90586369
	      - depth planes: 19
	      - depths range: [1.55426-1.72148]
	      - depth indexes range: [0-19]
	   - T camera (2/10):
	      - id: 110
	      - view id: 518285018
	      - depth planes: 19
	      - depths range: [1.55426-1.72148]
	      - depth indexes range: [0-19]
	   - T camera (3/10):
	      - id: 20
	      - view id: 77316084
	      - depth planes: 19
	      - depths range: [1.55426-1.72148]
	      - depth indexes range: [0-19]
	   - T camera (4/10):
	      - id: 19
	      - view id: 75994757
	      - depth planes: 19
	      - depths range: [1.55426-1.72148]
	      - depth indexes range: [0-19]
	   - T camera (5/10):
	      - id: 146
	      - view id: 689525911
	      - depth planes: 19
	      - depths range: [1.55426-1.72148]
	      - depth indexes range: [0-19]
	   - T camera (6/10):
	      - id: 374
	      - view id: 1770484637
	      - depth planes: 19
	      - depths range: [1.55426-1.72148]
	      - depth indexes range: [0-19]
	   - T camera (7/10):
	      - id: 376
	      - view id: 1773692128
	      - depth planes: 19
	      - depths range: [1.55426-1.72148]
	      - depth indexes range: [0-19]
	   - T camera (8/10):
	      - id: 16
	      - view id: 71156788
	      - depth planes: 19
	      - depths range: [1.55426-1.72148]
	      - depth indexes range: [0-19]
	   - T camera (9/10):
	      - id: 22
	      - view id: 83508716
	      - depth planes: 19
	      - depths range: [1.55426-1.72148]
	      - depth indexes range: [0-19]
	   - T camera (10/10):
	      - id: 379
	      - view id: 1775276919
	      - depth planes: 19
	      - depths range: [1.55426-1.72148]
	      - depth indexes range: [0-19]
[10:36:48.573378][info] (rc: 242, tile: 1/1) SGM depth/thickness map of view id: 1206848170, rc: 242 (243 / 471).
[10:36:48.573378][info] (rc: 242, tile: 1/1) SGM Compute similarity volume.
[10:36:48.573378][info] (rc: 242, tile: 1/1) SGM Compute similarity volume done.
[10:36:48.573378][info] (rc: 242, tile: 1/1) SGM Optimizing volume (filtering axes: YX).
[10:36:48.998303][info] (rc: 242, tile: 1/1) SGM Optimizing volume done.
[10:36:48.998303][info] (rc: 242, tile: 1/1) SGM Retrieve best depth in volume.
[10:36:48.998303][info] (rc: 242, tile: 1/1) SGM Retrieve best depth in volume done.
[10:36:48.998303][info] (rc: 242, tile: 1/1) SGM depth/thickness map done.
[10:36:48.998303][info] (rc: 242, tile: 1/1) SGM Smooth thickness map.
[10:36:48.998303][info] (rc: 242, tile: 1/1) SGM Smooth thickness map done.
[10:36:48.998303][info] (rc: 242, tile: 1/1) Refine depth/sim map of view id: 1206848170, rc: 242 (243 / 471).
[10:36:48.998303][info] (rc: 242, tile: 1/1) Refine and fuse depth/sim map volume.
[10:36:48.998303][info] (rc: 242, tile: 1/1) Refine and fuse depth/sim map volume done.
[10:36:48.999276][info] (rc: 242, tile: 1/1) Color optimize depth/sim map.
[10:36:49.001141][info] (rc: 242, tile: 1/1) Color optimize depth/sim map done.
[10:36:49.001141][info] (rc: 242, tile: 1/1) Refine depth/sim map done.
[10:36:51.682158][info] (rc: 243, tile: 1/1) Camera / Depth information: 
	- R camera:
	   - id: 243
	   - view id: 1219391490
	   - depth planes: 21
	   - depths range: [1.4803-1.64137]
	- T cameras:
	   - T camera (1/10):
	      - id: 28
	      - view id: 106843816
	      - depth planes: 21
	      - depths range: [1.4803-1.64137]
	      - depth indexes range: [0-21]
	   - T camera (2/10):
	      - id: 46
	      - view id: 238686383
	      - depth planes: 21
	      - depths range: [1.4803-1.64137]
	      - depth indexes range: [0-21]
	   - T camera (3/10):
	      - id: 24
	      - view id: 92208979
	      - depth planes: 21
	      - depths range: [1.4803-1.64137]
	      - depth indexes range: [0-21]
	   - T camera (4/10):
	      - id: 27
	      - view id: 106131753
	      - depth planes: 21
	      - depths range: [1.4803-1.64137]
	      - depth indexes range: [0-21]
	   - T camera (5/10):
	      - id: 50
	      - view id: 241661681
	      - depth planes: 21
	      - depths range: [1.4803-1.64137]
	      - depth indexes range: [0-21]
	   - T camera (6/10):
	      - id: 3
	      - view id: 30969912
	      - depth planes: 21
	      - depths range: [1.4803-1.64137]
	      - depth indexes range: [0-21]
	   - T camera (7/10):
	      - id: 0
	      - view id: 28531450
	      - depth planes: 21
	      - depths range: [1.4803-1.64137]
	      - depth indexes range: [0-21]
	   - T camera (8/10):
	      - id: 284
	      - view id: 1326952530
	      - depth planes: 21
	      - depths range: [1.4803-1.64137]
	      - depth indexes range: [0-21]
	   - T camera (9/10):
	      - id: 289
	      - view id: 1333750311
	      - depth planes: 21
	      - depths range: [1.4803-1.64137]
	      - depth indexes range: [0-21]
	   - T camera (10/10):
	      - id: 269
	      - view id: 1310267620
	      - depth planes: 21
	      - depths range: [1.4803-1.64137]
	      - depth indexes range: [0-21]
[10:36:51.682158][info] (rc: 243, tile: 1/1) SGM depth/thickness map of view id: 1219391490, rc: 243 (244 / 471).
[10:36:51.683157][info] (rc: 243, tile: 1/1) SGM Compute similarity volume.
[10:36:51.683157][info] (rc: 243, tile: 1/1) SGM Compute similarity volume done.
[10:36:51.683157][info] (rc: 243, tile: 1/1) SGM Optimizing volume (filtering axes: YX).
[10:36:52.132779][info] (rc: 243, tile: 1/1) SGM Optimizing volume done.
[10:36:52.132779][info] (rc: 243, tile: 1/1) SGM Retrieve best depth in volume.
[10:36:52.132779][info] (rc: 243, tile: 1/1) SGM Retrieve best depth in volume done.
[10:36:52.132779][info] (rc: 243, tile: 1/1) SGM depth/thickness map done.
[10:36:52.132779][info] (rc: 243, tile: 1/1) SGM Smooth thickness map.
[10:36:52.132779][info] (rc: 243, tile: 1/1) SGM Smooth thickness map done.
[10:36:52.132779][info] (rc: 243, tile: 1/1) Refine depth/sim map of view id: 1219391490, rc: 243 (244 / 471).
[10:36:52.133794][info] (rc: 243, tile: 1/1) Refine and fuse depth/sim map volume.
[10:36:52.133794][info] (rc: 243, tile: 1/1) Refine and fuse depth/sim map volume done.
[10:36:52.133794][info] (rc: 243, tile: 1/1) Color optimize depth/sim map.
[10:36:52.136780][info] (rc: 243, tile: 1/1) Color optimize depth/sim map done.
[10:36:52.136780][info] (rc: 243, tile: 1/1) Refine depth/sim map done.
[10:36:52.150321][info] (rc: 244, tile: 1/1) Camera / Depth information: 
	- R camera:
	   - id: 244
	   - view id: 1219975090
	   - depth planes: 58
	   - depths range: [1.29528-1.67584]
	- T cameras:
	   - T camera (1/10):
	      - id: 363
	      - view id: 1745221732
	      - depth planes: 58
	      - depths range: [1.29528-1.67584]
	      - depth indexes range: [0-58]
	   - T camera (2/10):
	      - id: 77
	      - view id: 379863358
	      - depth planes: 58
	      - depths range: [1.29528-1.67584]
	      - depth indexes range: [0-58]
	   - T camera (3/10):
	      - id: 76
	      - view id: 379106790
	      - depth planes: 58
	      - depths range: [1.29528-1.67584]
	      - depth indexes range: [0-58]
	   - T camera (4/10):
	      - id: 28
	      - view id: 106843816
	      - depth planes: 58
	      - depths range: [1.29528-1.67584]
	      - depth indexes range: [0-58]
	   - T camera (5/10):
	      - id: 24
	      - view id: 92208979
	      - depth planes: 58
	      - depths range: [1.29528-1.67584]
	      - depth indexes range: [0-58]
	   - T camera (6/10):
	      - id: 0
	      - view id: 28531450
	      - depth planes: 58
	      - depths range: [1.29528-1.67584]
	      - depth indexes range: [0-58]
	   - T camera (7/10):
	      - id: 27
	      - view id: 106131753
	      - depth planes: 58
	      - depths range: [1.29528-1.67584]
	      - depth indexes range: [0-58]
	   - T camera (8/10):
	      - id: 269
	      - view id: 1310267620
	      - depth planes: 58
	      - depths range: [1.29528-1.67584]
	      - depth indexes range: [0-58]
	   - T camera (9/10):
	      - id: 284
	      - view id: 1326952530
	      - depth planes: 58
	      - depths range: [1.29528-1.67584]
	      - depth indexes range: [0-58]
	   - T camera (10/10):
	      - id: 271
	      - view id: 1311628516
	      - depth planes: 58
	      - depths range: [1.29528-1.67584]
	      - depth indexes range: [0-58]
[10:36:52.150321][info] (rc: 244, tile: 1/1) SGM depth/thickness map of view id: 1219975090, rc: 244 (245 / 471).
[10:36:52.150321][info] (rc: 244, tile: 1/1) SGM Compute similarity volume.
[10:36:52.151314][info] (rc: 244, tile: 1/1) SGM Compute similarity volume done.
[10:36:52.151314][info] (rc: 244, tile: 1/1) SGM Optimizing volume (filtering axes: YX).
[10:36:52.649705][info] (rc: 244, tile: 1/1) SGM Optimizing volume done.
[10:36:52.649705][info] (rc: 244, tile: 1/1) SGM Retrieve best depth in volume.
[10:36:52.649705][info] (rc: 244, tile: 1/1) SGM Retrieve best depth in volume done.
[10:36:52.649705][info] (rc: 244, tile: 1/1) SGM depth/thickness map done.
[10:36:52.649705][info] (rc: 244, tile: 1/1) SGM Smooth thickness map.
[10:36:52.650706][info] (rc: 244, tile: 1/1) SGM Smooth thickness map done.
[10:36:52.650706][info] (rc: 244, tile: 1/1) Refine depth/sim map of view id: 1219975090, rc: 244 (245 / 471).
[10:36:52.650706][info] (rc: 244, tile: 1/1) Refine and fuse depth/sim map volume.
[10:36:52.651687][info] (rc: 244, tile: 1/1) Refine and fuse depth/sim map volume done.
[10:36:52.651687][info] (rc: 244, tile: 1/1) Color optimize depth/sim map.
[10:36:52.655685][info] (rc: 244, tile: 1/1) Color optimize depth/sim map done.
[10:36:52.655685][info] (rc: 244, tile: 1/1) Refine depth/sim map done.
[10:36:52.666850][info] (rc: 245, tile: 1/1) Camera / Depth information: 
	- R camera:
	   - id: 245
	   - view id: 1228617184
	   - depth planes: 17
	   - depths range: [1.51184-1.69324]
	- T cameras:
	   - T camera (1/10):
	      - id: 144
	      - view id: 686091610
	      - depth planes: 17
	      - depths range: [1.51184-1.69324]
	      - depth indexes range: [0-17]
	   - T camera (2/10):
	      - id: 150
	      - view id: 696316735
	      - depth planes: 17
	      - depths range: [1.51184-1.69324]
	      - depth indexes range: [0-17]
	   - T camera (3/10):
	      - id: 239
	      - view id: 1178070969
	      - depth planes: 17
	      - depths range: [1.51184-1.69324]
	      - depth indexes range: [0-17]
	   - T camera (4/10):
	      - id: 428
	      - view id: 1998527084
	      - depth planes: 17
	      - depths range: [1.51184-1.69324]
	      - depth indexes range: [0-17]
	   - T camera (5/10):
	      - id: 241
	      - view id: 1199410991
	      - depth planes: 17
	      - depths range: [1.51184-1.69324]
	      - depth indexes range: [0-17]
	   - T camera (6/10):
	      - id: 429
	      - view id: 2008196400
	      - depth planes: 17
	      - depths range: [1.51184-1.69324]
	      - depth indexes range: [0-17]
	   - T camera (7/10):
	      - id: 450
	      - view id: 2086272894
	      - depth planes: 17
	      - depths range: [1.51184-1.69324]
	      - depth indexes range: [0-17]
	   - T camera (8/10):
	      - id: 36
	      - view id: 179061950
	      - depth planes: 17
	      - depths range: [1.51184-1.69324]
	      - depth indexes range: [0-17]
	   - T camera (9/10):
	      - id: 447
	      - view id: 2082737869
	      - depth planes: 17
	      - depths range: [1.51184-1.69324]
	      - depth indexes range: [0-17]
	   - T camera (10/10):
	      - id: 35
	      - view id: 169096327
	      - depth planes: 17
	      - depths range: [1.51184-1.69324]
	      - depth indexes range: [0-17]
[10:36:52.666850][info] (rc: 245, tile: 1/1) SGM depth/thickness map of view id: 1228617184, rc: 245 (246 / 471).
[10:36:52.666850][info] (rc: 245, tile: 1/1) SGM Compute similarity volume.
[10:36:52.666850][info] (rc: 245, tile: 1/1) SGM Compute similarity volume done.
[10:36:52.666850][info] (rc: 245, tile: 1/1) SGM Optimizing volume (filtering axes: YX).
[10:36:53.022490][info] (rc: 245, tile: 1/1) SGM Optimizing volume done.
[10:36:53.022490][info] (rc: 245, tile: 1/1) SGM Retrieve best depth in volume.
[10:36:53.022490][info] (rc: 245, tile: 1/1) SGM Retrieve best depth in volume done.
[10:36:53.022490][info] (rc: 245, tile: 1/1) SGM depth/thickness map done.
[10:36:53.022490][info] (rc: 245, tile: 1/1) SGM Smooth thickness map.
[10:36:53.022490][info] (rc: 245, tile: 1/1) SGM Smooth thickness map done.
[10:36:53.022490][info] (rc: 245, tile: 1/1) Refine depth/sim map of view id: 1228617184, rc: 245 (246 / 471).
[10:36:53.022490][info] (rc: 245, tile: 1/1) Refine and fuse depth/sim map volume.
[10:36:53.022490][info] (rc: 245, tile: 1/1) Refine and fuse depth/sim map volume done.
[10:36:53.022490][info] (rc: 245, tile: 1/1) Color optimize depth/sim map.
[10:36:53.025366][info] (rc: 245, tile: 1/1) Color optimize depth/sim map done.
[10:36:53.025366][info] (rc: 245, tile: 1/1) Refine depth/sim map done.
[10:36:55.522304][info] (rc: 246, tile: 1/1) Camera / Depth information: 
	- R camera:
	   - id: 246
	   - view id: 1239378354
	   - depth planes: 22
	   - depths range: [1.50758-1.68471]
	- T cameras:
	   - T camera (1/10):
	      - id: 423
	      - view id: 1972036839
	      - depth planes: 22
	      - depths range: [1.50758-1.68471]
	      - depth indexes range: [0-22]
	   - T camera (2/10):
	      - id: 319
	      - view id: 1558147869
	      - depth planes: 22
	      - depths range: [1.50758-1.68471]
	      - depth indexes range: [0-22]
	   - T camera (3/10):
	      - id: 321
	      - view id: 1559945405
	      - depth planes: 22
	      - depths range: [1.50758-1.68471]
	      - depth indexes range: [0-22]
	   - T camera (4/10):
	      - id: 324
	      - view id: 1594219716
	      - depth planes: 22
	      - depths range: [1.50758-1.68471]
	      - depth indexes range: [0-22]
	   - T camera (5/10):
	      - id: 325
	      - view id: 1595991900
	      - depth planes: 22
	      - depths range: [1.50758-1.68471]
	      - depth indexes range: [0-22]
	   - T camera (6/10):
	      - id: 426
	      - view id: 1975909490
	      - depth planes: 22
	      - depths range: [1.50758-1.68471]
	      - depth indexes range: [0-22]
	   - T camera (7/10):
	      - id: 422
	      - view id: 1965192021
	      - depth planes: 22
	      - depths range: [1.50758-1.68471]
	      - depth indexes range: [0-22]
	   - T camera (8/10):
	      - id: 434
	      - view id: 2029326337
	      - depth planes: 22
	      - depths range: [1.50758-1.68471]
	      - depth indexes range: [0-22]
	   - T camera (9/10):
	      - id: 378
	      - view id: 1775250928
	      - depth planes: 22
	      - depths range: [1.50758-1.68471]
	      - depth indexes range: [0-22]
	   - T camera (10/10):
	      - id: 397
	      - view id: 1829672511
	      - depth planes: 22
	      - depths range: [1.50758-1.68471]
	      - depth indexes range: [0-22]
[10:36:55.522304][info] (rc: 246, tile: 1/1) SGM depth/thickness map of view id: 1239378354, rc: 246 (247 / 471).
[10:36:55.522304][info] (rc: 246, tile: 1/1) SGM Compute similarity volume.
[10:36:55.523406][info] (rc: 246, tile: 1/1) SGM Compute similarity volume done.
[10:36:55.524432][info] (rc: 246, tile: 1/1) SGM Optimizing volume (filtering axes: YX).
[10:36:55.885489][info] (rc: 246, tile: 1/1) SGM Optimizing volume done.
[10:36:55.885489][info] (rc: 246, tile: 1/1) SGM Retrieve best depth in volume.
[10:36:55.885489][info] (rc: 246, tile: 1/1) SGM Retrieve best depth in volume done.
[10:36:55.885489][info] (rc: 246, tile: 1/1) SGM depth/thickness map done.
[10:36:55.885489][info] (rc: 246, tile: 1/1) SGM Smooth thickness map.
[10:36:55.885489][info] (rc: 246, tile: 1/1) SGM Smooth thickness map done.
[10:36:55.886531][info] (rc: 246, tile: 1/1) Refine depth/sim map of view id: 1239378354, rc: 246 (247 / 471).
[10:36:55.886531][info] (rc: 246, tile: 1/1) Refine and fuse depth/sim map volume.
[10:36:55.886531][info] (rc: 246, tile: 1/1) Refine and fuse depth/sim map volume done.
[10:36:55.886531][info] (rc: 246, tile: 1/1) Color optimize depth/sim map.
[10:36:55.888633][info] (rc: 246, tile: 1/1) Color optimize depth/sim map done.
[10:36:55.889489][info] (rc: 246, tile: 1/1) Refine depth/sim map done.
[10:36:55.897483][info] (rc: 247, tile: 1/1) Camera / Depth information: 
	- R camera:
	   - id: 247
	   - view id: 1241144298
	   - depth planes: 18
	   - depths range: [1.5108-1.67385]
	- T cameras:
	   - T camera (1/10):
	      - id: 319
	      - view id: 1558147869
	      - depth planes: 18
	      - depths range: [1.5108-1.67385]
	      - depth indexes range: [0-18]
	   - T camera (2/10):
	      - id: 321
	      - view id: 1559945405
	      - depth planes: 18
	      - depths range: [1.5108-1.67385]
	      - depth indexes range: [0-18]
	   - T camera (3/10):
	      - id: 324
	      - view id: 1594219716
	      - depth planes: 18
	      - depths range: [1.5108-1.67385]
	      - depth indexes range: [0-18]
	   - T camera (4/10):
	      - id: 325
	      - view id: 1595991900
	      - depth planes: 18
	      - depths range: [1.5108-1.67385]
	      - depth indexes range: [0-18]
	   - T camera (5/10):
	      - id: 426
	      - view id: 1975909490
	      - depth planes: 18
	      - depths range: [1.5108-1.67385]
	      - depth indexes range: [0-18]
	   - T camera (6/10):
	      - id: 434
	      - view id: 2029326337
	      - depth planes: 18
	      - depths range: [1.5108-1.67385]
	      - depth indexes range: [0-18]
	   - T camera (7/10):
	      - id: 422
	      - view id: 1965192021
	      - depth planes: 18
	      - depths range: [1.5108-1.67385]
	      - depth indexes range: [0-18]
	   - T camera (8/10):
	      - id: 397
	      - view id: 1829672511
	      - depth planes: 18
	      - depths range: [1.5108-1.67385]
	      - depth indexes range: [0-18]
	   - T camera (9/10):
	      - id: 378
	      - view id: 1775250928
	      - depth planes: 18
	      - depths range: [1.5108-1.67385]
	      - depth indexes range: [0-18]
	   - T camera (10/10):
	      - id: 375
	      - view id: 1772951300
	      - depth planes: 18
	      - depths range: [1.5108-1.67385]
	      - depth indexes range: [0-18]
[10:36:55.897483][info] (rc: 247, tile: 1/1) SGM depth/thickness map of view id: 1241144298, rc: 247 (248 / 471).
[10:36:55.897483][info] (rc: 247, tile: 1/1) SGM Compute similarity volume.
[10:36:55.897483][info] (rc: 247, tile: 1/1) SGM Compute similarity volume done.
[10:36:55.897483][info] (rc: 247, tile: 1/1) SGM Optimizing volume (filtering axes: YX).
[10:36:56.388787][info] (rc: 247, tile: 1/1) SGM Optimizing volume done.
[10:36:56.389914][info] (rc: 247, tile: 1/1) SGM Retrieve best depth in volume.
[10:36:56.389914][info] (rc: 247, tile: 1/1) SGM Retrieve best depth in volume done.
[10:36:56.389914][info] (rc: 247, tile: 1/1) SGM depth/thickness map done.
[10:36:56.389914][info] (rc: 247, tile: 1/1) SGM Smooth thickness map.
[10:36:56.389914][info] (rc: 247, tile: 1/1) SGM Smooth thickness map done.
[10:36:56.389914][info] (rc: 247, tile: 1/1) Refine depth/sim map of view id: 1241144298, rc: 247 (248 / 471).
[10:36:56.389914][info] (rc: 247, tile: 1/1) Refine and fuse depth/sim map volume.
[10:36:56.389914][info] (rc: 247, tile: 1/1) Refine and fuse depth/sim map volume done.
[10:36:56.389914][info] (rc: 247, tile: 1/1) Color optimize depth/sim map.
[10:36:56.390800][info] (rc: 247, tile: 1/1) Color optimize depth/sim map done.
[10:36:56.391940][info] (rc: 247, tile: 1/1) Refine depth/sim map done.
[10:36:56.406256][info] (rc: 248, tile: 1/1) Camera / Depth information: 
	- R camera:
	   - id: 248
	   - view id: 1242696843
	   - depth planes: 17
	   - depths range: [1.51621-1.68618]
	- T cameras:
	   - T camera (1/10):
	      - id: 223
	      - view id: 1072142004
	      - depth planes: 17
	      - depths range: [1.51621-1.68618]
	      - depth indexes range: [0-17]
	   - T camera (2/10):
	      - id: 270
	      - view id: 1310885300
	      - depth planes: 17
	      - depths range: [1.51621-1.68618]
	      - depth indexes range: [0-17]
	   - T camera (3/10):
	      - id: 308
	      - view id: 1504444037
	      - depth planes: 17
	      - depths range: [1.51621-1.68618]
	      - depth indexes range: [0-17]
	   - T camera (4/10):
	      - id: 306
	      - view id: 1501889347
	      - depth planes: 17
	      - depths range: [1.51621-1.68618]
	      - depth indexes range: [0-17]
	   - T camera (5/10):
	      - id: 215
	      - view id: 1049076845
	      - depth planes: 17
	      - depths range: [1.51621-1.68618]
	      - depth indexes range: [0-17]
	   - T camera (6/10):
	      - id: 362
	      - view id: 1739215929
	      - depth planes: 17
	      - depths range: [1.51621-1.68618]
	      - depth indexes range: [0-17]
	   - T camera (7/10):
	      - id: 211
	      - view id: 1041694916
	      - depth planes: 17
	      - depths range: [1.51621-1.68618]
	      - depth indexes range: [0-17]
	   - T camera (8/10):
	      - id: 327
	      - view id: 1632972461
	      - depth planes: 17
	      - depths range: [1.51621-1.68618]
	      - depth indexes range: [0-17]
	   - T camera (9/10):
	      - id: 217
	      - view id: 1050717738
	      - depth planes: 17
	      - depths range: [1.51621-1.68618]
	      - depth indexes range: [0-17]
	   - T camera (10/10):
	      - id: 330
	      - view id: 1643456648
	      - depth planes: 14
	      - depths range: [1.51621-1.65149]
	      - depth indexes range: [0-14]
[10:36:56.406404][info] (rc: 248, tile: 1/1) SGM depth/thickness map of view id: 1242696843, rc: 248 (249 / 471).
[10:36:56.406404][info] (rc: 248, tile: 1/1) SGM Compute similarity volume.
[10:36:56.406404][info] (rc: 248, tile: 1/1) SGM Compute similarity volume done.
[10:36:56.406911][info] (rc: 248, tile: 1/1) SGM Optimizing volume (filtering axes: YX).
[10:36:56.812669][info] (rc: 248, tile: 1/1) SGM Optimizing volume done.
[10:36:56.812669][info] (rc: 248, tile: 1/1) SGM Retrieve best depth in volume.
[10:36:56.812669][info] (rc: 248, tile: 1/1) SGM Retrieve best depth in volume done.
[10:36:56.813684][info] (rc: 248, tile: 1/1) SGM depth/thickness map done.
[10:36:56.813684][info] (rc: 248, tile: 1/1) SGM Smooth thickness map.
[10:36:56.813684][info] (rc: 248, tile: 1/1) SGM Smooth thickness map done.
[10:36:56.813684][info] (rc: 248, tile: 1/1) Refine depth/sim map of view id: 1242696843, rc: 248 (249 / 471).
[10:36:56.813684][info] (rc: 248, tile: 1/1) Refine and fuse depth/sim map volume.
[10:36:56.813684][info] (rc: 248, tile: 1/1) Refine and fuse depth/sim map volume done.
[10:36:56.813684][info] (rc: 248, tile: 1/1) Color optimize depth/sim map.
[10:36:56.814687][info] (rc: 248, tile: 1/1) Color optimize depth/sim map done.
[10:36:56.814687][info] (rc: 248, tile: 1/1) Refine depth/sim map done.
[10:36:58.242948][info] (rc: 249, tile: 1/1) Camera / Depth information: 
	- R camera:
	   - id: 249
	   - view id: 1242884354
	   - depth planes: 23
	   - depths range: [1.50007-1.67468]
	- T cameras:
	   - T camera (1/10):
	      - id: 84
	      - view id: 399717847
	      - depth planes: 23
	      - depths range: [1.50007-1.67468]
	      - depth indexes range: [0-23]
	   - T camera (2/10):
	      - id: 290
	      - view id: 1354250593
	      - depth planes: 23
	      - depths range: [1.50007-1.67468]
	      - depth indexes range: [0-23]
	   - T camera (3/10):
	      - id: 294
	      - view id: 1390325544
	      - depth planes: 23
	      - depths range: [1.50007-1.67468]
	      - depth indexes range: [0-23]
	   - T camera (4/10):
	      - id: 109
	      - view id: 517546670
	      - depth planes: 23
	      - depths range: [1.50007-1.67468]
	      - depth indexes range: [0-23]
	   - T camera (5/10):
	      - id: 103
	      - view id: 511698710
	      - depth planes: 23
	      - depths range: [1.50007-1.67468]
	      - depth indexes range: [0-23]
	   - T camera (6/10):
	      - id: 447
	      - view id: 2082737869
	      - depth planes: 23
	      - depths range: [1.50007-1.67468]
	      - depth indexes range: [0-23]
	   - T camera (7/10):
	      - id: 102
	      - view id: 506948959
	      - depth planes: 23
	      - depths range: [1.50007-1.67468]
	      - depth indexes range: [0-23]
	   - T camera (8/10):
	      - id: 239
	      - view id: 1178070969
	      - depth planes: 23
	      - depths range: [1.50007-1.67468]
	      - depth indexes range: [0-23]
	   - T camera (9/10):
	      - id: 450
	      - view id: 2086272894
	      - depth planes: 23
	      - depths range: [1.50007-1.67468]
	      - depth indexes range: [0-23]
	   - T camera (10/10):
	      - id: 101
	      - view id: 505960397
	      - depth planes: 23
	      - depths range: [1.50007-1.67468]
	      - depth indexes range: [0-23]
[10:36:58.242948][info] (rc: 249, tile: 1/1) SGM depth/thickness map of view id: 1242884354, rc: 249 (250 / 471).
[10:36:58.243947][info] (rc: 249, tile: 1/1) SGM Compute similarity volume.
[10:36:58.243947][info] (rc: 249, tile: 1/1) SGM Compute similarity volume done.
[10:36:58.243947][info] (rc: 249, tile: 1/1) SGM Optimizing volume (filtering axes: YX).
[10:36:58.492583][info] (rc: 249, tile: 1/1) SGM Optimizing volume done.
[10:36:58.493506][info] (rc: 249, tile: 1/1) SGM Retrieve best depth in volume.
[10:36:58.493506][info] (rc: 249, tile: 1/1) SGM Retrieve best depth in volume done.
[10:36:58.493506][info] (rc: 249, tile: 1/1) SGM depth/thickness map done.
[10:36:58.493506][info] (rc: 249, tile: 1/1) SGM Smooth thickness map.
[10:36:58.493506][info] (rc: 249, tile: 1/1) SGM Smooth thickness map done.
[10:36:58.493506][info] (rc: 249, tile: 1/1) Refine depth/sim map of view id: 1242884354, rc: 249 (250 / 471).
[10:36:58.493506][info] (rc: 249, tile: 1/1) Refine and fuse depth/sim map volume.
[10:36:58.493506][info] (rc: 249, tile: 1/1) Refine and fuse depth/sim map volume done.
[10:36:58.493506][info] (rc: 249, tile: 1/1) Color optimize depth/sim map.
[10:36:58.494555][info] (rc: 249, tile: 1/1) Color optimize depth/sim map done.
[10:36:58.494555][info] (rc: 249, tile: 1/1) Refine depth/sim map done.
[10:36:58.500552][info] (rc: 250, tile: 1/1) Camera / Depth information: 
	- R camera:
	   - id: 250
	   - view id: 1243699362
	   - depth planes: 20
	   - depths range: [1.51633-1.67286]
	- T cameras:
	   - T camera (1/10):
	      - id: 72
	      - view id: 363369386
	      - depth planes: 20
	      - depths range: [1.51633-1.67286]
	      - depth indexes range: [0-20]
	   - T camera (2/10):
	      - id: 84
	      - view id: 399717847
	      - depth planes: 20
	      - depths range: [1.51633-1.67286]
	      - depth indexes range: [0-20]
	   - T camera (3/10):
	      - id: 290
	      - view id: 1354250593
	      - depth planes: 20
	      - depths range: [1.51633-1.67286]
	      - depth indexes range: [0-20]
	   - T camera (4/10):
	      - id: 294
	      - view id: 1390325544
	      - depth planes: 20
	      - depths range: [1.51633-1.67286]
	      - depth indexes range: [0-20]
	   - T camera (5/10):
	      - id: 109
	      - view id: 517546670
	      - depth planes: 20
	      - depths range: [1.51633-1.67286]
	      - depth indexes range: [0-20]
	   - T camera (6/10):
	      - id: 450
	      - view id: 2086272894
	      - depth planes: 20
	      - depths range: [1.51633-1.67286]
	      - depth indexes range: [0-20]
	   - T camera (7/10):
	      - id: 103
	      - view id: 511698710
	      - depth planes: 20
	      - depths range: [1.51633-1.67286]
	      - depth indexes range: [0-20]
	   - T camera (8/10):
	      - id: 101
	      - view id: 505960397
	      - depth planes: 20
	      - depths range: [1.51633-1.67286]
	      - depth indexes range: [0-20]
	   - T camera (9/10):
	      - id: 239
	      - view id: 1178070969
	      - depth planes: 20
	      - depths range: [1.51633-1.67286]
	      - depth indexes range: [0-20]
	   - T camera (10/10):
	      - id: 241
	      - view id: 1199410991
	      - depth planes: 20
	      - depths range: [1.51633-1.67286]
	      - depth indexes range: [0-20]
[10:36:58.500552][info] (rc: 250, tile: 1/1) SGM depth/thickness map of view id: 1243699362, rc: 250 (251 / 471).
[10:36:58.500552][info] (rc: 250, tile: 1/1) SGM Compute similarity volume.
[10:36:58.500552][info] (rc: 250, tile: 1/1) SGM Compute similarity volume done.
[10:36:58.500552][info] (rc: 250, tile: 1/1) SGM Optimizing volume (filtering axes: YX).
[10:36:58.921111][info] (rc: 250, tile: 1/1) SGM Optimizing volume done.
[10:36:58.921111][info] (rc: 250, tile: 1/1) SGM Retrieve best depth in volume.
[10:36:58.921111][info] (rc: 250, tile: 1/1) SGM Retrieve best depth in volume done.
[10:36:58.921111][info] (rc: 250, tile: 1/1) SGM depth/thickness map done.
[10:36:58.921111][info] (rc: 250, tile: 1/1) SGM Smooth thickness map.
[10:36:58.921111][info] (rc: 250, tile: 1/1) SGM Smooth thickness map done.
[10:36:58.921621][info] (rc: 250, tile: 1/1) Refine depth/sim map of view id: 1243699362, rc: 250 (251 / 471).
[10:36:58.921621][info] (rc: 250, tile: 1/1) Refine and fuse depth/sim map volume.
[10:36:58.921826][info] (rc: 250, tile: 1/1) Refine and fuse depth/sim map volume done.
[10:36:58.921826][info] (rc: 250, tile: 1/1) Color optimize depth/sim map.
[10:36:58.923835][info] (rc: 250, tile: 1/1) Color optimize depth/sim map done.
[10:36:58.923835][info] (rc: 250, tile: 1/1) Refine depth/sim map done.
[10:36:58.938819][info] (rc: 251, tile: 1/1) Camera / Depth information: 
	- R camera:
	   - id: 251
	   - view id: 1249157774
	   - depth planes: 95
	   - depths range: [1.39377-2.39614]
	- T cameras:
	   - T camera (1/10):
	      - id: 306
	      - view id: 1501889347
	      - depth planes: 95
	      - depths range: [1.39377-2.39614]
	      - depth indexes range: [0-95]
	   - T camera (2/10):
	      - id: 223
	      - view id: 1072142004
	      - depth planes: 95
	      - depths range: [1.39377-2.39614]
	      - depth indexes range: [0-95]
	   - T camera (3/10):
	      - id: 308
	      - view id: 1504444037
	      - depth planes: 95
	      - depths range: [1.39377-2.39614]
	      - depth indexes range: [0-95]
	   - T camera (4/10):
	      - id: 215
	      - view id: 1049076845
	      - depth planes: 95
	      - depths range: [1.39377-2.39614]
	      - depth indexes range: [0-95]
	   - T camera (5/10):
	      - id: 217
	      - view id: 1050717738
	      - depth planes: 95
	      - depths range: [1.39377-2.39614]
	      - depth indexes range: [0-95]
	   - T camera (6/10):
	      - id: 214
	      - view id: 1048305445
	      - depth planes: 95
	      - depths range: [1.39377-2.39614]
	      - depth indexes range: [0-95]
	   - T camera (7/10):
	      - id: 286
	      - view id: 1331315103
	      - depth planes: 95
	      - depths range: [1.39377-2.39614]
	      - depth indexes range: [0-95]
	   - T camera (8/10):
	      - id: 120
	      - view id: 555319438
	      - depth planes: 50
	      - depths range: [1.39377-1.78426]
	      - depth indexes range: [0-50]
	   - T camera (9/10):
	      - id: 216
	      - view id: 1050624039
	      - depth planes: 90
	      - depths range: [1.39377-2.30846]
	      - depth indexes range: [0-90]
	   - T camera (10/10):
	      - id: 270
	      - view id: 1310885300
	      - depth planes: 82
	      - depths range: [1.39377-2.18066]
	      - depth indexes range: [0-82]
[10:36:58.938819][info] (rc: 251, tile: 1/1) SGM depth/thickness map of view id: 1249157774, rc: 251 (252 / 471).
[10:36:58.938819][info] (rc: 251, tile: 1/1) SGM Compute similarity volume.
[10:36:58.939695][info] (rc: 251, tile: 1/1) SGM Compute similarity volume done.
[10:36:58.939695][info] (rc: 251, tile: 1/1) SGM Optimizing volume (filtering axes: YX).
[10:36:59.454518][info] (rc: 251, tile: 1/1) SGM Optimizing volume done.
[10:36:59.454518][info] (rc: 251, tile: 1/1) SGM Retrieve best depth in volume.
[10:36:59.454518][info] (rc: 251, tile: 1/1) SGM Retrieve best depth in volume done.
[10:36:59.454518][info] (rc: 251, tile: 1/1) SGM depth/thickness map done.
[10:36:59.454518][info] (rc: 251, tile: 1/1) SGM Smooth thickness map.
[10:36:59.455519][info] (rc: 251, tile: 1/1) SGM Smooth thickness map done.
[10:36:59.455519][info] (rc: 251, tile: 1/1) Refine depth/sim map of view id: 1249157774, rc: 251 (252 / 471).
[10:36:59.455519][info] (rc: 251, tile: 1/1) Refine and fuse depth/sim map volume.
[10:36:59.455519][info] (rc: 251, tile: 1/1) Refine and fuse depth/sim map volume done.
[10:36:59.455519][info] (rc: 251, tile: 1/1) Color optimize depth/sim map.
[10:36:59.458518][info] (rc: 251, tile: 1/1) Color optimize depth/sim map done.
[10:36:59.458518][info] (rc: 251, tile: 1/1) Refine depth/sim map done.
[10:36:59.842481][info] Task done in (s): 30.171000
