[2024-11-20 10:39:46.873233] [0x0000f274] [trace]   Embedded OCIO configuration file: 'C:\Users\Avidh Bavkar\Downloads\Meshroom-2023.3.0-win64\Meshroom-2023.3.0\aliceVision/share/aliceVision/config.ocio' found.
Program called with the following parameters:
 * autoAdjustSmallImage = 1
 * chooseTCamsPerTile = 1
 * colorOptimizationEnabled = 1
 * colorOptimizationNbIterations = 100
 * customPatchPatternGroupSubpartsPerLevel = 0 (default)
 * customPatchPatternSubparts =  Unknown Type "class std::vector<struct aliceVision::depthMap::CustomPatchPatternParams::SubpartParams,class std::allocator<struct aliceVision::depthMap::CustomPatchPatternParams::SubpartParams> >" (default)
 * downscale = 2
 * exportIntermediateCrossVolumes = 0
 * exportIntermediateDepthSimMaps = 0
 * exportIntermediateNormalMaps = 0
 * exportIntermediateTopographicCutVolumes = 0
 * exportIntermediateVolume9pCsv = 0
 * exportIntermediateVolumes = 0
 * exportTilePattern = 0
 * imagesFolder = "C:/Users/Avidh Bavkar/OneDrive - purdue.edu/PETAL/PETAL_Photogrammetry/Scripts/Camera_Experiments/meshroom/MeshroomCache/PrepareDenseScene/8e3c0b2966564921603602656d4b9e6c70aa60ff"
 * input = "C:/Users/Avidh Bavkar/OneDrive - purdue.edu/PETAL/PETAL_Photogrammetry/Scripts/Camera_Experiments/meshroom/MeshroomCache/StructureFromMotion/6134e9e839f7223d14819e2da1cf90cf3a999ebe/sfm.abc"
 * maxCoresAvailable =  Unknown Type "unsigned int" (default)
 * maxMemoryAvailable = 18446744073709551615 (default)
 * maxTCams = 10
 * maxViewAngle = 70
 * minViewAngle = 2
 * nbGPUs = 0
 * output = "C:/Users/Avidh Bavkar/OneDrive - purdue.edu/PETAL/PETAL_Photogrammetry/Scripts/Camera_Experiments/meshroom/MeshroomCache/DepthMap/b4c331b9d680327a3c19c76ed2cf1434735bb201"
 * rangeSize = 12
 * rangeStart = 336
 * refineEnabled = 1
 * refineGammaC = 15.5
 * refineGammaP = 8
 * refineHalfNbDepths = 15
 * refineInterpolateMiddleDepth = 0
 * refineMaxTCamsPerTile = 4
 * refineScale = 1
 * refineSigma = 15
 * refineStepXY = 1
 * refineSubsampling = 10
 * refineUseConsistentScale = 0
 * refineUseCustomPatchPattern = 0
 * refineWSH = 3
 * sgmDepthListPerTile = 1
 * sgmDepthThicknessInflate = 0
 * sgmFilteringAxes = "YX"
 * sgmGammaC = 5.5
 * sgmGammaP = 8
 * sgmMaxDepths = 1500
 * sgmMaxSimilarity = 1
 * sgmMaxTCamsPerTile = 4
 * sgmP1 = 10
 * sgmP2Weighting = 100
 * sgmScale = 2
 * sgmSeedsRangeInflate = 0.2
 * sgmStepXY = 2
 * sgmStepZ = -1
 * sgmUseConsistentScale = 0
 * sgmUseCustomPatchPattern = 0
 * sgmUseSfmSeeds = 1
 * sgmWSH = 4
 * tileBufferHeight = 1024
 * tileBufferWidth = 1024
 * tilePadding = 64
 * verboseLevel = "info"

Hardware : 
	Detected core count : 20
	OpenMP will use 20 cores
	Detected available memory : 11796 Mo

[10:39:46.880289][info] CUDA-Enabled GPU.
Device information:
	- id:                      0
	- name:                    NVIDIA GeForce RTX 3050 Ti Laptop GPU
	- compute capability:      8.6
	- clock frequency (kHz):   1035000
	- total device memory:     4095 MB 
	- device memory available: 3282 MB 
	- per-block shared memory: 49152
	- warp size:               32
	- max threads per block:   1024
	- max threads per SM(X):   1536
	- max block sizes:         {1024,1024,64}
	- max grid sizes:          {2147483647,65535,65535}
	- max 2D array texture:    {131072,65536}
	- max 3D array texture:    {16384,16384,16384}
	- max 2D linear texture:   {131072,65000,2097120}
	- max 2D layered texture:  {32768,32768,2048}
	- number of SM(x)s:        20
	- registers per SM(x):     65536
	- registers per block:     65536
	- concurrent kernels:      yes
	- mapping host memory:     yes
	- unified addressing:      yes
	- texture alignment:       512 byte
	- pitch alignment:         32 byte
CUDA build version: 11.6
[10:39:47.008111][info] Supported CUDA-Enabled GPU detected.
[10:39:52.874167][info] Found 1 image dimension(s): 
[10:39:52.874167][info] 	- [816x624]
[10:39:53.290297][info] Overall maximum dimension: [816x624]
[10:39:53.290297][warning] Tile buffer size (width: 1024, height: 1024) is larger than the maximum image size (width: 408, height: 312).
[10:39:53.290297][warning] Single tile computation, override SGM maximum number of T cameras per tile (before: 4, now: 10).
[10:39:53.290297][warning] Single tile computation, override Refine maximum number of T cameras per tile (before: 4, now: 10).
[10:39:53.290297][warning] Single tile computation, override SGM step XY (before: 2, now: 1).
[10:39:53.290297][info] Tiling information: 
	- parameters: 
	      - buffer width:  1024 px
	      - buffer height: 1024 px
	      - padding: 64 px
	- maximum downscale:  2
	- maximum image width:  408 px
	- maximum image height: 312 px
[10:39:53.290297][info] Maximum image size is smaller than one tile, use only one tile.
[10:39:53.290297][info] SGM parameters:
	- scale: 2
	- stepXY: 1
[10:39:53.290297][info] Refine parameters:
	- scale: 1
	- stepXY: 1
[10:39:53.290297][info] Number of GPU devices: 1, number of CPU threads: 20
[10:39:53.514826][info] Device memory:
	- available: 2625.8 MB
	- requirement for the first tile: 867.892 MB
	- # computation buffers per tile: 851.867 MB (Sgm: 757.867 MB, Refine: 94 MB)
	- # input images (R + 10 Ts): 16.0247 MB (single mipmap image size: 1.45679 MB)
[10:39:53.514826][info] Parallelization:
	- # tiles per image: 1
	- # simultaneous depth maps computation: 3
	- # simultaneous tiles computation: 3
[10:39:53.540798][info] Device memory (device id: 0):
	- used: 3383.31 MB
	- available: 712.25 MB
	- total: 4095.56 MB
[10:39:55.372135][info] (rc: 336, tile: 1/1) Camera / Depth information: 
	- R camera:
	   - id: 336
	   - view id: 1658327501
	   - depth planes: 21
	   - depths range: [1.48704-1.69661]
	- T cameras:
	   - T camera (1/10):
	      - id: 144
	      - view id: 686091610
	      - depth planes: 21
	      - depths range: [1.48704-1.69661]
	      - depth indexes range: [0-21]
	   - T camera (2/10):
	      - id: 428
	      - view id: 1998527084
	      - depth planes: 21
	      - depths range: [1.48704-1.69661]
	      - depth indexes range: [0-21]
	   - T camera (3/10):
	      - id: 429
	      - view id: 2008196400
	      - depth planes: 21
	      - depths range: [1.48704-1.69661]
	      - depth indexes range: [0-21]
	   - T camera (4/10):
	      - id: 235
	      - view id: 1162224339
	      - depth planes: 21
	      - depths range: [1.48704-1.69661]
	      - depth indexes range: [0-21]
	   - T camera (5/10):
	      - id: 241
	      - view id: 1199410991
	      - depth planes: 21
	      - depths range: [1.48704-1.69661]
	      - depth indexes range: [0-21]
	   - T camera (6/10):
	      - id: 36
	      - view id: 179061950
	      - depth planes: 21
	      - depths range: [1.48704-1.69661]
	      - depth indexes range: [0-21]
	   - T camera (7/10):
	      - id: 450
	      - view id: 2086272894
	      - depth planes: 21
	      - depths range: [1.48704-1.69661]
	      - depth indexes range: [0-21]
	   - T camera (8/10):
	      - id: 239
	      - view id: 1178070969
	      - depth planes: 21
	      - depths range: [1.48704-1.69661]
	      - depth indexes range: [0-21]
	   - T camera (9/10):
	      - id: 253
	      - view id: 1253324034
	      - depth planes: 21
	      - depths range: [1.48704-1.69661]
	      - depth indexes range: [0-21]
	   - T camera (10/10):
	      - id: 256
	      - view id: 1256772442
	      - depth planes: 21
	      - depths range: [1.48704-1.69661]
	      - depth indexes range: [0-21]
[10:39:55.372135][info] (rc: 336, tile: 1/1) SGM depth/thickness map of view id: 1658327501, rc: 336 (337 / 471).
[10:39:55.372135][info] (rc: 336, tile: 1/1) SGM Compute similarity volume.
[10:39:55.373150][info] (rc: 336, tile: 1/1) SGM Compute similarity volume done.
[10:39:55.373150][info] (rc: 336, tile: 1/1) SGM Optimizing volume (filtering axes: YX).
[10:39:55.700310][info] (rc: 336, tile: 1/1) SGM Optimizing volume done.
[10:39:55.700310][info] (rc: 336, tile: 1/1) SGM Retrieve best depth in volume.
[10:39:55.700310][info] (rc: 336, tile: 1/1) SGM Retrieve best depth in volume done.
[10:39:55.700310][info] (rc: 336, tile: 1/1) SGM depth/thickness map done.
[10:39:55.700310][info] (rc: 336, tile: 1/1) SGM Smooth thickness map.
[10:39:55.700310][info] (rc: 336, tile: 1/1) SGM Smooth thickness map done.
[10:39:55.700310][info] (rc: 336, tile: 1/1) Refine depth/sim map of view id: 1658327501, rc: 336 (337 / 471).
[10:39:55.700310][info] (rc: 336, tile: 1/1) Refine and fuse depth/sim map volume.
[10:39:55.701360][info] (rc: 336, tile: 1/1) Refine and fuse depth/sim map volume done.
[10:39:55.701360][info] (rc: 336, tile: 1/1) Color optimize depth/sim map.
[10:39:55.702307][info] (rc: 336, tile: 1/1) Color optimize depth/sim map done.
[10:39:55.702307][info] (rc: 336, tile: 1/1) Refine depth/sim map done.
[10:39:55.710522][info] (rc: 337, tile: 1/1) Camera / Depth information: 
	- R camera:
	   - id: 337
	   - view id: 1670507791
	   - depth planes: 58
	   - depths range: [1.18555-1.76002]
	- T cameras:
	   - T camera (1/10):
	      - id: 129
	      - view id: 607138961
	      - depth planes: 58
	      - depths range: [1.18555-1.76002]
	      - depth indexes range: [0-58]
	   - T camera (2/10):
	      - id: 131
	      - view id: 627175210
	      - depth planes: 58
	      - depths range: [1.18555-1.76002]
	      - depth indexes range: [0-58]
	   - T camera (3/10):
	      - id: 41
	      - view id: 218983709
	      - depth planes: 58
	      - depths range: [1.18555-1.76002]
	      - depth indexes range: [0-58]
	   - T camera (4/10):
	      - id: 440
	      - view id: 2065701511
	      - depth planes: 58
	      - depths range: [1.18555-1.76002]
	      - depth indexes range: [0-58]
	   - T camera (5/10):
	      - id: 442
	      - view id: 2067438901
	      - depth planes: 58
	      - depths range: [1.18555-1.76002]
	      - depth indexes range: [0-58]
	   - T camera (6/10):
	      - id: 339
	      - view id: 1674286607
	      - depth planes: 53
	      - depths range: [1.18555-1.68833]
	      - depth indexes range: [0-53]
	   - T camera (7/10):
	      - id: 257
	      - view id: 1267647673
	      - depth planes: 58
	      - depths range: [1.18555-1.76002]
	      - depth indexes range: [0-58]
	   - T camera (8/10):
	      - id: 258
	      - view id: 1274245695
	      - depth planes: 58
	      - depths range: [1.18555-1.76002]
	      - depth indexes range: [0-58]
	   - T camera (9/10):
	      - id: 95
	      - view id: 451291922
	      - depth planes: 58
	      - depths range: [1.18555-1.76002]
	      - depth indexes range: [0-58]
	   - T camera (10/10):
	      - id: 94
	      - view id: 447529639
	      - depth planes: 58
	      - depths range: [1.18555-1.76002]
	      - depth indexes range: [0-58]
[10:39:55.710522][info] (rc: 337, tile: 1/1) SGM depth/thickness map of view id: 1670507791, rc: 337 (338 / 471).
[10:39:55.710522][info] (rc: 337, tile: 1/1) SGM Compute similarity volume.
[10:39:55.711526][info] (rc: 337, tile: 1/1) SGM Compute similarity volume done.
[10:39:55.711526][info] (rc: 337, tile: 1/1) SGM Optimizing volume (filtering axes: YX).
[10:39:56.447586][info] (rc: 337, tile: 1/1) SGM Optimizing volume done.
[10:39:56.447586][info] (rc: 337, tile: 1/1) SGM Retrieve best depth in volume.
[10:39:56.447586][info] (rc: 337, tile: 1/1) SGM Retrieve best depth in volume done.
[10:39:56.447586][info] (rc: 337, tile: 1/1) SGM depth/thickness map done.
[10:39:56.447586][info] (rc: 337, tile: 1/1) SGM Smooth thickness map.
[10:39:56.447586][info] (rc: 337, tile: 1/1) SGM Smooth thickness map done.
[10:39:56.447586][info] (rc: 337, tile: 1/1) Refine depth/sim map of view id: 1670507791, rc: 337 (338 / 471).
[10:39:56.447586][info] (rc: 337, tile: 1/1) Refine and fuse depth/sim map volume.
[10:39:56.447586][info] (rc: 337, tile: 1/1) Refine and fuse depth/sim map volume done.
[10:39:56.447586][info] (rc: 337, tile: 1/1) Color optimize depth/sim map.
[10:39:56.449589][info] (rc: 337, tile: 1/1) Color optimize depth/sim map done.
[10:39:56.449589][info] (rc: 337, tile: 1/1) Refine depth/sim map done.
[10:39:56.455607][info] (rc: 338, tile: 1/1) Camera / Depth information: 
	- R camera:
	   - id: 338
	   - view id: 1672962254
	   - depth planes: 28
	   - depths range: [1.46281-1.71474]
	- T cameras:
	   - T camera (1/10):
	      - id: 129
	      - view id: 607138961
	      - depth planes: 28
	      - depths range: [1.46281-1.71474]
	      - depth indexes range: [0-28]
	   - T camera (2/10):
	      - id: 257
	      - view id: 1267647673
	      - depth planes: 28
	      - depths range: [1.46281-1.71474]
	      - depth indexes range: [0-28]
	   - T camera (3/10):
	      - id: 41
	      - view id: 218983709
	      - depth planes: 28
	      - depths range: [1.46281-1.71474]
	      - depth indexes range: [0-28]
	   - T camera (4/10):
	      - id: 131
	      - view id: 627175210
	      - depth planes: 28
	      - depths range: [1.46281-1.71474]
	      - depth indexes range: [0-28]
	   - T camera (5/10):
	      - id: 258
	      - view id: 1274245695
	      - depth planes: 28
	      - depths range: [1.46281-1.71474]
	      - depth indexes range: [0-28]
	   - T camera (6/10):
	      - id: 259
	      - view id: 1275146183
	      - depth planes: 28
	      - depths range: [1.46281-1.71474]
	      - depth indexes range: [0-28]
	   - T camera (7/10):
	      - id: 443
	      - view id: 2071137864
	      - depth planes: 28
	      - depths range: [1.46281-1.71474]
	      - depth indexes range: [0-28]
	   - T camera (8/10):
	      - id: 267
	      - view id: 1305161009
	      - depth planes: 28
	      - depths range: [1.46281-1.71474]
	      - depth indexes range: [0-28]
	   - T camera (9/10):
	      - id: 441
	      - view id: 2067250175
	      - depth planes: 28
	      - depths range: [1.46281-1.71474]
	      - depth indexes range: [0-28]
	   - T camera (10/10):
	      - id: 442
	      - view id: 2067438901
	      - depth planes: 28
	      - depths range: [1.46281-1.71474]
	      - depth indexes range: [0-28]
[10:39:56.455607][info] (rc: 338, tile: 1/1) SGM depth/thickness map of view id: 1672962254, rc: 338 (339 / 471).
[10:39:56.455607][info] (rc: 338, tile: 1/1) SGM Compute similarity volume.
[10:39:56.456603][info] (rc: 338, tile: 1/1) SGM Compute similarity volume done.
[10:39:56.456603][info] (rc: 338, tile: 1/1) SGM Optimizing volume (filtering axes: YX).
[10:39:57.073574][info] (rc: 338, tile: 1/1) SGM Optimizing volume done.
[10:39:57.073574][info] (rc: 338, tile: 1/1) SGM Retrieve best depth in volume.
[10:39:57.073574][info] (rc: 338, tile: 1/1) SGM Retrieve best depth in volume done.
[10:39:57.073574][info] (rc: 338, tile: 1/1) SGM depth/thickness map done.
[10:39:57.073574][info] (rc: 338, tile: 1/1) SGM Smooth thickness map.
[10:39:57.073574][info] (rc: 338, tile: 1/1) SGM Smooth thickness map done.
[10:39:57.073574][info] (rc: 338, tile: 1/1) Refine depth/sim map of view id: 1672962254, rc: 338 (339 / 471).
[10:39:57.073574][info] (rc: 338, tile: 1/1) Refine and fuse depth/sim map volume.
[10:39:57.073574][info] (rc: 338, tile: 1/1) Refine and fuse depth/sim map volume done.
[10:39:57.073574][info] (rc: 338, tile: 1/1) Color optimize depth/sim map.
[10:39:57.074575][info] (rc: 338, tile: 1/1) Color optimize depth/sim map done.
[10:39:57.074575][info] (rc: 338, tile: 1/1) Refine depth/sim map done.
[10:39:58.405908][info] (rc: 339, tile: 1/1) Camera / Depth information: 
	- R camera:
	   - id: 339
	   - view id: 1674286607
	   - depth planes: 20
	   - depths range: [1.55481-1.71516]
	- T cameras:
	   - T camera (1/10):
	      - id: 129
	      - view id: 607138961
	      - depth planes: 20
	      - depths range: [1.55481-1.71516]
	      - depth indexes range: [0-20]
	   - T camera (2/10):
	      - id: 41
	      - view id: 218983709
	      - depth planes: 20
	      - depths range: [1.55481-1.71516]
	      - depth indexes range: [0-20]
	   - T camera (3/10):
	      - id: 257
	      - view id: 1267647673
	      - depth planes: 20
	      - depths range: [1.55481-1.71516]
	      - depth indexes range: [0-20]
	   - T camera (4/10):
	      - id: 258
	      - view id: 1274245695
	      - depth planes: 20
	      - depths range: [1.55481-1.71516]
	      - depth indexes range: [0-20]
	   - T camera (5/10):
	      - id: 259
	      - view id: 1275146183
	      - depth planes: 20
	      - depths range: [1.55481-1.71516]
	      - depth indexes range: [0-20]
	   - T camera (6/10):
	      - id: 267
	      - view id: 1305161009
	      - depth planes: 20
	      - depths range: [1.55481-1.71516]
	      - depth indexes range: [0-20]
	   - T camera (7/10):
	      - id: 444
	      - view id: 2071587583
	      - depth planes: 20
	      - depths range: [1.55481-1.71516]
	      - depth indexes range: [0-20]
	   - T camera (8/10):
	      - id: 337
	      - view id: 1670507791
	      - depth planes: 17
	      - depths range: [1.55481-1.68768]
	      - depth indexes range: [0-17]
	   - T camera (9/10):
	      - id: 260
	      - view id: 1283274903
	      - depth planes: 20
	      - depths range: [1.55481-1.71516]
	      - depth indexes range: [0-20]
	   - T camera (10/10):
	      - id: 443
	      - view id: 2071137864
	      - depth planes: 20
	      - depths range: [1.55481-1.71516]
	      - depth indexes range: [0-20]
[10:39:58.405908][info] (rc: 339, tile: 1/1) SGM depth/thickness map of view id: 1674286607, rc: 339 (340 / 471).
[10:39:58.405908][info] (rc: 339, tile: 1/1) SGM Compute similarity volume.
[10:39:58.407220][info] (rc: 339, tile: 1/1) SGM Compute similarity volume done.
[10:39:58.407220][info] (rc: 339, tile: 1/1) SGM Optimizing volume (filtering axes: YX).
[10:39:58.698357][info] (rc: 339, tile: 1/1) SGM Optimizing volume done.
[10:39:58.698357][info] (rc: 339, tile: 1/1) SGM Retrieve best depth in volume.
[10:39:58.698357][info] (rc: 339, tile: 1/1) SGM Retrieve best depth in volume done.
[10:39:58.698357][info] (rc: 339, tile: 1/1) SGM depth/thickness map done.
[10:39:58.698357][info] (rc: 339, tile: 1/1) SGM Smooth thickness map.
[10:39:58.698357][info] (rc: 339, tile: 1/1) SGM Smooth thickness map done.
[10:39:58.698357][info] (rc: 339, tile: 1/1) Refine depth/sim map of view id: 1674286607, rc: 339 (340 / 471).
[10:39:58.698357][info] (rc: 339, tile: 1/1) Refine and fuse depth/sim map volume.
[10:39:58.698357][info] (rc: 339, tile: 1/1) Refine and fuse depth/sim map volume done.
[10:39:58.698357][info] (rc: 339, tile: 1/1) Color optimize depth/sim map.
[10:39:58.700357][info] (rc: 339, tile: 1/1) Color optimize depth/sim map done.
[10:39:58.700357][info] (rc: 339, tile: 1/1) Refine depth/sim map done.
[10:39:58.711356][info] (rc: 340, tile: 1/1) Camera / Depth information: 
	- R camera:
	   - id: 340
	   - view id: 1676544566
	   - depth planes: 20
	   - depths range: [1.5132-1.68103]
	- T cameras:
	   - T camera (1/10):
	      - id: 319
	      - view id: 1558147869
	      - depth planes: 20
	      - depths range: [1.5132-1.68103]
	      - depth indexes range: [0-20]
	   - T camera (2/10):
	      - id: 427
	      - view id: 1978544813
	      - depth planes: 20
	      - depths range: [1.5132-1.68103]
	      - depth indexes range: [0-20]
	   - T camera (3/10):
	      - id: 321
	      - view id: 1559945405
	      - depth planes: 20
	      - depths range: [1.5132-1.68103]
	      - depth indexes range: [0-20]
	   - T camera (4/10):
	      - id: 324
	      - view id: 1594219716
	      - depth planes: 20
	      - depths range: [1.5132-1.68103]
	      - depth indexes range: [0-20]
	   - T camera (5/10):
	      - id: 325
	      - view id: 1595991900
	      - depth planes: 20
	      - depths range: [1.5132-1.68103]
	      - depth indexes range: [0-20]
	   - T camera (6/10):
	      - id: 426
	      - view id: 1975909490
	      - depth planes: 20
	      - depths range: [1.5132-1.68103]
	      - depth indexes range: [0-20]
	   - T camera (7/10):
	      - id: 434
	      - view id: 2029326337
	      - depth planes: 20
	      - depths range: [1.5132-1.68103]
	      - depth indexes range: [0-20]
	   - T camera (8/10):
	      - id: 422
	      - view id: 1965192021
	      - depth planes: 20
	      - depths range: [1.5132-1.68103]
	      - depth indexes range: [0-20]
	   - T camera (9/10):
	      - id: 378
	      - view id: 1775250928
	      - depth planes: 20
	      - depths range: [1.5132-1.68103]
	      - depth indexes range: [0-20]
	   - T camera (10/10):
	      - id: 397
	      - view id: 1829672511
	      - depth planes: 20
	      - depths range: [1.5132-1.68103]
	      - depth indexes range: [0-20]
[10:39:58.712371][info] (rc: 340, tile: 1/1) SGM depth/thickness map of view id: 1676544566, rc: 340 (341 / 471).
[10:39:58.712371][info] (rc: 340, tile: 1/1) SGM Compute similarity volume.
[10:39:58.712371][info] (rc: 340, tile: 1/1) SGM Compute similarity volume done.
[10:39:58.712371][info] (rc: 340, tile: 1/1) SGM Optimizing volume (filtering axes: YX).
[10:39:59.311092][info] (rc: 340, tile: 1/1) SGM Optimizing volume done.
[10:39:59.311092][info] (rc: 340, tile: 1/1) SGM Retrieve best depth in volume.
[10:39:59.311092][info] (rc: 340, tile: 1/1) SGM Retrieve best depth in volume done.
[10:39:59.311092][info] (rc: 340, tile: 1/1) SGM depth/thickness map done.
[10:39:59.311092][info] (rc: 340, tile: 1/1) SGM Smooth thickness map.
[10:39:59.311092][info] (rc: 340, tile: 1/1) SGM Smooth thickness map done.
[10:39:59.311092][info] (rc: 340, tile: 1/1) Refine depth/sim map of view id: 1676544566, rc: 340 (341 / 471).
[10:39:59.311092][info] (rc: 340, tile: 1/1) Refine and fuse depth/sim map volume.
[10:39:59.311092][info] (rc: 340, tile: 1/1) Refine and fuse depth/sim map volume done.
[10:39:59.311092][info] (rc: 340, tile: 1/1) Color optimize depth/sim map.
[10:39:59.314560][info] (rc: 340, tile: 1/1) Color optimize depth/sim map done.
[10:39:59.314560][info] (rc: 340, tile: 1/1) Refine depth/sim map done.
[10:39:59.323577][info] (rc: 341, tile: 1/1) Camera / Depth information: 
	- R camera:
	   - id: 341
	   - view id: 1678469656
	   - depth planes: 18
	   - depths range: [1.50818-1.67458]
	- T cameras:
	   - T camera (1/10):
	      - id: 319
	      - view id: 1558147869
	      - depth planes: 18
	      - depths range: [1.50818-1.67458]
	      - depth indexes range: [0-18]
	   - T camera (2/10):
	      - id: 321
	      - view id: 1559945405
	      - depth planes: 18
	      - depths range: [1.50818-1.67458]
	      - depth indexes range: [0-18]
	   - T camera (3/10):
	      - id: 324
	      - view id: 1594219716
	      - depth planes: 18
	      - depths range: [1.50818-1.67458]
	      - depth indexes range: [0-18]
	   - T camera (4/10):
	      - id: 325
	      - view id: 1595991900
	      - depth planes: 18
	      - depths range: [1.50818-1.67458]
	      - depth indexes range: [0-18]
	   - T camera (5/10):
	      - id: 426
	      - view id: 1975909490
	      - depth planes: 18
	      - depths range: [1.50818-1.67458]
	      - depth indexes range: [0-18]
	   - T camera (6/10):
	      - id: 434
	      - view id: 2029326337
	      - depth planes: 18
	      - depths range: [1.50818-1.67458]
	      - depth indexes range: [0-18]
	   - T camera (7/10):
	      - id: 422
	      - view id: 1965192021
	      - depth planes: 18
	      - depths range: [1.50818-1.67458]
	      - depth indexes range: [0-18]
	   - T camera (8/10):
	      - id: 394
	      - view id: 1825756429
	      - depth planes: 18
	      - depths range: [1.50818-1.67458]
	      - depth indexes range: [0-18]
	   - T camera (9/10):
	      - id: 378
	      - view id: 1775250928
	      - depth planes: 18
	      - depths range: [1.50818-1.67458]
	      - depth indexes range: [0-18]
	   - T camera (10/10):
	      - id: 397
	      - view id: 1829672511
	      - depth planes: 18
	      - depths range: [1.50818-1.67458]
	      - depth indexes range: [0-18]
[10:39:59.323577][info] (rc: 341, tile: 1/1) SGM depth/thickness map of view id: 1678469656, rc: 341 (342 / 471).
[10:39:59.323577][info] (rc: 341, tile: 1/1) SGM Compute similarity volume.
[10:39:59.323577][info] (rc: 341, tile: 1/1) SGM Compute similarity volume done.
[10:39:59.323577][info] (rc: 341, tile: 1/1) SGM Optimizing volume (filtering axes: YX).
[10:39:59.872865][info] (rc: 341, tile: 1/1) SGM Optimizing volume done.
[10:39:59.872865][info] (rc: 341, tile: 1/1) SGM Retrieve best depth in volume.
[10:39:59.872865][info] (rc: 341, tile: 1/1) SGM Retrieve best depth in volume done.
[10:39:59.872865][info] (rc: 341, tile: 1/1) SGM depth/thickness map done.
[10:39:59.872865][info] (rc: 341, tile: 1/1) SGM Smooth thickness map.
[10:39:59.872865][info] (rc: 341, tile: 1/1) SGM Smooth thickness map done.
[10:39:59.872865][info] (rc: 341, tile: 1/1) Refine depth/sim map of view id: 1678469656, rc: 341 (342 / 471).
[10:39:59.872865][info] (rc: 341, tile: 1/1) Refine and fuse depth/sim map volume.
[10:39:59.873858][info] (rc: 341, tile: 1/1) Refine and fuse depth/sim map volume done.
[10:39:59.873858][info] (rc: 341, tile: 1/1) Color optimize depth/sim map.
[10:39:59.874858][info] (rc: 341, tile: 1/1) Color optimize depth/sim map done.
[10:39:59.875928][info] (rc: 341, tile: 1/1) Refine depth/sim map done.
[10:40:00.649910][info] (rc: 342, tile: 1/1) Camera / Depth information: 
	- R camera:
	   - id: 342
	   - view id: 1687844965
	   - depth planes: 18
	   - depths range: [1.51782-1.67773]
	- T cameras:
	   - T camera (1/10):
	      - id: 297
	      - view id: 1421093310
	      - depth planes: 18
	      - depths range: [1.51782-1.67773]
	      - depth indexes range: [0-18]
	   - T camera (2/10):
	      - id: 423
	      - view id: 1972036839
	      - depth planes: 18
	      - depths range: [1.51782-1.67773]
	      - depth indexes range: [0-18]
	   - T camera (3/10):
	      - id: 319
	      - view id: 1558147869
	      - depth planes: 18
	      - depths range: [1.51782-1.67773]
	      - depth indexes range: [0-18]
	   - T camera (4/10):
	      - id: 427
	      - view id: 1978544813
	      - depth planes: 18
	      - depths range: [1.51782-1.67773]
	      - depth indexes range: [0-18]
	   - T camera (5/10):
	      - id: 324
	      - view id: 1594219716
	      - depth planes: 18
	      - depths range: [1.51782-1.67773]
	      - depth indexes range: [0-18]
	   - T camera (6/10):
	      - id: 321
	      - view id: 1559945405
	      - depth planes: 18
	      - depths range: [1.51782-1.67773]
	      - depth indexes range: [0-18]
	   - T camera (7/10):
	      - id: 325
	      - view id: 1595991900
	      - depth planes: 18
	      - depths range: [1.51782-1.67773]
	      - depth indexes range: [0-18]
	   - T camera (8/10):
	      - id: 426
	      - view id: 1975909490
	      - depth planes: 18
	      - depths range: [1.51782-1.67773]
	      - depth indexes range: [0-18]
	   - T camera (9/10):
	      - id: 434
	      - view id: 2029326337
	      - depth planes: 18
	      - depths range: [1.51782-1.67773]
	      - depth indexes range: [0-18]
	   - T camera (10/10):
	      - id: 422
	      - view id: 1965192021
	      - depth planes: 18
	      - depths range: [1.51782-1.67773]
	      - depth indexes range: [0-18]
[10:40:00.649910][info] (rc: 342, tile: 1/1) SGM depth/thickness map of view id: 1687844965, rc: 342 (343 / 471).
[10:40:00.649910][info] (rc: 342, tile: 1/1) SGM Compute similarity volume.
[10:40:00.650909][info] (rc: 342, tile: 1/1) SGM Compute similarity volume done.
[10:40:00.650909][info] (rc: 342, tile: 1/1) SGM Optimizing volume (filtering axes: YX).
[10:40:00.949612][info] (rc: 342, tile: 1/1) SGM Optimizing volume done.
[10:40:00.949612][info] (rc: 342, tile: 1/1) SGM Retrieve best depth in volume.
[10:40:00.950569][info] (rc: 342, tile: 1/1) SGM Retrieve best depth in volume done.
[10:40:00.950569][info] (rc: 342, tile: 1/1) SGM depth/thickness map done.
[10:40:00.950569][info] (rc: 342, tile: 1/1) SGM Smooth thickness map.
[10:40:00.950569][info] (rc: 342, tile: 1/1) SGM Smooth thickness map done.
[10:40:00.950569][info] (rc: 342, tile: 1/1) Refine depth/sim map of view id: 1687844965, rc: 342 (343 / 471).
[10:40:00.950569][info] (rc: 342, tile: 1/1) Refine and fuse depth/sim map volume.
[10:40:00.951649][info] (rc: 342, tile: 1/1) Refine and fuse depth/sim map volume done.
[10:40:00.951649][info] (rc: 342, tile: 1/1) Color optimize depth/sim map.
[10:40:00.954619][info] (rc: 342, tile: 1/1) Color optimize depth/sim map done.
[10:40:00.954619][info] (rc: 342, tile: 1/1) Refine depth/sim map done.
[10:40:00.963619][info] (rc: 343, tile: 1/1) Camera / Depth information: 
	- R camera:
	   - id: 343
	   - view id: 1690218467
	   - depth planes: 18
	   - depths range: [1.51889-1.68439]
	- T cameras:
	   - T camera (1/10):
	      - id: 423
	      - view id: 1972036839
	      - depth planes: 18
	      - depths range: [1.51889-1.68439]
	      - depth indexes range: [0-18]
	   - T camera (2/10):
	      - id: 319
	      - view id: 1558147869
	      - depth planes: 18
	      - depths range: [1.51889-1.68439]
	      - depth indexes range: [0-18]
	   - T camera (3/10):
	      - id: 427
	      - view id: 1978544813
	      - depth planes: 18
	      - depths range: [1.51889-1.68439]
	      - depth indexes range: [0-18]
	   - T camera (4/10):
	      - id: 321
	      - view id: 1559945405
	      - depth planes: 18
	      - depths range: [1.51889-1.68439]
	      - depth indexes range: [0-18]
	   - T camera (5/10):
	      - id: 324
	      - view id: 1594219716
	      - depth planes: 18
	      - depths range: [1.51889-1.68439]
	      - depth indexes range: [0-18]
	   - T camera (6/10):
	      - id: 325
	      - view id: 1595991900
	      - depth planes: 18
	      - depths range: [1.51889-1.68439]
	      - depth indexes range: [0-18]
	   - T camera (7/10):
	      - id: 426
	      - view id: 1975909490
	      - depth planes: 18
	      - depths range: [1.51889-1.68439]
	      - depth indexes range: [0-18]
	   - T camera (8/10):
	      - id: 434
	      - view id: 2029326337
	      - depth planes: 18
	      - depths range: [1.51889-1.68439]
	      - depth indexes range: [0-18]
	   - T camera (9/10):
	      - id: 422
	      - view id: 1965192021
	      - depth planes: 18
	      - depths range: [1.51889-1.68439]
	      - depth indexes range: [0-18]
	   - T camera (10/10):
	      - id: 390
	      - view id: 1822456851
	      - depth planes: 18
	      - depths range: [1.51889-1.68439]
	      - depth indexes range: [0-18]
[10:40:00.963619][info] (rc: 343, tile: 1/1) SGM depth/thickness map of view id: 1690218467, rc: 343 (344 / 471).
[10:40:00.963619][info] (rc: 343, tile: 1/1) SGM Compute similarity volume.
[10:40:00.963619][info] (rc: 343, tile: 1/1) SGM Compute similarity volume done.
[10:40:00.963619][info] (rc: 343, tile: 1/1) SGM Optimizing volume (filtering axes: YX).
[10:40:01.534225][info] (rc: 343, tile: 1/1) SGM Optimizing volume done.
[10:40:01.534225][info] (rc: 343, tile: 1/1) SGM Retrieve best depth in volume.
[10:40:01.534225][info] (rc: 343, tile: 1/1) SGM Retrieve best depth in volume done.
[10:40:01.534225][info] (rc: 343, tile: 1/1) SGM depth/thickness map done.
[10:40:01.534225][info] (rc: 343, tile: 1/1) SGM Smooth thickness map.
[10:40:01.534225][info] (rc: 343, tile: 1/1) SGM Smooth thickness map done.
[10:40:01.534225][info] (rc: 343, tile: 1/1) Refine depth/sim map of view id: 1690218467, rc: 343 (344 / 471).
[10:40:01.534225][info] (rc: 343, tile: 1/1) Refine and fuse depth/sim map volume.
[10:40:01.534731][info] (rc: 343, tile: 1/1) Refine and fuse depth/sim map volume done.
[10:40:01.534731][info] (rc: 343, tile: 1/1) Color optimize depth/sim map.
[10:40:01.535915][info] (rc: 343, tile: 1/1) Color optimize depth/sim map done.
[10:40:01.535915][info] (rc: 343, tile: 1/1) Refine depth/sim map done.
[10:40:01.543867][info] (rc: 344, tile: 1/1) Camera / Depth information: 
	- R camera:
	   - id: 344
	   - view id: 1705920442
	   - depth planes: 22
	   - depths range: [1.5198-1.68137]
	- T cameras:
	   - T camera (1/10):
	      - id: 316
	      - view id: 1537492137
	      - depth planes: 22
	      - depths range: [1.5198-1.68137]
	      - depth indexes range: [0-22]
	   - T camera (2/10):
	      - id: 427
	      - view id: 1978544813
	      - depth planes: 22
	      - depths range: [1.5198-1.68137]
	      - depth indexes range: [0-22]
	   - T camera (3/10):
	      - id: 319
	      - view id: 1558147869
	      - depth planes: 22
	      - depths range: [1.5198-1.68137]
	      - depth indexes range: [0-22]
	   - T camera (4/10):
	      - id: 324
	      - view id: 1594219716
	      - depth planes: 22
	      - depths range: [1.5198-1.68137]
	      - depth indexes range: [0-22]
	   - T camera (5/10):
	      - id: 321
	      - view id: 1559945405
	      - depth planes: 22
	      - depths range: [1.5198-1.68137]
	      - depth indexes range: [0-22]
	   - T camera (6/10):
	      - id: 325
	      - view id: 1595991900
	      - depth planes: 22
	      - depths range: [1.5198-1.68137]
	      - depth indexes range: [0-22]
	   - T camera (7/10):
	      - id: 390
	      - view id: 1822456851
	      - depth planes: 22
	      - depths range: [1.5198-1.68137]
	      - depth indexes range: [0-22]
	   - T camera (8/10):
	      - id: 422
	      - view id: 1965192021
	      - depth planes: 22
	      - depths range: [1.5198-1.68137]
	      - depth indexes range: [0-22]
	   - T camera (9/10):
	      - id: 426
	      - view id: 1975909490
	      - depth planes: 22
	      - depths range: [1.5198-1.68137]
	      - depth indexes range: [0-22]
	   - T camera (10/10):
	      - id: 434
	      - view id: 2029326337
	      - depth planes: 22
	      - depths range: [1.5198-1.68137]
	      - depth indexes range: [0-22]
[10:40:01.543867][info] (rc: 344, tile: 1/1) SGM depth/thickness map of view id: 1705920442, rc: 344 (345 / 471).
[10:40:01.543867][info] (rc: 344, tile: 1/1) SGM Compute similarity volume.
[10:40:01.543867][info] (rc: 344, tile: 1/1) SGM Compute similarity volume done.
[10:40:01.543867][info] (rc: 344, tile: 1/1) SGM Optimizing volume (filtering axes: YX).
[10:40:02.119353][info] (rc: 344, tile: 1/1) SGM Optimizing volume done.
[10:40:02.119353][info] (rc: 344, tile: 1/1) SGM Retrieve best depth in volume.
[10:40:02.119353][info] (rc: 344, tile: 1/1) SGM Retrieve best depth in volume done.
[10:40:02.119353][info] (rc: 344, tile: 1/1) SGM depth/thickness map done.
[10:40:02.119353][info] (rc: 344, tile: 1/1) SGM Smooth thickness map.
[10:40:02.119353][info] (rc: 344, tile: 1/1) SGM Smooth thickness map done.
[10:40:02.119353][info] (rc: 344, tile: 1/1) Refine depth/sim map of view id: 1705920442, rc: 344 (345 / 471).
[10:40:02.120352][info] (rc: 344, tile: 1/1) Refine and fuse depth/sim map volume.
[10:40:02.120352][info] (rc: 344, tile: 1/1) Refine and fuse depth/sim map volume done.
[10:40:02.120352][info] (rc: 344, tile: 1/1) Color optimize depth/sim map.
[10:40:02.121353][info] (rc: 344, tile: 1/1) Color optimize depth/sim map done.
[10:40:02.121353][info] (rc: 344, tile: 1/1) Refine depth/sim map done.
[10:40:03.339929][info] (rc: 345, tile: 1/1) Camera / Depth information: 
	- R camera:
	   - id: 345
	   - view id: 1712378675
	   - depth planes: 17
	   - depths range: [1.52009-1.67922]
	- T cameras:
	   - T camera (1/10):
	      - id: 423
	      - view id: 1972036839
	      - depth planes: 17
	      - depths range: [1.52009-1.67922]
	      - depth indexes range: [0-17]
	   - T camera (2/10):
	      - id: 319
	      - view id: 1558147869
	      - depth planes: 17
	      - depths range: [1.52009-1.67922]
	      - depth indexes range: [0-17]
	   - T camera (3/10):
	      - id: 427
	      - view id: 1978544813
	      - depth planes: 17
	      - depths range: [1.52009-1.67922]
	      - depth indexes range: [0-17]
	   - T camera (4/10):
	      - id: 321
	      - view id: 1559945405
	      - depth planes: 17
	      - depths range: [1.52009-1.67922]
	      - depth indexes range: [0-17]
	   - T camera (5/10):
	      - id: 324
	      - view id: 1594219716
	      - depth planes: 17
	      - depths range: [1.52009-1.67922]
	      - depth indexes range: [0-17]
	   - T camera (6/10):
	      - id: 325
	      - view id: 1595991900
	      - depth planes: 17
	      - depths range: [1.52009-1.67922]
	      - depth indexes range: [0-17]
	   - T camera (7/10):
	      - id: 422
	      - view id: 1965192021
	      - depth planes: 17
	      - depths range: [1.52009-1.67922]
	      - depth indexes range: [0-17]
	   - T camera (8/10):
	      - id: 426
	      - view id: 1975909490
	      - depth planes: 17
	      - depths range: [1.52009-1.67922]
	      - depth indexes range: [0-17]
	   - T camera (9/10):
	      - id: 434
	      - view id: 2029326337
	      - depth planes: 17
	      - depths range: [1.52009-1.67922]
	      - depth indexes range: [0-17]
	   - T camera (10/10):
	      - id: 390
	      - view id: 1822456851
	      - depth planes: 17
	      - depths range: [1.52009-1.67922]
	      - depth indexes range: [0-17]
[10:40:03.339929][info] (rc: 345, tile: 1/1) SGM depth/thickness map of view id: 1712378675, rc: 345 (346 / 471).
[10:40:03.340928][info] (rc: 345, tile: 1/1) SGM Compute similarity volume.
[10:40:03.340928][info] (rc: 345, tile: 1/1) SGM Compute similarity volume done.
[10:40:03.340928][info] (rc: 345, tile: 1/1) SGM Optimizing volume (filtering axes: YX).
[10:40:03.731994][info] (rc: 345, tile: 1/1) SGM Optimizing volume done.
[10:40:03.731994][info] (rc: 345, tile: 1/1) SGM Retrieve best depth in volume.
[10:40:03.731994][info] (rc: 345, tile: 1/1) SGM Retrieve best depth in volume done.
[10:40:03.731994][info] (rc: 345, tile: 1/1) SGM depth/thickness map done.
[10:40:03.731994][info] (rc: 345, tile: 1/1) SGM Smooth thickness map.
[10:40:03.731994][info] (rc: 345, tile: 1/1) SGM Smooth thickness map done.
[10:40:03.731994][info] (rc: 345, tile: 1/1) Refine depth/sim map of view id: 1712378675, rc: 345 (346 / 471).
[10:40:03.731994][info] (rc: 345, tile: 1/1) Refine and fuse depth/sim map volume.
[10:40:03.732637][info] (rc: 345, tile: 1/1) Refine and fuse depth/sim map volume done.
[10:40:03.732637][info] (rc: 345, tile: 1/1) Color optimize depth/sim map.
[10:40:03.734016][info] (rc: 345, tile: 1/1) Color optimize depth/sim map done.
[10:40:03.734016][info] (rc: 345, tile: 1/1) Refine depth/sim map done.
[10:40:03.741385][info] (rc: 346, tile: 1/1) Camera / Depth information: 
	- R camera:
	   - id: 346
	   - view id: 1714571667
	   - depth planes: 17
	   - depths range: [1.51979-1.67965]
	- T cameras:
	   - T camera (1/10):
	      - id: 423
	      - view id: 1972036839
	      - depth planes: 17
	      - depths range: [1.51979-1.67965]
	      - depth indexes range: [0-17]
	   - T camera (2/10):
	      - id: 319
	      - view id: 1558147869
	      - depth planes: 17
	      - depths range: [1.51979-1.67965]
	      - depth indexes range: [0-17]
	   - T camera (3/10):
	      - id: 427
	      - view id: 1978544813
	      - depth planes: 17
	      - depths range: [1.51979-1.67965]
	      - depth indexes range: [0-17]
	   - T camera (4/10):
	      - id: 321
	      - view id: 1559945405
	      - depth planes: 17
	      - depths range: [1.51979-1.67965]
	      - depth indexes range: [0-17]
	   - T camera (5/10):
	      - id: 324
	      - view id: 1594219716
	      - depth planes: 17
	      - depths range: [1.51979-1.67965]
	      - depth indexes range: [0-17]
	   - T camera (6/10):
	      - id: 325
	      - view id: 1595991900
	      - depth planes: 17
	      - depths range: [1.51979-1.67965]
	      - depth indexes range: [0-17]
	   - T camera (7/10):
	      - id: 426
	      - view id: 1975909490
	      - depth planes: 17
	      - depths range: [1.51979-1.67965]
	      - depth indexes range: [0-17]
	   - T camera (8/10):
	      - id: 434
	      - view id: 2029326337
	      - depth planes: 17
	      - depths range: [1.51979-1.67965]
	      - depth indexes range: [0-17]
	   - T camera (9/10):
	      - id: 422
	      - view id: 1965192021
	      - depth planes: 17
	      - depths range: [1.51979-1.67965]
	      - depth indexes range: [0-17]
	   - T camera (10/10):
	      - id: 390
	      - view id: 1822456851
	      - depth planes: 17
	      - depths range: [1.51979-1.67965]
	      - depth indexes range: [0-17]
[10:40:03.741385][info] (rc: 346, tile: 1/1) SGM depth/thickness map of view id: 1714571667, rc: 346 (347 / 471).
[10:40:03.741385][info] (rc: 346, tile: 1/1) SGM Compute similarity volume.
[10:40:03.741715][info] (rc: 346, tile: 1/1) SGM Compute similarity volume done.
[10:40:03.741715][info] (rc: 346, tile: 1/1) SGM Optimizing volume (filtering axes: YX).
[10:40:04.453434][info] (rc: 346, tile: 1/1) SGM Optimizing volume done.
[10:40:04.454434][info] (rc: 346, tile: 1/1) SGM Retrieve best depth in volume.
[10:40:04.454434][info] (rc: 346, tile: 1/1) SGM Retrieve best depth in volume done.
[10:40:04.454434][info] (rc: 346, tile: 1/1) SGM depth/thickness map done.
[10:40:04.454434][info] (rc: 346, tile: 1/1) SGM Smooth thickness map.
[10:40:04.454434][info] (rc: 346, tile: 1/1) SGM Smooth thickness map done.
[10:40:04.454434][info] (rc: 346, tile: 1/1) Refine depth/sim map of view id: 1714571667, rc: 346 (347 / 471).
[10:40:04.454434][info] (rc: 346, tile: 1/1) Refine and fuse depth/sim map volume.
[10:40:04.454434][info] (rc: 346, tile: 1/1) Refine and fuse depth/sim map volume done.
[10:40:04.454434][info] (rc: 346, tile: 1/1) Color optimize depth/sim map.
[10:40:04.456444][info] (rc: 346, tile: 1/1) Color optimize depth/sim map done.
[10:40:04.456444][info] (rc: 346, tile: 1/1) Refine depth/sim map done.
[10:40:04.462542][info] (rc: 347, tile: 1/1) Camera / Depth information: 
	- R camera:
	   - id: 347
	   - view id: 1721573006
	   - depth planes: 36
	   - depths range: [1.47666-1.74457]
	- T cameras:
	   - T camera (1/10):
	      - id: 127
	      - view id: 598485424
	      - depth planes: 36
	      - depths range: [1.47666-1.74457]
	      - depth indexes range: [0-36]
	   - T camera (2/10):
	      - id: 9
	      - view id: 52866373
	      - depth planes: 36
	      - depths range: [1.47666-1.74457]
	      - depth indexes range: [0-36]
	   - T camera (3/10):
	      - id: 10
	      - view id: 55053514
	      - depth planes: 36
	      - depths range: [1.47666-1.74457]
	      - depth indexes range: [0-36]
	   - T camera (4/10):
	      - id: 83
	      - view id: 399674118
	      - depth planes: 36
	      - depths range: [1.47666-1.74457]
	      - depth indexes range: [0-36]
	   - T camera (5/10):
	      - id: 12
	      - view id: 61160750
	      - depth planes: 36
	      - depths range: [1.47666-1.74457]
	      - depth indexes range: [0-36]
	   - T camera (6/10):
	      - id: 7
	      - view id: 45346087
	      - depth planes: 36
	      - depths range: [1.47666-1.74457]
	      - depth indexes range: [0-36]
	   - T camera (7/10):
	      - id: 11
	      - view id: 60823139
	      - depth planes: 36
	      - depths range: [1.47666-1.74457]
	      - depth indexes range: [0-36]
	   - T camera (8/10):
	      - id: 86
	      - view id: 401803630
	      - depth planes: 36
	      - depths range: [1.47666-1.74457]
	      - depth indexes range: [0-36]
	   - T camera (9/10):
	      - id: 74
	      - view id: 377921806
	      - depth planes: 36
	      - depths range: [1.47666-1.74457]
	      - depth indexes range: [0-36]
	   - T camera (10/10):
	      - id: 82
	      - view id: 396894163
	      - depth planes: 25
	      - depths range: [1.47666-1.65053]
	      - depth indexes range: [0-25]
[10:40:04.462542][info] (rc: 347, tile: 1/1) SGM depth/thickness map of view id: 1721573006, rc: 347 (348 / 471).
[10:40:04.462542][info] (rc: 347, tile: 1/1) SGM Compute similarity volume.
[10:40:04.462542][info] (rc: 347, tile: 1/1) SGM Compute similarity volume done.
[10:40:04.462542][info] (rc: 347, tile: 1/1) SGM Optimizing volume (filtering axes: YX).
[10:40:05.101425][info] (rc: 347, tile: 1/1) SGM Optimizing volume done.
[10:40:05.101425][info] (rc: 347, tile: 1/1) SGM Retrieve best depth in volume.
[10:40:05.101425][info] (rc: 347, tile: 1/1) SGM Retrieve best depth in volume done.
[10:40:05.101425][info] (rc: 347, tile: 1/1) SGM depth/thickness map done.
[10:40:05.101425][info] (rc: 347, tile: 1/1) SGM Smooth thickness map.
[10:40:05.102443][info] (rc: 347, tile: 1/1) SGM Smooth thickness map done.
[10:40:05.102443][info] (rc: 347, tile: 1/1) Refine depth/sim map of view id: 1721573006, rc: 347 (348 / 471).
[10:40:05.102443][info] (rc: 347, tile: 1/1) Refine and fuse depth/sim map volume.
[10:40:05.102443][info] (rc: 347, tile: 1/1) Refine and fuse depth/sim map volume done.
[10:40:05.102443][info] (rc: 347, tile: 1/1) Color optimize depth/sim map.
[10:40:05.104451][info] (rc: 347, tile: 1/1) Color optimize depth/sim map done.
[10:40:05.104451][info] (rc: 347, tile: 1/1) Refine depth/sim map done.
[10:40:05.564848][info] Task done in (s): 18.689000
