[2024-11-20 10:41:21.914027] [0x0000f240] [trace]   Embedded OCIO configuration file: 'C:\Users\Avidh Bavkar\Downloads\Meshroom-2023.3.0-win64\Meshroom-2023.3.0\aliceVision/share/aliceVision/config.ocio' found.
Program called with the following parameters:
 * autoAdjustSmallImage = 1
 * chooseTCamsPerTile = 1
 * colorOptimizationEnabled = 1
 * colorOptimizationNbIterations = 100
 * customPatchPatternGroupSubpartsPerLevel = 0 (default)
 * customPatchPatternSubparts =  Unknown Type "class std::vector<struct aliceVision::depthMap::CustomPatchPatternParams::SubpartParams,class std::allocator<struct aliceVision::depthMap::CustomPatchPatternParams::SubpartParams> >" (default)
 * downscale = 2
 * exportIntermediateCrossVolumes = 0
 * exportIntermediateDepthSimMaps = 0
 * exportIntermediateNormalMaps = 0
 * exportIntermediateTopographicCutVolumes = 0
 * exportIntermediateVolume9pCsv = 0
 * exportIntermediateVolumes = 0
 * exportTilePattern = 0
 * imagesFolder = "C:/Users/Avidh Bavkar/OneDrive - purdue.edu/PETAL/PETAL_Photogrammetry/Scripts/Camera_Experiments/meshroom/MeshroomCache/PrepareDenseScene/8e3c0b2966564921603602656d4b9e6c70aa60ff"
 * input = "C:/Users/Avidh Bavkar/OneDrive - purdue.edu/PETAL/PETAL_Photogrammetry/Scripts/Camera_Experiments/meshroom/MeshroomCache/StructureFromMotion/6134e9e839f7223d14819e2da1cf90cf3a999ebe/sfm.abc"
 * maxCoresAvailable =  Unknown Type "unsigned int" (default)
 * maxMemoryAvailable = 18446744073709551615 (default)
 * maxTCams = 10
 * maxViewAngle = 70
 * minViewAngle = 2
 * nbGPUs = 0
 * output = "C:/Users/Avidh Bavkar/OneDrive - purdue.edu/PETAL/PETAL_Photogrammetry/Scripts/Camera_Experiments/meshroom/MeshroomCache/DepthMap/b4c331b9d680327a3c19c76ed2cf1434735bb201"
 * rangeSize = 12
 * rangeStart = 384
 * refineEnabled = 1
 * refineGammaC = 15.5
 * refineGammaP = 8
 * refineHalfNbDepths = 15
 * refineInterpolateMiddleDepth = 0
 * refineMaxTCamsPerTile = 4
 * refineScale = 1
 * refineSigma = 15
 * refineStepXY = 1
 * refineSubsampling = 10
 * refineUseConsistentScale = 0
 * refineUseCustomPatchPattern = 0
 * refineWSH = 3
 * sgmDepthListPerTile = 1
 * sgmDepthThicknessInflate = 0
 * sgmFilteringAxes = "YX"
 * sgmGammaC = 5.5
 * sgmGammaP = 8
 * sgmMaxDepths = 1500
 * sgmMaxSimilarity = 1
 * sgmMaxTCamsPerTile = 4
 * sgmP1 = 10
 * sgmP2Weighting = 100
 * sgmScale = 2
 * sgmSeedsRangeInflate = 0.2
 * sgmStepXY = 2
 * sgmStepZ = -1
 * sgmUseConsistentScale = 0
 * sgmUseCustomPatchPattern = 0
 * sgmUseSfmSeeds = 1
 * sgmWSH = 4
 * tileBufferHeight = 1024
 * tileBufferWidth = 1024
 * tilePadding = 64
 * verboseLevel = "info"

Hardware : 
	Detected core count : 20
	OpenMP will use 20 cores
	Detected available memory : 11655 Mo

[10:41:21.921028][info] CUDA-Enabled GPU.
Device information:
	- id:                      0
	- name:                    NVIDIA GeForce RTX 3050 Ti Laptop GPU
	- compute capability:      8.6
	- clock frequency (kHz):   1035000
	- total device memory:     4095 MB 
	- device memory available: 3282 MB 
	- per-block shared memory: 49152
	- warp size:               32
	- max threads per block:   1024
	- max threads per SM(X):   1536
	- max block sizes:         {1024,1024,64}
	- max grid sizes:          {2147483647,65535,65535}
	- max 2D array texture:    {131072,65536}
	- max 3D array texture:    {16384,16384,16384}
	- max 2D linear texture:   {131072,65000,2097120}
	- max 2D layered texture:  {32768,32768,2048}
	- number of SM(x)s:        20
	- registers per SM(x):     65536
	- registers per block:     65536
	- concurrent kernels:      yes
	- mapping host memory:     yes
	- unified addressing:      yes
	- texture alignment:       512 byte
	- pitch alignment:         32 byte
CUDA build version: 11.6
[10:41:22.089071][info] Supported CUDA-Enabled GPU detected.
[10:41:30.586411][info] Found 1 image dimension(s): 
[10:41:30.586411][info] 	- [816x624]
[10:41:31.134225][info] Overall maximum dimension: [816x624]
[10:41:31.134225][warning] Tile buffer size (width: 1024, height: 1024) is larger than the maximum image size (width: 408, height: 312).
[10:41:31.134225][warning] Single tile computation, override SGM maximum number of T cameras per tile (before: 4, now: 10).
[10:41:31.134225][warning] Single tile computation, override Refine maximum number of T cameras per tile (before: 4, now: 10).
[10:41:31.134225][warning] Single tile computation, override SGM step XY (before: 2, now: 1).
[10:41:31.134225][info] Tiling information: 
	- parameters: 
	      - buffer width:  1024 px
	      - buffer height: 1024 px
	      - padding: 64 px
	- maximum downscale:  2
	- maximum image width:  408 px
	- maximum image height: 312 px
[10:41:31.134225][info] Maximum image size is smaller than one tile, use only one tile.
[10:41:31.134225][info] SGM parameters:
	- scale: 2
	- stepXY: 1
[10:41:31.134225][info] Refine parameters:
	- scale: 1
	- stepXY: 1
[10:41:31.134225][info] Number of GPU devices: 1, number of CPU threads: 20
[10:41:31.448983][info] Device memory:
	- available: 2625.8 MB
	- requirement for the first tile: 867.892 MB
	- # computation buffers per tile: 851.867 MB (Sgm: 757.867 MB, Refine: 94 MB)
	- # input images (R + 10 Ts): 16.0247 MB (single mipmap image size: 1.45679 MB)
[10:41:31.448983][info] Parallelization:
	- # tiles per image: 1
	- # simultaneous depth maps computation: 3
	- # simultaneous tiles computation: 3
[10:41:31.476505][info] Device memory (device id: 0):
	- used: 3383.31 MB
	- available: 712.25 MB
	- total: 4095.56 MB
[10:41:32.922476][info] (rc: 384, tile: 1/1) Camera / Depth information: 
	- R camera:
	   - id: 384
	   - view id: 1800685516
	   - depth planes: 19
	   - depths range: [1.50777-1.67851]
	- T cameras:
	   - T camera (1/10):
	      - id: 319
	      - view id: 1558147869
	      - depth planes: 19
	      - depths range: [1.50777-1.67851]
	      - depth indexes range: [0-19]
	   - T camera (2/10):
	      - id: 321
	      - view id: 1559945405
	      - depth planes: 19
	      - depths range: [1.50777-1.67851]
	      - depth indexes range: [0-19]
	   - T camera (3/10):
	      - id: 324
	      - view id: 1594219716
	      - depth planes: 19
	      - depths range: [1.50777-1.67851]
	      - depth indexes range: [0-19]
	   - T camera (4/10):
	      - id: 325
	      - view id: 1595991900
	      - depth planes: 19
	      - depths range: [1.50777-1.67851]
	      - depth indexes range: [0-19]
	   - T camera (5/10):
	      - id: 422
	      - view id: 1965192021
	      - depth planes: 19
	      - depths range: [1.50777-1.67851]
	      - depth indexes range: [0-19]
	   - T camera (6/10):
	      - id: 426
	      - view id: 1975909490
	      - depth planes: 19
	      - depths range: [1.50777-1.67851]
	      - depth indexes range: [0-19]
	   - T camera (7/10):
	      - id: 434
	      - view id: 2029326337
	      - depth planes: 19
	      - depths range: [1.50777-1.67851]
	      - depth indexes range: [0-19]
	   - T camera (8/10):
	      - id: 397
	      - view id: 1829672511
	      - depth planes: 19
	      - depths range: [1.50777-1.67851]
	      - depth indexes range: [0-19]
	   - T camera (9/10):
	      - id: 375
	      - view id: 1772951300
	      - depth planes: 19
	      - depths range: [1.50777-1.67851]
	      - depth indexes range: [0-19]
	   - T camera (10/10):
	      - id: 378
	      - view id: 1775250928
	      - depth planes: 19
	      - depths range: [1.50777-1.67851]
	      - depth indexes range: [0-19]
[10:41:32.922476][info] (rc: 384, tile: 1/1) SGM depth/thickness map of view id: 1800685516, rc: 384 (385 / 471).
[10:41:32.923599][info] (rc: 384, tile: 1/1) SGM Compute similarity volume.
[10:41:32.923599][info] (rc: 384, tile: 1/1) SGM Compute similarity volume done.
[10:41:32.923599][info] (rc: 384, tile: 1/1) SGM Optimizing volume (filtering axes: YX).
[10:41:33.285879][info] (rc: 384, tile: 1/1) SGM Optimizing volume done.
[10:41:33.285879][info] (rc: 384, tile: 1/1) SGM Retrieve best depth in volume.
[10:41:33.285879][info] (rc: 384, tile: 1/1) SGM Retrieve best depth in volume done.
[10:41:33.285879][info] (rc: 384, tile: 1/1) SGM depth/thickness map done.
[10:41:33.285879][info] (rc: 384, tile: 1/1) SGM Smooth thickness map.
[10:41:33.285879][info] (rc: 384, tile: 1/1) SGM Smooth thickness map done.
[10:41:33.285879][info] (rc: 384, tile: 1/1) Refine depth/sim map of view id: 1800685516, rc: 384 (385 / 471).
[10:41:33.286875][info] (rc: 384, tile: 1/1) Refine and fuse depth/sim map volume.
[10:41:33.286875][info] (rc: 384, tile: 1/1) Refine and fuse depth/sim map volume done.
[10:41:33.286875][info] (rc: 384, tile: 1/1) Color optimize depth/sim map.
[10:41:33.290889][info] (rc: 384, tile: 1/1) Color optimize depth/sim map done.
[10:41:33.290889][info] (rc: 384, tile: 1/1) Refine depth/sim map done.
[10:41:33.305277][info] (rc: 385, tile: 1/1) Camera / Depth information: 
	- R camera:
	   - id: 385
	   - view id: 1801480956
	   - depth planes: 19
	   - depths range: [1.52172-1.67268]
	- T cameras:
	   - T camera (1/10):
	      - id: 319
	      - view id: 1558147869
	      - depth planes: 19
	      - depths range: [1.52172-1.67268]
	      - depth indexes range: [0-19]
	   - T camera (2/10):
	      - id: 321
	      - view id: 1559945405
	      - depth planes: 19
	      - depths range: [1.52172-1.67268]
	      - depth indexes range: [0-19]
	   - T camera (3/10):
	      - id: 426
	      - view id: 1975909490
	      - depth planes: 19
	      - depths range: [1.52172-1.67268]
	      - depth indexes range: [0-19]
	   - T camera (4/10):
	      - id: 422
	      - view id: 1965192021
	      - depth planes: 19
	      - depths range: [1.52172-1.67268]
	      - depth indexes range: [0-19]
	   - T camera (5/10):
	      - id: 325
	      - view id: 1595991900
	      - depth planes: 19
	      - depths range: [1.52172-1.67268]
	      - depth indexes range: [0-19]
	   - T camera (6/10):
	      - id: 434
	      - view id: 2029326337
	      - depth planes: 19
	      - depths range: [1.52172-1.67268]
	      - depth indexes range: [0-19]
	   - T camera (7/10):
	      - id: 397
	      - view id: 1829672511
	      - depth planes: 19
	      - depths range: [1.52172-1.67268]
	      - depth indexes range: [0-19]
	   - T camera (8/10):
	      - id: 378
	      - view id: 1775250928
	      - depth planes: 19
	      - depths range: [1.52172-1.67268]
	      - depth indexes range: [0-19]
	   - T camera (9/10):
	      - id: 398
	      - view id: 1830211028
	      - depth planes: 19
	      - depths range: [1.52172-1.67268]
	      - depth indexes range: [0-19]
	   - T camera (10/10):
	      - id: 375
	      - view id: 1772951300
	      - depth planes: 19
	      - depths range: [1.52172-1.67268]
	      - depth indexes range: [0-19]
[10:41:33.306276][info] (rc: 385, tile: 1/1) SGM depth/thickness map of view id: 1801480956, rc: 385 (386 / 471).
[10:41:33.306276][info] (rc: 385, tile: 1/1) SGM Compute similarity volume.
[10:41:33.306276][info] (rc: 385, tile: 1/1) SGM Compute similarity volume done.
[10:41:33.306276][info] (rc: 385, tile: 1/1) SGM Optimizing volume (filtering axes: YX).
[10:41:33.774585][info] (rc: 385, tile: 1/1) SGM Optimizing volume done.
[10:41:33.774585][info] (rc: 385, tile: 1/1) SGM Retrieve best depth in volume.
[10:41:33.774585][info] (rc: 385, tile: 1/1) SGM Retrieve best depth in volume done.
[10:41:33.774585][info] (rc: 385, tile: 1/1) SGM depth/thickness map done.
[10:41:33.774585][info] (rc: 385, tile: 1/1) SGM Smooth thickness map.
[10:41:33.774585][info] (rc: 385, tile: 1/1) SGM Smooth thickness map done.
[10:41:33.774585][info] (rc: 385, tile: 1/1) Refine depth/sim map of view id: 1801480956, rc: 385 (386 / 471).
[10:41:33.774585][info] (rc: 385, tile: 1/1) Refine and fuse depth/sim map volume.
[10:41:33.776589][info] (rc: 385, tile: 1/1) Refine and fuse depth/sim map volume done.
[10:41:33.776589][info] (rc: 385, tile: 1/1) Color optimize depth/sim map.
[10:41:33.779585][info] (rc: 385, tile: 1/1) Color optimize depth/sim map done.
[10:41:33.779585][info] (rc: 385, tile: 1/1) Refine depth/sim map done.
[10:41:33.791586][info] (rc: 386, tile: 1/1) Camera / Depth information: 
	- R camera:
	   - id: 386
	   - view id: 1808854681
	   - depth planes: 19
	   - depths range: [1.50811-1.68569]
	- T cameras:
	   - T camera (1/10):
	      - id: 319
	      - view id: 1558147869
	      - depth planes: 19
	      - depths range: [1.50811-1.68569]
	      - depth indexes range: [0-19]
	   - T camera (2/10):
	      - id: 324
	      - view id: 1594219716
	      - depth planes: 19
	      - depths range: [1.50811-1.68569]
	      - depth indexes range: [0-19]
	   - T camera (3/10):
	      - id: 321
	      - view id: 1559945405
	      - depth planes: 19
	      - depths range: [1.50811-1.68569]
	      - depth indexes range: [0-19]
	   - T camera (4/10):
	      - id: 325
	      - view id: 1595991900
	      - depth planes: 19
	      - depths range: [1.50811-1.68569]
	      - depth indexes range: [0-19]
	   - T camera (5/10):
	      - id: 426
	      - view id: 1975909490
	      - depth planes: 19
	      - depths range: [1.50811-1.68569]
	      - depth indexes range: [0-19]
	   - T camera (6/10):
	      - id: 422
	      - view id: 1965192021
	      - depth planes: 19
	      - depths range: [1.50811-1.68569]
	      - depth indexes range: [0-19]
	   - T camera (7/10):
	      - id: 434
	      - view id: 2029326337
	      - depth planes: 19
	      - depths range: [1.50811-1.68569]
	      - depth indexes range: [0-19]
	   - T camera (8/10):
	      - id: 394
	      - view id: 1825756429
	      - depth planes: 19
	      - depths range: [1.50811-1.68569]
	      - depth indexes range: [0-19]
	   - T camera (9/10):
	      - id: 378
	      - view id: 1775250928
	      - depth planes: 19
	      - depths range: [1.50811-1.68569]
	      - depth indexes range: [0-19]
	   - T camera (10/10):
	      - id: 397
	      - view id: 1829672511
	      - depth planes: 19
	      - depths range: [1.50811-1.68569]
	      - depth indexes range: [0-19]
[10:41:33.791586][info] (rc: 386, tile: 1/1) SGM depth/thickness map of view id: 1808854681, rc: 386 (387 / 471).
[10:41:33.791586][info] (rc: 386, tile: 1/1) SGM Compute similarity volume.
[10:41:33.791586][info] (rc: 386, tile: 1/1) SGM Compute similarity volume done.
[10:41:33.791586][info] (rc: 386, tile: 1/1) SGM Optimizing volume (filtering axes: YX).
[10:41:34.201536][info] (rc: 386, tile: 1/1) SGM Optimizing volume done.
[10:41:34.201536][info] (rc: 386, tile: 1/1) SGM Retrieve best depth in volume.
[10:41:34.201536][info] (rc: 386, tile: 1/1) SGM Retrieve best depth in volume done.
[10:41:34.201536][info] (rc: 386, tile: 1/1) SGM depth/thickness map done.
[10:41:34.201536][info] (rc: 386, tile: 1/1) SGM Smooth thickness map.
[10:41:34.201536][info] (rc: 386, tile: 1/1) SGM Smooth thickness map done.
[10:41:34.202040][info] (rc: 386, tile: 1/1) Refine depth/sim map of view id: 1808854681, rc: 386 (387 / 471).
[10:41:34.202040][info] (rc: 386, tile: 1/1) Refine and fuse depth/sim map volume.
[10:41:34.202204][info] (rc: 386, tile: 1/1) Refine and fuse depth/sim map volume done.
[10:41:34.202709][info] (rc: 386, tile: 1/1) Color optimize depth/sim map.
[10:41:34.206080][info] (rc: 386, tile: 1/1) Color optimize depth/sim map done.
[10:41:34.206080][info] (rc: 386, tile: 1/1) Refine depth/sim map done.
[10:41:35.927174][info] (rc: 387, tile: 1/1) Camera / Depth information: 
	- R camera:
	   - id: 387
	   - view id: 1809681707
	   - depth planes: 21
	   - depths range: [1.50945-1.68242]
	- T cameras:
	   - T camera (1/10):
	      - id: 427
	      - view id: 1978544813
	      - depth planes: 21
	      - depths range: [1.50945-1.68242]
	      - depth indexes range: [0-21]
	   - T camera (2/10):
	      - id: 321
	      - view id: 1559945405
	      - depth planes: 21
	      - depths range: [1.50945-1.68242]
	      - depth indexes range: [0-21]
	   - T camera (3/10):
	      - id: 324
	      - view id: 1594219716
	      - depth planes: 21
	      - depths range: [1.50945-1.68242]
	      - depth indexes range: [0-21]
	   - T camera (4/10):
	      - id: 325
	      - view id: 1595991900
	      - depth planes: 21
	      - depths range: [1.50945-1.68242]
	      - depth indexes range: [0-21]
	   - T camera (5/10):
	      - id: 426
	      - view id: 1975909490
	      - depth planes: 21
	      - depths range: [1.50945-1.68242]
	      - depth indexes range: [0-21]
	   - T camera (6/10):
	      - id: 422
	      - view id: 1965192021
	      - depth planes: 21
	      - depths range: [1.50945-1.68242]
	      - depth indexes range: [0-21]
	   - T camera (7/10):
	      - id: 434
	      - view id: 2029326337
	      - depth planes: 21
	      - depths range: [1.50945-1.68242]
	      - depth indexes range: [0-21]
	   - T camera (8/10):
	      - id: 397
	      - view id: 1829672511
	      - depth planes: 21
	      - depths range: [1.50945-1.68242]
	      - depth indexes range: [0-21]
	   - T camera (9/10):
	      - id: 378
	      - view id: 1775250928
	      - depth planes: 21
	      - depths range: [1.50945-1.68242]
	      - depth indexes range: [0-21]
	   - T camera (10/10):
	      - id: 375
	      - view id: 1772951300
	      - depth planes: 21
	      - depths range: [1.50945-1.68242]
	      - depth indexes range: [0-21]
[10:41:35.928171][info] (rc: 387, tile: 1/1) SGM depth/thickness map of view id: 1809681707, rc: 387 (388 / 471).
[10:41:35.928171][info] (rc: 387, tile: 1/1) SGM Compute similarity volume.
[10:41:35.929170][info] (rc: 387, tile: 1/1) SGM Compute similarity volume done.
[10:41:35.929170][info] (rc: 387, tile: 1/1) SGM Optimizing volume (filtering axes: YX).
[10:41:36.258006][info] (rc: 387, tile: 1/1) SGM Optimizing volume done.
[10:41:36.258006][info] (rc: 387, tile: 1/1) SGM Retrieve best depth in volume.
[10:41:36.258006][info] (rc: 387, tile: 1/1) SGM Retrieve best depth in volume done.
[10:41:36.258006][info] (rc: 387, tile: 1/1) SGM depth/thickness map done.
[10:41:36.258006][info] (rc: 387, tile: 1/1) SGM Smooth thickness map.
[10:41:36.258006][info] (rc: 387, tile: 1/1) SGM Smooth thickness map done.
[10:41:36.258006][info] (rc: 387, tile: 1/1) Refine depth/sim map of view id: 1809681707, rc: 387 (388 / 471).
[10:41:36.258006][info] (rc: 387, tile: 1/1) Refine and fuse depth/sim map volume.
[10:41:36.258006][info] (rc: 387, tile: 1/1) Refine and fuse depth/sim map volume done.
[10:41:36.258006][info] (rc: 387, tile: 1/1) Color optimize depth/sim map.
[10:41:36.261021][info] (rc: 387, tile: 1/1) Color optimize depth/sim map done.
[10:41:36.261021][info] (rc: 387, tile: 1/1) Refine depth/sim map done.
[10:41:36.277543][info] (rc: 388, tile: 1/1) Camera / Depth information: 
	- R camera:
	   - id: 388
	   - view id: 1819771540
	   - depth planes: 39
	   - depths range: [1.42085-1.66469]
	- T cameras:
	   - T camera (1/10):
	      - id: 116
	      - view id: 543043803
	      - depth planes: 39
	      - depths range: [1.42085-1.66469]
	      - depth indexes range: [0-39]
	   - T camera (2/10):
	      - id: 424
	      - view id: 1972083977
	      - depth planes: 39
	      - depths range: [1.42085-1.66469]
	      - depth indexes range: [0-39]
	   - T camera (3/10):
	      - id: 352
	      - view id: 1726285970
	      - depth planes: 39
	      - depths range: [1.42085-1.66469]
	      - depth indexes range: [0-39]
	   - T camera (4/10):
	      - id: 326
	      - view id: 1627660062
	      - depth planes: 39
	      - depths range: [1.42085-1.66469]
	      - depth indexes range: [0-39]
	   - T camera (5/10):
	      - id: 328
	      - view id: 1633716463
	      - depth planes: 39
	      - depths range: [1.42085-1.66469]
	      - depth indexes range: [0-39]
	   - T camera (6/10):
	      - id: 329
	      - view id: 1637232402
	      - depth planes: 39
	      - depths range: [1.42085-1.66469]
	      - depth indexes range: [0-39]
	   - T camera (7/10):
	      - id: 161
	      - view id: 781287761
	      - depth planes: 39
	      - depths range: [1.42085-1.66469]
	      - depth indexes range: [0-39]
	   - T camera (8/10):
	      - id: 155
	      - view id: 771299976
	      - depth planes: 39
	      - depths range: [1.42085-1.66469]
	      - depth indexes range: [0-39]
	   - T camera (9/10):
	      - id: 351
	      - view id: 1723904574
	      - depth planes: 39
	      - depths range: [1.42085-1.66469]
	      - depth indexes range: [0-39]
	   - T camera (10/10):
	      - id: 160
	      - view id: 778548831
	      - depth planes: 39
	      - depths range: [1.42085-1.66469]
	      - depth indexes range: [0-39]
[10:41:36.277543][info] (rc: 388, tile: 1/1) SGM depth/thickness map of view id: 1819771540, rc: 388 (389 / 471).
[10:41:36.277543][info] (rc: 388, tile: 1/1) SGM Compute similarity volume.
[10:41:36.278543][info] (rc: 388, tile: 1/1) SGM Compute similarity volume done.
[10:41:36.278543][info] (rc: 388, tile: 1/1) SGM Optimizing volume (filtering axes: YX).
[10:41:36.791785][info] (rc: 388, tile: 1/1) SGM Optimizing volume done.
[10:41:36.791785][info] (rc: 388, tile: 1/1) SGM Retrieve best depth in volume.
[10:41:36.791785][info] (rc: 388, tile: 1/1) SGM Retrieve best depth in volume done.
[10:41:36.791785][info] (rc: 388, tile: 1/1) SGM depth/thickness map done.
[10:41:36.791785][info] (rc: 388, tile: 1/1) SGM Smooth thickness map.
[10:41:36.792784][info] (rc: 388, tile: 1/1) SGM Smooth thickness map done.
[10:41:36.792784][info] (rc: 388, tile: 1/1) Refine depth/sim map of view id: 1819771540, rc: 388 (389 / 471).
[10:41:36.792784][info] (rc: 388, tile: 1/1) Refine and fuse depth/sim map volume.
[10:41:36.792784][info] (rc: 388, tile: 1/1) Refine and fuse depth/sim map volume done.
[10:41:36.792784][info] (rc: 388, tile: 1/1) Color optimize depth/sim map.
[10:41:36.794787][info] (rc: 388, tile: 1/1) Color optimize depth/sim map done.
[10:41:36.794787][info] (rc: 388, tile: 1/1) Refine depth/sim map done.
[10:41:36.807797][info] (rc: 389, tile: 1/1) Camera / Depth information: 
	- R camera:
	   - id: 389
	   - view id: 1820872116
	   - depth planes: 154
	   - depths range: [0.950361-1.79873]
	- T cameras:
	   - T camera (1/10):
	      - id: 221
	      - view id: 1055152894
	      - depth planes: 127
	      - depths range: [1.04497-1.79873]
	      - depth indexes range: [27-154]
	   - T camera (2/10):
	      - id: 425
	      - view id: 1972235731
	      - depth planes: 135
	      - depths range: [1.01694-1.79873]
	      - depth indexes range: [19-154]
	   - T camera (3/10):
	      - id: 424
	      - view id: 1972083977
	      - depth planes: 149
	      - depths range: [0.967882-1.79873]
	      - depth indexes range: [5-154]
	   - T camera (4/10):
	      - id: 352
	      - view id: 1726285970
	      - depth planes: 154
	      - depths range: [0.950361-1.79873]
	      - depth indexes range: [0-154]
	   - T camera (5/10):
	      - id: 328
	      - view id: 1633716463
	      - depth planes: 154
	      - depths range: [0.950361-1.79873]
	      - depth indexes range: [0-154]
	   - T camera (6/10):
	      - id: 160
	      - view id: 778548831
	      - depth planes: 154
	      - depths range: [0.950361-1.79873]
	      - depth indexes range: [0-154]
	   - T camera (7/10):
	      - id: 161
	      - view id: 781287761
	      - depth planes: 154
	      - depths range: [0.950361-1.79873]
	      - depth indexes range: [0-154]
	   - T camera (8/10):
	      - id: 329
	      - view id: 1637232402
	      - depth planes: 154
	      - depths range: [0.950361-1.79873]
	      - depth indexes range: [0-154]
	   - T camera (9/10):
	      - id: 351
	      - view id: 1723904574
	      - depth planes: 154
	      - depths range: [0.950361-1.79873]
	      - depth indexes range: [0-154]
	   - T camera (10/10):
	      - id: 155
	      - view id: 771299976
	      - depth planes: 154
	      - depths range: [0.950361-1.79873]
	      - depth indexes range: [0-154]
[10:41:36.807797][info] (rc: 389, tile: 1/1) SGM depth/thickness map of view id: 1820872116, rc: 389 (390 / 471).
[10:41:36.807797][info] (rc: 389, tile: 1/1) SGM Compute similarity volume.
[10:41:36.807797][info] (rc: 389, tile: 1/1) SGM Compute similarity volume done.
[10:41:36.807797][info] (rc: 389, tile: 1/1) SGM Optimizing volume (filtering axes: YX).
[10:41:37.538836][info] (rc: 389, tile: 1/1) SGM Optimizing volume done.
[10:41:37.539835][info] (rc: 389, tile: 1/1) SGM Retrieve best depth in volume.
[10:41:37.539835][info] (rc: 389, tile: 1/1) SGM Retrieve best depth in volume done.
[10:41:37.539835][info] (rc: 389, tile: 1/1) SGM depth/thickness map done.
[10:41:37.539835][info] (rc: 389, tile: 1/1) SGM Smooth thickness map.
[10:41:37.539835][info] (rc: 389, tile: 1/1) SGM Smooth thickness map done.
[10:41:37.539835][info] (rc: 389, tile: 1/1) Refine depth/sim map of view id: 1820872116, rc: 389 (390 / 471).
[10:41:37.539835][info] (rc: 389, tile: 1/1) Refine and fuse depth/sim map volume.
[10:41:37.540835][info] (rc: 389, tile: 1/1) Refine and fuse depth/sim map volume done.
[10:41:37.540835][info] (rc: 389, tile: 1/1) Color optimize depth/sim map.
[10:41:37.543836][info] (rc: 389, tile: 1/1) Color optimize depth/sim map done.
[10:41:37.543836][info] (rc: 389, tile: 1/1) Refine depth/sim map done.
[10:41:40.525093][info] (rc: 390, tile: 1/1) Camera / Depth information: 
	- R camera:
	   - id: 390
	   - view id: 1822456851
	   - depth planes: 11
	   - depths range: [1.51239-1.67326]
	- T cameras:
	   - T camera (1/10):
	      - id: 393
	      - view id: 1825209049
	      - depth planes: 11
	      - depths range: [1.51239-1.67326]
	      - depth indexes range: [0-11]
	   - T camera (2/10):
	      - id: 273
	      - view id: 1317717598
	      - depth planes: 11
	      - depths range: [1.51239-1.67326]
	      - depth indexes range: [0-11]
	   - T camera (3/10):
	      - id: 282
	      - view id: 1325102475
	      - depth planes: 11
	      - depths range: [1.51239-1.67326]
	      - depth indexes range: [0-11]
	   - T camera (4/10):
	      - id: 344
	      - view id: 1705920442
	      - depth planes: 11
	      - depths range: [1.51239-1.67326]
	      - depth indexes range: [0-11]
	   - T camera (5/10):
	      - id: 207
	      - view id: 1008530225
	      - depth planes: 11
	      - depths range: [1.51239-1.67326]
	      - depth indexes range: [0-11]
	   - T camera (6/10):
	      - id: 465
	      - view id: 2121094510
	      - depth planes: 10
	      - depths range: [1.51239-1.65565]
	      - depth indexes range: [0-10]
	   - T camera (7/10):
	      - id: 172
	      - view id: 820905650
	      - depth planes: 11
	      - depths range: [1.51239-1.67326]
	      - depth indexes range: [0-11]
	   - T camera (8/10):
	      - id: 288
	      - view id: 1333727721
	      - depth planes: 11
	      - depths range: [1.51239-1.67326]
	      - depth indexes range: [0-11]
	   - T camera (9/10):
	      - id: 395
	      - view id: 1826428628
	      - depth planes: 11
	      - depths range: [1.51239-1.67326]
	      - depth indexes range: [0-11]
	   - T camera (10/10):
	      - id: 460
	      - view id: 2115178513
	      - depth planes: 10
	      - depths range: [1.51239-1.65565]
	      - depth indexes range: [0-10]
[10:41:40.526093][info] (rc: 390, tile: 1/1) SGM depth/thickness map of view id: 1822456851, rc: 390 (391 / 471).
[10:41:40.526093][info] (rc: 390, tile: 1/1) SGM Compute similarity volume.
[10:41:40.526093][info] (rc: 390, tile: 1/1) SGM Compute similarity volume done.
[10:41:40.526093][info] (rc: 390, tile: 1/1) SGM Optimizing volume (filtering axes: YX).
[10:41:40.981059][info] (rc: 390, tile: 1/1) SGM Optimizing volume done.
[10:41:40.981059][info] (rc: 390, tile: 1/1) SGM Retrieve best depth in volume.
[10:41:40.981059][info] (rc: 390, tile: 1/1) SGM Retrieve best depth in volume done.
[10:41:40.981059][info] (rc: 390, tile: 1/1) SGM depth/thickness map done.
[10:41:40.981059][info] (rc: 390, tile: 1/1) SGM Smooth thickness map.
[10:41:40.981059][info] (rc: 390, tile: 1/1) SGM Smooth thickness map done.
[10:41:40.981059][info] (rc: 390, tile: 1/1) Refine depth/sim map of view id: 1822456851, rc: 390 (391 / 471).
[10:41:40.981059][info] (rc: 390, tile: 1/1) Refine and fuse depth/sim map volume.
[10:41:40.982060][info] (rc: 390, tile: 1/1) Refine and fuse depth/sim map volume done.
[10:41:40.982060][info] (rc: 390, tile: 1/1) Color optimize depth/sim map.
[10:41:40.985060][info] (rc: 390, tile: 1/1) Color optimize depth/sim map done.
[10:41:40.985060][info] (rc: 390, tile: 1/1) Refine depth/sim map done.
[10:41:40.999257][info] (rc: 391, tile: 1/1) Camera / Depth information: 
	- R camera:
	   - id: 391
	   - view id: 1824372845
	   - depth planes: 35
	   - depths range: [1.37314-1.67229]
	- T cameras:
	   - T camera (1/10):
	      - id: 304
	      - view id: 1461248643
	      - depth planes: 35
	      - depths range: [1.37314-1.67229]
	      - depth indexes range: [0-35]
	   - T camera (2/10):
	      - id: 303
	      - view id: 1445073444
	      - depth planes: 35
	      - depths range: [1.37314-1.67229]
	      - depth indexes range: [0-35]
	   - T camera (3/10):
	      - id: 298
	      - view id: 1427859669
	      - depth planes: 35
	      - depths range: [1.37314-1.67229]
	      - depth indexes range: [0-35]
	   - T camera (4/10):
	      - id: 300
	      - view id: 1434417523
	      - depth planes: 35
	      - depths range: [1.37314-1.67229]
	      - depth indexes range: [0-35]
	   - T camera (5/10):
	      - id: 299
	      - view id: 1431078217
	      - depth planes: 35
	      - depths range: [1.37314-1.67229]
	      - depth indexes range: [0-35]
	   - T camera (6/10):
	      - id: 148
	      - view id: 692175877
	      - depth planes: 35
	      - depths range: [1.37314-1.67229]
	      - depth indexes range: [0-35]
	   - T camera (7/10):
	      - id: 167
	      - view id: 803517795
	      - depth planes: 35
	      - depths range: [1.37314-1.67229]
	      - depth indexes range: [0-35]
	   - T camera (8/10):
	      - id: 301
	      - view id: 1437140558
	      - depth planes: 35
	      - depths range: [1.37314-1.67229]
	      - depth indexes range: [0-35]
	   - T camera (9/10):
	      - id: 65
	      - view id: 352546632
	      - depth planes: 35
	      - depths range: [1.37314-1.67229]
	      - depth indexes range: [0-35]
	   - T camera (10/10):
	      - id: 137
	      - view id: 672863131
	      - depth planes: 35
	      - depths range: [1.37314-1.67229]
	      - depth indexes range: [0-35]
[10:41:40.999257][info] (rc: 391, tile: 1/1) SGM depth/thickness map of view id: 1824372845, rc: 391 (392 / 471).
[10:41:40.999257][info] (rc: 391, tile: 1/1) SGM Compute similarity volume.
[10:41:40.999257][info] (rc: 391, tile: 1/1) SGM Compute similarity volume done.
[10:41:40.999257][info] (rc: 391, tile: 1/1) SGM Optimizing volume (filtering axes: YX).
[10:41:41.447535][info] (rc: 391, tile: 1/1) SGM Optimizing volume done.
[10:41:41.447535][info] (rc: 391, tile: 1/1) SGM Retrieve best depth in volume.
[10:41:41.447535][info] (rc: 391, tile: 1/1) SGM Retrieve best depth in volume done.
[10:41:41.447535][info] (rc: 391, tile: 1/1) SGM depth/thickness map done.
[10:41:41.447535][info] (rc: 391, tile: 1/1) SGM Smooth thickness map.
[10:41:41.447535][info] (rc: 391, tile: 1/1) SGM Smooth thickness map done.
[10:41:41.448534][info] (rc: 391, tile: 1/1) Refine depth/sim map of view id: 1824372845, rc: 391 (392 / 471).
[10:41:41.448534][info] (rc: 391, tile: 1/1) Refine and fuse depth/sim map volume.
[10:41:41.448534][info] (rc: 391, tile: 1/1) Refine and fuse depth/sim map volume done.
[10:41:41.448534][info] (rc: 391, tile: 1/1) Color optimize depth/sim map.
[10:41:41.450538][info] (rc: 391, tile: 1/1) Color optimize depth/sim map done.
[10:41:41.450538][info] (rc: 391, tile: 1/1) Refine depth/sim map done.
[10:41:41.460644][info] (rc: 392, tile: 1/1) Camera / Depth information: 
	- R camera:
	   - id: 392
	   - view id: 1824896196
	   - depth planes: 25
	   - depths range: [1.50282-1.67851]
	- T cameras:
	   - T camera (1/10):
	      - id: 395
	      - view id: 1826428628
	      - depth planes: 25
	      - depths range: [1.50282-1.67851]
	      - depth indexes range: [0-25]
	   - T camera (2/10):
	      - id: 207
	      - view id: 1008530225
	      - depth planes: 25
	      - depths range: [1.50282-1.67851]
	      - depth indexes range: [0-25]
	   - T camera (3/10):
	      - id: 246
	      - view id: 1239378354
	      - depth planes: 25
	      - depths range: [1.50282-1.67851]
	      - depth indexes range: [0-25]
	   - T camera (4/10):
	      - id: 384
	      - view id: 1800685516
	      - depth planes: 25
	      - depths range: [1.50282-1.67851]
	      - depth indexes range: [0-25]
	   - T camera (5/10):
	      - id: 263
	      - view id: 1295664596
	      - depth planes: 25
	      - depths range: [1.50282-1.67851]
	      - depth indexes range: [0-25]
	   - T camera (6/10):
	      - id: 262
	      - view id: 1293984949
	      - depth planes: 25
	      - depths range: [1.50282-1.67851]
	      - depth indexes range: [0-25]
	   - T camera (7/10):
	      - id: 390
	      - view id: 1822456851
	      - depth planes: 25
	      - depths range: [1.50282-1.67851]
	      - depth indexes range: [0-25]
	   - T camera (8/10):
	      - id: 261
	      - view id: 1292171348
	      - depth planes: 25
	      - depths range: [1.50282-1.67851]
	      - depth indexes range: [0-25]
	   - T camera (9/10):
	      - id: 394
	      - view id: 1825756429
	      - depth planes: 25
	      - depths range: [1.50282-1.67851]
	      - depth indexes range: [0-25]
	   - T camera (10/10):
	      - id: 96
	      - view id: 458292886
	      - depth planes: 25
	      - depths range: [1.50282-1.67851]
	      - depth indexes range: [0-25]
[10:41:41.460644][info] (rc: 392, tile: 1/1) SGM depth/thickness map of view id: 1824896196, rc: 392 (393 / 471).
[10:41:41.461645][info] (rc: 392, tile: 1/1) SGM Compute similarity volume.
[10:41:41.461645][info] (rc: 392, tile: 1/1) SGM Compute similarity volume done.
[10:41:41.461645][info] (rc: 392, tile: 1/1) SGM Optimizing volume (filtering axes: YX).
[10:41:42.004699][info] (rc: 392, tile: 1/1) SGM Optimizing volume done.
[10:41:42.004699][info] (rc: 392, tile: 1/1) SGM Retrieve best depth in volume.
[10:41:42.004699][info] (rc: 392, tile: 1/1) SGM Retrieve best depth in volume done.
[10:41:42.004699][info] (rc: 392, tile: 1/1) SGM depth/thickness map done.
[10:41:42.004699][info] (rc: 392, tile: 1/1) SGM Smooth thickness map.
[10:41:42.004699][info] (rc: 392, tile: 1/1) SGM Smooth thickness map done.
[10:41:42.004699][info] (rc: 392, tile: 1/1) Refine depth/sim map of view id: 1824896196, rc: 392 (393 / 471).
[10:41:42.004699][info] (rc: 392, tile: 1/1) Refine and fuse depth/sim map volume.
[10:41:42.005693][info] (rc: 392, tile: 1/1) Refine and fuse depth/sim map volume done.
[10:41:42.005693][info] (rc: 392, tile: 1/1) Color optimize depth/sim map.
[10:41:42.007648][info] (rc: 392, tile: 1/1) Color optimize depth/sim map done.
[10:41:42.007648][info] (rc: 392, tile: 1/1) Refine depth/sim map done.
[10:41:42.911992][info] (rc: 393, tile: 1/1) Camera / Depth information: 
	- R camera:
	   - id: 393
	   - view id: 1825209049
	   - depth planes: 16
	   - depths range: [1.52115-1.67489]
	- T cameras:
	   - T camera (1/10):
	      - id: 423
	      - view id: 1972036839
	      - depth planes: 16
	      - depths range: [1.52115-1.67489]
	      - depth indexes range: [0-16]
	   - T camera (2/10):
	      - id: 427
	      - view id: 1978544813
	      - depth planes: 16
	      - depths range: [1.52115-1.67489]
	      - depth indexes range: [0-16]
	   - T camera (3/10):
	      - id: 319
	      - view id: 1558147869
	      - depth planes: 16
	      - depths range: [1.52115-1.67489]
	      - depth indexes range: [0-16]
	   - T camera (4/10):
	      - id: 321
	      - view id: 1559945405
	      - depth planes: 16
	      - depths range: [1.52115-1.67489]
	      - depth indexes range: [0-16]
	   - T camera (5/10):
	      - id: 324
	      - view id: 1594219716
	      - depth planes: 16
	      - depths range: [1.52115-1.67489]
	      - depth indexes range: [0-16]
	   - T camera (6/10):
	      - id: 390
	      - view id: 1822456851
	      - depth planes: 16
	      - depths range: [1.52115-1.67489]
	      - depth indexes range: [0-16]
	   - T camera (7/10):
	      - id: 426
	      - view id: 1975909490
	      - depth planes: 16
	      - depths range: [1.52115-1.67489]
	      - depth indexes range: [0-16]
	   - T camera (8/10):
	      - id: 422
	      - view id: 1965192021
	      - depth planes: 16
	      - depths range: [1.52115-1.67489]
	      - depth indexes range: [0-16]
	   - T camera (9/10):
	      - id: 325
	      - view id: 1595991900
	      - depth planes: 16
	      - depths range: [1.52115-1.67489]
	      - depth indexes range: [0-16]
	   - T camera (10/10):
	      - id: 434
	      - view id: 2029326337
	      - depth planes: 16
	      - depths range: [1.52115-1.67489]
	      - depth indexes range: [0-16]
[10:41:42.911992][info] (rc: 393, tile: 1/1) SGM depth/thickness map of view id: 1825209049, rc: 393 (394 / 471).
[10:41:42.911992][info] (rc: 393, tile: 1/1) SGM Compute similarity volume.
[10:41:42.912996][info] (rc: 393, tile: 1/1) SGM Compute similarity volume done.
[10:41:42.912996][info] (rc: 393, tile: 1/1) SGM Optimizing volume (filtering axes: YX).
[10:41:43.223634][info] (rc: 393, tile: 1/1) SGM Optimizing volume done.
[10:41:43.223634][info] (rc: 393, tile: 1/1) SGM Retrieve best depth in volume.
[10:41:43.223634][info] (rc: 393, tile: 1/1) SGM Retrieve best depth in volume done.
[10:41:43.223634][info] (rc: 393, tile: 1/1) SGM depth/thickness map done.
[10:41:43.223634][info] (rc: 393, tile: 1/1) SGM Smooth thickness map.
[10:41:43.223634][info] (rc: 393, tile: 1/1) SGM Smooth thickness map done.
[10:41:43.223634][info] (rc: 393, tile: 1/1) Refine depth/sim map of view id: 1825209049, rc: 393 (394 / 471).
[10:41:43.223634][info] (rc: 393, tile: 1/1) Refine and fuse depth/sim map volume.
[10:41:43.224631][info] (rc: 393, tile: 1/1) Refine and fuse depth/sim map volume done.
[10:41:43.224631][info] (rc: 393, tile: 1/1) Color optimize depth/sim map.
[10:41:43.226645][info] (rc: 393, tile: 1/1) Color optimize depth/sim map done.
[10:41:43.226645][info] (rc: 393, tile: 1/1) Refine depth/sim map done.
[10:41:43.238657][info] (rc: 394, tile: 1/1) Camera / Depth information: 
	- R camera:
	   - id: 394
	   - view id: 1825756429
	   - depth planes: 11
	   - depths range: [1.51727-1.66071]
	- T cameras:
	   - T camera (1/10):
	      - id: 207
	      - view id: 1008530225
	      - depth planes: 11
	      - depths range: [1.51727-1.66071]
	      - depth indexes range: [0-11]
	   - T camera (2/10):
	      - id: 461
	      - view id: 2115477492
	      - depth planes: 11
	      - depths range: [1.51727-1.66071]
	      - depth indexes range: [0-11]
	   - T camera (3/10):
	      - id: 91
	      - view id: 413164761
	      - depth planes: 11
	      - depths range: [1.51727-1.66071]
	      - depth indexes range: [0-11]
	   - T camera (4/10):
	      - id: 465
	      - view id: 2121094510
	      - depth planes: 11
	      - depths range: [1.51727-1.66071]
	      - depth indexes range: [0-11]
	   - T camera (5/10):
	      - id: 90
	      - view id: 411798668
	      - depth planes: 11
	      - depths range: [1.51727-1.66071]
	      - depth indexes range: [0-11]
	   - T camera (6/10):
	      - id: 246
	      - view id: 1239378354
	      - depth planes: 11
	      - depths range: [1.51727-1.66071]
	      - depth indexes range: [0-11]
	   - T camera (7/10):
	      - id: 341
	      - view id: 1678469656
	      - depth planes: 11
	      - depths range: [1.51727-1.66071]
	      - depth indexes range: [0-11]
	   - T camera (8/10):
	      - id: 209
	      - view id: 1012223083
	      - depth planes: 11
	      - depths range: [1.51727-1.66071]
	      - depth indexes range: [0-11]
	   - T camera (9/10):
	      - id: 460
	      - view id: 2115178513
	      - depth planes: 11
	      - depths range: [1.51727-1.66071]
	      - depth indexes range: [0-11]
	   - T camera (10/10):
	      - id: 335
	      - view id: 1655462924
	      - depth planes: 11
	      - depths range: [1.51727-1.66071]
	      - depth indexes range: [0-11]
[10:41:43.238657][info] (rc: 394, tile: 1/1) SGM depth/thickness map of view id: 1825756429, rc: 394 (395 / 471).
[10:41:43.238657][info] (rc: 394, tile: 1/1) SGM Compute similarity volume.
[10:41:43.238657][info] (rc: 394, tile: 1/1) SGM Compute similarity volume done.
[10:41:43.238657][info] (rc: 394, tile: 1/1) SGM Optimizing volume (filtering axes: YX).
[10:41:43.716664][info] (rc: 394, tile: 1/1) SGM Optimizing volume done.
[10:41:43.716664][info] (rc: 394, tile: 1/1) SGM Retrieve best depth in volume.
[10:41:43.716664][info] (rc: 394, tile: 1/1) SGM Retrieve best depth in volume done.
[10:41:43.716664][info] (rc: 394, tile: 1/1) SGM depth/thickness map done.
[10:41:43.716664][info] (rc: 394, tile: 1/1) SGM Smooth thickness map.
[10:41:43.716664][info] (rc: 394, tile: 1/1) SGM Smooth thickness map done.
[10:41:43.718025][info] (rc: 394, tile: 1/1) Refine depth/sim map of view id: 1825756429, rc: 394 (395 / 471).
[10:41:43.718025][info] (rc: 394, tile: 1/1) Refine and fuse depth/sim map volume.
[10:41:43.718025][info] (rc: 394, tile: 1/1) Refine and fuse depth/sim map volume done.
[10:41:43.718025][info] (rc: 394, tile: 1/1) Color optimize depth/sim map.
[10:41:43.721024][info] (rc: 394, tile: 1/1) Color optimize depth/sim map done.
[10:41:43.721024][info] (rc: 394, tile: 1/1) Refine depth/sim map done.
[10:41:43.733024][info] (rc: 395, tile: 1/1) Camera / Depth information: 
	- R camera:
	   - id: 395
	   - view id: 1826428628
	   - depth planes: 20
	   - depths range: [1.50262-1.675]
	- T cameras:
	   - T camera (1/10):
	      - id: 423
	      - view id: 1972036839
	      - depth planes: 20
	      - depths range: [1.50262-1.675]
	      - depth indexes range: [0-20]
	   - T camera (2/10):
	      - id: 321
	      - view id: 1559945405
	      - depth planes: 20
	      - depths range: [1.50262-1.675]
	      - depth indexes range: [0-20]
	   - T camera (3/10):
	      - id: 319
	      - view id: 1558147869
	      - depth planes: 20
	      - depths range: [1.50262-1.675]
	      - depth indexes range: [0-20]
	   - T camera (4/10):
	      - id: 324
	      - view id: 1594219716
	      - depth planes: 20
	      - depths range: [1.50262-1.675]
	      - depth indexes range: [0-20]
	   - T camera (5/10):
	      - id: 426
	      - view id: 1975909490
	      - depth planes: 20
	      - depths range: [1.50262-1.675]
	      - depth indexes range: [0-20]
	   - T camera (6/10):
	      - id: 325
	      - view id: 1595991900
	      - depth planes: 20
	      - depths range: [1.50262-1.675]
	      - depth indexes range: [0-20]
	   - T camera (7/10):
	      - id: 422
	      - view id: 1965192021
	      - depth planes: 20
	      - depths range: [1.50262-1.675]
	      - depth indexes range: [0-20]
	   - T camera (8/10):
	      - id: 397
	      - view id: 1829672511
	      - depth planes: 20
	      - depths range: [1.50262-1.675]
	      - depth indexes range: [0-20]
	   - T camera (9/10):
	      - id: 434
	      - view id: 2029326337
	      - depth planes: 20
	      - depths range: [1.50262-1.675]
	      - depth indexes range: [0-20]
	   - T camera (10/10):
	      - id: 390
	      - view id: 1822456851
	      - depth planes: 20
	      - depths range: [1.50262-1.675]
	      - depth indexes range: [0-20]
[10:41:43.733024][info] (rc: 395, tile: 1/1) SGM depth/thickness map of view id: 1826428628, rc: 395 (396 / 471).
[10:41:43.733024][info] (rc: 395, tile: 1/1) SGM Compute similarity volume.
[10:41:43.733024][info] (rc: 395, tile: 1/1) SGM Compute similarity volume done.
[10:41:43.733024][info] (rc: 395, tile: 1/1) SGM Optimizing volume (filtering axes: YX).
[10:41:44.361533][info] (rc: 395, tile: 1/1) SGM Optimizing volume done.
[10:41:44.361533][info] (rc: 395, tile: 1/1) SGM Retrieve best depth in volume.
[10:41:44.362143][info] (rc: 395, tile: 1/1) SGM Retrieve best depth in volume done.
[10:41:44.362143][info] (rc: 395, tile: 1/1) SGM depth/thickness map done.
[10:41:44.362143][info] (rc: 395, tile: 1/1) SGM Smooth thickness map.
[10:41:44.362143][info] (rc: 395, tile: 1/1) SGM Smooth thickness map done.
[10:41:44.362143][info] (rc: 395, tile: 1/1) Refine depth/sim map of view id: 1826428628, rc: 395 (396 / 471).
[10:41:44.362650][info] (rc: 395, tile: 1/1) Refine and fuse depth/sim map volume.
[10:41:44.363283][info] (rc: 395, tile: 1/1) Refine and fuse depth/sim map volume done.
[10:41:44.363283][info] (rc: 395, tile: 1/1) Color optimize depth/sim map.
[10:41:44.365374][info] (rc: 395, tile: 1/1) Color optimize depth/sim map done.
[10:41:44.366507][info] (rc: 395, tile: 1/1) Refine depth/sim map done.
[10:41:44.758424][info] Task done in (s): 22.841000
