[2024-11-20 10:06:00.581781] [0x0000f080] [trace]   Embedded OCIO configuration file: 'C:\Users\Avidh Bavkar\Downloads\Meshroom-2023.3.0-win64\Meshroom-2023.3.0\aliceVision/share/aliceVision/config.ocio' found.
Program called with the following parameters:
 * contrastFiltering =  Unknown Type "enum aliceVision::feature::EFeatureConstrastFiltering"
 * describerPreset =  Unknown Type "enum aliceVision::feature::EImageDescriberPreset"
 * describerQuality =  Unknown Type "enum aliceVision::feature::EFeatureQuality"
 * describerTypes = "dspsift"
 * forceCpuExtraction = 1
 * gridFiltering = 1
 * input = "C:/Users/Avidh Bavkar/OneDrive - purdue.edu/PETAL/PETAL_Photogrammetry/Scripts/Camera_Experiments/meshroom/MeshroomCache/CameraInit/b5483bef2ee92723720762112d9f4a8f006a9142/cameraInit.sfm"
 * maskExtension = "png"
 * maskInvert = 0
 * masksFolder = ""
 * maxCoresAvailable =  Unknown Type "unsigned int" (default)
 * maxMemoryAvailable = 18446744073709551615 (default)
 * maxNbFeatures = 0 (default)
 * maxThreads = 0
 * output = "C:/Users/Avidh Bavkar/OneDrive - purdue.edu/PETAL/PETAL_Photogrammetry/Scripts/Camera_Experiments/meshroom/MeshroomCache/FeatureExtraction/5c68a583c5e7573bbf35259a8ba5825d54c33d86"
 * rangeSize = 40
 * rangeStart = 80
 * relativePeakThreshold = 0.02 (default)
 * verboseLevel = "info"
 * workingColorSpace =  Unknown Type "enum aliceVision::image::EImageColorSpace"

Hardware : 
	Detected core count : 20
	OpenMP will use 20 cores
	Detected available memory : 11455 Mo

[10:06:00.591777][info] CUDA-Enabled GPU.
Device information:
	- id:                      0
	- name:                    NVIDIA GeForce RTX 3050 Ti Laptop GPU
	- compute capability:      8.6
	- clock frequency (kHz):   1035000
	- total device memory:     4095 MB 
	- device memory available: 3282 MB 
	- per-block shared memory: 49152
	- warp size:               32
	- max threads per block:   1024
	- max threads per SM(X):   1536
	- max block sizes:         {1024,1024,64}
	- max grid sizes:          {2147483647,65535,65535}
	- max 2D array texture:    {131072,65536}
	- max 3D array texture:    {16384,16384,16384}
	- max 2D linear texture:   {131072,65000,2097120}
	- max 2D layered texture:  {32768,32768,2048}
	- number of SM(x)s:        20
	- registers per SM(x):     65536
	- registers per block:     65536
	- concurrent kernels:      yes
	- mapping host memory:     yes
	- unified addressing:      yes
	- texture alignment:       512 byte
	- pitch alignment:         32 byte
CUDA build version: 11.6
0
[10:06:00.924813][info] Job max memory consumption for one image: 165 MB
[10:06:00.924813][info] Memory information: 
	- Total RAM:     31.6788 GB
	- Free RAM:      11.0921 GB
	- Available RAM: 11.0921 GB
	- Total swap:    131072 GB
	- Free swap:     131023 GB
[10:06:00.924813][info] Max number of threads regarding memory usage: 61
[10:06:00.924813][warning] More than half of the RAM is used by other applications. It would be more efficient to close them.
[10:06:00.925815][warning]  => 21 GB are used by other applications for a total RAM capacity of 32 GB.
[10:06:00.925815][info] # threads for extraction: 20
[10:06:01.032918][info] Extracting dspsift features from view 'C:/Users/Avidh Bavkar/OneDrive - purdue.edu/PETAL/PETAL_Photogrammetry/Scripts/Camera_Experiments/out/frame19.jpg' [cpu]
[10:06:01.048913][info] Extracting dspsift features from view 'C:/Users/Avidh Bavkar/OneDrive - purdue.edu/PETAL/PETAL_Photogrammetry/Scripts/Camera_Experiments/out/frame207.jpg' [cpu]
[10:06:01.051918][info] Extracting dspsift features from view 'C:/Users/Avidh Bavkar/OneDrive - purdue.edu/PETAL/PETAL_Photogrammetry/Scripts/Camera_Experiments/out/frame336.jpg' [cpu]
[10:06:01.050915][info] Extracting dspsift features from view 'C:/Users/Avidh Bavkar/OneDrive - purdue.edu/PETAL/PETAL_Photogrammetry/Scripts/Camera_Experiments/out/frame148.jpg' [cpu]
[10:06:01.064916][info] Extracting dspsift features from view 'C:/Users/Avidh Bavkar/OneDrive - purdue.edu/PETAL/PETAL_Photogrammetry/Scripts/Camera_Experiments/out/frame158.jpg' [cpu]
[10:06:01.071913][info] Extracting dspsift features from view 'C:/Users/Avidh Bavkar/OneDrive - purdue.edu/PETAL/PETAL_Photogrammetry/Scripts/Camera_Experiments/out/frame438.jpg' [cpu]
[10:06:01.085922][info] Extracting dspsift features from view 'C:/Users/Avidh Bavkar/OneDrive - purdue.edu/PETAL/PETAL_Photogrammetry/Scripts/Camera_Experiments/out/frame428.jpg' [cpu]
[10:06:01.087927][info] Extracting dspsift features from view 'C:/Users/Avidh Bavkar/OneDrive - purdue.edu/PETAL/PETAL_Photogrammetry/Scripts/Camera_Experiments/out/frame122.jpg' [cpu]
[10:06:01.095917][info] Extracting dspsift features from view 'C:/Users/Avidh Bavkar/OneDrive - purdue.edu/PETAL/PETAL_Photogrammetry/Scripts/Camera_Experiments/out/frame344.jpg' [cpu]
[10:06:01.099933][info] Extracting dspsift features from view 'C:/Users/Avidh Bavkar/OneDrive - purdue.edu/PETAL/PETAL_Photogrammetry/Scripts/Camera_Experiments/out/frame206.jpg' [cpu]
[10:06:01.109927][info] Extracting dspsift features from view 'C:/Users/Avidh Bavkar/OneDrive - purdue.edu/PETAL/PETAL_Photogrammetry/Scripts/Camera_Experiments/out/frame208.jpg' [cpu]
[10:06:01.114454][info] Extracting dspsift features from view 'C:/Users/Avidh Bavkar/OneDrive - purdue.edu/PETAL/PETAL_Photogrammetry/Scripts/Camera_Experiments/out/frame245.jpg' [cpu]
[10:06:01.119455][info] Extracting dspsift features from view 'C:/Users/Avidh Bavkar/OneDrive - purdue.edu/PETAL/PETAL_Photogrammetry/Scripts/Camera_Experiments/out/frame109.jpg' [cpu]
[10:06:01.120456][info] Extracting dspsift features from view 'C:/Users/Avidh Bavkar/OneDrive - purdue.edu/PETAL/PETAL_Photogrammetry/Scripts/Camera_Experiments/out/frame315.jpg' [cpu]
[10:06:01.124455][info] Extracting dspsift features from view 'C:/Users/Avidh Bavkar/OneDrive - purdue.edu/PETAL/PETAL_Photogrammetry/Scripts/Camera_Experiments/out/frame343.jpg' [cpu]
[10:06:01.124455][info] Extracting dspsift features from view 'C:/Users/Avidh Bavkar/OneDrive - purdue.edu/PETAL/PETAL_Photogrammetry/Scripts/Camera_Experiments/out/frame232.jpg' [cpu]
[10:06:01.140453][info] Extracting dspsift features from view 'C:/Users/Avidh Bavkar/OneDrive - purdue.edu/PETAL/PETAL_Photogrammetry/Scripts/Camera_Experiments/out/frame310.jpg' [cpu]
[10:06:01.153943][info] Extracting dspsift features from view 'C:/Users/Avidh Bavkar/OneDrive - purdue.edu/PETAL/PETAL_Photogrammetry/Scripts/Camera_Experiments/out/frame120.jpg' [cpu]
[10:06:01.184354][info] Extracting dspsift features from view 'C:/Users/Avidh Bavkar/OneDrive - purdue.edu/PETAL/PETAL_Photogrammetry/Scripts/Camera_Experiments/out/frame230.jpg' [cpu]
[10:06:01.196350][info] Extracting dspsift features from view 'C:/Users/Avidh Bavkar/OneDrive - purdue.edu/PETAL/PETAL_Photogrammetry/Scripts/Camera_Experiments/out/frame442.jpg' [cpu]
[10:06:03.200306][info]       955 dspsift features extracted from view 'C:/Users/Avidh Bavkar/OneDrive - purdue.edu/PETAL/PETAL_Photogrammetry/Scripts/Camera_Experiments/out/frame122.jpg'
[10:06:03.268386][info] Extracting dspsift features from view 'C:/Users/Avidh Bavkar/OneDrive - purdue.edu/PETAL/PETAL_Photogrammetry/Scripts/Camera_Experiments/out/frame311.jpg' [cpu]
[10:06:03.400913][info]       1019 dspsift features extracted from view 'C:/Users/Avidh Bavkar/OneDrive - purdue.edu/PETAL/PETAL_Photogrammetry/Scripts/Camera_Experiments/out/frame148.jpg'
[10:06:03.432484][info] Extracting dspsift features from view 'C:/Users/Avidh Bavkar/OneDrive - purdue.edu/PETAL/PETAL_Photogrammetry/Scripts/Camera_Experiments/out/frame469.jpg' [cpu]
[10:06:03.537265][info]       1022 dspsift features extracted from view 'C:/Users/Avidh Bavkar/OneDrive - purdue.edu/PETAL/PETAL_Photogrammetry/Scripts/Camera_Experiments/out/frame343.jpg'
[10:06:03.567954][info] Extracting dspsift features from view 'C:/Users/Avidh Bavkar/OneDrive - purdue.edu/PETAL/PETAL_Photogrammetry/Scripts/Camera_Experiments/out/frame341.jpg' [cpu]
[10:06:03.855626][info]       926 dspsift features extracted from view 'C:/Users/Avidh Bavkar/OneDrive - purdue.edu/PETAL/PETAL_Photogrammetry/Scripts/Camera_Experiments/out/frame109.jpg'
[10:06:04.011135][info] Extracting dspsift features from view 'C:/Users/Avidh Bavkar/OneDrive - purdue.edu/PETAL/PETAL_Photogrammetry/Scripts/Camera_Experiments/out/frame316.jpg' [cpu]
[10:06:04.140199][info]       1147 dspsift features extracted from view 'C:/Users/Avidh Bavkar/OneDrive - purdue.edu/PETAL/PETAL_Photogrammetry/Scripts/Camera_Experiments/out/frame158.jpg'
[10:06:04.211866][info] Extracting dspsift features from view 'C:/Users/Avidh Bavkar/OneDrive - purdue.edu/PETAL/PETAL_Photogrammetry/Scripts/Camera_Experiments/out/frame159.jpg' [cpu]
[10:06:04.624255][info]       1140 dspsift features extracted from view 'C:/Users/Avidh Bavkar/OneDrive - purdue.edu/PETAL/PETAL_Photogrammetry/Scripts/Camera_Experiments/out/frame336.jpg'
[10:06:04.690370][info] Extracting dspsift features from view 'C:/Users/Avidh Bavkar/OneDrive - purdue.edu/PETAL/PETAL_Photogrammetry/Scripts/Camera_Experiments/out/frame337.jpg' [cpu]
[10:06:04.804471][info]       1620 dspsift features extracted from view 'C:/Users/Avidh Bavkar/OneDrive - purdue.edu/PETAL/PETAL_Photogrammetry/Scripts/Camera_Experiments/out/frame208.jpg'
[10:06:04.895737][info]       1629 dspsift features extracted from view 'C:/Users/Avidh Bavkar/OneDrive - purdue.edu/PETAL/PETAL_Photogrammetry/Scripts/Camera_Experiments/out/frame206.jpg'
[10:06:04.954274][info] Extracting dspsift features from view 'C:/Users/Avidh Bavkar/OneDrive - purdue.edu/PETAL/PETAL_Photogrammetry/Scripts/Camera_Experiments/out/frame436.jpg' [cpu]
[10:06:04.964270][info]       844 dspsift features extracted from view 'C:/Users/Avidh Bavkar/OneDrive - purdue.edu/PETAL/PETAL_Photogrammetry/Scripts/Camera_Experiments/out/frame120.jpg'
[10:06:05.008015][info]       989 dspsift features extracted from view 'C:/Users/Avidh Bavkar/OneDrive - purdue.edu/PETAL/PETAL_Photogrammetry/Scripts/Camera_Experiments/out/frame344.jpg'
[10:06:05.111716][info]       1435 dspsift features extracted from view 'C:/Users/Avidh Bavkar/OneDrive - purdue.edu/PETAL/PETAL_Photogrammetry/Scripts/Camera_Experiments/out/frame428.jpg'
[10:06:05.133159][info]       1434 dspsift features extracted from view 'C:/Users/Avidh Bavkar/OneDrive - purdue.edu/PETAL/PETAL_Photogrammetry/Scripts/Camera_Experiments/out/frame310.jpg'
[10:06:05.161380][info]       1632 dspsift features extracted from view 'C:/Users/Avidh Bavkar/OneDrive - purdue.edu/PETAL/PETAL_Photogrammetry/Scripts/Camera_Experiments/out/frame207.jpg'
[10:06:05.190902][info]       1465 dspsift features extracted from view 'C:/Users/Avidh Bavkar/OneDrive - purdue.edu/PETAL/PETAL_Photogrammetry/Scripts/Camera_Experiments/out/frame438.jpg'
[10:06:05.214731][info] Extracting dspsift features from view 'C:/Users/Avidh Bavkar/OneDrive - purdue.edu/PETAL/PETAL_Photogrammetry/Scripts/Camera_Experiments/out/frame209.jpg' [cpu]
[10:06:05.215734][info]       1864 dspsift features extracted from view 'C:/Users/Avidh Bavkar/OneDrive - purdue.edu/PETAL/PETAL_Photogrammetry/Scripts/Camera_Experiments/out/frame245.jpg'
[10:06:05.272690][info] Extracting dspsift features from view 'C:/Users/Avidh Bavkar/OneDrive - purdue.edu/PETAL/PETAL_Photogrammetry/Scripts/Camera_Experiments/out/frame246.jpg' [cpu]
[10:06:05.276688][info] Extracting dspsift features from view 'C:/Users/Avidh Bavkar/OneDrive - purdue.edu/PETAL/PETAL_Photogrammetry/Scripts/Camera_Experiments/out/frame340.jpg' [cpu]
[10:06:05.289688][info] Extracting dspsift features from view 'C:/Users/Avidh Bavkar/OneDrive - purdue.edu/PETAL/PETAL_Photogrammetry/Scripts/Camera_Experiments/out/frame439.jpg' [cpu]
[10:06:05.290692][info] Extracting dspsift features from view 'C:/Users/Avidh Bavkar/OneDrive - purdue.edu/PETAL/PETAL_Photogrammetry/Scripts/Camera_Experiments/out/frame121.jpg' [cpu]
[10:06:05.296689][info] Extracting dspsift features from view 'C:/Users/Avidh Bavkar/OneDrive - purdue.edu/PETAL/PETAL_Photogrammetry/Scripts/Camera_Experiments/out/frame437.jpg' [cpu]
[10:06:05.310712][info] Extracting dspsift features from view 'C:/Users/Avidh Bavkar/OneDrive - purdue.edu/PETAL/PETAL_Photogrammetry/Scripts/Camera_Experiments/out/frame244.jpg' [cpu]
[10:06:05.319255][info]       1331 dspsift features extracted from view 'C:/Users/Avidh Bavkar/OneDrive - purdue.edu/PETAL/PETAL_Photogrammetry/Scripts/Camera_Experiments/out/frame19.jpg'
[10:06:05.319255][info]       1428 dspsift features extracted from view 'C:/Users/Avidh Bavkar/OneDrive - purdue.edu/PETAL/PETAL_Photogrammetry/Scripts/Camera_Experiments/out/frame442.jpg'
[10:06:05.320256][info]       1542 dspsift features extracted from view 'C:/Users/Avidh Bavkar/OneDrive - purdue.edu/PETAL/PETAL_Photogrammetry/Scripts/Camera_Experiments/out/frame315.jpg'
[10:06:05.360677][info]       1769 dspsift features extracted from view 'C:/Users/Avidh Bavkar/OneDrive - purdue.edu/PETAL/PETAL_Photogrammetry/Scripts/Camera_Experiments/out/frame230.jpg'
[10:06:05.412875][info] Extracting dspsift features from view 'C:/Users/Avidh Bavkar/OneDrive - purdue.edu/PETAL/PETAL_Photogrammetry/Scripts/Camera_Experiments/out/frame342.jpg' [cpu]
[10:06:05.425771][info] Extracting dspsift features from view 'C:/Users/Avidh Bavkar/OneDrive - purdue.edu/PETAL/PETAL_Photogrammetry/Scripts/Camera_Experiments/out/frame429.jpg' [cpu]
[10:06:05.426288][info] Extracting dspsift features from view 'C:/Users/Avidh Bavkar/OneDrive - purdue.edu/PETAL/PETAL_Photogrammetry/Scripts/Camera_Experiments/out/frame314.jpg' [cpu]
[10:06:05.432943][info] Extracting dspsift features from view 'C:/Users/Avidh Bavkar/OneDrive - purdue.edu/PETAL/PETAL_Photogrammetry/Scripts/Camera_Experiments/out/frame448.jpg' [cpu]
[10:06:05.450962][info] Extracting dspsift features from view 'C:/Users/Avidh Bavkar/OneDrive - purdue.edu/PETAL/PETAL_Photogrammetry/Scripts/Camera_Experiments/out/frame233.jpg' [cpu]
[10:06:05.508838][info]       1759 dspsift features extracted from view 'C:/Users/Avidh Bavkar/OneDrive - purdue.edu/PETAL/PETAL_Photogrammetry/Scripts/Camera_Experiments/out/frame232.jpg'
[10:06:05.606055][info] Extracting dspsift features from view 'C:/Users/Avidh Bavkar/OneDrive - purdue.edu/PETAL/PETAL_Photogrammetry/Scripts/Camera_Experiments/out/frame435.jpg' [cpu]
[10:06:06.224839][info]       1501 dspsift features extracted from view 'C:/Users/Avidh Bavkar/OneDrive - purdue.edu/PETAL/PETAL_Photogrammetry/Scripts/Camera_Experiments/out/frame311.jpg'
[10:06:06.286063][info]       1474 dspsift features extracted from view 'C:/Users/Avidh Bavkar/OneDrive - purdue.edu/PETAL/PETAL_Photogrammetry/Scripts/Camera_Experiments/out/frame469.jpg'
[10:06:06.561991][info]       1160 dspsift features extracted from view 'C:/Users/Avidh Bavkar/OneDrive - purdue.edu/PETAL/PETAL_Photogrammetry/Scripts/Camera_Experiments/out/frame159.jpg'
[10:06:06.630671][info]       1062 dspsift features extracted from view 'C:/Users/Avidh Bavkar/OneDrive - purdue.edu/PETAL/PETAL_Photogrammetry/Scripts/Camera_Experiments/out/frame341.jpg'
[10:06:07.094062][info]       1166 dspsift features extracted from view 'C:/Users/Avidh Bavkar/OneDrive - purdue.edu/PETAL/PETAL_Photogrammetry/Scripts/Camera_Experiments/out/frame337.jpg'
[10:06:07.485285][info]       932 dspsift features extracted from view 'C:/Users/Avidh Bavkar/OneDrive - purdue.edu/PETAL/PETAL_Photogrammetry/Scripts/Camera_Experiments/out/frame121.jpg'
[10:06:07.490279][info]       1462 dspsift features extracted from view 'C:/Users/Avidh Bavkar/OneDrive - purdue.edu/PETAL/PETAL_Photogrammetry/Scripts/Camera_Experiments/out/frame436.jpg'
[10:06:07.620372][info]       1537 dspsift features extracted from view 'C:/Users/Avidh Bavkar/OneDrive - purdue.edu/PETAL/PETAL_Photogrammetry/Scripts/Camera_Experiments/out/frame316.jpg'
[10:06:07.861452][info]       1100 dspsift features extracted from view 'C:/Users/Avidh Bavkar/OneDrive - purdue.edu/PETAL/PETAL_Photogrammetry/Scripts/Camera_Experiments/out/frame340.jpg'
[10:06:08.545959][info]       1835 dspsift features extracted from view 'C:/Users/Avidh Bavkar/OneDrive - purdue.edu/PETAL/PETAL_Photogrammetry/Scripts/Camera_Experiments/out/frame244.jpg'
[10:06:08.545959][info]       1475 dspsift features extracted from view 'C:/Users/Avidh Bavkar/OneDrive - purdue.edu/PETAL/PETAL_Photogrammetry/Scripts/Camera_Experiments/out/frame437.jpg'
[10:06:08.552960][info]       1452 dspsift features extracted from view 'C:/Users/Avidh Bavkar/OneDrive - purdue.edu/PETAL/PETAL_Photogrammetry/Scripts/Camera_Experiments/out/frame439.jpg'
[10:06:08.689328][info]       1019 dspsift features extracted from view 'C:/Users/Avidh Bavkar/OneDrive - purdue.edu/PETAL/PETAL_Photogrammetry/Scripts/Camera_Experiments/out/frame342.jpg'
[10:06:08.805882][info]       1500 dspsift features extracted from view 'C:/Users/Avidh Bavkar/OneDrive - purdue.edu/PETAL/PETAL_Photogrammetry/Scripts/Camera_Experiments/out/frame448.jpg'
[10:06:08.841103][info]       1790 dspsift features extracted from view 'C:/Users/Avidh Bavkar/OneDrive - purdue.edu/PETAL/PETAL_Photogrammetry/Scripts/Camera_Experiments/out/frame233.jpg'
[10:06:08.952854][info]       1830 dspsift features extracted from view 'C:/Users/Avidh Bavkar/OneDrive - purdue.edu/PETAL/PETAL_Photogrammetry/Scripts/Camera_Experiments/out/frame246.jpg'
[10:06:08.959858][info]       1603 dspsift features extracted from view 'C:/Users/Avidh Bavkar/OneDrive - purdue.edu/PETAL/PETAL_Photogrammetry/Scripts/Camera_Experiments/out/frame209.jpg'
[10:06:08.992210][info]       1485 dspsift features extracted from view 'C:/Users/Avidh Bavkar/OneDrive - purdue.edu/PETAL/PETAL_Photogrammetry/Scripts/Camera_Experiments/out/frame429.jpg'
[10:06:09.010684][info]       1536 dspsift features extracted from view 'C:/Users/Avidh Bavkar/OneDrive - purdue.edu/PETAL/PETAL_Photogrammetry/Scripts/Camera_Experiments/out/frame314.jpg'
[10:06:09.086034][info]       1474 dspsift features extracted from view 'C:/Users/Avidh Bavkar/OneDrive - purdue.edu/PETAL/PETAL_Photogrammetry/Scripts/Camera_Experiments/out/frame435.jpg'
[10:06:09.086034][info] Task done in (s): 8.162000
