[2024-11-20 10:06:09.457354] [0x0000bff8] [trace]   Embedded OCIO configuration file: 'C:\Users\Avidh Bavkar\Downloads\Meshroom-2023.3.0-win64\Meshroom-2023.3.0\aliceVision/share/aliceVision/config.ocio' found.
Program called with the following parameters:
 * contrastFiltering =  Unknown Type "enum aliceVision::feature::EFeatureConstrastFiltering"
 * describerPreset =  Unknown Type "enum aliceVision::feature::EImageDescriberPreset"
 * describerQuality =  Unknown Type "enum aliceVision::feature::EFeatureQuality"
 * describerTypes = "dspsift"
 * forceCpuExtraction = 1
 * gridFiltering = 1
 * input = "C:/Users/Avidh Bavkar/OneDrive - purdue.edu/PETAL/PETAL_Photogrammetry/Scripts/Camera_Experiments/meshroom/MeshroomCache/CameraInit/b5483bef2ee92723720762112d9f4a8f006a9142/cameraInit.sfm"
 * maskExtension = "png"
 * maskInvert = 0
 * masksFolder = ""
 * maxCoresAvailable =  Unknown Type "unsigned int" (default)
 * maxMemoryAvailable = 18446744073709551615 (default)
 * maxNbFeatures = 0 (default)
 * maxThreads = 0
 * output = "C:/Users/Avidh Bavkar/OneDrive - purdue.edu/PETAL/PETAL_Photogrammetry/Scripts/Camera_Experiments/meshroom/MeshroomCache/FeatureExtraction/5c68a583c5e7573bbf35259a8ba5825d54c33d86"
 * rangeSize = 40
 * rangeStart = 120
 * relativePeakThreshold = 0.02 (default)
 * verboseLevel = "info"
 * workingColorSpace =  Unknown Type "enum aliceVision::image::EImageColorSpace"

Hardware : 
	Detected core count : 20
	OpenMP will use 20 cores
	Detected available memory : 11410 Mo

[10:06:09.464521][info] CUDA-Enabled GPU.
Device information:
	- id:                      0
	- name:                    NVIDIA GeForce RTX 3050 Ti Laptop GPU
	- compute capability:      8.6
	- clock frequency (kHz):   1035000
	- total device memory:     4095 MB 
	- device memory available: 3282 MB 
	- per-block shared memory: 49152
	- warp size:               32
	- max threads per block:   1024
	- max threads per SM(X):   1536
	- max block sizes:         {1024,1024,64}
	- max grid sizes:          {2147483647,65535,65535}
	- max 2D array texture:    {131072,65536}
	- max 3D array texture:    {16384,16384,16384}
	- max 2D linear texture:   {131072,65000,2097120}
	- max 2D layered texture:  {32768,32768,2048}
	- number of SM(x)s:        20
	- registers per SM(x):     65536
	- registers per block:     65536
	- concurrent kernels:      yes
	- mapping host memory:     yes
	- unified addressing:      yes
	- texture alignment:       512 byte
	- pitch alignment:         32 byte
CUDA build version: 11.6
0
[10:06:09.806499][info] Job max memory consumption for one image: 165 MB
[10:06:09.806499][info] Memory information: 
	- Total RAM:     31.6788 GB
	- Free RAM:      11.0724 GB
	- Available RAM: 11.0724 GB
	- Total swap:    131072 GB
	- Free swap:     131023 GB
[10:06:09.806499][info] Max number of threads regarding memory usage: 61
[10:06:09.806499][warning] More than half of the RAM is used by other applications. It would be more efficient to close them.
[10:06:09.806499][warning]  => 21 GB are used by other applications for a total RAM capacity of 32 GB.
[10:06:09.806499][info] # threads for extraction: 20
[10:06:09.899196][info] Extracting dspsift features from view 'C:/Users/Avidh Bavkar/OneDrive - purdue.edu/PETAL/PETAL_Photogrammetry/Scripts/Camera_Experiments/out/frame195.jpg' [cpu]
[10:06:09.909196][info] Extracting dspsift features from view 'C:/Users/Avidh Bavkar/OneDrive - purdue.edu/PETAL/PETAL_Photogrammetry/Scripts/Camera_Experiments/out/frame371.jpg' [cpu]
[10:06:09.915196][info] Extracting dspsift features from view 'C:/Users/Avidh Bavkar/OneDrive - purdue.edu/PETAL/PETAL_Photogrammetry/Scripts/Camera_Experiments/out/frame285.jpg' [cpu]
[10:06:09.904187][info] Extracting dspsift features from view 'C:/Users/Avidh Bavkar/OneDrive - purdue.edu/PETAL/PETAL_Photogrammetry/Scripts/Camera_Experiments/out/frame89.jpg' [cpu]
[10:06:09.920713][info] Extracting dspsift features from view 'C:/Users/Avidh Bavkar/OneDrive - purdue.edu/PETAL/PETAL_Photogrammetry/Scripts/Camera_Experiments/out/frame283.jpg' [cpu]
[10:06:09.924742][info] Extracting dspsift features from view 'C:/Users/Avidh Bavkar/OneDrive - purdue.edu/PETAL/PETAL_Photogrammetry/Scripts/Camera_Experiments/out/frame193.jpg' [cpu]
[10:06:09.926741][info] Extracting dspsift features from view 'C:/Users/Avidh Bavkar/OneDrive - purdue.edu/PETAL/PETAL_Photogrammetry/Scripts/Camera_Experiments/out/frame287.jpg' [cpu]
[10:06:09.937072][info] Extracting dspsift features from view 'C:/Users/Avidh Bavkar/OneDrive - purdue.edu/PETAL/PETAL_Photogrammetry/Scripts/Camera_Experiments/out/frame243.jpg' [cpu]
[10:06:09.942069][info] Extracting dspsift features from view 'C:/Users/Avidh Bavkar/OneDrive - purdue.edu/PETAL/PETAL_Photogrammetry/Scripts/Camera_Experiments/out/frame173.jpg' [cpu]
[10:06:09.944068][info] Extracting dspsift features from view 'C:/Users/Avidh Bavkar/OneDrive - purdue.edu/PETAL/PETAL_Photogrammetry/Scripts/Camera_Experiments/out/frame266.jpg' [cpu]
[10:06:09.945068][info] Extracting dspsift features from view 'C:/Users/Avidh Bavkar/OneDrive - purdue.edu/PETAL/PETAL_Photogrammetry/Scripts/Camera_Experiments/out/frame190.jpg' [cpu]
[10:06:09.946067][info] Extracting dspsift features from view 'C:/Users/Avidh Bavkar/OneDrive - purdue.edu/PETAL/PETAL_Photogrammetry/Scripts/Camera_Experiments/out/frame194.jpg' [cpu]
[10:06:10.168067][info] Extracting dspsift features from view 'C:/Users/Avidh Bavkar/OneDrive - purdue.edu/PETAL/PETAL_Photogrammetry/Scripts/Camera_Experiments/out/frame370.jpg' [cpu]
[10:06:10.195060][info] Extracting dspsift features from view 'C:/Users/Avidh Bavkar/OneDrive - purdue.edu/PETAL/PETAL_Photogrammetry/Scripts/Camera_Experiments/out/frame192.jpg' [cpu]
[10:06:10.204061][info] Extracting dspsift features from view 'C:/Users/Avidh Bavkar/OneDrive - purdue.edu/PETAL/PETAL_Photogrammetry/Scripts/Camera_Experiments/out/frame145.jpg' [cpu]
[10:06:10.209073][info] Extracting dspsift features from view 'C:/Users/Avidh Bavkar/OneDrive - purdue.edu/PETAL/PETAL_Photogrammetry/Scripts/Camera_Experiments/out/frame393.jpg' [cpu]
[10:06:10.272765][info] Extracting dspsift features from view 'C:/Users/Avidh Bavkar/OneDrive - purdue.edu/PETAL/PETAL_Photogrammetry/Scripts/Camera_Experiments/out/frame149.jpg' [cpu]
[10:06:10.275766][info] Extracting dspsift features from view 'C:/Users/Avidh Bavkar/OneDrive - purdue.edu/PETAL/PETAL_Photogrammetry/Scripts/Camera_Experiments/out/frame147.jpg' [cpu]
[10:06:10.286774][info] Extracting dspsift features from view 'C:/Users/Avidh Bavkar/OneDrive - purdue.edu/PETAL/PETAL_Photogrammetry/Scripts/Camera_Experiments/out/frame175.jpg' [cpu]
[10:06:10.311778][info] Extracting dspsift features from view 'C:/Users/Avidh Bavkar/OneDrive - purdue.edu/PETAL/PETAL_Photogrammetry/Scripts/Camera_Experiments/out/frame176.jpg' [cpu]
[10:06:12.248620][info]       890 dspsift features extracted from view 'C:/Users/Avidh Bavkar/OneDrive - purdue.edu/PETAL/PETAL_Photogrammetry/Scripts/Camera_Experiments/out/frame371.jpg'
[10:06:12.280435][info] Extracting dspsift features from view 'C:/Users/Avidh Bavkar/OneDrive - purdue.edu/PETAL/PETAL_Photogrammetry/Scripts/Camera_Experiments/out/frame372.jpg' [cpu]
[10:06:12.494410][info]       1539 dspsift features extracted from view 'C:/Users/Avidh Bavkar/OneDrive - purdue.edu/PETAL/PETAL_Photogrammetry/Scripts/Camera_Experiments/out/frame195.jpg'
[10:06:12.559951][info]       1669 dspsift features extracted from view 'C:/Users/Avidh Bavkar/OneDrive - purdue.edu/PETAL/PETAL_Photogrammetry/Scripts/Camera_Experiments/out/frame287.jpg'
[10:06:12.646776][info] Extracting dspsift features from view 'C:/Users/Avidh Bavkar/OneDrive - purdue.edu/PETAL/PETAL_Photogrammetry/Scripts/Camera_Experiments/out/frame196.jpg' [cpu]
[10:06:12.657319][info]       1524 dspsift features extracted from view 'C:/Users/Avidh Bavkar/OneDrive - purdue.edu/PETAL/PETAL_Photogrammetry/Scripts/Camera_Experiments/out/frame193.jpg'
[10:06:12.659321][info] Extracting dspsift features from view 'C:/Users/Avidh Bavkar/OneDrive - purdue.edu/PETAL/PETAL_Photogrammetry/Scripts/Camera_Experiments/out/frame27.jpg' [cpu]
[10:06:12.674319][info]       1007 dspsift features extracted from view 'C:/Users/Avidh Bavkar/OneDrive - purdue.edu/PETAL/PETAL_Photogrammetry/Scripts/Camera_Experiments/out/frame89.jpg'
[10:06:12.731809][info] Extracting dspsift features from view 'C:/Users/Avidh Bavkar/OneDrive - purdue.edu/PETAL/PETAL_Photogrammetry/Scripts/Camera_Experiments/out/frame263.jpg' [cpu]
[10:06:12.800881][info]       1495 dspsift features extracted from view 'C:/Users/Avidh Bavkar/OneDrive - purdue.edu/PETAL/PETAL_Photogrammetry/Scripts/Camera_Experiments/out/frame190.jpg'
[10:06:12.862374][info] Extracting dspsift features from view 'C:/Users/Avidh Bavkar/OneDrive - purdue.edu/PETAL/PETAL_Photogrammetry/Scripts/Camera_Experiments/out/frame282.jpg' [cpu]
[10:06:12.869754][info] Extracting dspsift features from view 'C:/Users/Avidh Bavkar/OneDrive - purdue.edu/PETAL/PETAL_Photogrammetry/Scripts/Camera_Experiments/out/frame267.jpg' [cpu]
[10:06:12.894701][info]       1346 dspsift features extracted from view 'C:/Users/Avidh Bavkar/OneDrive - purdue.edu/PETAL/PETAL_Photogrammetry/Scripts/Camera_Experiments/out/frame173.jpg'
[10:06:12.953090][info] Extracting dspsift features from view 'C:/Users/Avidh Bavkar/OneDrive - purdue.edu/PETAL/PETAL_Photogrammetry/Scripts/Camera_Experiments/out/frame172.jpg' [cpu]
[10:06:13.808734][info]       906 dspsift features extracted from view 'C:/Users/Avidh Bavkar/OneDrive - purdue.edu/PETAL/PETAL_Photogrammetry/Scripts/Camera_Experiments/out/frame370.jpg'
[10:06:13.840264][info] Extracting dspsift features from view 'C:/Users/Avidh Bavkar/OneDrive - purdue.edu/PETAL/PETAL_Photogrammetry/Scripts/Camera_Experiments/out/frame88.jpg' [cpu]
[10:06:13.902029][info]       931 dspsift features extracted from view 'C:/Users/Avidh Bavkar/OneDrive - purdue.edu/PETAL/PETAL_Photogrammetry/Scripts/Camera_Experiments/out/frame145.jpg'
[10:06:13.934564][info] Extracting dspsift features from view 'C:/Users/Avidh Bavkar/OneDrive - purdue.edu/PETAL/PETAL_Photogrammetry/Scripts/Camera_Experiments/out/frame144.jpg' [cpu]
[10:06:14.058861][info]       1749 dspsift features extracted from view 'C:/Users/Avidh Bavkar/OneDrive - purdue.edu/PETAL/PETAL_Photogrammetry/Scripts/Camera_Experiments/out/frame283.jpg'
[10:06:14.175779][info]       1534 dspsift features extracted from view 'C:/Users/Avidh Bavkar/OneDrive - purdue.edu/PETAL/PETAL_Photogrammetry/Scripts/Camera_Experiments/out/frame194.jpg'
[10:06:14.200789][info]       1877 dspsift features extracted from view 'C:/Users/Avidh Bavkar/OneDrive - purdue.edu/PETAL/PETAL_Photogrammetry/Scripts/Camera_Experiments/out/frame266.jpg'
[10:06:14.203886][info]       1220 dspsift features extracted from view 'C:/Users/Avidh Bavkar/OneDrive - purdue.edu/PETAL/PETAL_Photogrammetry/Scripts/Camera_Experiments/out/frame393.jpg'
[10:06:14.254909][info]       1720 dspsift features extracted from view 'C:/Users/Avidh Bavkar/OneDrive - purdue.edu/PETAL/PETAL_Photogrammetry/Scripts/Camera_Experiments/out/frame285.jpg'
[10:06:14.257909][info]       1549 dspsift features extracted from view 'C:/Users/Avidh Bavkar/OneDrive - purdue.edu/PETAL/PETAL_Photogrammetry/Scripts/Camera_Experiments/out/frame192.jpg'
[10:06:14.370444][info]       946 dspsift features extracted from view 'C:/Users/Avidh Bavkar/OneDrive - purdue.edu/PETAL/PETAL_Photogrammetry/Scripts/Camera_Experiments/out/frame147.jpg'
[10:06:14.391437][info]       970 dspsift features extracted from view 'C:/Users/Avidh Bavkar/OneDrive - purdue.edu/PETAL/PETAL_Photogrammetry/Scripts/Camera_Experiments/out/frame149.jpg'
[10:06:14.414449][info] Extracting dspsift features from view 'C:/Users/Avidh Bavkar/OneDrive - purdue.edu/PETAL/PETAL_Photogrammetry/Scripts/Camera_Experiments/out/frame284.jpg' [cpu]
[10:06:14.429966][info] Extracting dspsift features from view 'C:/Users/Avidh Bavkar/OneDrive - purdue.edu/PETAL/PETAL_Photogrammetry/Scripts/Camera_Experiments/out/frame177.jpg' [cpu]
[10:06:14.435968][info] Extracting dspsift features from view 'C:/Users/Avidh Bavkar/OneDrive - purdue.edu/PETAL/PETAL_Photogrammetry/Scripts/Camera_Experiments/out/frame241.jpg' [cpu]
[10:06:14.580792][info] Extracting dspsift features from view 'C:/Users/Avidh Bavkar/OneDrive - purdue.edu/PETAL/PETAL_Photogrammetry/Scripts/Camera_Experiments/out/frame191.jpg' [cpu]
[10:06:14.586277][info] Extracting dspsift features from view 'C:/Users/Avidh Bavkar/OneDrive - purdue.edu/PETAL/PETAL_Photogrammetry/Scripts/Camera_Experiments/out/frame198.jpg' [cpu]
[10:06:14.593277][info] Extracting dspsift features from view 'C:/Users/Avidh Bavkar/OneDrive - purdue.edu/PETAL/PETAL_Photogrammetry/Scripts/Camera_Experiments/out/frame146.jpg' [cpu]
[10:06:14.609280][info] Extracting dspsift features from view 'C:/Users/Avidh Bavkar/OneDrive - purdue.edu/PETAL/PETAL_Photogrammetry/Scripts/Camera_Experiments/out/frame197.jpg' [cpu]
[10:06:14.623291][info] Extracting dspsift features from view 'C:/Users/Avidh Bavkar/OneDrive - purdue.edu/PETAL/PETAL_Photogrammetry/Scripts/Camera_Experiments/out/frame286.jpg' [cpu]
[10:06:14.664031][info]       1382 dspsift features extracted from view 'C:/Users/Avidh Bavkar/OneDrive - purdue.edu/PETAL/PETAL_Photogrammetry/Scripts/Camera_Experiments/out/frame175.jpg'
[10:06:14.696031][info]       1832 dspsift features extracted from view 'C:/Users/Avidh Bavkar/OneDrive - purdue.edu/PETAL/PETAL_Photogrammetry/Scripts/Camera_Experiments/out/frame243.jpg'
[10:06:14.703035][info]       1325 dspsift features extracted from view 'C:/Users/Avidh Bavkar/OneDrive - purdue.edu/PETAL/PETAL_Photogrammetry/Scripts/Camera_Experiments/out/frame176.jpg'
[10:06:14.715048][info] Extracting dspsift features from view 'C:/Users/Avidh Bavkar/OneDrive - purdue.edu/PETAL/PETAL_Photogrammetry/Scripts/Camera_Experiments/out/frame171.jpg' [cpu]
[10:06:14.759564][info] Extracting dspsift features from view 'C:/Users/Avidh Bavkar/OneDrive - purdue.edu/PETAL/PETAL_Photogrammetry/Scripts/Camera_Experiments/out/frame242.jpg' [cpu]
[10:06:14.786773][info] Extracting dspsift features from view 'C:/Users/Avidh Bavkar/OneDrive - purdue.edu/PETAL/PETAL_Photogrammetry/Scripts/Camera_Experiments/out/frame174.jpg' [cpu]
[10:06:15.274829][info]       881 dspsift features extracted from view 'C:/Users/Avidh Bavkar/OneDrive - purdue.edu/PETAL/PETAL_Photogrammetry/Scripts/Camera_Experiments/out/frame372.jpg'
[10:06:15.359698][info]       1361 dspsift features extracted from view 'C:/Users/Avidh Bavkar/OneDrive - purdue.edu/PETAL/PETAL_Photogrammetry/Scripts/Camera_Experiments/out/frame172.jpg'
[10:06:15.946513][info]       1746 dspsift features extracted from view 'C:/Users/Avidh Bavkar/OneDrive - purdue.edu/PETAL/PETAL_Photogrammetry/Scripts/Camera_Experiments/out/frame282.jpg'
[10:06:16.014666][info]       1863 dspsift features extracted from view 'C:/Users/Avidh Bavkar/OneDrive - purdue.edu/PETAL/PETAL_Photogrammetry/Scripts/Camera_Experiments/out/frame267.jpg'
[10:06:16.051511][info]       1428 dspsift features extracted from view 'C:/Users/Avidh Bavkar/OneDrive - purdue.edu/PETAL/PETAL_Photogrammetry/Scripts/Camera_Experiments/out/frame27.jpg'
[10:06:16.181333][info]       1560 dspsift features extracted from view 'C:/Users/Avidh Bavkar/OneDrive - purdue.edu/PETAL/PETAL_Photogrammetry/Scripts/Camera_Experiments/out/frame196.jpg'
[10:06:16.320026][info]       1841 dspsift features extracted from view 'C:/Users/Avidh Bavkar/OneDrive - purdue.edu/PETAL/PETAL_Photogrammetry/Scripts/Camera_Experiments/out/frame263.jpg'
[10:06:16.663983][info]       918 dspsift features extracted from view 'C:/Users/Avidh Bavkar/OneDrive - purdue.edu/PETAL/PETAL_Photogrammetry/Scripts/Camera_Experiments/out/frame144.jpg'
[10:06:16.663983][info]       1056 dspsift features extracted from view 'C:/Users/Avidh Bavkar/OneDrive - purdue.edu/PETAL/PETAL_Photogrammetry/Scripts/Camera_Experiments/out/frame88.jpg'
[10:06:17.418171][info]       912 dspsift features extracted from view 'C:/Users/Avidh Bavkar/OneDrive - purdue.edu/PETAL/PETAL_Photogrammetry/Scripts/Camera_Experiments/out/frame146.jpg'
[10:06:17.437638][info]       1423 dspsift features extracted from view 'C:/Users/Avidh Bavkar/OneDrive - purdue.edu/PETAL/PETAL_Photogrammetry/Scripts/Camera_Experiments/out/frame177.jpg'
[10:06:17.526710][info]       1814 dspsift features extracted from view 'C:/Users/Avidh Bavkar/OneDrive - purdue.edu/PETAL/PETAL_Photogrammetry/Scripts/Camera_Experiments/out/frame284.jpg'
[10:06:17.703292][info]       1792 dspsift features extracted from view 'C:/Users/Avidh Bavkar/OneDrive - purdue.edu/PETAL/PETAL_Photogrammetry/Scripts/Camera_Experiments/out/frame241.jpg'
[10:06:17.717306][info]       1528 dspsift features extracted from view 'C:/Users/Avidh Bavkar/OneDrive - purdue.edu/PETAL/PETAL_Photogrammetry/Scripts/Camera_Experiments/out/frame191.jpg'
[10:06:18.042551][info]       1554 dspsift features extracted from view 'C:/Users/Avidh Bavkar/OneDrive - purdue.edu/PETAL/PETAL_Photogrammetry/Scripts/Camera_Experiments/out/frame197.jpg'
[10:06:18.098557][info]       1343 dspsift features extracted from view 'C:/Users/Avidh Bavkar/OneDrive - purdue.edu/PETAL/PETAL_Photogrammetry/Scripts/Camera_Experiments/out/frame171.jpg'
[10:06:18.103552][info]       1791 dspsift features extracted from view 'C:/Users/Avidh Bavkar/OneDrive - purdue.edu/PETAL/PETAL_Photogrammetry/Scripts/Camera_Experiments/out/frame242.jpg'
[10:06:18.238385][info]       1579 dspsift features extracted from view 'C:/Users/Avidh Bavkar/OneDrive - purdue.edu/PETAL/PETAL_Photogrammetry/Scripts/Camera_Experiments/out/frame198.jpg'
[10:06:18.266247][info]       1358 dspsift features extracted from view 'C:/Users/Avidh Bavkar/OneDrive - purdue.edu/PETAL/PETAL_Photogrammetry/Scripts/Camera_Experiments/out/frame174.jpg'
[10:06:18.315369][info]       1721 dspsift features extracted from view 'C:/Users/Avidh Bavkar/OneDrive - purdue.edu/PETAL/PETAL_Photogrammetry/Scripts/Camera_Experiments/out/frame286.jpg'
[10:06:18.319432][info] Task done in (s): 8.515000
