[2024-11-20 10:06:28.028158] [0x0000ba10] [trace]   Embedded OCIO configuration file: 'C:\Users\Avidh Bavkar\Downloads\Meshroom-2023.3.0-win64\Meshroom-2023.3.0\aliceVision/share/aliceVision/config.ocio' found.
Program called with the following parameters:
 * contrastFiltering =  Unknown Type "enum aliceVision::feature::EFeatureConstrastFiltering"
 * describerPreset =  Unknown Type "enum aliceVision::feature::EImageDescriberPreset"
 * describerQuality =  Unknown Type "enum aliceVision::feature::EFeatureQuality"
 * describerTypes = "dspsift"
 * forceCpuExtraction = 1
 * gridFiltering = 1
 * input = "C:/Users/Avidh Bavkar/OneDrive - purdue.edu/PETAL/PETAL_Photogrammetry/Scripts/Camera_Experiments/meshroom/MeshroomCache/CameraInit/b5483bef2ee92723720762112d9f4a8f006a9142/cameraInit.sfm"
 * maskExtension = "png"
 * maskInvert = 0
 * masksFolder = ""
 * maxCoresAvailable =  Unknown Type "unsigned int" (default)
 * maxMemoryAvailable = 18446744073709551615 (default)
 * maxNbFeatures = 0 (default)
 * maxThreads = 0
 * output = "C:/Users/Avidh Bavkar/OneDrive - purdue.edu/PETAL/PETAL_Photogrammetry/Scripts/Camera_Experiments/meshroom/MeshroomCache/FeatureExtraction/5c68a583c5e7573bbf35259a8ba5825d54c33d86"
 * rangeSize = 40
 * rangeStart = 200
 * relativePeakThreshold = 0.02 (default)
 * verboseLevel = "info"
 * workingColorSpace =  Unknown Type "enum aliceVision::image::EImageColorSpace"

Hardware : 
	Detected core count : 20
	OpenMP will use 20 cores
	Detected available memory : 11174 Mo

[10:06:28.036154][info] CUDA-Enabled GPU.
Device information:
	- id:                      0
	- name:                    NVIDIA GeForce RTX 3050 Ti Laptop GPU
	- compute capability:      8.6
	- clock frequency (kHz):   1035000
	- total device memory:     4095 MB 
	- device memory available: 3282 MB 
	- per-block shared memory: 49152
	- warp size:               32
	- max threads per block:   1024
	- max threads per SM(X):   1536
	- max block sizes:         {1024,1024,64}
	- max grid sizes:          {2147483647,65535,65535}
	- max 2D array texture:    {131072,65536}
	- max 3D array texture:    {16384,16384,16384}
	- max 2D linear texture:   {131072,65000,2097120}
	- max 2D layered texture:  {32768,32768,2048}
	- number of SM(x)s:        20
	- registers per SM(x):     65536
	- registers per block:     65536
	- concurrent kernels:      yes
	- mapping host memory:     yes
	- unified addressing:      yes
	- texture alignment:       512 byte
	- pitch alignment:         32 byte
CUDA build version: 11.6
0
[10:06:28.365041][info] Job max memory consumption for one image: 165 MB
[10:06:28.365041][info] Memory information: 
	- Total RAM:     31.6788 GB
	- Free RAM:      10.8495 GB
	- Available RAM: 10.8495 GB
	- Total swap:    131072 GB
	- Free swap:     131023 GB
[10:06:28.365041][info] Max number of threads regarding memory usage: 60
[10:06:28.365041][warning] More than half of the RAM is used by other applications. It would be more efficient to close them.
[10:06:28.365041][warning]  => 21 GB are used by other applications for a total RAM capacity of 32 GB.
[10:06:28.365041][info] # threads for extraction: 20
[10:06:28.470953][info] Extracting dspsift features from view 'C:/Users/Avidh Bavkar/OneDrive - purdue.edu/PETAL/PETAL_Photogrammetry/Scripts/Camera_Experiments/out/frame394.jpg' [cpu]
[10:06:28.473953][info] Extracting dspsift features from view 'C:/Users/Avidh Bavkar/OneDrive - purdue.edu/PETAL/PETAL_Photogrammetry/Scripts/Camera_Experiments/out/frame125.jpg' [cpu]
[10:06:28.474954][info] Extracting dspsift features from view 'C:/Users/Avidh Bavkar/OneDrive - purdue.edu/PETAL/PETAL_Photogrammetry/Scripts/Camera_Experiments/out/frame465.jpg' [cpu]
[10:06:28.476954][info] Extracting dspsift features from view 'C:/Users/Avidh Bavkar/OneDrive - purdue.edu/PETAL/PETAL_Photogrammetry/Scripts/Camera_Experiments/out/frame219.jpg' [cpu]
[10:06:28.482725][info] Extracting dspsift features from view 'C:/Users/Avidh Bavkar/OneDrive - purdue.edu/PETAL/PETAL_Photogrammetry/Scripts/Camera_Experiments/out/frame464.jpg' [cpu]
[10:06:28.482725][info] Extracting dspsift features from view 'C:/Users/Avidh Bavkar/OneDrive - purdue.edu/PETAL/PETAL_Photogrammetry/Scripts/Camera_Experiments/out/frame178.jpg' [cpu]
[10:06:28.493811][info] Extracting dspsift features from view 'C:/Users/Avidh Bavkar/OneDrive - purdue.edu/PETAL/PETAL_Photogrammetry/Scripts/Camera_Experiments/out/frame187.jpg' [cpu]
[10:06:28.500749][info] Extracting dspsift features from view 'C:/Users/Avidh Bavkar/OneDrive - purdue.edu/PETAL/PETAL_Photogrammetry/Scripts/Camera_Experiments/out/frame348.jpg' [cpu]
[10:06:28.521750][info] Extracting dspsift features from view 'C:/Users/Avidh Bavkar/OneDrive - purdue.edu/PETAL/PETAL_Photogrammetry/Scripts/Camera_Experiments/out/frame295.jpg' [cpu]
[10:06:28.522742][info] Extracting dspsift features from view 'C:/Users/Avidh Bavkar/OneDrive - purdue.edu/PETAL/PETAL_Photogrammetry/Scripts/Camera_Experiments/out/frame468.jpg' [cpu]
[10:06:28.525755][info] Extracting dspsift features from view 'C:/Users/Avidh Bavkar/OneDrive - purdue.edu/PETAL/PETAL_Photogrammetry/Scripts/Camera_Experiments/out/frame463.jpg' [cpu]
[10:06:28.525755][info] Extracting dspsift features from view 'C:/Users/Avidh Bavkar/OneDrive - purdue.edu/PETAL/PETAL_Photogrammetry/Scripts/Camera_Experiments/out/frame395.jpg' [cpu]
[10:06:28.526756][info] Extracting dspsift features from view 'C:/Users/Avidh Bavkar/OneDrive - purdue.edu/PETAL/PETAL_Photogrammetry/Scripts/Camera_Experiments/out/frame98.jpg' [cpu]
[10:06:28.531765][info] Extracting dspsift features from view 'C:/Users/Avidh Bavkar/OneDrive - purdue.edu/PETAL/PETAL_Photogrammetry/Scripts/Camera_Experiments/out/frame291.jpg' [cpu]
[10:06:28.541285][info] Extracting dspsift features from view 'C:/Users/Avidh Bavkar/OneDrive - purdue.edu/PETAL/PETAL_Photogrammetry/Scripts/Camera_Experiments/out/frame186.jpg' [cpu]
[10:06:28.543288][info] Extracting dspsift features from view 'C:/Users/Avidh Bavkar/OneDrive - purdue.edu/PETAL/PETAL_Photogrammetry/Scripts/Camera_Experiments/out/frame292.jpg' [cpu]
[10:06:28.661231][info] Extracting dspsift features from view 'C:/Users/Avidh Bavkar/OneDrive - purdue.edu/PETAL/PETAL_Photogrammetry/Scripts/Camera_Experiments/out/frame123.jpg' [cpu]
[10:06:28.670358][info] Extracting dspsift features from view 'C:/Users/Avidh Bavkar/OneDrive - purdue.edu/PETAL/PETAL_Photogrammetry/Scripts/Camera_Experiments/out/frame124.jpg' [cpu]
[10:06:28.699375][info] Extracting dspsift features from view 'C:/Users/Avidh Bavkar/OneDrive - purdue.edu/PETAL/PETAL_Photogrammetry/Scripts/Camera_Experiments/out/frame128.jpg' [cpu]
[10:06:28.717686][info] Extracting dspsift features from view 'C:/Users/Avidh Bavkar/OneDrive - purdue.edu/PETAL/PETAL_Photogrammetry/Scripts/Camera_Experiments/out/frame96.jpg' [cpu]
[10:06:31.305061][info]       1480 dspsift features extracted from view 'C:/Users/Avidh Bavkar/OneDrive - purdue.edu/PETAL/PETAL_Photogrammetry/Scripts/Camera_Experiments/out/frame186.jpg'
[10:06:31.337736][info]       913 dspsift features extracted from view 'C:/Users/Avidh Bavkar/OneDrive - purdue.edu/PETAL/PETAL_Photogrammetry/Scripts/Camera_Experiments/out/frame348.jpg'
[10:06:31.339683][info] Extracting dspsift features from view 'C:/Users/Avidh Bavkar/OneDrive - purdue.edu/PETAL/PETAL_Photogrammetry/Scripts/Camera_Experiments/out/frame185.jpg' [cpu]
[10:06:31.368325][info] Extracting dspsift features from view 'C:/Users/Avidh Bavkar/OneDrive - purdue.edu/PETAL/PETAL_Photogrammetry/Scripts/Camera_Experiments/out/frame99.jpg' [cpu]
[10:06:31.470166][info]       994 dspsift features extracted from view 'C:/Users/Avidh Bavkar/OneDrive - purdue.edu/PETAL/PETAL_Photogrammetry/Scripts/Camera_Experiments/out/frame98.jpg'
[10:06:31.627144][info] Extracting dspsift features from view 'C:/Users/Avidh Bavkar/OneDrive - purdue.edu/PETAL/PETAL_Photogrammetry/Scripts/Camera_Experiments/out/frame351.jpg' [cpu]
[10:06:31.657075][info]       1642 dspsift features extracted from view 'C:/Users/Avidh Bavkar/OneDrive - purdue.edu/PETAL/PETAL_Photogrammetry/Scripts/Camera_Experiments/out/frame219.jpg'
[10:06:31.831941][info]       953 dspsift features extracted from view 'C:/Users/Avidh Bavkar/OneDrive - purdue.edu/PETAL/PETAL_Photogrammetry/Scripts/Camera_Experiments/out/frame125.jpg'
[10:06:31.870459][info]       1264 dspsift features extracted from view 'C:/Users/Avidh Bavkar/OneDrive - purdue.edu/PETAL/PETAL_Photogrammetry/Scripts/Camera_Experiments/out/frame394.jpg'
[10:06:31.875457][info] Extracting dspsift features from view 'C:/Users/Avidh Bavkar/OneDrive - purdue.edu/PETAL/PETAL_Photogrammetry/Scripts/Camera_Experiments/out/frame97.jpg' [cpu]
[10:06:31.887177][info]       1447 dspsift features extracted from view 'C:/Users/Avidh Bavkar/OneDrive - purdue.edu/PETAL/PETAL_Photogrammetry/Scripts/Camera_Experiments/out/frame463.jpg'
[10:06:31.909238][info] Extracting dspsift features from view 'C:/Users/Avidh Bavkar/OneDrive - purdue.edu/PETAL/PETAL_Photogrammetry/Scripts/Camera_Experiments/out/frame396.jpg' [cpu]
[10:06:31.926141][info] Extracting dspsift features from view 'C:/Users/Avidh Bavkar/OneDrive - purdue.edu/PETAL/PETAL_Photogrammetry/Scripts/Camera_Experiments/out/frame294.jpg' [cpu]
[10:06:31.954989][info] Extracting dspsift features from view 'C:/Users/Avidh Bavkar/OneDrive - purdue.edu/PETAL/PETAL_Photogrammetry/Scripts/Camera_Experiments/out/frame129.jpg' [cpu]
[10:06:32.089570][info]       885 dspsift features extracted from view 'C:/Users/Avidh Bavkar/OneDrive - purdue.edu/PETAL/PETAL_Photogrammetry/Scripts/Camera_Experiments/out/frame124.jpg'
[10:06:32.090569][info]       1299 dspsift features extracted from view 'C:/Users/Avidh Bavkar/OneDrive - purdue.edu/PETAL/PETAL_Photogrammetry/Scripts/Camera_Experiments/out/frame395.jpg'
[10:06:32.130585][info]       955 dspsift features extracted from view 'C:/Users/Avidh Bavkar/OneDrive - purdue.edu/PETAL/PETAL_Photogrammetry/Scripts/Camera_Experiments/out/frame123.jpg'
[10:06:32.161624][info] Extracting dspsift features from view 'C:/Users/Avidh Bavkar/OneDrive - purdue.edu/PETAL/PETAL_Photogrammetry/Scripts/Camera_Experiments/out/frame397.jpg' [cpu]
[10:06:32.249365][info] Extracting dspsift features from view 'C:/Users/Avidh Bavkar/OneDrive - purdue.edu/PETAL/PETAL_Photogrammetry/Scripts/Camera_Experiments/out/frame127.jpg' [cpu]
[10:06:32.256361][info]       907 dspsift features extracted from view 'C:/Users/Avidh Bavkar/OneDrive - purdue.edu/PETAL/PETAL_Photogrammetry/Scripts/Camera_Experiments/out/frame96.jpg'
[10:06:32.551007][info] Extracting dspsift features from view 'C:/Users/Avidh Bavkar/OneDrive - purdue.edu/PETAL/PETAL_Photogrammetry/Scripts/Camera_Experiments/out/frame126.jpg' [cpu]
[10:06:32.569014][info] Extracting dspsift features from view 'C:/Users/Avidh Bavkar/OneDrive - purdue.edu/PETAL/PETAL_Photogrammetry/Scripts/Camera_Experiments/out/frame349.jpg' [cpu]
[10:06:32.594503][info]       1472 dspsift features extracted from view 'C:/Users/Avidh Bavkar/OneDrive - purdue.edu/PETAL/PETAL_Photogrammetry/Scripts/Camera_Experiments/out/frame465.jpg'
[10:06:32.617495][info]       1448 dspsift features extracted from view 'C:/Users/Avidh Bavkar/OneDrive - purdue.edu/PETAL/PETAL_Photogrammetry/Scripts/Camera_Experiments/out/frame468.jpg'
[10:06:32.675394][info] Extracting dspsift features from view 'C:/Users/Avidh Bavkar/OneDrive - purdue.edu/PETAL/PETAL_Photogrammetry/Scripts/Camera_Experiments/out/frame399.jpg' [cpu]
[10:06:32.702305][info]       1655 dspsift features extracted from view 'C:/Users/Avidh Bavkar/OneDrive - purdue.edu/PETAL/PETAL_Photogrammetry/Scripts/Camera_Experiments/out/frame295.jpg'
[10:06:32.774770][info]       1430 dspsift features extracted from view 'C:/Users/Avidh Bavkar/OneDrive - purdue.edu/PETAL/PETAL_Photogrammetry/Scripts/Camera_Experiments/out/frame464.jpg'
[10:06:32.776771][info] Extracting dspsift features from view 'C:/Users/Avidh Bavkar/OneDrive - purdue.edu/PETAL/PETAL_Photogrammetry/Scripts/Camera_Experiments/out/frame293.jpg' [cpu]
[10:06:32.782780][info] Extracting dspsift features from view 'C:/Users/Avidh Bavkar/OneDrive - purdue.edu/PETAL/PETAL_Photogrammetry/Scripts/Camera_Experiments/out/frame398.jpg' [cpu]
[10:06:32.782780][info]       1395 dspsift features extracted from view 'C:/Users/Avidh Bavkar/OneDrive - purdue.edu/PETAL/PETAL_Photogrammetry/Scripts/Camera_Experiments/out/frame178.jpg'
[10:06:32.824771][info] Extracting dspsift features from view 'C:/Users/Avidh Bavkar/OneDrive - purdue.edu/PETAL/PETAL_Photogrammetry/Scripts/Camera_Experiments/out/frame467.jpg' [cpu]
[10:06:32.829781][info] Extracting dspsift features from view 'C:/Users/Avidh Bavkar/OneDrive - purdue.edu/PETAL/PETAL_Photogrammetry/Scripts/Camera_Experiments/out/frame179.jpg' [cpu]
[10:06:33.023538][info]       1589 dspsift features extracted from view 'C:/Users/Avidh Bavkar/OneDrive - purdue.edu/PETAL/PETAL_Photogrammetry/Scripts/Camera_Experiments/out/frame292.jpg'
[10:06:33.026538][info]       990 dspsift features extracted from view 'C:/Users/Avidh Bavkar/OneDrive - purdue.edu/PETAL/PETAL_Photogrammetry/Scripts/Camera_Experiments/out/frame128.jpg'
[10:06:33.057819][info]       1483 dspsift features extracted from view 'C:/Users/Avidh Bavkar/OneDrive - purdue.edu/PETAL/PETAL_Photogrammetry/Scripts/Camera_Experiments/out/frame187.jpg'
[10:06:33.077906][info]       1631 dspsift features extracted from view 'C:/Users/Avidh Bavkar/OneDrive - purdue.edu/PETAL/PETAL_Photogrammetry/Scripts/Camera_Experiments/out/frame291.jpg'
[10:06:33.090435][info] Extracting dspsift features from view 'C:/Users/Avidh Bavkar/OneDrive - purdue.edu/PETAL/PETAL_Photogrammetry/Scripts/Camera_Experiments/out/frame466.jpg' [cpu]
[10:06:33.124823][info] Extracting dspsift features from view 'C:/Users/Avidh Bavkar/OneDrive - purdue.edu/PETAL/PETAL_Photogrammetry/Scripts/Camera_Experiments/out/frame218.jpg' [cpu]
[10:06:33.134838][info] Extracting dspsift features from view 'C:/Users/Avidh Bavkar/OneDrive - purdue.edu/PETAL/PETAL_Photogrammetry/Scripts/Camera_Experiments/out/frame290.jpg' [cpu]
[10:06:33.146367][info] Extracting dspsift features from view 'C:/Users/Avidh Bavkar/OneDrive - purdue.edu/PETAL/PETAL_Photogrammetry/Scripts/Camera_Experiments/out/frame247.jpg' [cpu]
[10:06:33.730082][info]       925 dspsift features extracted from view 'C:/Users/Avidh Bavkar/OneDrive - purdue.edu/PETAL/PETAL_Photogrammetry/Scripts/Camera_Experiments/out/frame99.jpg'
[10:06:34.136668][info]       949 dspsift features extracted from view 'C:/Users/Avidh Bavkar/OneDrive - purdue.edu/PETAL/PETAL_Photogrammetry/Scripts/Camera_Experiments/out/frame351.jpg'
[10:06:34.141195][info]       1000 dspsift features extracted from view 'C:/Users/Avidh Bavkar/OneDrive - purdue.edu/PETAL/PETAL_Photogrammetry/Scripts/Camera_Experiments/out/frame129.jpg'
[10:06:34.758604][info]       942 dspsift features extracted from view 'C:/Users/Avidh Bavkar/OneDrive - purdue.edu/PETAL/PETAL_Photogrammetry/Scripts/Camera_Experiments/out/frame127.jpg'
[10:06:34.808402][info]       1272 dspsift features extracted from view 'C:/Users/Avidh Bavkar/OneDrive - purdue.edu/PETAL/PETAL_Photogrammetry/Scripts/Camera_Experiments/out/frame397.jpg'
[10:06:34.891518][info]       1471 dspsift features extracted from view 'C:/Users/Avidh Bavkar/OneDrive - purdue.edu/PETAL/PETAL_Photogrammetry/Scripts/Camera_Experiments/out/frame185.jpg'
[10:06:34.891518][info]       1635 dspsift features extracted from view 'C:/Users/Avidh Bavkar/OneDrive - purdue.edu/PETAL/PETAL_Photogrammetry/Scripts/Camera_Experiments/out/frame294.jpg'
[10:06:34.923753][info]       1285 dspsift features extracted from view 'C:/Users/Avidh Bavkar/OneDrive - purdue.edu/PETAL/PETAL_Photogrammetry/Scripts/Camera_Experiments/out/frame396.jpg'
[10:06:35.016501][info]       968 dspsift features extracted from view 'C:/Users/Avidh Bavkar/OneDrive - purdue.edu/PETAL/PETAL_Photogrammetry/Scripts/Camera_Experiments/out/frame97.jpg'
[10:06:35.627811][info]       1375 dspsift features extracted from view 'C:/Users/Avidh Bavkar/OneDrive - purdue.edu/PETAL/PETAL_Photogrammetry/Scripts/Camera_Experiments/out/frame399.jpg'
[10:06:35.686356][info]       926 dspsift features extracted from view 'C:/Users/Avidh Bavkar/OneDrive - purdue.edu/PETAL/PETAL_Photogrammetry/Scripts/Camera_Experiments/out/frame349.jpg'
[10:06:35.850474][info]       1639 dspsift features extracted from view 'C:/Users/Avidh Bavkar/OneDrive - purdue.edu/PETAL/PETAL_Photogrammetry/Scripts/Camera_Experiments/out/frame293.jpg'
[10:06:35.888713][info]       919 dspsift features extracted from view 'C:/Users/Avidh Bavkar/OneDrive - purdue.edu/PETAL/PETAL_Photogrammetry/Scripts/Camera_Experiments/out/frame126.jpg'
[10:06:35.909579][info]       1355 dspsift features extracted from view 'C:/Users/Avidh Bavkar/OneDrive - purdue.edu/PETAL/PETAL_Photogrammetry/Scripts/Camera_Experiments/out/frame398.jpg'
[10:06:35.916582][info]       1464 dspsift features extracted from view 'C:/Users/Avidh Bavkar/OneDrive - purdue.edu/PETAL/PETAL_Photogrammetry/Scripts/Camera_Experiments/out/frame467.jpg'
[10:06:35.920585][info]       1404 dspsift features extracted from view 'C:/Users/Avidh Bavkar/OneDrive - purdue.edu/PETAL/PETAL_Photogrammetry/Scripts/Camera_Experiments/out/frame179.jpg'
[10:06:35.938740][info]       1485 dspsift features extracted from view 'C:/Users/Avidh Bavkar/OneDrive - purdue.edu/PETAL/PETAL_Photogrammetry/Scripts/Camera_Experiments/out/frame466.jpg'
[10:06:36.435642][info]       1841 dspsift features extracted from view 'C:/Users/Avidh Bavkar/OneDrive - purdue.edu/PETAL/PETAL_Photogrammetry/Scripts/Camera_Experiments/out/frame247.jpg'
[10:06:36.474370][info]       1590 dspsift features extracted from view 'C:/Users/Avidh Bavkar/OneDrive - purdue.edu/PETAL/PETAL_Photogrammetry/Scripts/Camera_Experiments/out/frame218.jpg'
[10:06:36.498391][info]       1616 dspsift features extracted from view 'C:/Users/Avidh Bavkar/OneDrive - purdue.edu/PETAL/PETAL_Photogrammetry/Scripts/Camera_Experiments/out/frame290.jpg'
[10:06:36.499390][info] Task done in (s): 8.138000
