[2024-11-20 10:07:05.021153] [0x0000a420] [trace]   Embedded OCIO configuration file: 'C:\Users\Avidh Bavkar\Downloads\Meshroom-2023.3.0-win64\Meshroom-2023.3.0\aliceVision/share/aliceVision/config.ocio' found.
Program called with the following parameters:
 * contrastFiltering =  Unknown Type "enum aliceVision::feature::EFeatureConstrastFiltering"
 * describerPreset =  Unknown Type "enum aliceVision::feature::EImageDescriberPreset"
 * describerQuality =  Unknown Type "enum aliceVision::feature::EFeatureQuality"
 * describerTypes = "dspsift"
 * forceCpuExtraction = 1
 * gridFiltering = 1
 * input = "C:/Users/Avidh Bavkar/OneDrive - purdue.edu/PETAL/PETAL_Photogrammetry/Scripts/Camera_Experiments/meshroom/MeshroomCache/CameraInit/b5483bef2ee92723720762112d9f4a8f006a9142/cameraInit.sfm"
 * maskExtension = "png"
 * maskInvert = 0
 * masksFolder = ""
 * maxCoresAvailable =  Unknown Type "unsigned int" (default)
 * maxMemoryAvailable = 18446744073709551615 (default)
 * maxNbFeatures = 0 (default)
 * maxThreads = 0
 * output = "C:/Users/Avidh Bavkar/OneDrive - purdue.edu/PETAL/PETAL_Photogrammetry/Scripts/Camera_Experiments/meshroom/MeshroomCache/FeatureExtraction/5c68a583c5e7573bbf35259a8ba5825d54c33d86"
 * rangeSize = 40
 * rangeStart = 360
 * relativePeakThreshold = 0.02 (default)
 * verboseLevel = "info"
 * workingColorSpace =  Unknown Type "enum aliceVision::image::EImageColorSpace"

Hardware : 
	Detected core count : 20
	OpenMP will use 20 cores
	Detected available memory : 11457 Mo

[10:07:05.028202][info] CUDA-Enabled GPU.
Device information:
	- id:                      0
	- name:                    NVIDIA GeForce RTX 3050 Ti Laptop GPU
	- compute capability:      8.6
	- clock frequency (kHz):   1035000
	- total device memory:     4095 MB 
	- device memory available: 3282 MB 
	- per-block shared memory: 49152
	- warp size:               32
	- max threads per block:   1024
	- max threads per SM(X):   1536
	- max block sizes:         {1024,1024,64}
	- max grid sizes:          {2147483647,65535,65535}
	- max 2D array texture:    {131072,65536}
	- max 3D array texture:    {16384,16384,16384}
	- max 2D linear texture:   {131072,65000,2097120}
	- max 2D layered texture:  {32768,32768,2048}
	- number of SM(x)s:        20
	- registers per SM(x):     65536
	- registers per block:     65536
	- concurrent kernels:      yes
	- mapping host memory:     yes
	- unified addressing:      yes
	- texture alignment:       512 byte
	- pitch alignment:         32 byte
CUDA build version: 11.6
0
[10:07:05.330665][info] Job max memory consumption for one image: 165 MB
[10:07:05.330665][info] Memory information: 
	- Total RAM:     31.6788 GB
	- Free RAM:      11.1241 GB
	- Available RAM: 11.1241 GB
	- Total swap:    131072 GB
	- Free swap:     131023 GB
[10:07:05.330665][info] Max number of threads regarding memory usage: 62
[10:07:05.330665][warning] More than half of the RAM is used by other applications. It would be more efficient to close them.
[10:07:05.330665][warning]  => 21 GB are used by other applications for a total RAM capacity of 32 GB.
[10:07:05.330665][info] # threads for extraction: 20
[10:07:05.449289][info] Extracting dspsift features from view 'C:/Users/Avidh Bavkar/OneDrive - purdue.edu/PETAL/PETAL_Photogrammetry/Scripts/Camera_Experiments/out/frame17.jpg' [cpu]
[10:07:05.450290][info] Extracting dspsift features from view 'C:/Users/Avidh Bavkar/OneDrive - purdue.edu/PETAL/PETAL_Photogrammetry/Scripts/Camera_Experiments/out/frame90.jpg' [cpu]
[10:07:05.458291][info] Extracting dspsift features from view 'C:/Users/Avidh Bavkar/OneDrive - purdue.edu/PETAL/PETAL_Photogrammetry/Scripts/Camera_Experiments/out/frame91.jpg' [cpu]
[10:07:05.466478][info] Extracting dspsift features from view 'C:/Users/Avidh Bavkar/OneDrive - purdue.edu/PETAL/PETAL_Photogrammetry/Scripts/Camera_Experiments/out/frame422.jpg' [cpu]
[10:07:05.474484][info] Extracting dspsift features from view 'C:/Users/Avidh Bavkar/OneDrive - purdue.edu/PETAL/PETAL_Photogrammetry/Scripts/Camera_Experiments/out/frame12.jpg' [cpu]
[10:07:05.484026][info] Extracting dspsift features from view 'C:/Users/Avidh Bavkar/OneDrive - purdue.edu/PETAL/PETAL_Photogrammetry/Scripts/Camera_Experiments/out/frame14.jpg' [cpu]
[10:07:05.484026][info] Extracting dspsift features from view 'C:/Users/Avidh Bavkar/OneDrive - purdue.edu/PETAL/PETAL_Photogrammetry/Scripts/Camera_Experiments/out/frame18.jpg' [cpu]
[10:07:05.487026][info] Extracting dspsift features from view 'C:/Users/Avidh Bavkar/OneDrive - purdue.edu/PETAL/PETAL_Photogrammetry/Scripts/Camera_Experiments/out/frame307.jpg' [cpu]
[10:07:05.498029][info] Extracting dspsift features from view 'C:/Users/Avidh Bavkar/OneDrive - purdue.edu/PETAL/PETAL_Photogrammetry/Scripts/Camera_Experiments/out/frame440.jpg' [cpu]
[10:07:05.498029][info] Extracting dspsift features from view 'C:/Users/Avidh Bavkar/OneDrive - purdue.edu/PETAL/PETAL_Photogrammetry/Scripts/Camera_Experiments/out/frame15.jpg' [cpu]
[10:07:05.500026][info] Extracting dspsift features from view 'C:/Users/Avidh Bavkar/OneDrive - purdue.edu/PETAL/PETAL_Photogrammetry/Scripts/Camera_Experiments/out/frame94.jpg' [cpu]
[10:07:05.504026][info] Extracting dspsift features from view 'C:/Users/Avidh Bavkar/OneDrive - purdue.edu/PETAL/PETAL_Photogrammetry/Scripts/Camera_Experiments/out/frame424.jpg' [cpu]
[10:07:05.504026][info] Extracting dspsift features from view 'C:/Users/Avidh Bavkar/OneDrive - purdue.edu/PETAL/PETAL_Photogrammetry/Scripts/Camera_Experiments/out/frame387.jpg' [cpu]
[10:07:05.513025][info] Extracting dspsift features from view 'C:/Users/Avidh Bavkar/OneDrive - purdue.edu/PETAL/PETAL_Photogrammetry/Scripts/Camera_Experiments/out/frame432.jpg' [cpu]
[10:07:05.513025][info] Extracting dspsift features from view 'C:/Users/Avidh Bavkar/OneDrive - purdue.edu/PETAL/PETAL_Photogrammetry/Scripts/Camera_Experiments/out/frame16.jpg' [cpu]
[10:07:05.513025][info] Extracting dspsift features from view 'C:/Users/Avidh Bavkar/OneDrive - purdue.edu/PETAL/PETAL_Photogrammetry/Scripts/Camera_Experiments/out/frame84.jpg' [cpu]
[10:07:05.515026][info] Extracting dspsift features from view 'C:/Users/Avidh Bavkar/OneDrive - purdue.edu/PETAL/PETAL_Photogrammetry/Scripts/Camera_Experiments/out/frame93.jpg' [cpu]
[10:07:05.525028][info] Extracting dspsift features from view 'C:/Users/Avidh Bavkar/OneDrive - purdue.edu/PETAL/PETAL_Photogrammetry/Scripts/Camera_Experiments/out/frame433.jpg' [cpu]
[10:07:05.551450][info] Extracting dspsift features from view 'C:/Users/Avidh Bavkar/OneDrive - purdue.edu/PETAL/PETAL_Photogrammetry/Scripts/Camera_Experiments/out/frame259.jpg' [cpu]
[10:07:05.557449][info] Extracting dspsift features from view 'C:/Users/Avidh Bavkar/OneDrive - purdue.edu/PETAL/PETAL_Photogrammetry/Scripts/Camera_Experiments/out/frame220.jpg' [cpu]
[10:07:07.571121][info]       1015 dspsift features extracted from view 'C:/Users/Avidh Bavkar/OneDrive - purdue.edu/PETAL/PETAL_Photogrammetry/Scripts/Camera_Experiments/out/frame93.jpg'
[10:07:07.604964][info] Extracting dspsift features from view 'C:/Users/Avidh Bavkar/OneDrive - purdue.edu/PETAL/PETAL_Photogrammetry/Scripts/Camera_Experiments/out/frame309.jpg' [cpu]
[10:07:08.268816][info]       1287 dspsift features extracted from view 'C:/Users/Avidh Bavkar/OneDrive - purdue.edu/PETAL/PETAL_Photogrammetry/Scripts/Camera_Experiments/out/frame16.jpg'
[10:07:08.301242][info] Extracting dspsift features from view 'C:/Users/Avidh Bavkar/OneDrive - purdue.edu/PETAL/PETAL_Photogrammetry/Scripts/Camera_Experiments/out/frame421.jpg' [cpu]
[10:07:08.499005][info]       1363 dspsift features extracted from view 'C:/Users/Avidh Bavkar/OneDrive - purdue.edu/PETAL/PETAL_Photogrammetry/Scripts/Camera_Experiments/out/frame15.jpg'
[10:07:08.501008][info]       996 dspsift features extracted from view 'C:/Users/Avidh Bavkar/OneDrive - purdue.edu/PETAL/PETAL_Photogrammetry/Scripts/Camera_Experiments/out/frame94.jpg'
[10:07:08.532435][info]       1312 dspsift features extracted from view 'C:/Users/Avidh Bavkar/OneDrive - purdue.edu/PETAL/PETAL_Photogrammetry/Scripts/Camera_Experiments/out/frame17.jpg'
[10:07:08.603650][info] Extracting dspsift features from view 'C:/Users/Avidh Bavkar/OneDrive - purdue.edu/PETAL/PETAL_Photogrammetry/Scripts/Camera_Experiments/out/frame303.jpg' [cpu]
[10:07:08.677665][info] Extracting dspsift features from view 'C:/Users/Avidh Bavkar/OneDrive - purdue.edu/PETAL/PETAL_Photogrammetry/Scripts/Camera_Experiments/out/frame426.jpg' [cpu]
[10:07:08.735191][info]       1387 dspsift features extracted from view 'C:/Users/Avidh Bavkar/OneDrive - purdue.edu/PETAL/PETAL_Photogrammetry/Scripts/Camera_Experiments/out/frame422.jpg'
[10:07:08.757189][info] Extracting dspsift features from view 'C:/Users/Avidh Bavkar/OneDrive - purdue.edu/PETAL/PETAL_Photogrammetry/Scripts/Camera_Experiments/out/frame425.jpg' [cpu]
[10:07:08.757189][info]       1065 dspsift features extracted from view 'C:/Users/Avidh Bavkar/OneDrive - purdue.edu/PETAL/PETAL_Photogrammetry/Scripts/Camera_Experiments/out/frame387.jpg'
[10:07:08.779768][info] Extracting dspsift features from view 'C:/Users/Avidh Bavkar/OneDrive - purdue.edu/PETAL/PETAL_Photogrammetry/Scripts/Camera_Experiments/out/frame92.jpg' [cpu]
[10:07:08.803251][info] Extracting dspsift features from view 'C:/Users/Avidh Bavkar/OneDrive - purdue.edu/PETAL/PETAL_Photogrammetry/Scripts/Camera_Experiments/out/frame47.jpg' [cpu]
[10:07:08.839088][info]       1380 dspsift features extracted from view 'C:/Users/Avidh Bavkar/OneDrive - purdue.edu/PETAL/PETAL_Photogrammetry/Scripts/Camera_Experiments/out/frame424.jpg'
[10:07:08.879693][info] Extracting dspsift features from view 'C:/Users/Avidh Bavkar/OneDrive - purdue.edu/PETAL/PETAL_Photogrammetry/Scripts/Camera_Experiments/out/frame280.jpg' [cpu]
[10:07:08.900003][info]       1368 dspsift features extracted from view 'C:/Users/Avidh Bavkar/OneDrive - purdue.edu/PETAL/PETAL_Photogrammetry/Scripts/Camera_Experiments/out/frame18.jpg'
[10:07:08.934039][info] Extracting dspsift features from view 'C:/Users/Avidh Bavkar/OneDrive - purdue.edu/PETAL/PETAL_Photogrammetry/Scripts/Camera_Experiments/out/frame308.jpg' [cpu]
[10:07:09.004198][info]       1078 dspsift features extracted from view 'C:/Users/Avidh Bavkar/OneDrive - purdue.edu/PETAL/PETAL_Photogrammetry/Scripts/Camera_Experiments/out/frame90.jpg'
[10:07:09.056437][info]       1475 dspsift features extracted from view 'C:/Users/Avidh Bavkar/OneDrive - purdue.edu/PETAL/PETAL_Photogrammetry/Scripts/Camera_Experiments/out/frame432.jpg'
[10:07:09.069571][info] Extracting dspsift features from view 'C:/Users/Avidh Bavkar/OneDrive - purdue.edu/PETAL/PETAL_Photogrammetry/Scripts/Camera_Experiments/out/frame306.jpg' [cpu]
[10:07:09.111298][info] Extracting dspsift features from view 'C:/Users/Avidh Bavkar/OneDrive - purdue.edu/PETAL/PETAL_Photogrammetry/Scripts/Camera_Experiments/out/frame330.jpg' [cpu]
[10:07:09.239181][info]       1450 dspsift features extracted from view 'C:/Users/Avidh Bavkar/OneDrive - purdue.edu/PETAL/PETAL_Photogrammetry/Scripts/Camera_Experiments/out/frame440.jpg'
[10:07:09.282313][info] Extracting dspsift features from view 'C:/Users/Avidh Bavkar/OneDrive - purdue.edu/PETAL/PETAL_Photogrammetry/Scripts/Camera_Experiments/out/frame441.jpg' [cpu]
[10:07:09.307252][info]       1302 dspsift features extracted from view 'C:/Users/Avidh Bavkar/OneDrive - purdue.edu/PETAL/PETAL_Photogrammetry/Scripts/Camera_Experiments/out/frame14.jpg'
[10:07:09.328759][info]       1209 dspsift features extracted from view 'C:/Users/Avidh Bavkar/OneDrive - purdue.edu/PETAL/PETAL_Photogrammetry/Scripts/Camera_Experiments/out/frame84.jpg'
[10:07:09.349153][info] Extracting dspsift features from view 'C:/Users/Avidh Bavkar/OneDrive - purdue.edu/PETAL/PETAL_Photogrammetry/Scripts/Camera_Experiments/out/frame281.jpg' [cpu]
[10:07:09.403579][info] Extracting dspsift features from view 'C:/Users/Avidh Bavkar/OneDrive - purdue.edu/PETAL/PETAL_Photogrammetry/Scripts/Camera_Experiments/out/frame305.jpg' [cpu]
[10:07:09.889741][info]       1432 dspsift features extracted from view 'C:/Users/Avidh Bavkar/OneDrive - purdue.edu/PETAL/PETAL_Photogrammetry/Scripts/Camera_Experiments/out/frame433.jpg'
[10:07:09.950252][info]       1440 dspsift features extracted from view 'C:/Users/Avidh Bavkar/OneDrive - purdue.edu/PETAL/PETAL_Photogrammetry/Scripts/Camera_Experiments/out/frame307.jpg'
[10:07:09.963255][info]       1844 dspsift features extracted from view 'C:/Users/Avidh Bavkar/OneDrive - purdue.edu/PETAL/PETAL_Photogrammetry/Scripts/Camera_Experiments/out/frame259.jpg'
[10:07:10.010859][info] Extracting dspsift features from view 'C:/Users/Avidh Bavkar/OneDrive - purdue.edu/PETAL/PETAL_Photogrammetry/Scripts/Camera_Experiments/out/frame85.jpg' [cpu]
[10:07:10.015856][info] Extracting dspsift features from view 'C:/Users/Avidh Bavkar/OneDrive - purdue.edu/PETAL/PETAL_Photogrammetry/Scripts/Camera_Experiments/out/frame304.jpg' [cpu]
[10:07:10.135123][info] Extracting dspsift features from view 'C:/Users/Avidh Bavkar/OneDrive - purdue.edu/PETAL/PETAL_Photogrammetry/Scripts/Camera_Experiments/out/frame258.jpg' [cpu]
[10:07:10.199668][info]       1082 dspsift features extracted from view 'C:/Users/Avidh Bavkar/OneDrive - purdue.edu/PETAL/PETAL_Photogrammetry/Scripts/Camera_Experiments/out/frame91.jpg'
[10:07:10.245836][info]       1387 dspsift features extracted from view 'C:/Users/Avidh Bavkar/OneDrive - purdue.edu/PETAL/PETAL_Photogrammetry/Scripts/Camera_Experiments/out/frame12.jpg'
[10:07:10.260210][info] Extracting dspsift features from view 'C:/Users/Avidh Bavkar/OneDrive - purdue.edu/PETAL/PETAL_Photogrammetry/Scripts/Camera_Experiments/out/frame423.jpg' [cpu]
[10:07:10.317747][info]       1693 dspsift features extracted from view 'C:/Users/Avidh Bavkar/OneDrive - purdue.edu/PETAL/PETAL_Photogrammetry/Scripts/Camera_Experiments/out/frame220.jpg'
[10:07:10.348753][info] Extracting dspsift features from view 'C:/Users/Avidh Bavkar/OneDrive - purdue.edu/PETAL/PETAL_Photogrammetry/Scripts/Camera_Experiments/out/frame13.jpg' [cpu]
[10:07:10.389283][info] Extracting dspsift features from view 'C:/Users/Avidh Bavkar/OneDrive - purdue.edu/PETAL/PETAL_Photogrammetry/Scripts/Camera_Experiments/out/frame221.jpg' [cpu]
[10:07:10.751265][info]       1415 dspsift features extracted from view 'C:/Users/Avidh Bavkar/OneDrive - purdue.edu/PETAL/PETAL_Photogrammetry/Scripts/Camera_Experiments/out/frame309.jpg'
[10:07:11.113400][info]       1377 dspsift features extracted from view 'C:/Users/Avidh Bavkar/OneDrive - purdue.edu/PETAL/PETAL_Photogrammetry/Scripts/Camera_Experiments/out/frame421.jpg'
[10:07:11.213923][info]       1517 dspsift features extracted from view 'C:/Users/Avidh Bavkar/OneDrive - purdue.edu/PETAL/PETAL_Photogrammetry/Scripts/Camera_Experiments/out/frame303.jpg'
[10:07:11.411995][info]       1006 dspsift features extracted from view 'C:/Users/Avidh Bavkar/OneDrive - purdue.edu/PETAL/PETAL_Photogrammetry/Scripts/Camera_Experiments/out/frame92.jpg'
[10:07:11.433452][info]       1365 dspsift features extracted from view 'C:/Users/Avidh Bavkar/OneDrive - purdue.edu/PETAL/PETAL_Photogrammetry/Scripts/Camera_Experiments/out/frame426.jpg'
[10:07:12.054009][info]       1275 dspsift features extracted from view 'C:/Users/Avidh Bavkar/OneDrive - purdue.edu/PETAL/PETAL_Photogrammetry/Scripts/Camera_Experiments/out/frame330.jpg'
[10:07:12.292730][info]       1411 dspsift features extracted from view 'C:/Users/Avidh Bavkar/OneDrive - purdue.edu/PETAL/PETAL_Photogrammetry/Scripts/Camera_Experiments/out/frame425.jpg'
[10:07:12.301260][info]       1466 dspsift features extracted from view 'C:/Users/Avidh Bavkar/OneDrive - purdue.edu/PETAL/PETAL_Photogrammetry/Scripts/Camera_Experiments/out/frame47.jpg'
[10:07:12.347264][info]       1420 dspsift features extracted from view 'C:/Users/Avidh Bavkar/OneDrive - purdue.edu/PETAL/PETAL_Photogrammetry/Scripts/Camera_Experiments/out/frame308.jpg'
[10:07:12.433159][info]       1421 dspsift features extracted from view 'C:/Users/Avidh Bavkar/OneDrive - purdue.edu/PETAL/PETAL_Photogrammetry/Scripts/Camera_Experiments/out/frame306.jpg'
[10:07:12.537823][info]       1481 dspsift features extracted from view 'C:/Users/Avidh Bavkar/OneDrive - purdue.edu/PETAL/PETAL_Photogrammetry/Scripts/Camera_Experiments/out/frame305.jpg'
[10:07:12.600540][info]       1790 dspsift features extracted from view 'C:/Users/Avidh Bavkar/OneDrive - purdue.edu/PETAL/PETAL_Photogrammetry/Scripts/Camera_Experiments/out/frame280.jpg'
[10:07:12.636540][info]       1472 dspsift features extracted from view 'C:/Users/Avidh Bavkar/OneDrive - purdue.edu/PETAL/PETAL_Photogrammetry/Scripts/Camera_Experiments/out/frame441.jpg'
[10:07:12.780123][info]       1132 dspsift features extracted from view 'C:/Users/Avidh Bavkar/OneDrive - purdue.edu/PETAL/PETAL_Photogrammetry/Scripts/Camera_Experiments/out/frame85.jpg'
[10:07:13.009303][info]       1819 dspsift features extracted from view 'C:/Users/Avidh Bavkar/OneDrive - purdue.edu/PETAL/PETAL_Photogrammetry/Scripts/Camera_Experiments/out/frame281.jpg'
[10:07:13.038795][info]       1472 dspsift features extracted from view 'C:/Users/Avidh Bavkar/OneDrive - purdue.edu/PETAL/PETAL_Photogrammetry/Scripts/Camera_Experiments/out/frame304.jpg'
[10:07:13.487594][info]       1857 dspsift features extracted from view 'C:/Users/Avidh Bavkar/OneDrive - purdue.edu/PETAL/PETAL_Photogrammetry/Scripts/Camera_Experiments/out/frame258.jpg'
[10:07:13.503593][info]       1381 dspsift features extracted from view 'C:/Users/Avidh Bavkar/OneDrive - purdue.edu/PETAL/PETAL_Photogrammetry/Scripts/Camera_Experiments/out/frame423.jpg'
[10:07:13.522341][info]       1335 dspsift features extracted from view 'C:/Users/Avidh Bavkar/OneDrive - purdue.edu/PETAL/PETAL_Photogrammetry/Scripts/Camera_Experiments/out/frame13.jpg'
[10:07:13.742926][info]       1595 dspsift features extracted from view 'C:/Users/Avidh Bavkar/OneDrive - purdue.edu/PETAL/PETAL_Photogrammetry/Scripts/Camera_Experiments/out/frame221.jpg'
[10:07:13.743924][info] Task done in (s): 8.414000
